<?xml version="1.0" encoding="UTF-8"?>
<testsuite name="testSuite.VulnerabilityTest" tests="1" skipped="0" failures="0" errors="0" timestamp="2023-11-15T02:20:44" hostname="DESKTOP-6LCD9KO" time="771.043">
  <properties/>
  <testcase name="Test vulnerabilidad" classname="testSuite.VulnerabilityTest" time="771.043"/>
  <system-out><![CDATA[Request method:	GET
Request URI:	http://localhost:8166/JSON/ascan/action/scan/?url=https%3A%2F%2Fjuice-shop.herokuapp.com%2F
Proxy:			<none>
Request params:	<none>
Query params:	url=https://juice-shop.herokuapp.com/
Form params:	<none>
Path params:	<none>
Headers:		Accept=*/*
Cookies:		<none>
Multiparts:		<none>
Body:			<none>
HTTP/1.1 200 OK
Pragma: no-cache
Cache-Control: no-cache, no-store, must-revalidate
Content-Security-Policy: default-src 'none'; script-src 'self'; connect-src 'self'; child-src 'self'; img-src 'self' data:; font-src 'self' data:; style-src 'self'
Referrer-Policy: no-referrer
Access-Control-Allow-Methods: GET,POST,OPTIONS
Access-Control-Allow-Headers: ZAP-Header
X-Frame-Options: DENY
X-XSS-Protection: 1; mode=block
X-Content-Type-Options: nosniff
X-Clacks-Overhead: GNU Terry Pratchett
content-length: 12
Content-Type: application/json; charset=UTF-8

{
    "scan": "0"
}
id >>>> 0
Request method:	GET
Request URI:	http://localhost:8166/JSON/ascan/view/status/?scanId=0
Proxy:			<none>
Request params:	<none>
Query params:	scanId=0
Form params:	<none>
Path params:	<none>
Headers:		Accept=*/*
Cookies:		<none>
Multiparts:		<none>
Body:			<none>
HTTP/1.1 200 OK
Pragma: no-cache
Cache-Control: no-cache, no-store, must-revalidate
Content-Security-Policy: default-src 'none'; script-src 'self'; connect-src 'self'; child-src 'self'; img-src 'self' data:; font-src 'self' data:; style-src 'self'
Referrer-Policy: no-referrer
Access-Control-Allow-Methods: GET,POST,OPTIONS
Access-Control-Allow-Headers: ZAP-Header
X-Frame-Options: DENY
X-XSS-Protection: 1; mode=block
X-Content-Type-Options: nosniff
X-Clacks-Overhead: GNU Terry Pratchett
content-length: 14
Content-Type: application/json; charset=UTF-8

{
    "status": "0"
}
progresso : [0%] 
Request method:	GET
Request URI:	http://localhost:8166/JSON/ascan/view/status/?scanId=0
Proxy:			<none>
Request params:	<none>
Query params:	scanId=0
Form params:	<none>
Path params:	<none>
Headers:		Accept=*/*
Cookies:		<none>
Multiparts:		<none>
Body:			<none>
HTTP/1.1 200 OK
Pragma: no-cache
Cache-Control: no-cache, no-store, must-revalidate
Content-Security-Policy: default-src 'none'; script-src 'self'; connect-src 'self'; child-src 'self'; img-src 'self' data:; font-src 'self' data:; style-src 'self'
Referrer-Policy: no-referrer
Access-Control-Allow-Methods: GET,POST,OPTIONS
Access-Control-Allow-Headers: ZAP-Header
X-Frame-Options: DENY
X-XSS-Protection: 1; mode=block
X-Content-Type-Options: nosniff
X-Clacks-Overhead: GNU Terry Pratchett
content-length: 14
Content-Type: application/json; charset=UTF-8

{
    "status": "0"
}
progresso : [0%] 
Request method:	GET
Request URI:	http://localhost:8166/JSON/ascan/view/status/?scanId=0
Proxy:			<none>
Request params:	<none>
Query params:	scanId=0
Form params:	<none>
Path params:	<none>
Headers:		Accept=*/*
Cookies:		<none>
Multiparts:		<none>
Body:			<none>
HTTP/1.1 200 OK
Pragma: no-cache
Cache-Control: no-cache, no-store, must-revalidate
Content-Security-Policy: default-src 'none'; script-src 'self'; connect-src 'self'; child-src 'self'; img-src 'self' data:; font-src 'self' data:; style-src 'self'
Referrer-Policy: no-referrer
Access-Control-Allow-Methods: GET,POST,OPTIONS
Access-Control-Allow-Headers: ZAP-Header
X-Frame-Options: DENY
X-XSS-Protection: 1; mode=block
X-Content-Type-Options: nosniff
X-Clacks-Overhead: GNU Terry Pratchett
content-length: 14
Content-Type: application/json; charset=UTF-8

{
    "status": "2"
}
progresso : [2%] 
Request method:	GET
Request URI:	http://localhost:8166/JSON/ascan/view/status/?scanId=0
Proxy:			<none>
Request params:	<none>
Query params:	scanId=0
Form params:	<none>
Path params:	<none>
Headers:		Accept=*/*
Cookies:		<none>
Multiparts:		<none>
Body:			<none>
HTTP/1.1 200 OK
Pragma: no-cache
Cache-Control: no-cache, no-store, must-revalidate
Content-Security-Policy: default-src 'none'; script-src 'self'; connect-src 'self'; child-src 'self'; img-src 'self' data:; font-src 'self' data:; style-src 'self'
Referrer-Policy: no-referrer
Access-Control-Allow-Methods: GET,POST,OPTIONS
Access-Control-Allow-Headers: ZAP-Header
X-Frame-Options: DENY
X-XSS-Protection: 1; mode=block
X-Content-Type-Options: nosniff
X-Clacks-Overhead: GNU Terry Pratchett
content-length: 14
Content-Type: application/json; charset=UTF-8

{
    "status": "2"
}
progresso : [2%] 
Request method:	GET
Request URI:	http://localhost:8166/JSON/ascan/view/status/?scanId=0
Proxy:			<none>
Request params:	<none>
Query params:	scanId=0
Form params:	<none>
Path params:	<none>
Headers:		Accept=*/*
Cookies:		<none>
Multiparts:		<none>
Body:			<none>
HTTP/1.1 200 OK
Pragma: no-cache
Cache-Control: no-cache, no-store, must-revalidate
Content-Security-Policy: default-src 'none'; script-src 'self'; connect-src 'self'; child-src 'self'; img-src 'self' data:; font-src 'self' data:; style-src 'self'
Referrer-Policy: no-referrer
Access-Control-Allow-Methods: GET,POST,OPTIONS
Access-Control-Allow-Headers: ZAP-Header
X-Frame-Options: DENY
X-XSS-Protection: 1; mode=block
X-Content-Type-Options: nosniff
X-Clacks-Overhead: GNU Terry Pratchett
content-length: 14
Content-Type: application/json; charset=UTF-8

{
    "status": "2"
}
progresso : [2%] 
Request method:	GET
Request URI:	http://localhost:8166/JSON/ascan/view/status/?scanId=0
Proxy:			<none>
Request params:	<none>
Query params:	scanId=0
Form params:	<none>
Path params:	<none>
Headers:		Accept=*/*
Cookies:		<none>
Multiparts:		<none>
Body:			<none>
HTTP/1.1 200 OK
Pragma: no-cache
Cache-Control: no-cache, no-store, must-revalidate
Content-Security-Policy: default-src 'none'; script-src 'self'; connect-src 'self'; child-src 'self'; img-src 'self' data:; font-src 'self' data:; style-src 'self'
Referrer-Policy: no-referrer
Access-Control-Allow-Methods: GET,POST,OPTIONS
Access-Control-Allow-Headers: ZAP-Header
X-Frame-Options: DENY
X-XSS-Protection: 1; mode=block
X-Content-Type-Options: nosniff
X-Clacks-Overhead: GNU Terry Pratchett
content-length: 14
Content-Type: application/json; charset=UTF-8

{
    "status": "2"
}
progresso : [2%] 
Request method:	GET
Request URI:	http://localhost:8166/JSON/ascan/view/status/?scanId=0
Proxy:			<none>
Request params:	<none>
Query params:	scanId=0
Form params:	<none>
Path params:	<none>
Headers:		Accept=*/*
Cookies:		<none>
Multiparts:		<none>
Body:			<none>
HTTP/1.1 200 OK
Pragma: no-cache
Cache-Control: no-cache, no-store, must-revalidate
Content-Security-Policy: default-src 'none'; script-src 'self'; connect-src 'self'; child-src 'self'; img-src 'self' data:; font-src 'self' data:; style-src 'self'
Referrer-Policy: no-referrer
Access-Control-Allow-Methods: GET,POST,OPTIONS
Access-Control-Allow-Headers: ZAP-Header
X-Frame-Options: DENY
X-XSS-Protection: 1; mode=block
X-Content-Type-Options: nosniff
X-Clacks-Overhead: GNU Terry Pratchett
content-length: 14
Content-Type: application/json; charset=UTF-8

{
    "status": "2"
}
progresso : [2%] 
Request method:	GET
Request URI:	http://localhost:8166/JSON/ascan/view/status/?scanId=0
Proxy:			<none>
Request params:	<none>
Query params:	scanId=0
Form params:	<none>
Path params:	<none>
Headers:		Accept=*/*
Cookies:		<none>
Multiparts:		<none>
Body:			<none>
HTTP/1.1 200 OK
Pragma: no-cache
Cache-Control: no-cache, no-store, must-revalidate
Content-Security-Policy: default-src 'none'; script-src 'self'; connect-src 'self'; child-src 'self'; img-src 'self' data:; font-src 'self' data:; style-src 'self'
Referrer-Policy: no-referrer
Access-Control-Allow-Methods: GET,POST,OPTIONS
Access-Control-Allow-Headers: ZAP-Header
X-Frame-Options: DENY
X-XSS-Protection: 1; mode=block
X-Content-Type-Options: nosniff
X-Clacks-Overhead: GNU Terry Pratchett
content-length: 14
Content-Type: application/json; charset=UTF-8

{
    "status": "2"
}
progresso : [2%] 
Request method:	GET
Request URI:	http://localhost:8166/JSON/ascan/view/status/?scanId=0
Proxy:			<none>
Request params:	<none>
Query params:	scanId=0
Form params:	<none>
Path params:	<none>
Headers:		Accept=*/*
Cookies:		<none>
Multiparts:		<none>
Body:			<none>
HTTP/1.1 200 OK
Pragma: no-cache
Cache-Control: no-cache, no-store, must-revalidate
Content-Security-Policy: default-src 'none'; script-src 'self'; connect-src 'self'; child-src 'self'; img-src 'self' data:; font-src 'self' data:; style-src 'self'
Referrer-Policy: no-referrer
Access-Control-Allow-Methods: GET,POST,OPTIONS
Access-Control-Allow-Headers: ZAP-Header
X-Frame-Options: DENY
X-XSS-Protection: 1; mode=block
X-Content-Type-Options: nosniff
X-Clacks-Overhead: GNU Terry Pratchett
content-length: 14
Content-Type: application/json; charset=UTF-8

{
    "status": "2"
}
progresso : [2%] 
Request method:	GET
Request URI:	http://localhost:8166/JSON/ascan/view/status/?scanId=0
Proxy:			<none>
Request params:	<none>
Query params:	scanId=0
Form params:	<none>
Path params:	<none>
Headers:		Accept=*/*
Cookies:		<none>
Multiparts:		<none>
Body:			<none>
HTTP/1.1 200 OK
Pragma: no-cache
Cache-Control: no-cache, no-store, must-revalidate
Content-Security-Policy: default-src 'none'; script-src 'self'; connect-src 'self'; child-src 'self'; img-src 'self' data:; font-src 'self' data:; style-src 'self'
Referrer-Policy: no-referrer
Access-Control-Allow-Methods: GET,POST,OPTIONS
Access-Control-Allow-Headers: ZAP-Header
X-Frame-Options: DENY
X-XSS-Protection: 1; mode=block
X-Content-Type-Options: nosniff
X-Clacks-Overhead: GNU Terry Pratchett
content-length: 14
Content-Type: application/json; charset=UTF-8

{
    "status": "2"
}
progresso : [2%] 
Request method:	GET
Request URI:	http://localhost:8166/JSON/ascan/view/status/?scanId=0
Proxy:			<none>
Request params:	<none>
Query params:	scanId=0
Form params:	<none>
Path params:	<none>
Headers:		Accept=*/*
Cookies:		<none>
Multiparts:		<none>
Body:			<none>
HTTP/1.1 200 OK
Pragma: no-cache
Cache-Control: no-cache, no-store, must-revalidate
Content-Security-Policy: default-src 'none'; script-src 'self'; connect-src 'self'; child-src 'self'; img-src 'self' data:; font-src 'self' data:; style-src 'self'
Referrer-Policy: no-referrer
Access-Control-Allow-Methods: GET,POST,OPTIONS
Access-Control-Allow-Headers: ZAP-Header
X-Frame-Options: DENY
X-XSS-Protection: 1; mode=block
X-Content-Type-Options: nosniff
X-Clacks-Overhead: GNU Terry Pratchett
content-length: 14
Content-Type: application/json; charset=UTF-8

{
    "status": "3"
}
progresso : [3%] 
Request method:	GET
Request URI:	http://localhost:8166/JSON/ascan/view/status/?scanId=0
Proxy:			<none>
Request params:	<none>
Query params:	scanId=0
Form params:	<none>
Path params:	<none>
Headers:		Accept=*/*
Cookies:		<none>
Multiparts:		<none>
Body:			<none>
HTTP/1.1 200 OK
Pragma: no-cache
Cache-Control: no-cache, no-store, must-revalidate
Content-Security-Policy: default-src 'none'; script-src 'self'; connect-src 'self'; child-src 'self'; img-src 'self' data:; font-src 'self' data:; style-src 'self'
Referrer-Policy: no-referrer
Access-Control-Allow-Methods: GET,POST,OPTIONS
Access-Control-Allow-Headers: ZAP-Header
X-Frame-Options: DENY
X-XSS-Protection: 1; mode=block
X-Content-Type-Options: nosniff
X-Clacks-Overhead: GNU Terry Pratchett
content-length: 14
Content-Type: application/json; charset=UTF-8

{
    "status": "4"
}
progresso : [4%] 
Request method:	GET
Request URI:	http://localhost:8166/JSON/ascan/view/status/?scanId=0
Proxy:			<none>
Request params:	<none>
Query params:	scanId=0
Form params:	<none>
Path params:	<none>
Headers:		Accept=*/*
Cookies:		<none>
Multiparts:		<none>
Body:			<none>
HTTP/1.1 200 OK
Pragma: no-cache
Cache-Control: no-cache, no-store, must-revalidate
Content-Security-Policy: default-src 'none'; script-src 'self'; connect-src 'self'; child-src 'self'; img-src 'self' data:; font-src 'self' data:; style-src 'self'
Referrer-Policy: no-referrer
Access-Control-Allow-Methods: GET,POST,OPTIONS
Access-Control-Allow-Headers: ZAP-Header
X-Frame-Options: DENY
X-XSS-Protection: 1; mode=block
X-Content-Type-Options: nosniff
X-Clacks-Overhead: GNU Terry Pratchett
content-length: 14
Content-Type: application/json; charset=UTF-8

{
    "status": "4"
}
progresso : [4%] 
Request method:	GET
Request URI:	http://localhost:8166/JSON/ascan/view/status/?scanId=0
Proxy:			<none>
Request params:	<none>
Query params:	scanId=0
Form params:	<none>
Path params:	<none>
Headers:		Accept=*/*
Cookies:		<none>
Multiparts:		<none>
Body:			<none>
HTTP/1.1 200 OK
Pragma: no-cache
Cache-Control: no-cache, no-store, must-revalidate
Content-Security-Policy: default-src 'none'; script-src 'self'; connect-src 'self'; child-src 'self'; img-src 'self' data:; font-src 'self' data:; style-src 'self'
Referrer-Policy: no-referrer
Access-Control-Allow-Methods: GET,POST,OPTIONS
Access-Control-Allow-Headers: ZAP-Header
X-Frame-Options: DENY
X-XSS-Protection: 1; mode=block
X-Content-Type-Options: nosniff
X-Clacks-Overhead: GNU Terry Pratchett
content-length: 14
Content-Type: application/json; charset=UTF-8

{
    "status": "4"
}
progresso : [4%] 
Request method:	GET
Request URI:	http://localhost:8166/JSON/ascan/view/status/?scanId=0
Proxy:			<none>
Request params:	<none>
Query params:	scanId=0
Form params:	<none>
Path params:	<none>
Headers:		Accept=*/*
Cookies:		<none>
Multiparts:		<none>
Body:			<none>
HTTP/1.1 200 OK
Pragma: no-cache
Cache-Control: no-cache, no-store, must-revalidate
Content-Security-Policy: default-src 'none'; script-src 'self'; connect-src 'self'; child-src 'self'; img-src 'self' data:; font-src 'self' data:; style-src 'self'
Referrer-Policy: no-referrer
Access-Control-Allow-Methods: GET,POST,OPTIONS
Access-Control-Allow-Headers: ZAP-Header
X-Frame-Options: DENY
X-XSS-Protection: 1; mode=block
X-Content-Type-Options: nosniff
X-Clacks-Overhead: GNU Terry Pratchett
content-length: 14
Content-Type: application/json; charset=UTF-8

{
    "status": "4"
}
progresso : [4%] 
Request method:	GET
Request URI:	http://localhost:8166/JSON/ascan/view/status/?scanId=0
Proxy:			<none>
Request params:	<none>
Query params:	scanId=0
Form params:	<none>
Path params:	<none>
Headers:		Accept=*/*
Cookies:		<none>
Multiparts:		<none>
Body:			<none>
HTTP/1.1 200 OK
Pragma: no-cache
Cache-Control: no-cache, no-store, must-revalidate
Content-Security-Policy: default-src 'none'; script-src 'self'; connect-src 'self'; child-src 'self'; img-src 'self' data:; font-src 'self' data:; style-src 'self'
Referrer-Policy: no-referrer
Access-Control-Allow-Methods: GET,POST,OPTIONS
Access-Control-Allow-Headers: ZAP-Header
X-Frame-Options: DENY
X-XSS-Protection: 1; mode=block
X-Content-Type-Options: nosniff
X-Clacks-Overhead: GNU Terry Pratchett
content-length: 14
Content-Type: application/json; charset=UTF-8

{
    "status": "4"
}
progresso : [4%] 
Request method:	GET
Request URI:	http://localhost:8166/JSON/ascan/view/status/?scanId=0
Proxy:			<none>
Request params:	<none>
Query params:	scanId=0
Form params:	<none>
Path params:	<none>
Headers:		Accept=*/*
Cookies:		<none>
Multiparts:		<none>
Body:			<none>
HTTP/1.1 200 OK
Pragma: no-cache
Cache-Control: no-cache, no-store, must-revalidate
Content-Security-Policy: default-src 'none'; script-src 'self'; connect-src 'self'; child-src 'self'; img-src 'self' data:; font-src 'self' data:; style-src 'self'
Referrer-Policy: no-referrer
Access-Control-Allow-Methods: GET,POST,OPTIONS
Access-Control-Allow-Headers: ZAP-Header
X-Frame-Options: DENY
X-XSS-Protection: 1; mode=block
X-Content-Type-Options: nosniff
X-Clacks-Overhead: GNU Terry Pratchett
content-length: 14
Content-Type: application/json; charset=UTF-8

{
    "status": "4"
}
progresso : [4%] 
Request method:	GET
Request URI:	http://localhost:8166/JSON/ascan/view/status/?scanId=0
Proxy:			<none>
Request params:	<none>
Query params:	scanId=0
Form params:	<none>
Path params:	<none>
Headers:		Accept=*/*
Cookies:		<none>
Multiparts:		<none>
Body:			<none>
HTTP/1.1 200 OK
Pragma: no-cache
Cache-Control: no-cache, no-store, must-revalidate
Content-Security-Policy: default-src 'none'; script-src 'self'; connect-src 'self'; child-src 'self'; img-src 'self' data:; font-src 'self' data:; style-src 'self'
Referrer-Policy: no-referrer
Access-Control-Allow-Methods: GET,POST,OPTIONS
Access-Control-Allow-Headers: ZAP-Header
X-Frame-Options: DENY
X-XSS-Protection: 1; mode=block
X-Content-Type-Options: nosniff
X-Clacks-Overhead: GNU Terry Pratchett
content-length: 15
Content-Type: application/json; charset=UTF-8

{
    "status": "10"
}
progresso : [10%] 
Request method:	GET
Request URI:	http://localhost:8166/JSON/ascan/view/status/?scanId=0
Proxy:			<none>
Request params:	<none>
Query params:	scanId=0
Form params:	<none>
Path params:	<none>
Headers:		Accept=*/*
Cookies:		<none>
Multiparts:		<none>
Body:			<none>
HTTP/1.1 200 OK
Pragma: no-cache
Cache-Control: no-cache, no-store, must-revalidate
Content-Security-Policy: default-src 'none'; script-src 'self'; connect-src 'self'; child-src 'self'; img-src 'self' data:; font-src 'self' data:; style-src 'self'
Referrer-Policy: no-referrer
Access-Control-Allow-Methods: GET,POST,OPTIONS
Access-Control-Allow-Headers: ZAP-Header
X-Frame-Options: DENY
X-XSS-Protection: 1; mode=block
X-Content-Type-Options: nosniff
X-Clacks-Overhead: GNU Terry Pratchett
content-length: 15
Content-Type: application/json; charset=UTF-8

{
    "status": "12"
}
progresso : [12%] 
Request method:	GET
Request URI:	http://localhost:8166/JSON/ascan/view/status/?scanId=0
Proxy:			<none>
Request params:	<none>
Query params:	scanId=0
Form params:	<none>
Path params:	<none>
Headers:		Accept=*/*
Cookies:		<none>
Multiparts:		<none>
Body:			<none>
HTTP/1.1 200 OK
Pragma: no-cache
Cache-Control: no-cache, no-store, must-revalidate
Content-Security-Policy: default-src 'none'; script-src 'self'; connect-src 'self'; child-src 'self'; img-src 'self' data:; font-src 'self' data:; style-src 'self'
Referrer-Policy: no-referrer
Access-Control-Allow-Methods: GET,POST,OPTIONS
Access-Control-Allow-Headers: ZAP-Header
X-Frame-Options: DENY
X-XSS-Protection: 1; mode=block
X-Content-Type-Options: nosniff
X-Clacks-Overhead: GNU Terry Pratchett
content-length: 15
Content-Type: application/json; charset=UTF-8

{
    "status": "13"
}
progresso : [13%] 
Request method:	GET
Request URI:	http://localhost:8166/JSON/ascan/view/status/?scanId=0
Proxy:			<none>
Request params:	<none>
Query params:	scanId=0
Form params:	<none>
Path params:	<none>
Headers:		Accept=*/*
Cookies:		<none>
Multiparts:		<none>
Body:			<none>
HTTP/1.1 200 OK
Pragma: no-cache
Cache-Control: no-cache, no-store, must-revalidate
Content-Security-Policy: default-src 'none'; script-src 'self'; connect-src 'self'; child-src 'self'; img-src 'self' data:; font-src 'self' data:; style-src 'self'
Referrer-Policy: no-referrer
Access-Control-Allow-Methods: GET,POST,OPTIONS
Access-Control-Allow-Headers: ZAP-Header
X-Frame-Options: DENY
X-XSS-Protection: 1; mode=block
X-Content-Type-Options: nosniff
X-Clacks-Overhead: GNU Terry Pratchett
content-length: 15
Content-Type: application/json; charset=UTF-8

{
    "status": "14"
}
progresso : [14%] 
Request method:	GET
Request URI:	http://localhost:8166/JSON/ascan/view/status/?scanId=0
Proxy:			<none>
Request params:	<none>
Query params:	scanId=0
Form params:	<none>
Path params:	<none>
Headers:		Accept=*/*
Cookies:		<none>
Multiparts:		<none>
Body:			<none>
HTTP/1.1 200 OK
Pragma: no-cache
Cache-Control: no-cache, no-store, must-revalidate
Content-Security-Policy: default-src 'none'; script-src 'self'; connect-src 'self'; child-src 'self'; img-src 'self' data:; font-src 'self' data:; style-src 'self'
Referrer-Policy: no-referrer
Access-Control-Allow-Methods: GET,POST,OPTIONS
Access-Control-Allow-Headers: ZAP-Header
X-Frame-Options: DENY
X-XSS-Protection: 1; mode=block
X-Content-Type-Options: nosniff
X-Clacks-Overhead: GNU Terry Pratchett
content-length: 15
Content-Type: application/json; charset=UTF-8

{
    "status": "14"
}
progresso : [14%] 
Request method:	GET
Request URI:	http://localhost:8166/JSON/ascan/view/status/?scanId=0
Proxy:			<none>
Request params:	<none>
Query params:	scanId=0
Form params:	<none>
Path params:	<none>
Headers:		Accept=*/*
Cookies:		<none>
Multiparts:		<none>
Body:			<none>
HTTP/1.1 200 OK
Pragma: no-cache
Cache-Control: no-cache, no-store, must-revalidate
Content-Security-Policy: default-src 'none'; script-src 'self'; connect-src 'self'; child-src 'self'; img-src 'self' data:; font-src 'self' data:; style-src 'self'
Referrer-Policy: no-referrer
Access-Control-Allow-Methods: GET,POST,OPTIONS
Access-Control-Allow-Headers: ZAP-Header
X-Frame-Options: DENY
X-XSS-Protection: 1; mode=block
X-Content-Type-Options: nosniff
X-Clacks-Overhead: GNU Terry Pratchett
content-length: 15
Content-Type: application/json; charset=UTF-8

{
    "status": "14"
}
progresso : [14%] 
Request method:	GET
Request URI:	http://localhost:8166/JSON/ascan/view/status/?scanId=0
Proxy:			<none>
Request params:	<none>
Query params:	scanId=0
Form params:	<none>
Path params:	<none>
Headers:		Accept=*/*
Cookies:		<none>
Multiparts:		<none>
Body:			<none>
HTTP/1.1 200 OK
Pragma: no-cache
Cache-Control: no-cache, no-store, must-revalidate
Content-Security-Policy: default-src 'none'; script-src 'self'; connect-src 'self'; child-src 'self'; img-src 'self' data:; font-src 'self' data:; style-src 'self'
Referrer-Policy: no-referrer
Access-Control-Allow-Methods: GET,POST,OPTIONS
Access-Control-Allow-Headers: ZAP-Header
X-Frame-Options: DENY
X-XSS-Protection: 1; mode=block
X-Content-Type-Options: nosniff
X-Clacks-Overhead: GNU Terry Pratchett
content-length: 15
Content-Type: application/json; charset=UTF-8

{
    "status": "14"
}
progresso : [14%] 
Request method:	GET
Request URI:	http://localhost:8166/JSON/ascan/view/status/?scanId=0
Proxy:			<none>
Request params:	<none>
Query params:	scanId=0
Form params:	<none>
Path params:	<none>
Headers:		Accept=*/*
Cookies:		<none>
Multiparts:		<none>
Body:			<none>
HTTP/1.1 200 OK
Pragma: no-cache
Cache-Control: no-cache, no-store, must-revalidate
Content-Security-Policy: default-src 'none'; script-src 'self'; connect-src 'self'; child-src 'self'; img-src 'self' data:; font-src 'self' data:; style-src 'self'
Referrer-Policy: no-referrer
Access-Control-Allow-Methods: GET,POST,OPTIONS
Access-Control-Allow-Headers: ZAP-Header
X-Frame-Options: DENY
X-XSS-Protection: 1; mode=block
X-Content-Type-Options: nosniff
X-Clacks-Overhead: GNU Terry Pratchett
content-length: 15
Content-Type: application/json; charset=UTF-8

{
    "status": "15"
}
progresso : [15%] 
Request method:	GET
Request URI:	http://localhost:8166/JSON/ascan/view/status/?scanId=0
Proxy:			<none>
Request params:	<none>
Query params:	scanId=0
Form params:	<none>
Path params:	<none>
Headers:		Accept=*/*
Cookies:		<none>
Multiparts:		<none>
Body:			<none>
HTTP/1.1 200 OK
Pragma: no-cache
Cache-Control: no-cache, no-store, must-revalidate
Content-Security-Policy: default-src 'none'; script-src 'self'; connect-src 'self'; child-src 'self'; img-src 'self' data:; font-src 'self' data:; style-src 'self'
Referrer-Policy: no-referrer
Access-Control-Allow-Methods: GET,POST,OPTIONS
Access-Control-Allow-Headers: ZAP-Header
X-Frame-Options: DENY
X-XSS-Protection: 1; mode=block
X-Content-Type-Options: nosniff
X-Clacks-Overhead: GNU Terry Pratchett
content-length: 15
Content-Type: application/json; charset=UTF-8

{
    "status": "16"
}
progresso : [16%] 
Request method:	GET
Request URI:	http://localhost:8166/JSON/ascan/view/status/?scanId=0
Proxy:			<none>
Request params:	<none>
Query params:	scanId=0
Form params:	<none>
Path params:	<none>
Headers:		Accept=*/*
Cookies:		<none>
Multiparts:		<none>
Body:			<none>
HTTP/1.1 200 OK
Pragma: no-cache
Cache-Control: no-cache, no-store, must-revalidate
Content-Security-Policy: default-src 'none'; script-src 'self'; connect-src 'self'; child-src 'self'; img-src 'self' data:; font-src 'self' data:; style-src 'self'
Referrer-Policy: no-referrer
Access-Control-Allow-Methods: GET,POST,OPTIONS
Access-Control-Allow-Headers: ZAP-Header
X-Frame-Options: DENY
X-XSS-Protection: 1; mode=block
X-Content-Type-Options: nosniff
X-Clacks-Overhead: GNU Terry Pratchett
content-length: 15
Content-Type: application/json; charset=UTF-8

{
    "status": "16"
}
progresso : [16%] 
Request method:	GET
Request URI:	http://localhost:8166/JSON/ascan/view/status/?scanId=0
Proxy:			<none>
Request params:	<none>
Query params:	scanId=0
Form params:	<none>
Path params:	<none>
Headers:		Accept=*/*
Cookies:		<none>
Multiparts:		<none>
Body:			<none>
HTTP/1.1 200 OK
Pragma: no-cache
Cache-Control: no-cache, no-store, must-revalidate
Content-Security-Policy: default-src 'none'; script-src 'self'; connect-src 'self'; child-src 'self'; img-src 'self' data:; font-src 'self' data:; style-src 'self'
Referrer-Policy: no-referrer
Access-Control-Allow-Methods: GET,POST,OPTIONS
Access-Control-Allow-Headers: ZAP-Header
X-Frame-Options: DENY
X-XSS-Protection: 1; mode=block
X-Content-Type-Options: nosniff
X-Clacks-Overhead: GNU Terry Pratchett
content-length: 15
Content-Type: application/json; charset=UTF-8

{
    "status": "17"
}
progresso : [17%] 
Request method:	GET
Request URI:	http://localhost:8166/JSON/ascan/view/status/?scanId=0
Proxy:			<none>
Request params:	<none>
Query params:	scanId=0
Form params:	<none>
Path params:	<none>
Headers:		Accept=*/*
Cookies:		<none>
Multiparts:		<none>
Body:			<none>
HTTP/1.1 200 OK
Pragma: no-cache
Cache-Control: no-cache, no-store, must-revalidate
Content-Security-Policy: default-src 'none'; script-src 'self'; connect-src 'self'; child-src 'self'; img-src 'self' data:; font-src 'self' data:; style-src 'self'
Referrer-Policy: no-referrer
Access-Control-Allow-Methods: GET,POST,OPTIONS
Access-Control-Allow-Headers: ZAP-Header
X-Frame-Options: DENY
X-XSS-Protection: 1; mode=block
X-Content-Type-Options: nosniff
X-Clacks-Overhead: GNU Terry Pratchett
content-length: 15
Content-Type: application/json; charset=UTF-8

{
    "status": "17"
}
progresso : [17%] 
Request method:	GET
Request URI:	http://localhost:8166/JSON/ascan/view/status/?scanId=0
Proxy:			<none>
Request params:	<none>
Query params:	scanId=0
Form params:	<none>
Path params:	<none>
Headers:		Accept=*/*
Cookies:		<none>
Multiparts:		<none>
Body:			<none>
HTTP/1.1 200 OK
Pragma: no-cache
Cache-Control: no-cache, no-store, must-revalidate
Content-Security-Policy: default-src 'none'; script-src 'self'; connect-src 'self'; child-src 'self'; img-src 'self' data:; font-src 'self' data:; style-src 'self'
Referrer-Policy: no-referrer
Access-Control-Allow-Methods: GET,POST,OPTIONS
Access-Control-Allow-Headers: ZAP-Header
X-Frame-Options: DENY
X-XSS-Protection: 1; mode=block
X-Content-Type-Options: nosniff
X-Clacks-Overhead: GNU Terry Pratchett
content-length: 15
Content-Type: application/json; charset=UTF-8

{
    "status": "19"
}
progresso : [19%] 
Request method:	GET
Request URI:	http://localhost:8166/JSON/ascan/view/status/?scanId=0
Proxy:			<none>
Request params:	<none>
Query params:	scanId=0
Form params:	<none>
Path params:	<none>
Headers:		Accept=*/*
Cookies:		<none>
Multiparts:		<none>
Body:			<none>
HTTP/1.1 200 OK
Pragma: no-cache
Cache-Control: no-cache, no-store, must-revalidate
Content-Security-Policy: default-src 'none'; script-src 'self'; connect-src 'self'; child-src 'self'; img-src 'self' data:; font-src 'self' data:; style-src 'self'
Referrer-Policy: no-referrer
Access-Control-Allow-Methods: GET,POST,OPTIONS
Access-Control-Allow-Headers: ZAP-Header
X-Frame-Options: DENY
X-XSS-Protection: 1; mode=block
X-Content-Type-Options: nosniff
X-Clacks-Overhead: GNU Terry Pratchett
content-length: 15
Content-Type: application/json; charset=UTF-8

{
    "status": "19"
}
progresso : [19%] 
Request method:	GET
Request URI:	http://localhost:8166/JSON/ascan/view/status/?scanId=0
Proxy:			<none>
Request params:	<none>
Query params:	scanId=0
Form params:	<none>
Path params:	<none>
Headers:		Accept=*/*
Cookies:		<none>
Multiparts:		<none>
Body:			<none>
HTTP/1.1 200 OK
Pragma: no-cache
Cache-Control: no-cache, no-store, must-revalidate
Content-Security-Policy: default-src 'none'; script-src 'self'; connect-src 'self'; child-src 'self'; img-src 'self' data:; font-src 'self' data:; style-src 'self'
Referrer-Policy: no-referrer
Access-Control-Allow-Methods: GET,POST,OPTIONS
Access-Control-Allow-Headers: ZAP-Header
X-Frame-Options: DENY
X-XSS-Protection: 1; mode=block
X-Content-Type-Options: nosniff
X-Clacks-Overhead: GNU Terry Pratchett
content-length: 15
Content-Type: application/json; charset=UTF-8

{
    "status": "19"
}
progresso : [19%] 
Request method:	GET
Request URI:	http://localhost:8166/JSON/ascan/view/status/?scanId=0
Proxy:			<none>
Request params:	<none>
Query params:	scanId=0
Form params:	<none>
Path params:	<none>
Headers:		Accept=*/*
Cookies:		<none>
Multiparts:		<none>
Body:			<none>
HTTP/1.1 200 OK
Pragma: no-cache
Cache-Control: no-cache, no-store, must-revalidate
Content-Security-Policy: default-src 'none'; script-src 'self'; connect-src 'self'; child-src 'self'; img-src 'self' data:; font-src 'self' data:; style-src 'self'
Referrer-Policy: no-referrer
Access-Control-Allow-Methods: GET,POST,OPTIONS
Access-Control-Allow-Headers: ZAP-Header
X-Frame-Options: DENY
X-XSS-Protection: 1; mode=block
X-Content-Type-Options: nosniff
X-Clacks-Overhead: GNU Terry Pratchett
content-length: 15
Content-Type: application/json; charset=UTF-8

{
    "status": "21"
}
progresso : [21%] 
Request method:	GET
Request URI:	http://localhost:8166/JSON/ascan/view/status/?scanId=0
Proxy:			<none>
Request params:	<none>
Query params:	scanId=0
Form params:	<none>
Path params:	<none>
Headers:		Accept=*/*
Cookies:		<none>
Multiparts:		<none>
Body:			<none>
HTTP/1.1 200 OK
Pragma: no-cache
Cache-Control: no-cache, no-store, must-revalidate
Content-Security-Policy: default-src 'none'; script-src 'self'; connect-src 'self'; child-src 'self'; img-src 'self' data:; font-src 'self' data:; style-src 'self'
Referrer-Policy: no-referrer
Access-Control-Allow-Methods: GET,POST,OPTIONS
Access-Control-Allow-Headers: ZAP-Header
X-Frame-Options: DENY
X-XSS-Protection: 1; mode=block
X-Content-Type-Options: nosniff
X-Clacks-Overhead: GNU Terry Pratchett
content-length: 15
Content-Type: application/json; charset=UTF-8

{
    "status": "22"
}
progresso : [22%] 
Request method:	GET
Request URI:	http://localhost:8166/JSON/ascan/view/status/?scanId=0
Proxy:			<none>
Request params:	<none>
Query params:	scanId=0
Form params:	<none>
Path params:	<none>
Headers:		Accept=*/*
Cookies:		<none>
Multiparts:		<none>
Body:			<none>
HTTP/1.1 200 OK
Pragma: no-cache
Cache-Control: no-cache, no-store, must-revalidate
Content-Security-Policy: default-src 'none'; script-src 'self'; connect-src 'self'; child-src 'self'; img-src 'self' data:; font-src 'self' data:; style-src 'self'
Referrer-Policy: no-referrer
Access-Control-Allow-Methods: GET,POST,OPTIONS
Access-Control-Allow-Headers: ZAP-Header
X-Frame-Options: DENY
X-XSS-Protection: 1; mode=block
X-Content-Type-Options: nosniff
X-Clacks-Overhead: GNU Terry Pratchett
content-length: 15
Content-Type: application/json; charset=UTF-8

{
    "status": "24"
}
progresso : [24%] 
Request method:	GET
Request URI:	http://localhost:8166/JSON/ascan/view/status/?scanId=0
Proxy:			<none>
Request params:	<none>
Query params:	scanId=0
Form params:	<none>
Path params:	<none>
Headers:		Accept=*/*
Cookies:		<none>
Multiparts:		<none>
Body:			<none>
HTTP/1.1 200 OK
Pragma: no-cache
Cache-Control: no-cache, no-store, must-revalidate
Content-Security-Policy: default-src 'none'; script-src 'self'; connect-src 'self'; child-src 'self'; img-src 'self' data:; font-src 'self' data:; style-src 'self'
Referrer-Policy: no-referrer
Access-Control-Allow-Methods: GET,POST,OPTIONS
Access-Control-Allow-Headers: ZAP-Header
X-Frame-Options: DENY
X-XSS-Protection: 1; mode=block
X-Content-Type-Options: nosniff
X-Clacks-Overhead: GNU Terry Pratchett
content-length: 15
Content-Type: application/json; charset=UTF-8

{
    "status": "26"
}
progresso : [26%] 
Request method:	GET
Request URI:	http://localhost:8166/JSON/ascan/view/status/?scanId=0
Proxy:			<none>
Request params:	<none>
Query params:	scanId=0
Form params:	<none>
Path params:	<none>
Headers:		Accept=*/*
Cookies:		<none>
Multiparts:		<none>
Body:			<none>
HTTP/1.1 200 OK
Pragma: no-cache
Cache-Control: no-cache, no-store, must-revalidate
Content-Security-Policy: default-src 'none'; script-src 'self'; connect-src 'self'; child-src 'self'; img-src 'self' data:; font-src 'self' data:; style-src 'self'
Referrer-Policy: no-referrer
Access-Control-Allow-Methods: GET,POST,OPTIONS
Access-Control-Allow-Headers: ZAP-Header
X-Frame-Options: DENY
X-XSS-Protection: 1; mode=block
X-Content-Type-Options: nosniff
X-Clacks-Overhead: GNU Terry Pratchett
content-length: 15
Content-Type: application/json; charset=UTF-8

{
    "status": "27"
}
progresso : [27%] 
Request method:	GET
Request URI:	http://localhost:8166/JSON/ascan/view/status/?scanId=0
Proxy:			<none>
Request params:	<none>
Query params:	scanId=0
Form params:	<none>
Path params:	<none>
Headers:		Accept=*/*
Cookies:		<none>
Multiparts:		<none>
Body:			<none>
HTTP/1.1 200 OK
Pragma: no-cache
Cache-Control: no-cache, no-store, must-revalidate
Content-Security-Policy: default-src 'none'; script-src 'self'; connect-src 'self'; child-src 'self'; img-src 'self' data:; font-src 'self' data:; style-src 'self'
Referrer-Policy: no-referrer
Access-Control-Allow-Methods: GET,POST,OPTIONS
Access-Control-Allow-Headers: ZAP-Header
X-Frame-Options: DENY
X-XSS-Protection: 1; mode=block
X-Content-Type-Options: nosniff
X-Clacks-Overhead: GNU Terry Pratchett
content-length: 15
Content-Type: application/json; charset=UTF-8

{
    "status": "27"
}
progresso : [27%] 
Request method:	GET
Request URI:	http://localhost:8166/JSON/ascan/view/status/?scanId=0
Proxy:			<none>
Request params:	<none>
Query params:	scanId=0
Form params:	<none>
Path params:	<none>
Headers:		Accept=*/*
Cookies:		<none>
Multiparts:		<none>
Body:			<none>
HTTP/1.1 200 OK
Pragma: no-cache
Cache-Control: no-cache, no-store, must-revalidate
Content-Security-Policy: default-src 'none'; script-src 'self'; connect-src 'self'; child-src 'self'; img-src 'self' data:; font-src 'self' data:; style-src 'self'
Referrer-Policy: no-referrer
Access-Control-Allow-Methods: GET,POST,OPTIONS
Access-Control-Allow-Headers: ZAP-Header
X-Frame-Options: DENY
X-XSS-Protection: 1; mode=block
X-Content-Type-Options: nosniff
X-Clacks-Overhead: GNU Terry Pratchett
content-length: 15
Content-Type: application/json; charset=UTF-8

{
    "status": "27"
}
progresso : [27%] 
Request method:	GET
Request URI:	http://localhost:8166/JSON/ascan/view/status/?scanId=0
Proxy:			<none>
Request params:	<none>
Query params:	scanId=0
Form params:	<none>
Path params:	<none>
Headers:		Accept=*/*
Cookies:		<none>
Multiparts:		<none>
Body:			<none>
HTTP/1.1 200 OK
Pragma: no-cache
Cache-Control: no-cache, no-store, must-revalidate
Content-Security-Policy: default-src 'none'; script-src 'self'; connect-src 'self'; child-src 'self'; img-src 'self' data:; font-src 'self' data:; style-src 'self'
Referrer-Policy: no-referrer
Access-Control-Allow-Methods: GET,POST,OPTIONS
Access-Control-Allow-Headers: ZAP-Header
X-Frame-Options: DENY
X-XSS-Protection: 1; mode=block
X-Content-Type-Options: nosniff
X-Clacks-Overhead: GNU Terry Pratchett
content-length: 15
Content-Type: application/json; charset=UTF-8

{
    "status": "27"
}
progresso : [27%] 
Request method:	GET
Request URI:	http://localhost:8166/JSON/ascan/view/status/?scanId=0
Proxy:			<none>
Request params:	<none>
Query params:	scanId=0
Form params:	<none>
Path params:	<none>
Headers:		Accept=*/*
Cookies:		<none>
Multiparts:		<none>
Body:			<none>
HTTP/1.1 200 OK
Pragma: no-cache
Cache-Control: no-cache, no-store, must-revalidate
Content-Security-Policy: default-src 'none'; script-src 'self'; connect-src 'self'; child-src 'self'; img-src 'self' data:; font-src 'self' data:; style-src 'self'
Referrer-Policy: no-referrer
Access-Control-Allow-Methods: GET,POST,OPTIONS
Access-Control-Allow-Headers: ZAP-Header
X-Frame-Options: DENY
X-XSS-Protection: 1; mode=block
X-Content-Type-Options: nosniff
X-Clacks-Overhead: GNU Terry Pratchett
content-length: 15
Content-Type: application/json; charset=UTF-8

{
    "status": "27"
}
progresso : [27%] 
Request method:	GET
Request URI:	http://localhost:8166/JSON/ascan/view/status/?scanId=0
Proxy:			<none>
Request params:	<none>
Query params:	scanId=0
Form params:	<none>
Path params:	<none>
Headers:		Accept=*/*
Cookies:		<none>
Multiparts:		<none>
Body:			<none>
HTTP/1.1 200 OK
Pragma: no-cache
Cache-Control: no-cache, no-store, must-revalidate
Content-Security-Policy: default-src 'none'; script-src 'self'; connect-src 'self'; child-src 'self'; img-src 'self' data:; font-src 'self' data:; style-src 'self'
Referrer-Policy: no-referrer
Access-Control-Allow-Methods: GET,POST,OPTIONS
Access-Control-Allow-Headers: ZAP-Header
X-Frame-Options: DENY
X-XSS-Protection: 1; mode=block
X-Content-Type-Options: nosniff
X-Clacks-Overhead: GNU Terry Pratchett
content-length: 15
Content-Type: application/json; charset=UTF-8

{
    "status": "27"
}
progresso : [27%] 
Request method:	GET
Request URI:	http://localhost:8166/JSON/ascan/view/status/?scanId=0
Proxy:			<none>
Request params:	<none>
Query params:	scanId=0
Form params:	<none>
Path params:	<none>
Headers:		Accept=*/*
Cookies:		<none>
Multiparts:		<none>
Body:			<none>
HTTP/1.1 200 OK
Pragma: no-cache
Cache-Control: no-cache, no-store, must-revalidate
Content-Security-Policy: default-src 'none'; script-src 'self'; connect-src 'self'; child-src 'self'; img-src 'self' data:; font-src 'self' data:; style-src 'self'
Referrer-Policy: no-referrer
Access-Control-Allow-Methods: GET,POST,OPTIONS
Access-Control-Allow-Headers: ZAP-Header
X-Frame-Options: DENY
X-XSS-Protection: 1; mode=block
X-Content-Type-Options: nosniff
X-Clacks-Overhead: GNU Terry Pratchett
content-length: 15
Content-Type: application/json; charset=UTF-8

{
    "status": "27"
}
progresso : [27%] 
Request method:	GET
Request URI:	http://localhost:8166/JSON/ascan/view/status/?scanId=0
Proxy:			<none>
Request params:	<none>
Query params:	scanId=0
Form params:	<none>
Path params:	<none>
Headers:		Accept=*/*
Cookies:		<none>
Multiparts:		<none>
Body:			<none>
HTTP/1.1 200 OK
Pragma: no-cache
Cache-Control: no-cache, no-store, must-revalidate
Content-Security-Policy: default-src 'none'; script-src 'self'; connect-src 'self'; child-src 'self'; img-src 'self' data:; font-src 'self' data:; style-src 'self'
Referrer-Policy: no-referrer
Access-Control-Allow-Methods: GET,POST,OPTIONS
Access-Control-Allow-Headers: ZAP-Header
X-Frame-Options: DENY
X-XSS-Protection: 1; mode=block
X-Content-Type-Options: nosniff
X-Clacks-Overhead: GNU Terry Pratchett
content-length: 15
Content-Type: application/json; charset=UTF-8

{
    "status": "27"
}
progresso : [27%] 
Request method:	GET
Request URI:	http://localhost:8166/JSON/ascan/view/status/?scanId=0
Proxy:			<none>
Request params:	<none>
Query params:	scanId=0
Form params:	<none>
Path params:	<none>
Headers:		Accept=*/*
Cookies:		<none>
Multiparts:		<none>
Body:			<none>
HTTP/1.1 200 OK
Pragma: no-cache
Cache-Control: no-cache, no-store, must-revalidate
Content-Security-Policy: default-src 'none'; script-src 'self'; connect-src 'self'; child-src 'self'; img-src 'self' data:; font-src 'self' data:; style-src 'self'
Referrer-Policy: no-referrer
Access-Control-Allow-Methods: GET,POST,OPTIONS
Access-Control-Allow-Headers: ZAP-Header
X-Frame-Options: DENY
X-XSS-Protection: 1; mode=block
X-Content-Type-Options: nosniff
X-Clacks-Overhead: GNU Terry Pratchett
content-length: 15
Content-Type: application/json; charset=UTF-8

{
    "status": "27"
}
progresso : [27%] 
Request method:	GET
Request URI:	http://localhost:8166/JSON/ascan/view/status/?scanId=0
Proxy:			<none>
Request params:	<none>
Query params:	scanId=0
Form params:	<none>
Path params:	<none>
Headers:		Accept=*/*
Cookies:		<none>
Multiparts:		<none>
Body:			<none>
HTTP/1.1 200 OK
Pragma: no-cache
Cache-Control: no-cache, no-store, must-revalidate
Content-Security-Policy: default-src 'none'; script-src 'self'; connect-src 'self'; child-src 'self'; img-src 'self' data:; font-src 'self' data:; style-src 'self'
Referrer-Policy: no-referrer
Access-Control-Allow-Methods: GET,POST,OPTIONS
Access-Control-Allow-Headers: ZAP-Header
X-Frame-Options: DENY
X-XSS-Protection: 1; mode=block
X-Content-Type-Options: nosniff
X-Clacks-Overhead: GNU Terry Pratchett
content-length: 15
Content-Type: application/json; charset=UTF-8

{
    "status": "27"
}
progresso : [27%] 
Request method:	GET
Request URI:	http://localhost:8166/JSON/ascan/view/status/?scanId=0
Proxy:			<none>
Request params:	<none>
Query params:	scanId=0
Form params:	<none>
Path params:	<none>
Headers:		Accept=*/*
Cookies:		<none>
Multiparts:		<none>
Body:			<none>
HTTP/1.1 200 OK
Pragma: no-cache
Cache-Control: no-cache, no-store, must-revalidate
Content-Security-Policy: default-src 'none'; script-src 'self'; connect-src 'self'; child-src 'self'; img-src 'self' data:; font-src 'self' data:; style-src 'self'
Referrer-Policy: no-referrer
Access-Control-Allow-Methods: GET,POST,OPTIONS
Access-Control-Allow-Headers: ZAP-Header
X-Frame-Options: DENY
X-XSS-Protection: 1; mode=block
X-Content-Type-Options: nosniff
X-Clacks-Overhead: GNU Terry Pratchett
content-length: 15
Content-Type: application/json; charset=UTF-8

{
    "status": "27"
}
progresso : [27%] 
Request method:	GET
Request URI:	http://localhost:8166/JSON/ascan/view/status/?scanId=0
Proxy:			<none>
Request params:	<none>
Query params:	scanId=0
Form params:	<none>
Path params:	<none>
Headers:		Accept=*/*
Cookies:		<none>
Multiparts:		<none>
Body:			<none>
HTTP/1.1 200 OK
Pragma: no-cache
Cache-Control: no-cache, no-store, must-revalidate
Content-Security-Policy: default-src 'none'; script-src 'self'; connect-src 'self'; child-src 'self'; img-src 'self' data:; font-src 'self' data:; style-src 'self'
Referrer-Policy: no-referrer
Access-Control-Allow-Methods: GET,POST,OPTIONS
Access-Control-Allow-Headers: ZAP-Header
X-Frame-Options: DENY
X-XSS-Protection: 1; mode=block
X-Content-Type-Options: nosniff
X-Clacks-Overhead: GNU Terry Pratchett
content-length: 15
Content-Type: application/json; charset=UTF-8

{
    "status": "27"
}
progresso : [27%] 
Request method:	GET
Request URI:	http://localhost:8166/JSON/ascan/view/status/?scanId=0
Proxy:			<none>
Request params:	<none>
Query params:	scanId=0
Form params:	<none>
Path params:	<none>
Headers:		Accept=*/*
Cookies:		<none>
Multiparts:		<none>
Body:			<none>
HTTP/1.1 200 OK
Pragma: no-cache
Cache-Control: no-cache, no-store, must-revalidate
Content-Security-Policy: default-src 'none'; script-src 'self'; connect-src 'self'; child-src 'self'; img-src 'self' data:; font-src 'self' data:; style-src 'self'
Referrer-Policy: no-referrer
Access-Control-Allow-Methods: GET,POST,OPTIONS
Access-Control-Allow-Headers: ZAP-Header
X-Frame-Options: DENY
X-XSS-Protection: 1; mode=block
X-Content-Type-Options: nosniff
X-Clacks-Overhead: GNU Terry Pratchett
content-length: 15
Content-Type: application/json; charset=UTF-8

{
    "status": "27"
}
progresso : [27%] 
Request method:	GET
Request URI:	http://localhost:8166/JSON/ascan/view/status/?scanId=0
Proxy:			<none>
Request params:	<none>
Query params:	scanId=0
Form params:	<none>
Path params:	<none>
Headers:		Accept=*/*
Cookies:		<none>
Multiparts:		<none>
Body:			<none>
HTTP/1.1 200 OK
Pragma: no-cache
Cache-Control: no-cache, no-store, must-revalidate
Content-Security-Policy: default-src 'none'; script-src 'self'; connect-src 'self'; child-src 'self'; img-src 'self' data:; font-src 'self' data:; style-src 'self'
Referrer-Policy: no-referrer
Access-Control-Allow-Methods: GET,POST,OPTIONS
Access-Control-Allow-Headers: ZAP-Header
X-Frame-Options: DENY
X-XSS-Protection: 1; mode=block
X-Content-Type-Options: nosniff
X-Clacks-Overhead: GNU Terry Pratchett
content-length: 15
Content-Type: application/json; charset=UTF-8

{
    "status": "29"
}
progresso : [29%] 
Request method:	GET
Request URI:	http://localhost:8166/JSON/ascan/view/status/?scanId=0
Proxy:			<none>
Request params:	<none>
Query params:	scanId=0
Form params:	<none>
Path params:	<none>
Headers:		Accept=*/*
Cookies:		<none>
Multiparts:		<none>
Body:			<none>
HTTP/1.1 200 OK
Pragma: no-cache
Cache-Control: no-cache, no-store, must-revalidate
Content-Security-Policy: default-src 'none'; script-src 'self'; connect-src 'self'; child-src 'self'; img-src 'self' data:; font-src 'self' data:; style-src 'self'
Referrer-Policy: no-referrer
Access-Control-Allow-Methods: GET,POST,OPTIONS
Access-Control-Allow-Headers: ZAP-Header
X-Frame-Options: DENY
X-XSS-Protection: 1; mode=block
X-Content-Type-Options: nosniff
X-Clacks-Overhead: GNU Terry Pratchett
content-length: 15
Content-Type: application/json; charset=UTF-8

{
    "status": "29"
}
progresso : [29%] 
Request method:	GET
Request URI:	http://localhost:8166/JSON/ascan/view/status/?scanId=0
Proxy:			<none>
Request params:	<none>
Query params:	scanId=0
Form params:	<none>
Path params:	<none>
Headers:		Accept=*/*
Cookies:		<none>
Multiparts:		<none>
Body:			<none>
HTTP/1.1 200 OK
Pragma: no-cache
Cache-Control: no-cache, no-store, must-revalidate
Content-Security-Policy: default-src 'none'; script-src 'self'; connect-src 'self'; child-src 'self'; img-src 'self' data:; font-src 'self' data:; style-src 'self'
Referrer-Policy: no-referrer
Access-Control-Allow-Methods: GET,POST,OPTIONS
Access-Control-Allow-Headers: ZAP-Header
X-Frame-Options: DENY
X-XSS-Protection: 1; mode=block
X-Content-Type-Options: nosniff
X-Clacks-Overhead: GNU Terry Pratchett
content-length: 15
Content-Type: application/json; charset=UTF-8

{
    "status": "29"
}
progresso : [29%] 
Request method:	GET
Request URI:	http://localhost:8166/JSON/ascan/view/status/?scanId=0
Proxy:			<none>
Request params:	<none>
Query params:	scanId=0
Form params:	<none>
Path params:	<none>
Headers:		Accept=*/*
Cookies:		<none>
Multiparts:		<none>
Body:			<none>
HTTP/1.1 200 OK
Pragma: no-cache
Cache-Control: no-cache, no-store, must-revalidate
Content-Security-Policy: default-src 'none'; script-src 'self'; connect-src 'self'; child-src 'self'; img-src 'self' data:; font-src 'self' data:; style-src 'self'
Referrer-Policy: no-referrer
Access-Control-Allow-Methods: GET,POST,OPTIONS
Access-Control-Allow-Headers: ZAP-Header
X-Frame-Options: DENY
X-XSS-Protection: 1; mode=block
X-Content-Type-Options: nosniff
X-Clacks-Overhead: GNU Terry Pratchett
content-length: 15
Content-Type: application/json; charset=UTF-8

{
    "status": "29"
}
progresso : [29%] 
Request method:	GET
Request URI:	http://localhost:8166/JSON/ascan/view/status/?scanId=0
Proxy:			<none>
Request params:	<none>
Query params:	scanId=0
Form params:	<none>
Path params:	<none>
Headers:		Accept=*/*
Cookies:		<none>
Multiparts:		<none>
Body:			<none>
HTTP/1.1 200 OK
Pragma: no-cache
Cache-Control: no-cache, no-store, must-revalidate
Content-Security-Policy: default-src 'none'; script-src 'self'; connect-src 'self'; child-src 'self'; img-src 'self' data:; font-src 'self' data:; style-src 'self'
Referrer-Policy: no-referrer
Access-Control-Allow-Methods: GET,POST,OPTIONS
Access-Control-Allow-Headers: ZAP-Header
X-Frame-Options: DENY
X-XSS-Protection: 1; mode=block
X-Content-Type-Options: nosniff
X-Clacks-Overhead: GNU Terry Pratchett
content-length: 15
Content-Type: application/json; charset=UTF-8

{
    "status": "30"
}
progresso : [30%] 
Request method:	GET
Request URI:	http://localhost:8166/JSON/ascan/view/status/?scanId=0
Proxy:			<none>
Request params:	<none>
Query params:	scanId=0
Form params:	<none>
Path params:	<none>
Headers:		Accept=*/*
Cookies:		<none>
Multiparts:		<none>
Body:			<none>
HTTP/1.1 200 OK
Pragma: no-cache
Cache-Control: no-cache, no-store, must-revalidate
Content-Security-Policy: default-src 'none'; script-src 'self'; connect-src 'self'; child-src 'self'; img-src 'self' data:; font-src 'self' data:; style-src 'self'
Referrer-Policy: no-referrer
Access-Control-Allow-Methods: GET,POST,OPTIONS
Access-Control-Allow-Headers: ZAP-Header
X-Frame-Options: DENY
X-XSS-Protection: 1; mode=block
X-Content-Type-Options: nosniff
X-Clacks-Overhead: GNU Terry Pratchett
content-length: 15
Content-Type: application/json; charset=UTF-8

{
    "status": "31"
}
progresso : [31%] 
Request method:	GET
Request URI:	http://localhost:8166/JSON/ascan/view/status/?scanId=0
Proxy:			<none>
Request params:	<none>
Query params:	scanId=0
Form params:	<none>
Path params:	<none>
Headers:		Accept=*/*
Cookies:		<none>
Multiparts:		<none>
Body:			<none>
HTTP/1.1 200 OK
Pragma: no-cache
Cache-Control: no-cache, no-store, must-revalidate
Content-Security-Policy: default-src 'none'; script-src 'self'; connect-src 'self'; child-src 'self'; img-src 'self' data:; font-src 'self' data:; style-src 'self'
Referrer-Policy: no-referrer
Access-Control-Allow-Methods: GET,POST,OPTIONS
Access-Control-Allow-Headers: ZAP-Header
X-Frame-Options: DENY
X-XSS-Protection: 1; mode=block
X-Content-Type-Options: nosniff
X-Clacks-Overhead: GNU Terry Pratchett
content-length: 15
Content-Type: application/json; charset=UTF-8

{
    "status": "31"
}
progresso : [31%] 
Request method:	GET
Request URI:	http://localhost:8166/JSON/ascan/view/status/?scanId=0
Proxy:			<none>
Request params:	<none>
Query params:	scanId=0
Form params:	<none>
Path params:	<none>
Headers:		Accept=*/*
Cookies:		<none>
Multiparts:		<none>
Body:			<none>
HTTP/1.1 200 OK
Pragma: no-cache
Cache-Control: no-cache, no-store, must-revalidate
Content-Security-Policy: default-src 'none'; script-src 'self'; connect-src 'self'; child-src 'self'; img-src 'self' data:; font-src 'self' data:; style-src 'self'
Referrer-Policy: no-referrer
Access-Control-Allow-Methods: GET,POST,OPTIONS
Access-Control-Allow-Headers: ZAP-Header
X-Frame-Options: DENY
X-XSS-Protection: 1; mode=block
X-Content-Type-Options: nosniff
X-Clacks-Overhead: GNU Terry Pratchett
content-length: 15
Content-Type: application/json; charset=UTF-8

{
    "status": "31"
}
progresso : [31%] 
Request method:	GET
Request URI:	http://localhost:8166/JSON/ascan/view/status/?scanId=0
Proxy:			<none>
Request params:	<none>
Query params:	scanId=0
Form params:	<none>
Path params:	<none>
Headers:		Accept=*/*
Cookies:		<none>
Multiparts:		<none>
Body:			<none>
HTTP/1.1 200 OK
Pragma: no-cache
Cache-Control: no-cache, no-store, must-revalidate
Content-Security-Policy: default-src 'none'; script-src 'self'; connect-src 'self'; child-src 'self'; img-src 'self' data:; font-src 'self' data:; style-src 'self'
Referrer-Policy: no-referrer
Access-Control-Allow-Methods: GET,POST,OPTIONS
Access-Control-Allow-Headers: ZAP-Header
X-Frame-Options: DENY
X-XSS-Protection: 1; mode=block
X-Content-Type-Options: nosniff
X-Clacks-Overhead: GNU Terry Pratchett
content-length: 15
Content-Type: application/json; charset=UTF-8

{
    "status": "32"
}
progresso : [32%] 
Request method:	GET
Request URI:	http://localhost:8166/JSON/ascan/view/status/?scanId=0
Proxy:			<none>
Request params:	<none>
Query params:	scanId=0
Form params:	<none>
Path params:	<none>
Headers:		Accept=*/*
Cookies:		<none>
Multiparts:		<none>
Body:			<none>
HTTP/1.1 200 OK
Pragma: no-cache
Cache-Control: no-cache, no-store, must-revalidate
Content-Security-Policy: default-src 'none'; script-src 'self'; connect-src 'self'; child-src 'self'; img-src 'self' data:; font-src 'self' data:; style-src 'self'
Referrer-Policy: no-referrer
Access-Control-Allow-Methods: GET,POST,OPTIONS
Access-Control-Allow-Headers: ZAP-Header
X-Frame-Options: DENY
X-XSS-Protection: 1; mode=block
X-Content-Type-Options: nosniff
X-Clacks-Overhead: GNU Terry Pratchett
content-length: 15
Content-Type: application/json; charset=UTF-8

{
    "status": "33"
}
progresso : [33%] 
Request method:	GET
Request URI:	http://localhost:8166/JSON/ascan/view/status/?scanId=0
Proxy:			<none>
Request params:	<none>
Query params:	scanId=0
Form params:	<none>
Path params:	<none>
Headers:		Accept=*/*
Cookies:		<none>
Multiparts:		<none>
Body:			<none>
HTTP/1.1 200 OK
Pragma: no-cache
Cache-Control: no-cache, no-store, must-revalidate
Content-Security-Policy: default-src 'none'; script-src 'self'; connect-src 'self'; child-src 'self'; img-src 'self' data:; font-src 'self' data:; style-src 'self'
Referrer-Policy: no-referrer
Access-Control-Allow-Methods: GET,POST,OPTIONS
Access-Control-Allow-Headers: ZAP-Header
X-Frame-Options: DENY
X-XSS-Protection: 1; mode=block
X-Content-Type-Options: nosniff
X-Clacks-Overhead: GNU Terry Pratchett
content-length: 15
Content-Type: application/json; charset=UTF-8

{
    "status": "33"
}
progresso : [33%] 
Request method:	GET
Request URI:	http://localhost:8166/JSON/ascan/view/status/?scanId=0
Proxy:			<none>
Request params:	<none>
Query params:	scanId=0
Form params:	<none>
Path params:	<none>
Headers:		Accept=*/*
Cookies:		<none>
Multiparts:		<none>
Body:			<none>
HTTP/1.1 200 OK
Pragma: no-cache
Cache-Control: no-cache, no-store, must-revalidate
Content-Security-Policy: default-src 'none'; script-src 'self'; connect-src 'self'; child-src 'self'; img-src 'self' data:; font-src 'self' data:; style-src 'self'
Referrer-Policy: no-referrer
Access-Control-Allow-Methods: GET,POST,OPTIONS
Access-Control-Allow-Headers: ZAP-Header
X-Frame-Options: DENY
X-XSS-Protection: 1; mode=block
X-Content-Type-Options: nosniff
X-Clacks-Overhead: GNU Terry Pratchett
content-length: 15
Content-Type: application/json; charset=UTF-8

{
    "status": "33"
}
progresso : [33%] 
Request method:	GET
Request URI:	http://localhost:8166/JSON/ascan/view/status/?scanId=0
Proxy:			<none>
Request params:	<none>
Query params:	scanId=0
Form params:	<none>
Path params:	<none>
Headers:		Accept=*/*
Cookies:		<none>
Multiparts:		<none>
Body:			<none>
HTTP/1.1 200 OK
Pragma: no-cache
Cache-Control: no-cache, no-store, must-revalidate
Content-Security-Policy: default-src 'none'; script-src 'self'; connect-src 'self'; child-src 'self'; img-src 'self' data:; font-src 'self' data:; style-src 'self'
Referrer-Policy: no-referrer
Access-Control-Allow-Methods: GET,POST,OPTIONS
Access-Control-Allow-Headers: ZAP-Header
X-Frame-Options: DENY
X-XSS-Protection: 1; mode=block
X-Content-Type-Options: nosniff
X-Clacks-Overhead: GNU Terry Pratchett
content-length: 15
Content-Type: application/json; charset=UTF-8

{
    "status": "34"
}
progresso : [34%] 
Request method:	GET
Request URI:	http://localhost:8166/JSON/ascan/view/status/?scanId=0
Proxy:			<none>
Request params:	<none>
Query params:	scanId=0
Form params:	<none>
Path params:	<none>
Headers:		Accept=*/*
Cookies:		<none>
Multiparts:		<none>
Body:			<none>
HTTP/1.1 200 OK
Pragma: no-cache
Cache-Control: no-cache, no-store, must-revalidate
Content-Security-Policy: default-src 'none'; script-src 'self'; connect-src 'self'; child-src 'self'; img-src 'self' data:; font-src 'self' data:; style-src 'self'
Referrer-Policy: no-referrer
Access-Control-Allow-Methods: GET,POST,OPTIONS
Access-Control-Allow-Headers: ZAP-Header
X-Frame-Options: DENY
X-XSS-Protection: 1; mode=block
X-Content-Type-Options: nosniff
X-Clacks-Overhead: GNU Terry Pratchett
content-length: 15
Content-Type: application/json; charset=UTF-8

{
    "status": "36"
}
progresso : [36%] 
Request method:	GET
Request URI:	http://localhost:8166/JSON/ascan/view/status/?scanId=0
Proxy:			<none>
Request params:	<none>
Query params:	scanId=0
Form params:	<none>
Path params:	<none>
Headers:		Accept=*/*
Cookies:		<none>
Multiparts:		<none>
Body:			<none>
HTTP/1.1 200 OK
Pragma: no-cache
Cache-Control: no-cache, no-store, must-revalidate
Content-Security-Policy: default-src 'none'; script-src 'self'; connect-src 'self'; child-src 'self'; img-src 'self' data:; font-src 'self' data:; style-src 'self'
Referrer-Policy: no-referrer
Access-Control-Allow-Methods: GET,POST,OPTIONS
Access-Control-Allow-Headers: ZAP-Header
X-Frame-Options: DENY
X-XSS-Protection: 1; mode=block
X-Content-Type-Options: nosniff
X-Clacks-Overhead: GNU Terry Pratchett
content-length: 15
Content-Type: application/json; charset=UTF-8

{
    "status": "36"
}
progresso : [36%] 
Request method:	GET
Request URI:	http://localhost:8166/JSON/ascan/view/status/?scanId=0
Proxy:			<none>
Request params:	<none>
Query params:	scanId=0
Form params:	<none>
Path params:	<none>
Headers:		Accept=*/*
Cookies:		<none>
Multiparts:		<none>
Body:			<none>
HTTP/1.1 200 OK
Pragma: no-cache
Cache-Control: no-cache, no-store, must-revalidate
Content-Security-Policy: default-src 'none'; script-src 'self'; connect-src 'self'; child-src 'self'; img-src 'self' data:; font-src 'self' data:; style-src 'self'
Referrer-Policy: no-referrer
Access-Control-Allow-Methods: GET,POST,OPTIONS
Access-Control-Allow-Headers: ZAP-Header
X-Frame-Options: DENY
X-XSS-Protection: 1; mode=block
X-Content-Type-Options: nosniff
X-Clacks-Overhead: GNU Terry Pratchett
content-length: 15
Content-Type: application/json; charset=UTF-8

{
    "status": "36"
}
progresso : [36%] 
Request method:	GET
Request URI:	http://localhost:8166/JSON/ascan/view/status/?scanId=0
Proxy:			<none>
Request params:	<none>
Query params:	scanId=0
Form params:	<none>
Path params:	<none>
Headers:		Accept=*/*
Cookies:		<none>
Multiparts:		<none>
Body:			<none>
HTTP/1.1 200 OK
Pragma: no-cache
Cache-Control: no-cache, no-store, must-revalidate
Content-Security-Policy: default-src 'none'; script-src 'self'; connect-src 'self'; child-src 'self'; img-src 'self' data:; font-src 'self' data:; style-src 'self'
Referrer-Policy: no-referrer
Access-Control-Allow-Methods: GET,POST,OPTIONS
Access-Control-Allow-Headers: ZAP-Header
X-Frame-Options: DENY
X-XSS-Protection: 1; mode=block
X-Content-Type-Options: nosniff
X-Clacks-Overhead: GNU Terry Pratchett
content-length: 15
Content-Type: application/json; charset=UTF-8

{
    "status": "36"
}
progresso : [36%] 
Request method:	GET
Request URI:	http://localhost:8166/JSON/ascan/view/status/?scanId=0
Proxy:			<none>
Request params:	<none>
Query params:	scanId=0
Form params:	<none>
Path params:	<none>
Headers:		Accept=*/*
Cookies:		<none>
Multiparts:		<none>
Body:			<none>
HTTP/1.1 200 OK
Pragma: no-cache
Cache-Control: no-cache, no-store, must-revalidate
Content-Security-Policy: default-src 'none'; script-src 'self'; connect-src 'self'; child-src 'self'; img-src 'self' data:; font-src 'self' data:; style-src 'self'
Referrer-Policy: no-referrer
Access-Control-Allow-Methods: GET,POST,OPTIONS
Access-Control-Allow-Headers: ZAP-Header
X-Frame-Options: DENY
X-XSS-Protection: 1; mode=block
X-Content-Type-Options: nosniff
X-Clacks-Overhead: GNU Terry Pratchett
content-length: 15
Content-Type: application/json; charset=UTF-8

{
    "status": "38"
}
progresso : [38%] 
Request method:	GET
Request URI:	http://localhost:8166/JSON/ascan/view/status/?scanId=0
Proxy:			<none>
Request params:	<none>
Query params:	scanId=0
Form params:	<none>
Path params:	<none>
Headers:		Accept=*/*
Cookies:		<none>
Multiparts:		<none>
Body:			<none>
HTTP/1.1 200 OK
Pragma: no-cache
Cache-Control: no-cache, no-store, must-revalidate
Content-Security-Policy: default-src 'none'; script-src 'self'; connect-src 'self'; child-src 'self'; img-src 'self' data:; font-src 'self' data:; style-src 'self'
Referrer-Policy: no-referrer
Access-Control-Allow-Methods: GET,POST,OPTIONS
Access-Control-Allow-Headers: ZAP-Header
X-Frame-Options: DENY
X-XSS-Protection: 1; mode=block
X-Content-Type-Options: nosniff
X-Clacks-Overhead: GNU Terry Pratchett
content-length: 15
Content-Type: application/json; charset=UTF-8

{
    "status": "38"
}
progresso : [38%] 
Request method:	GET
Request URI:	http://localhost:8166/JSON/ascan/view/status/?scanId=0
Proxy:			<none>
Request params:	<none>
Query params:	scanId=0
Form params:	<none>
Path params:	<none>
Headers:		Accept=*/*
Cookies:		<none>
Multiparts:		<none>
Body:			<none>
HTTP/1.1 200 OK
Pragma: no-cache
Cache-Control: no-cache, no-store, must-revalidate
Content-Security-Policy: default-src 'none'; script-src 'self'; connect-src 'self'; child-src 'self'; img-src 'self' data:; font-src 'self' data:; style-src 'self'
Referrer-Policy: no-referrer
Access-Control-Allow-Methods: GET,POST,OPTIONS
Access-Control-Allow-Headers: ZAP-Header
X-Frame-Options: DENY
X-XSS-Protection: 1; mode=block
X-Content-Type-Options: nosniff
X-Clacks-Overhead: GNU Terry Pratchett
content-length: 15
Content-Type: application/json; charset=UTF-8

{
    "status": "38"
}
progresso : [38%] 
Request method:	GET
Request URI:	http://localhost:8166/JSON/ascan/view/status/?scanId=0
Proxy:			<none>
Request params:	<none>
Query params:	scanId=0
Form params:	<none>
Path params:	<none>
Headers:		Accept=*/*
Cookies:		<none>
Multiparts:		<none>
Body:			<none>
HTTP/1.1 200 OK
Pragma: no-cache
Cache-Control: no-cache, no-store, must-revalidate
Content-Security-Policy: default-src 'none'; script-src 'self'; connect-src 'self'; child-src 'self'; img-src 'self' data:; font-src 'self' data:; style-src 'self'
Referrer-Policy: no-referrer
Access-Control-Allow-Methods: GET,POST,OPTIONS
Access-Control-Allow-Headers: ZAP-Header
X-Frame-Options: DENY
X-XSS-Protection: 1; mode=block
X-Content-Type-Options: nosniff
X-Clacks-Overhead: GNU Terry Pratchett
content-length: 15
Content-Type: application/json; charset=UTF-8

{
    "status": "38"
}
progresso : [38%] 
Request method:	GET
Request URI:	http://localhost:8166/JSON/ascan/view/status/?scanId=0
Proxy:			<none>
Request params:	<none>
Query params:	scanId=0
Form params:	<none>
Path params:	<none>
Headers:		Accept=*/*
Cookies:		<none>
Multiparts:		<none>
Body:			<none>
HTTP/1.1 200 OK
Pragma: no-cache
Cache-Control: no-cache, no-store, must-revalidate
Content-Security-Policy: default-src 'none'; script-src 'self'; connect-src 'self'; child-src 'self'; img-src 'self' data:; font-src 'self' data:; style-src 'self'
Referrer-Policy: no-referrer
Access-Control-Allow-Methods: GET,POST,OPTIONS
Access-Control-Allow-Headers: ZAP-Header
X-Frame-Options: DENY
X-XSS-Protection: 1; mode=block
X-Content-Type-Options: nosniff
X-Clacks-Overhead: GNU Terry Pratchett
content-length: 15
Content-Type: application/json; charset=UTF-8

{
    "status": "38"
}
progresso : [38%] 
Request method:	GET
Request URI:	http://localhost:8166/JSON/ascan/view/status/?scanId=0
Proxy:			<none>
Request params:	<none>
Query params:	scanId=0
Form params:	<none>
Path params:	<none>
Headers:		Accept=*/*
Cookies:		<none>
Multiparts:		<none>
Body:			<none>
HTTP/1.1 200 OK
Pragma: no-cache
Cache-Control: no-cache, no-store, must-revalidate
Content-Security-Policy: default-src 'none'; script-src 'self'; connect-src 'self'; child-src 'self'; img-src 'self' data:; font-src 'self' data:; style-src 'self'
Referrer-Policy: no-referrer
Access-Control-Allow-Methods: GET,POST,OPTIONS
Access-Control-Allow-Headers: ZAP-Header
X-Frame-Options: DENY
X-XSS-Protection: 1; mode=block
X-Content-Type-Options: nosniff
X-Clacks-Overhead: GNU Terry Pratchett
content-length: 15
Content-Type: application/json; charset=UTF-8

{
    "status": "41"
}
progresso : [41%] 
Request method:	GET
Request URI:	http://localhost:8166/JSON/ascan/view/status/?scanId=0
Proxy:			<none>
Request params:	<none>
Query params:	scanId=0
Form params:	<none>
Path params:	<none>
Headers:		Accept=*/*
Cookies:		<none>
Multiparts:		<none>
Body:			<none>
HTTP/1.1 200 OK
Pragma: no-cache
Cache-Control: no-cache, no-store, must-revalidate
Content-Security-Policy: default-src 'none'; script-src 'self'; connect-src 'self'; child-src 'self'; img-src 'self' data:; font-src 'self' data:; style-src 'self'
Referrer-Policy: no-referrer
Access-Control-Allow-Methods: GET,POST,OPTIONS
Access-Control-Allow-Headers: ZAP-Header
X-Frame-Options: DENY
X-XSS-Protection: 1; mode=block
X-Content-Type-Options: nosniff
X-Clacks-Overhead: GNU Terry Pratchett
content-length: 15
Content-Type: application/json; charset=UTF-8

{
    "status": "42"
}
progresso : [42%] 
Request method:	GET
Request URI:	http://localhost:8166/JSON/ascan/view/status/?scanId=0
Proxy:			<none>
Request params:	<none>
Query params:	scanId=0
Form params:	<none>
Path params:	<none>
Headers:		Accept=*/*
Cookies:		<none>
Multiparts:		<none>
Body:			<none>
HTTP/1.1 200 OK
Pragma: no-cache
Cache-Control: no-cache, no-store, must-revalidate
Content-Security-Policy: default-src 'none'; script-src 'self'; connect-src 'self'; child-src 'self'; img-src 'self' data:; font-src 'self' data:; style-src 'self'
Referrer-Policy: no-referrer
Access-Control-Allow-Methods: GET,POST,OPTIONS
Access-Control-Allow-Headers: ZAP-Header
X-Frame-Options: DENY
X-XSS-Protection: 1; mode=block
X-Content-Type-Options: nosniff
X-Clacks-Overhead: GNU Terry Pratchett
content-length: 15
Content-Type: application/json; charset=UTF-8

{
    "status": "45"
}
progresso : [45%] 
Request method:	GET
Request URI:	http://localhost:8166/JSON/ascan/view/status/?scanId=0
Proxy:			<none>
Request params:	<none>
Query params:	scanId=0
Form params:	<none>
Path params:	<none>
Headers:		Accept=*/*
Cookies:		<none>
Multiparts:		<none>
Body:			<none>
HTTP/1.1 200 OK
Pragma: no-cache
Cache-Control: no-cache, no-store, must-revalidate
Content-Security-Policy: default-src 'none'; script-src 'self'; connect-src 'self'; child-src 'self'; img-src 'self' data:; font-src 'self' data:; style-src 'self'
Referrer-Policy: no-referrer
Access-Control-Allow-Methods: GET,POST,OPTIONS
Access-Control-Allow-Headers: ZAP-Header
X-Frame-Options: DENY
X-XSS-Protection: 1; mode=block
X-Content-Type-Options: nosniff
X-Clacks-Overhead: GNU Terry Pratchett
content-length: 15
Content-Type: application/json; charset=UTF-8

{
    "status": "46"
}
progresso : [46%] 
Request method:	GET
Request URI:	http://localhost:8166/JSON/ascan/view/status/?scanId=0
Proxy:			<none>
Request params:	<none>
Query params:	scanId=0
Form params:	<none>
Path params:	<none>
Headers:		Accept=*/*
Cookies:		<none>
Multiparts:		<none>
Body:			<none>
HTTP/1.1 200 OK
Pragma: no-cache
Cache-Control: no-cache, no-store, must-revalidate
Content-Security-Policy: default-src 'none'; script-src 'self'; connect-src 'self'; child-src 'self'; img-src 'self' data:; font-src 'self' data:; style-src 'self'
Referrer-Policy: no-referrer
Access-Control-Allow-Methods: GET,POST,OPTIONS
Access-Control-Allow-Headers: ZAP-Header
X-Frame-Options: DENY
X-XSS-Protection: 1; mode=block
X-Content-Type-Options: nosniff
X-Clacks-Overhead: GNU Terry Pratchett
content-length: 15
Content-Type: application/json; charset=UTF-8

{
    "status": "46"
}
progresso : [46%] 
Request method:	GET
Request URI:	http://localhost:8166/JSON/ascan/view/status/?scanId=0
Proxy:			<none>
Request params:	<none>
Query params:	scanId=0
Form params:	<none>
Path params:	<none>
Headers:		Accept=*/*
Cookies:		<none>
Multiparts:		<none>
Body:			<none>
HTTP/1.1 200 OK
Pragma: no-cache
Cache-Control: no-cache, no-store, must-revalidate
Content-Security-Policy: default-src 'none'; script-src 'self'; connect-src 'self'; child-src 'self'; img-src 'self' data:; font-src 'self' data:; style-src 'self'
Referrer-Policy: no-referrer
Access-Control-Allow-Methods: GET,POST,OPTIONS
Access-Control-Allow-Headers: ZAP-Header
X-Frame-Options: DENY
X-XSS-Protection: 1; mode=block
X-Content-Type-Options: nosniff
X-Clacks-Overhead: GNU Terry Pratchett
content-length: 15
Content-Type: application/json; charset=UTF-8

{
    "status": "46"
}
progresso : [46%] 
Request method:	GET
Request URI:	http://localhost:8166/JSON/ascan/view/status/?scanId=0
Proxy:			<none>
Request params:	<none>
Query params:	scanId=0
Form params:	<none>
Path params:	<none>
Headers:		Accept=*/*
Cookies:		<none>
Multiparts:		<none>
Body:			<none>
HTTP/1.1 200 OK
Pragma: no-cache
Cache-Control: no-cache, no-store, must-revalidate
Content-Security-Policy: default-src 'none'; script-src 'self'; connect-src 'self'; child-src 'self'; img-src 'self' data:; font-src 'self' data:; style-src 'self'
Referrer-Policy: no-referrer
Access-Control-Allow-Methods: GET,POST,OPTIONS
Access-Control-Allow-Headers: ZAP-Header
X-Frame-Options: DENY
X-XSS-Protection: 1; mode=block
X-Content-Type-Options: nosniff
X-Clacks-Overhead: GNU Terry Pratchett
content-length: 15
Content-Type: application/json; charset=UTF-8

{
    "status": "47"
}
progresso : [47%] 
Request method:	GET
Request URI:	http://localhost:8166/JSON/ascan/view/status/?scanId=0
Proxy:			<none>
Request params:	<none>
Query params:	scanId=0
Form params:	<none>
Path params:	<none>
Headers:		Accept=*/*
Cookies:		<none>
Multiparts:		<none>
Body:			<none>
HTTP/1.1 200 OK
Pragma: no-cache
Cache-Control: no-cache, no-store, must-revalidate
Content-Security-Policy: default-src 'none'; script-src 'self'; connect-src 'self'; child-src 'self'; img-src 'self' data:; font-src 'self' data:; style-src 'self'
Referrer-Policy: no-referrer
Access-Control-Allow-Methods: GET,POST,OPTIONS
Access-Control-Allow-Headers: ZAP-Header
X-Frame-Options: DENY
X-XSS-Protection: 1; mode=block
X-Content-Type-Options: nosniff
X-Clacks-Overhead: GNU Terry Pratchett
content-length: 15
Content-Type: application/json; charset=UTF-8

{
    "status": "48"
}
progresso : [48%] 
Request method:	GET
Request URI:	http://localhost:8166/JSON/ascan/view/status/?scanId=0
Proxy:			<none>
Request params:	<none>
Query params:	scanId=0
Form params:	<none>
Path params:	<none>
Headers:		Accept=*/*
Cookies:		<none>
Multiparts:		<none>
Body:			<none>
HTTP/1.1 200 OK
Pragma: no-cache
Cache-Control: no-cache, no-store, must-revalidate
Content-Security-Policy: default-src 'none'; script-src 'self'; connect-src 'self'; child-src 'self'; img-src 'self' data:; font-src 'self' data:; style-src 'self'
Referrer-Policy: no-referrer
Access-Control-Allow-Methods: GET,POST,OPTIONS
Access-Control-Allow-Headers: ZAP-Header
X-Frame-Options: DENY
X-XSS-Protection: 1; mode=block
X-Content-Type-Options: nosniff
X-Clacks-Overhead: GNU Terry Pratchett
content-length: 15
Content-Type: application/json; charset=UTF-8

{
    "status": "48"
}
progresso : [48%] 
Request method:	GET
Request URI:	http://localhost:8166/JSON/ascan/view/status/?scanId=0
Proxy:			<none>
Request params:	<none>
Query params:	scanId=0
Form params:	<none>
Path params:	<none>
Headers:		Accept=*/*
Cookies:		<none>
Multiparts:		<none>
Body:			<none>
HTTP/1.1 200 OK
Pragma: no-cache
Cache-Control: no-cache, no-store, must-revalidate
Content-Security-Policy: default-src 'none'; script-src 'self'; connect-src 'self'; child-src 'self'; img-src 'self' data:; font-src 'self' data:; style-src 'self'
Referrer-Policy: no-referrer
Access-Control-Allow-Methods: GET,POST,OPTIONS
Access-Control-Allow-Headers: ZAP-Header
X-Frame-Options: DENY
X-XSS-Protection: 1; mode=block
X-Content-Type-Options: nosniff
X-Clacks-Overhead: GNU Terry Pratchett
content-length: 15
Content-Type: application/json; charset=UTF-8

{
    "status": "48"
}
progresso : [48%] 
Request method:	GET
Request URI:	http://localhost:8166/JSON/ascan/view/status/?scanId=0
Proxy:			<none>
Request params:	<none>
Query params:	scanId=0
Form params:	<none>
Path params:	<none>
Headers:		Accept=*/*
Cookies:		<none>
Multiparts:		<none>
Body:			<none>
HTTP/1.1 200 OK
Pragma: no-cache
Cache-Control: no-cache, no-store, must-revalidate
Content-Security-Policy: default-src 'none'; script-src 'self'; connect-src 'self'; child-src 'self'; img-src 'self' data:; font-src 'self' data:; style-src 'self'
Referrer-Policy: no-referrer
Access-Control-Allow-Methods: GET,POST,OPTIONS
Access-Control-Allow-Headers: ZAP-Header
X-Frame-Options: DENY
X-XSS-Protection: 1; mode=block
X-Content-Type-Options: nosniff
X-Clacks-Overhead: GNU Terry Pratchett
content-length: 15
Content-Type: application/json; charset=UTF-8

{
    "status": "48"
}
progresso : [48%] 
Request method:	GET
Request URI:	http://localhost:8166/JSON/ascan/view/status/?scanId=0
Proxy:			<none>
Request params:	<none>
Query params:	scanId=0
Form params:	<none>
Path params:	<none>
Headers:		Accept=*/*
Cookies:		<none>
Multiparts:		<none>
Body:			<none>
HTTP/1.1 200 OK
Pragma: no-cache
Cache-Control: no-cache, no-store, must-revalidate
Content-Security-Policy: default-src 'none'; script-src 'self'; connect-src 'self'; child-src 'self'; img-src 'self' data:; font-src 'self' data:; style-src 'self'
Referrer-Policy: no-referrer
Access-Control-Allow-Methods: GET,POST,OPTIONS
Access-Control-Allow-Headers: ZAP-Header
X-Frame-Options: DENY
X-XSS-Protection: 1; mode=block
X-Content-Type-Options: nosniff
X-Clacks-Overhead: GNU Terry Pratchett
content-length: 15
Content-Type: application/json; charset=UTF-8

{
    "status": "49"
}
progresso : [49%] 
Request method:	GET
Request URI:	http://localhost:8166/JSON/ascan/view/status/?scanId=0
Proxy:			<none>
Request params:	<none>
Query params:	scanId=0
Form params:	<none>
Path params:	<none>
Headers:		Accept=*/*
Cookies:		<none>
Multiparts:		<none>
Body:			<none>
HTTP/1.1 200 OK
Pragma: no-cache
Cache-Control: no-cache, no-store, must-revalidate
Content-Security-Policy: default-src 'none'; script-src 'self'; connect-src 'self'; child-src 'self'; img-src 'self' data:; font-src 'self' data:; style-src 'self'
Referrer-Policy: no-referrer
Access-Control-Allow-Methods: GET,POST,OPTIONS
Access-Control-Allow-Headers: ZAP-Header
X-Frame-Options: DENY
X-XSS-Protection: 1; mode=block
X-Content-Type-Options: nosniff
X-Clacks-Overhead: GNU Terry Pratchett
content-length: 15
Content-Type: application/json; charset=UTF-8

{
    "status": "51"
}
progresso : [51%] 
Request method:	GET
Request URI:	http://localhost:8166/JSON/ascan/view/status/?scanId=0
Proxy:			<none>
Request params:	<none>
Query params:	scanId=0
Form params:	<none>
Path params:	<none>
Headers:		Accept=*/*
Cookies:		<none>
Multiparts:		<none>
Body:			<none>
HTTP/1.1 200 OK
Pragma: no-cache
Cache-Control: no-cache, no-store, must-revalidate
Content-Security-Policy: default-src 'none'; script-src 'self'; connect-src 'self'; child-src 'self'; img-src 'self' data:; font-src 'self' data:; style-src 'self'
Referrer-Policy: no-referrer
Access-Control-Allow-Methods: GET,POST,OPTIONS
Access-Control-Allow-Headers: ZAP-Header
X-Frame-Options: DENY
X-XSS-Protection: 1; mode=block
X-Content-Type-Options: nosniff
X-Clacks-Overhead: GNU Terry Pratchett
content-length: 15
Content-Type: application/json; charset=UTF-8

{
    "status": "51"
}
progresso : [51%] 
Request method:	GET
Request URI:	http://localhost:8166/JSON/ascan/view/status/?scanId=0
Proxy:			<none>
Request params:	<none>
Query params:	scanId=0
Form params:	<none>
Path params:	<none>
Headers:		Accept=*/*
Cookies:		<none>
Multiparts:		<none>
Body:			<none>
HTTP/1.1 200 OK
Pragma: no-cache
Cache-Control: no-cache, no-store, must-revalidate
Content-Security-Policy: default-src 'none'; script-src 'self'; connect-src 'self'; child-src 'self'; img-src 'self' data:; font-src 'self' data:; style-src 'self'
Referrer-Policy: no-referrer
Access-Control-Allow-Methods: GET,POST,OPTIONS
Access-Control-Allow-Headers: ZAP-Header
X-Frame-Options: DENY
X-XSS-Protection: 1; mode=block
X-Content-Type-Options: nosniff
X-Clacks-Overhead: GNU Terry Pratchett
content-length: 15
Content-Type: application/json; charset=UTF-8

{
    "status": "51"
}
progresso : [51%] 
Request method:	GET
Request URI:	http://localhost:8166/JSON/ascan/view/status/?scanId=0
Proxy:			<none>
Request params:	<none>
Query params:	scanId=0
Form params:	<none>
Path params:	<none>
Headers:		Accept=*/*
Cookies:		<none>
Multiparts:		<none>
Body:			<none>
HTTP/1.1 200 OK
Pragma: no-cache
Cache-Control: no-cache, no-store, must-revalidate
Content-Security-Policy: default-src 'none'; script-src 'self'; connect-src 'self'; child-src 'self'; img-src 'self' data:; font-src 'self' data:; style-src 'self'
Referrer-Policy: no-referrer
Access-Control-Allow-Methods: GET,POST,OPTIONS
Access-Control-Allow-Headers: ZAP-Header
X-Frame-Options: DENY
X-XSS-Protection: 1; mode=block
X-Content-Type-Options: nosniff
X-Clacks-Overhead: GNU Terry Pratchett
content-length: 15
Content-Type: application/json; charset=UTF-8

{
    "status": "51"
}
progresso : [51%] 
Request method:	GET
Request URI:	http://localhost:8166/JSON/ascan/view/status/?scanId=0
Proxy:			<none>
Request params:	<none>
Query params:	scanId=0
Form params:	<none>
Path params:	<none>
Headers:		Accept=*/*
Cookies:		<none>
Multiparts:		<none>
Body:			<none>
HTTP/1.1 200 OK
Pragma: no-cache
Cache-Control: no-cache, no-store, must-revalidate
Content-Security-Policy: default-src 'none'; script-src 'self'; connect-src 'self'; child-src 'self'; img-src 'self' data:; font-src 'self' data:; style-src 'self'
Referrer-Policy: no-referrer
Access-Control-Allow-Methods: GET,POST,OPTIONS
Access-Control-Allow-Headers: ZAP-Header
X-Frame-Options: DENY
X-XSS-Protection: 1; mode=block
X-Content-Type-Options: nosniff
X-Clacks-Overhead: GNU Terry Pratchett
content-length: 15
Content-Type: application/json; charset=UTF-8

{
    "status": "51"
}
progresso : [51%] 
Request method:	GET
Request URI:	http://localhost:8166/JSON/ascan/view/status/?scanId=0
Proxy:			<none>
Request params:	<none>
Query params:	scanId=0
Form params:	<none>
Path params:	<none>
Headers:		Accept=*/*
Cookies:		<none>
Multiparts:		<none>
Body:			<none>
HTTP/1.1 200 OK
Pragma: no-cache
Cache-Control: no-cache, no-store, must-revalidate
Content-Security-Policy: default-src 'none'; script-src 'self'; connect-src 'self'; child-src 'self'; img-src 'self' data:; font-src 'self' data:; style-src 'self'
Referrer-Policy: no-referrer
Access-Control-Allow-Methods: GET,POST,OPTIONS
Access-Control-Allow-Headers: ZAP-Header
X-Frame-Options: DENY
X-XSS-Protection: 1; mode=block
X-Content-Type-Options: nosniff
X-Clacks-Overhead: GNU Terry Pratchett
content-length: 15
Content-Type: application/json; charset=UTF-8

{
    "status": "51"
}
progresso : [51%] 
Request method:	GET
Request URI:	http://localhost:8166/JSON/ascan/view/status/?scanId=0
Proxy:			<none>
Request params:	<none>
Query params:	scanId=0
Form params:	<none>
Path params:	<none>
Headers:		Accept=*/*
Cookies:		<none>
Multiparts:		<none>
Body:			<none>
HTTP/1.1 200 OK
Pragma: no-cache
Cache-Control: no-cache, no-store, must-revalidate
Content-Security-Policy: default-src 'none'; script-src 'self'; connect-src 'self'; child-src 'self'; img-src 'self' data:; font-src 'self' data:; style-src 'self'
Referrer-Policy: no-referrer
Access-Control-Allow-Methods: GET,POST,OPTIONS
Access-Control-Allow-Headers: ZAP-Header
X-Frame-Options: DENY
X-XSS-Protection: 1; mode=block
X-Content-Type-Options: nosniff
X-Clacks-Overhead: GNU Terry Pratchett
content-length: 15
Content-Type: application/json; charset=UTF-8

{
    "status": "51"
}
progresso : [51%] 
Request method:	GET
Request URI:	http://localhost:8166/JSON/ascan/view/status/?scanId=0
Proxy:			<none>
Request params:	<none>
Query params:	scanId=0
Form params:	<none>
Path params:	<none>
Headers:		Accept=*/*
Cookies:		<none>
Multiparts:		<none>
Body:			<none>
HTTP/1.1 200 OK
Pragma: no-cache
Cache-Control: no-cache, no-store, must-revalidate
Content-Security-Policy: default-src 'none'; script-src 'self'; connect-src 'self'; child-src 'self'; img-src 'self' data:; font-src 'self' data:; style-src 'self'
Referrer-Policy: no-referrer
Access-Control-Allow-Methods: GET,POST,OPTIONS
Access-Control-Allow-Headers: ZAP-Header
X-Frame-Options: DENY
X-XSS-Protection: 1; mode=block
X-Content-Type-Options: nosniff
X-Clacks-Overhead: GNU Terry Pratchett
content-length: 15
Content-Type: application/json; charset=UTF-8

{
    "status": "51"
}
progresso : [51%] 
Request method:	GET
Request URI:	http://localhost:8166/JSON/ascan/view/status/?scanId=0
Proxy:			<none>
Request params:	<none>
Query params:	scanId=0
Form params:	<none>
Path params:	<none>
Headers:		Accept=*/*
Cookies:		<none>
Multiparts:		<none>
Body:			<none>
HTTP/1.1 200 OK
Pragma: no-cache
Cache-Control: no-cache, no-store, must-revalidate
Content-Security-Policy: default-src 'none'; script-src 'self'; connect-src 'self'; child-src 'self'; img-src 'self' data:; font-src 'self' data:; style-src 'self'
Referrer-Policy: no-referrer
Access-Control-Allow-Methods: GET,POST,OPTIONS
Access-Control-Allow-Headers: ZAP-Header
X-Frame-Options: DENY
X-XSS-Protection: 1; mode=block
X-Content-Type-Options: nosniff
X-Clacks-Overhead: GNU Terry Pratchett
content-length: 15
Content-Type: application/json; charset=UTF-8

{
    "status": "51"
}
progresso : [51%] 
Request method:	GET
Request URI:	http://localhost:8166/JSON/ascan/view/status/?scanId=0
Proxy:			<none>
Request params:	<none>
Query params:	scanId=0
Form params:	<none>
Path params:	<none>
Headers:		Accept=*/*
Cookies:		<none>
Multiparts:		<none>
Body:			<none>
HTTP/1.1 200 OK
Pragma: no-cache
Cache-Control: no-cache, no-store, must-revalidate
Content-Security-Policy: default-src 'none'; script-src 'self'; connect-src 'self'; child-src 'self'; img-src 'self' data:; font-src 'self' data:; style-src 'self'
Referrer-Policy: no-referrer
Access-Control-Allow-Methods: GET,POST,OPTIONS
Access-Control-Allow-Headers: ZAP-Header
X-Frame-Options: DENY
X-XSS-Protection: 1; mode=block
X-Content-Type-Options: nosniff
X-Clacks-Overhead: GNU Terry Pratchett
content-length: 15
Content-Type: application/json; charset=UTF-8

{
    "status": "51"
}
progresso : [51%] 
Request method:	GET
Request URI:	http://localhost:8166/JSON/ascan/view/status/?scanId=0
Proxy:			<none>
Request params:	<none>
Query params:	scanId=0
Form params:	<none>
Path params:	<none>
Headers:		Accept=*/*
Cookies:		<none>
Multiparts:		<none>
Body:			<none>
HTTP/1.1 200 OK
Pragma: no-cache
Cache-Control: no-cache, no-store, must-revalidate
Content-Security-Policy: default-src 'none'; script-src 'self'; connect-src 'self'; child-src 'self'; img-src 'self' data:; font-src 'self' data:; style-src 'self'
Referrer-Policy: no-referrer
Access-Control-Allow-Methods: GET,POST,OPTIONS
Access-Control-Allow-Headers: ZAP-Header
X-Frame-Options: DENY
X-XSS-Protection: 1; mode=block
X-Content-Type-Options: nosniff
X-Clacks-Overhead: GNU Terry Pratchett
content-length: 15
Content-Type: application/json; charset=UTF-8

{
    "status": "51"
}
progresso : [51%] 
Request method:	GET
Request URI:	http://localhost:8166/JSON/ascan/view/status/?scanId=0
Proxy:			<none>
Request params:	<none>
Query params:	scanId=0
Form params:	<none>
Path params:	<none>
Headers:		Accept=*/*
Cookies:		<none>
Multiparts:		<none>
Body:			<none>
HTTP/1.1 200 OK
Pragma: no-cache
Cache-Control: no-cache, no-store, must-revalidate
Content-Security-Policy: default-src 'none'; script-src 'self'; connect-src 'self'; child-src 'self'; img-src 'self' data:; font-src 'self' data:; style-src 'self'
Referrer-Policy: no-referrer
Access-Control-Allow-Methods: GET,POST,OPTIONS
Access-Control-Allow-Headers: ZAP-Header
X-Frame-Options: DENY
X-XSS-Protection: 1; mode=block
X-Content-Type-Options: nosniff
X-Clacks-Overhead: GNU Terry Pratchett
content-length: 15
Content-Type: application/json; charset=UTF-8

{
    "status": "51"
}
progresso : [51%] 
Request method:	GET
Request URI:	http://localhost:8166/JSON/ascan/view/status/?scanId=0
Proxy:			<none>
Request params:	<none>
Query params:	scanId=0
Form params:	<none>
Path params:	<none>
Headers:		Accept=*/*
Cookies:		<none>
Multiparts:		<none>
Body:			<none>
HTTP/1.1 200 OK
Pragma: no-cache
Cache-Control: no-cache, no-store, must-revalidate
Content-Security-Policy: default-src 'none'; script-src 'self'; connect-src 'self'; child-src 'self'; img-src 'self' data:; font-src 'self' data:; style-src 'self'
Referrer-Policy: no-referrer
Access-Control-Allow-Methods: GET,POST,OPTIONS
Access-Control-Allow-Headers: ZAP-Header
X-Frame-Options: DENY
X-XSS-Protection: 1; mode=block
X-Content-Type-Options: nosniff
X-Clacks-Overhead: GNU Terry Pratchett
content-length: 15
Content-Type: application/json; charset=UTF-8

{
    "status": "51"
}
progresso : [51%] 
Request method:	GET
Request URI:	http://localhost:8166/JSON/ascan/view/status/?scanId=0
Proxy:			<none>
Request params:	<none>
Query params:	scanId=0
Form params:	<none>
Path params:	<none>
Headers:		Accept=*/*
Cookies:		<none>
Multiparts:		<none>
Body:			<none>
HTTP/1.1 200 OK
Pragma: no-cache
Cache-Control: no-cache, no-store, must-revalidate
Content-Security-Policy: default-src 'none'; script-src 'self'; connect-src 'self'; child-src 'self'; img-src 'self' data:; font-src 'self' data:; style-src 'self'
Referrer-Policy: no-referrer
Access-Control-Allow-Methods: GET,POST,OPTIONS
Access-Control-Allow-Headers: ZAP-Header
X-Frame-Options: DENY
X-XSS-Protection: 1; mode=block
X-Content-Type-Options: nosniff
X-Clacks-Overhead: GNU Terry Pratchett
content-length: 15
Content-Type: application/json; charset=UTF-8

{
    "status": "51"
}
progresso : [51%] 
Request method:	GET
Request URI:	http://localhost:8166/JSON/ascan/view/status/?scanId=0
Proxy:			<none>
Request params:	<none>
Query params:	scanId=0
Form params:	<none>
Path params:	<none>
Headers:		Accept=*/*
Cookies:		<none>
Multiparts:		<none>
Body:			<none>
HTTP/1.1 200 OK
Pragma: no-cache
Cache-Control: no-cache, no-store, must-revalidate
Content-Security-Policy: default-src 'none'; script-src 'self'; connect-src 'self'; child-src 'self'; img-src 'self' data:; font-src 'self' data:; style-src 'self'
Referrer-Policy: no-referrer
Access-Control-Allow-Methods: GET,POST,OPTIONS
Access-Control-Allow-Headers: ZAP-Header
X-Frame-Options: DENY
X-XSS-Protection: 1; mode=block
X-Content-Type-Options: nosniff
X-Clacks-Overhead: GNU Terry Pratchett
content-length: 15
Content-Type: application/json; charset=UTF-8

{
    "status": "51"
}
progresso : [51%] 
Request method:	GET
Request URI:	http://localhost:8166/JSON/ascan/view/status/?scanId=0
Proxy:			<none>
Request params:	<none>
Query params:	scanId=0
Form params:	<none>
Path params:	<none>
Headers:		Accept=*/*
Cookies:		<none>
Multiparts:		<none>
Body:			<none>
HTTP/1.1 200 OK
Pragma: no-cache
Cache-Control: no-cache, no-store, must-revalidate
Content-Security-Policy: default-src 'none'; script-src 'self'; connect-src 'self'; child-src 'self'; img-src 'self' data:; font-src 'self' data:; style-src 'self'
Referrer-Policy: no-referrer
Access-Control-Allow-Methods: GET,POST,OPTIONS
Access-Control-Allow-Headers: ZAP-Header
X-Frame-Options: DENY
X-XSS-Protection: 1; mode=block
X-Content-Type-Options: nosniff
X-Clacks-Overhead: GNU Terry Pratchett
content-length: 15
Content-Type: application/json; charset=UTF-8

{
    "status": "51"
}
progresso : [51%] 
Request method:	GET
Request URI:	http://localhost:8166/JSON/ascan/view/status/?scanId=0
Proxy:			<none>
Request params:	<none>
Query params:	scanId=0
Form params:	<none>
Path params:	<none>
Headers:		Accept=*/*
Cookies:		<none>
Multiparts:		<none>
Body:			<none>
HTTP/1.1 200 OK
Pragma: no-cache
Cache-Control: no-cache, no-store, must-revalidate
Content-Security-Policy: default-src 'none'; script-src 'self'; connect-src 'self'; child-src 'self'; img-src 'self' data:; font-src 'self' data:; style-src 'self'
Referrer-Policy: no-referrer
Access-Control-Allow-Methods: GET,POST,OPTIONS
Access-Control-Allow-Headers: ZAP-Header
X-Frame-Options: DENY
X-XSS-Protection: 1; mode=block
X-Content-Type-Options: nosniff
X-Clacks-Overhead: GNU Terry Pratchett
content-length: 15
Content-Type: application/json; charset=UTF-8

{
    "status": "51"
}
progresso : [51%] 
Request method:	GET
Request URI:	http://localhost:8166/JSON/ascan/view/status/?scanId=0
Proxy:			<none>
Request params:	<none>
Query params:	scanId=0
Form params:	<none>
Path params:	<none>
Headers:		Accept=*/*
Cookies:		<none>
Multiparts:		<none>
Body:			<none>
HTTP/1.1 200 OK
Pragma: no-cache
Cache-Control: no-cache, no-store, must-revalidate
Content-Security-Policy: default-src 'none'; script-src 'self'; connect-src 'self'; child-src 'self'; img-src 'self' data:; font-src 'self' data:; style-src 'self'
Referrer-Policy: no-referrer
Access-Control-Allow-Methods: GET,POST,OPTIONS
Access-Control-Allow-Headers: ZAP-Header
X-Frame-Options: DENY
X-XSS-Protection: 1; mode=block
X-Content-Type-Options: nosniff
X-Clacks-Overhead: GNU Terry Pratchett
content-length: 15
Content-Type: application/json; charset=UTF-8

{
    "status": "51"
}
progresso : [51%] 
Request method:	GET
Request URI:	http://localhost:8166/JSON/ascan/view/status/?scanId=0
Proxy:			<none>
Request params:	<none>
Query params:	scanId=0
Form params:	<none>
Path params:	<none>
Headers:		Accept=*/*
Cookies:		<none>
Multiparts:		<none>
Body:			<none>
HTTP/1.1 200 OK
Pragma: no-cache
Cache-Control: no-cache, no-store, must-revalidate
Content-Security-Policy: default-src 'none'; script-src 'self'; connect-src 'self'; child-src 'self'; img-src 'self' data:; font-src 'self' data:; style-src 'self'
Referrer-Policy: no-referrer
Access-Control-Allow-Methods: GET,POST,OPTIONS
Access-Control-Allow-Headers: ZAP-Header
X-Frame-Options: DENY
X-XSS-Protection: 1; mode=block
X-Content-Type-Options: nosniff
X-Clacks-Overhead: GNU Terry Pratchett
content-length: 15
Content-Type: application/json; charset=UTF-8

{
    "status": "52"
}
progresso : [52%] 
Request method:	GET
Request URI:	http://localhost:8166/JSON/ascan/view/status/?scanId=0
Proxy:			<none>
Request params:	<none>
Query params:	scanId=0
Form params:	<none>
Path params:	<none>
Headers:		Accept=*/*
Cookies:		<none>
Multiparts:		<none>
Body:			<none>
HTTP/1.1 200 OK
Pragma: no-cache
Cache-Control: no-cache, no-store, must-revalidate
Content-Security-Policy: default-src 'none'; script-src 'self'; connect-src 'self'; child-src 'self'; img-src 'self' data:; font-src 'self' data:; style-src 'self'
Referrer-Policy: no-referrer
Access-Control-Allow-Methods: GET,POST,OPTIONS
Access-Control-Allow-Headers: ZAP-Header
X-Frame-Options: DENY
X-XSS-Protection: 1; mode=block
X-Content-Type-Options: nosniff
X-Clacks-Overhead: GNU Terry Pratchett
content-length: 15
Content-Type: application/json; charset=UTF-8

{
    "status": "53"
}
progresso : [53%] 
Request method:	GET
Request URI:	http://localhost:8166/JSON/ascan/view/status/?scanId=0
Proxy:			<none>
Request params:	<none>
Query params:	scanId=0
Form params:	<none>
Path params:	<none>
Headers:		Accept=*/*
Cookies:		<none>
Multiparts:		<none>
Body:			<none>
HTTP/1.1 200 OK
Pragma: no-cache
Cache-Control: no-cache, no-store, must-revalidate
Content-Security-Policy: default-src 'none'; script-src 'self'; connect-src 'self'; child-src 'self'; img-src 'self' data:; font-src 'self' data:; style-src 'self'
Referrer-Policy: no-referrer
Access-Control-Allow-Methods: GET,POST,OPTIONS
Access-Control-Allow-Headers: ZAP-Header
X-Frame-Options: DENY
X-XSS-Protection: 1; mode=block
X-Content-Type-Options: nosniff
X-Clacks-Overhead: GNU Terry Pratchett
content-length: 15
Content-Type: application/json; charset=UTF-8

{
    "status": "53"
}
progresso : [53%] 
Request method:	GET
Request URI:	http://localhost:8166/JSON/ascan/view/status/?scanId=0
Proxy:			<none>
Request params:	<none>
Query params:	scanId=0
Form params:	<none>
Path params:	<none>
Headers:		Accept=*/*
Cookies:		<none>
Multiparts:		<none>
Body:			<none>
HTTP/1.1 200 OK
Pragma: no-cache
Cache-Control: no-cache, no-store, must-revalidate
Content-Security-Policy: default-src 'none'; script-src 'self'; connect-src 'self'; child-src 'self'; img-src 'self' data:; font-src 'self' data:; style-src 'self'
Referrer-Policy: no-referrer
Access-Control-Allow-Methods: GET,POST,OPTIONS
Access-Control-Allow-Headers: ZAP-Header
X-Frame-Options: DENY
X-XSS-Protection: 1; mode=block
X-Content-Type-Options: nosniff
X-Clacks-Overhead: GNU Terry Pratchett
content-length: 15
Content-Type: application/json; charset=UTF-8

{
    "status": "55"
}
progresso : [55%] 
Request method:	GET
Request URI:	http://localhost:8166/JSON/ascan/view/status/?scanId=0
Proxy:			<none>
Request params:	<none>
Query params:	scanId=0
Form params:	<none>
Path params:	<none>
Headers:		Accept=*/*
Cookies:		<none>
Multiparts:		<none>
Body:			<none>
HTTP/1.1 200 OK
Pragma: no-cache
Cache-Control: no-cache, no-store, must-revalidate
Content-Security-Policy: default-src 'none'; script-src 'self'; connect-src 'self'; child-src 'self'; img-src 'self' data:; font-src 'self' data:; style-src 'self'
Referrer-Policy: no-referrer
Access-Control-Allow-Methods: GET,POST,OPTIONS
Access-Control-Allow-Headers: ZAP-Header
X-Frame-Options: DENY
X-XSS-Protection: 1; mode=block
X-Content-Type-Options: nosniff
X-Clacks-Overhead: GNU Terry Pratchett
content-length: 15
Content-Type: application/json; charset=UTF-8

{
    "status": "57"
}
progresso : [57%] 
Request method:	GET
Request URI:	http://localhost:8166/JSON/ascan/view/status/?scanId=0
Proxy:			<none>
Request params:	<none>
Query params:	scanId=0
Form params:	<none>
Path params:	<none>
Headers:		Accept=*/*
Cookies:		<none>
Multiparts:		<none>
Body:			<none>
HTTP/1.1 200 OK
Pragma: no-cache
Cache-Control: no-cache, no-store, must-revalidate
Content-Security-Policy: default-src 'none'; script-src 'self'; connect-src 'self'; child-src 'self'; img-src 'self' data:; font-src 'self' data:; style-src 'self'
Referrer-Policy: no-referrer
Access-Control-Allow-Methods: GET,POST,OPTIONS
Access-Control-Allow-Headers: ZAP-Header
X-Frame-Options: DENY
X-XSS-Protection: 1; mode=block
X-Content-Type-Options: nosniff
X-Clacks-Overhead: GNU Terry Pratchett
content-length: 15
Content-Type: application/json; charset=UTF-8

{
    "status": "61"
}
progresso : [61%] 
Request method:	GET
Request URI:	http://localhost:8166/JSON/ascan/view/status/?scanId=0
Proxy:			<none>
Request params:	<none>
Query params:	scanId=0
Form params:	<none>
Path params:	<none>
Headers:		Accept=*/*
Cookies:		<none>
Multiparts:		<none>
Body:			<none>
HTTP/1.1 200 OK
Pragma: no-cache
Cache-Control: no-cache, no-store, must-revalidate
Content-Security-Policy: default-src 'none'; script-src 'self'; connect-src 'self'; child-src 'self'; img-src 'self' data:; font-src 'self' data:; style-src 'self'
Referrer-Policy: no-referrer
Access-Control-Allow-Methods: GET,POST,OPTIONS
Access-Control-Allow-Headers: ZAP-Header
X-Frame-Options: DENY
X-XSS-Protection: 1; mode=block
X-Content-Type-Options: nosniff
X-Clacks-Overhead: GNU Terry Pratchett
content-length: 15
Content-Type: application/json; charset=UTF-8

{
    "status": "61"
}
progresso : [61%] 
Request method:	GET
Request URI:	http://localhost:8166/JSON/ascan/view/status/?scanId=0
Proxy:			<none>
Request params:	<none>
Query params:	scanId=0
Form params:	<none>
Path params:	<none>
Headers:		Accept=*/*
Cookies:		<none>
Multiparts:		<none>
Body:			<none>
HTTP/1.1 200 OK
Pragma: no-cache
Cache-Control: no-cache, no-store, must-revalidate
Content-Security-Policy: default-src 'none'; script-src 'self'; connect-src 'self'; child-src 'self'; img-src 'self' data:; font-src 'self' data:; style-src 'self'
Referrer-Policy: no-referrer
Access-Control-Allow-Methods: GET,POST,OPTIONS
Access-Control-Allow-Headers: ZAP-Header
X-Frame-Options: DENY
X-XSS-Protection: 1; mode=block
X-Content-Type-Options: nosniff
X-Clacks-Overhead: GNU Terry Pratchett
content-length: 15
Content-Type: application/json; charset=UTF-8

{
    "status": "61"
}
progresso : [61%] 
Request method:	GET
Request URI:	http://localhost:8166/JSON/ascan/view/status/?scanId=0
Proxy:			<none>
Request params:	<none>
Query params:	scanId=0
Form params:	<none>
Path params:	<none>
Headers:		Accept=*/*
Cookies:		<none>
Multiparts:		<none>
Body:			<none>
HTTP/1.1 200 OK
Pragma: no-cache
Cache-Control: no-cache, no-store, must-revalidate
Content-Security-Policy: default-src 'none'; script-src 'self'; connect-src 'self'; child-src 'self'; img-src 'self' data:; font-src 'self' data:; style-src 'self'
Referrer-Policy: no-referrer
Access-Control-Allow-Methods: GET,POST,OPTIONS
Access-Control-Allow-Headers: ZAP-Header
X-Frame-Options: DENY
X-XSS-Protection: 1; mode=block
X-Content-Type-Options: nosniff
X-Clacks-Overhead: GNU Terry Pratchett
content-length: 15
Content-Type: application/json; charset=UTF-8

{
    "status": "61"
}
progresso : [61%] 
Request method:	GET
Request URI:	http://localhost:8166/JSON/ascan/view/status/?scanId=0
Proxy:			<none>
Request params:	<none>
Query params:	scanId=0
Form params:	<none>
Path params:	<none>
Headers:		Accept=*/*
Cookies:		<none>
Multiparts:		<none>
Body:			<none>
HTTP/1.1 200 OK
Pragma: no-cache
Cache-Control: no-cache, no-store, must-revalidate
Content-Security-Policy: default-src 'none'; script-src 'self'; connect-src 'self'; child-src 'self'; img-src 'self' data:; font-src 'self' data:; style-src 'self'
Referrer-Policy: no-referrer
Access-Control-Allow-Methods: GET,POST,OPTIONS
Access-Control-Allow-Headers: ZAP-Header
X-Frame-Options: DENY
X-XSS-Protection: 1; mode=block
X-Content-Type-Options: nosniff
X-Clacks-Overhead: GNU Terry Pratchett
content-length: 15
Content-Type: application/json; charset=UTF-8

{
    "status": "61"
}
progresso : [61%] 
Request method:	GET
Request URI:	http://localhost:8166/JSON/ascan/view/status/?scanId=0
Proxy:			<none>
Request params:	<none>
Query params:	scanId=0
Form params:	<none>
Path params:	<none>
Headers:		Accept=*/*
Cookies:		<none>
Multiparts:		<none>
Body:			<none>
HTTP/1.1 200 OK
Pragma: no-cache
Cache-Control: no-cache, no-store, must-revalidate
Content-Security-Policy: default-src 'none'; script-src 'self'; connect-src 'self'; child-src 'self'; img-src 'self' data:; font-src 'self' data:; style-src 'self'
Referrer-Policy: no-referrer
Access-Control-Allow-Methods: GET,POST,OPTIONS
Access-Control-Allow-Headers: ZAP-Header
X-Frame-Options: DENY
X-XSS-Protection: 1; mode=block
X-Content-Type-Options: nosniff
X-Clacks-Overhead: GNU Terry Pratchett
content-length: 15
Content-Type: application/json; charset=UTF-8

{
    "status": "61"
}
progresso : [61%] 
Request method:	GET
Request URI:	http://localhost:8166/JSON/ascan/view/status/?scanId=0
Proxy:			<none>
Request params:	<none>
Query params:	scanId=0
Form params:	<none>
Path params:	<none>
Headers:		Accept=*/*
Cookies:		<none>
Multiparts:		<none>
Body:			<none>
HTTP/1.1 200 OK
Pragma: no-cache
Cache-Control: no-cache, no-store, must-revalidate
Content-Security-Policy: default-src 'none'; script-src 'self'; connect-src 'self'; child-src 'self'; img-src 'self' data:; font-src 'self' data:; style-src 'self'
Referrer-Policy: no-referrer
Access-Control-Allow-Methods: GET,POST,OPTIONS
Access-Control-Allow-Headers: ZAP-Header
X-Frame-Options: DENY
X-XSS-Protection: 1; mode=block
X-Content-Type-Options: nosniff
X-Clacks-Overhead: GNU Terry Pratchett
content-length: 15
Content-Type: application/json; charset=UTF-8

{
    "status": "61"
}
progresso : [61%] 
Request method:	GET
Request URI:	http://localhost:8166/JSON/ascan/view/status/?scanId=0
Proxy:			<none>
Request params:	<none>
Query params:	scanId=0
Form params:	<none>
Path params:	<none>
Headers:		Accept=*/*
Cookies:		<none>
Multiparts:		<none>
Body:			<none>
HTTP/1.1 200 OK
Pragma: no-cache
Cache-Control: no-cache, no-store, must-revalidate
Content-Security-Policy: default-src 'none'; script-src 'self'; connect-src 'self'; child-src 'self'; img-src 'self' data:; font-src 'self' data:; style-src 'self'
Referrer-Policy: no-referrer
Access-Control-Allow-Methods: GET,POST,OPTIONS
Access-Control-Allow-Headers: ZAP-Header
X-Frame-Options: DENY
X-XSS-Protection: 1; mode=block
X-Content-Type-Options: nosniff
X-Clacks-Overhead: GNU Terry Pratchett
content-length: 15
Content-Type: application/json; charset=UTF-8

{
    "status": "62"
}
progresso : [62%] 
Request method:	GET
Request URI:	http://localhost:8166/JSON/ascan/view/status/?scanId=0
Proxy:			<none>
Request params:	<none>
Query params:	scanId=0
Form params:	<none>
Path params:	<none>
Headers:		Accept=*/*
Cookies:		<none>
Multiparts:		<none>
Body:			<none>
HTTP/1.1 200 OK
Pragma: no-cache
Cache-Control: no-cache, no-store, must-revalidate
Content-Security-Policy: default-src 'none'; script-src 'self'; connect-src 'self'; child-src 'self'; img-src 'self' data:; font-src 'self' data:; style-src 'self'
Referrer-Policy: no-referrer
Access-Control-Allow-Methods: GET,POST,OPTIONS
Access-Control-Allow-Headers: ZAP-Header
X-Frame-Options: DENY
X-XSS-Protection: 1; mode=block
X-Content-Type-Options: nosniff
X-Clacks-Overhead: GNU Terry Pratchett
content-length: 15
Content-Type: application/json; charset=UTF-8

{
    "status": "63"
}
progresso : [63%] 
Request method:	GET
Request URI:	http://localhost:8166/JSON/ascan/view/status/?scanId=0
Proxy:			<none>
Request params:	<none>
Query params:	scanId=0
Form params:	<none>
Path params:	<none>
Headers:		Accept=*/*
Cookies:		<none>
Multiparts:		<none>
Body:			<none>
HTTP/1.1 200 OK
Pragma: no-cache
Cache-Control: no-cache, no-store, must-revalidate
Content-Security-Policy: default-src 'none'; script-src 'self'; connect-src 'self'; child-src 'self'; img-src 'self' data:; font-src 'self' data:; style-src 'self'
Referrer-Policy: no-referrer
Access-Control-Allow-Methods: GET,POST,OPTIONS
Access-Control-Allow-Headers: ZAP-Header
X-Frame-Options: DENY
X-XSS-Protection: 1; mode=block
X-Content-Type-Options: nosniff
X-Clacks-Overhead: GNU Terry Pratchett
content-length: 15
Content-Type: application/json; charset=UTF-8

{
    "status": "63"
}
progresso : [63%] 
Request method:	GET
Request URI:	http://localhost:8166/JSON/ascan/view/status/?scanId=0
Proxy:			<none>
Request params:	<none>
Query params:	scanId=0
Form params:	<none>
Path params:	<none>
Headers:		Accept=*/*
Cookies:		<none>
Multiparts:		<none>
Body:			<none>
HTTP/1.1 200 OK
Pragma: no-cache
Cache-Control: no-cache, no-store, must-revalidate
Content-Security-Policy: default-src 'none'; script-src 'self'; connect-src 'self'; child-src 'self'; img-src 'self' data:; font-src 'self' data:; style-src 'self'
Referrer-Policy: no-referrer
Access-Control-Allow-Methods: GET,POST,OPTIONS
Access-Control-Allow-Headers: ZAP-Header
X-Frame-Options: DENY
X-XSS-Protection: 1; mode=block
X-Content-Type-Options: nosniff
X-Clacks-Overhead: GNU Terry Pratchett
content-length: 15
Content-Type: application/json; charset=UTF-8

{
    "status": "63"
}
progresso : [63%] 
Request method:	GET
Request URI:	http://localhost:8166/JSON/ascan/view/status/?scanId=0
Proxy:			<none>
Request params:	<none>
Query params:	scanId=0
Form params:	<none>
Path params:	<none>
Headers:		Accept=*/*
Cookies:		<none>
Multiparts:		<none>
Body:			<none>
HTTP/1.1 200 OK
Pragma: no-cache
Cache-Control: no-cache, no-store, must-revalidate
Content-Security-Policy: default-src 'none'; script-src 'self'; connect-src 'self'; child-src 'self'; img-src 'self' data:; font-src 'self' data:; style-src 'self'
Referrer-Policy: no-referrer
Access-Control-Allow-Methods: GET,POST,OPTIONS
Access-Control-Allow-Headers: ZAP-Header
X-Frame-Options: DENY
X-XSS-Protection: 1; mode=block
X-Content-Type-Options: nosniff
X-Clacks-Overhead: GNU Terry Pratchett
content-length: 15
Content-Type: application/json; charset=UTF-8

{
    "status": "63"
}
progresso : [63%] 
Request method:	GET
Request URI:	http://localhost:8166/JSON/ascan/view/status/?scanId=0
Proxy:			<none>
Request params:	<none>
Query params:	scanId=0
Form params:	<none>
Path params:	<none>
Headers:		Accept=*/*
Cookies:		<none>
Multiparts:		<none>
Body:			<none>
HTTP/1.1 200 OK
Pragma: no-cache
Cache-Control: no-cache, no-store, must-revalidate
Content-Security-Policy: default-src 'none'; script-src 'self'; connect-src 'self'; child-src 'self'; img-src 'self' data:; font-src 'self' data:; style-src 'self'
Referrer-Policy: no-referrer
Access-Control-Allow-Methods: GET,POST,OPTIONS
Access-Control-Allow-Headers: ZAP-Header
X-Frame-Options: DENY
X-XSS-Protection: 1; mode=block
X-Content-Type-Options: nosniff
X-Clacks-Overhead: GNU Terry Pratchett
content-length: 15
Content-Type: application/json; charset=UTF-8

{
    "status": "63"
}
progresso : [63%] 
Request method:	GET
Request URI:	http://localhost:8166/JSON/ascan/view/status/?scanId=0
Proxy:			<none>
Request params:	<none>
Query params:	scanId=0
Form params:	<none>
Path params:	<none>
Headers:		Accept=*/*
Cookies:		<none>
Multiparts:		<none>
Body:			<none>
HTTP/1.1 200 OK
Pragma: no-cache
Cache-Control: no-cache, no-store, must-revalidate
Content-Security-Policy: default-src 'none'; script-src 'self'; connect-src 'self'; child-src 'self'; img-src 'self' data:; font-src 'self' data:; style-src 'self'
Referrer-Policy: no-referrer
Access-Control-Allow-Methods: GET,POST,OPTIONS
Access-Control-Allow-Headers: ZAP-Header
X-Frame-Options: DENY
X-XSS-Protection: 1; mode=block
X-Content-Type-Options: nosniff
X-Clacks-Overhead: GNU Terry Pratchett
content-length: 15
Content-Type: application/json; charset=UTF-8

{
    "status": "63"
}
progresso : [63%] 
Request method:	GET
Request URI:	http://localhost:8166/JSON/ascan/view/status/?scanId=0
Proxy:			<none>
Request params:	<none>
Query params:	scanId=0
Form params:	<none>
Path params:	<none>
Headers:		Accept=*/*
Cookies:		<none>
Multiparts:		<none>
Body:			<none>
HTTP/1.1 200 OK
Pragma: no-cache
Cache-Control: no-cache, no-store, must-revalidate
Content-Security-Policy: default-src 'none'; script-src 'self'; connect-src 'self'; child-src 'self'; img-src 'self' data:; font-src 'self' data:; style-src 'self'
Referrer-Policy: no-referrer
Access-Control-Allow-Methods: GET,POST,OPTIONS
Access-Control-Allow-Headers: ZAP-Header
X-Frame-Options: DENY
X-XSS-Protection: 1; mode=block
X-Content-Type-Options: nosniff
X-Clacks-Overhead: GNU Terry Pratchett
content-length: 15
Content-Type: application/json; charset=UTF-8

{
    "status": "64"
}
progresso : [64%] 
Request method:	GET
Request URI:	http://localhost:8166/JSON/ascan/view/status/?scanId=0
Proxy:			<none>
Request params:	<none>
Query params:	scanId=0
Form params:	<none>
Path params:	<none>
Headers:		Accept=*/*
Cookies:		<none>
Multiparts:		<none>
Body:			<none>
HTTP/1.1 200 OK
Pragma: no-cache
Cache-Control: no-cache, no-store, must-revalidate
Content-Security-Policy: default-src 'none'; script-src 'self'; connect-src 'self'; child-src 'self'; img-src 'self' data:; font-src 'self' data:; style-src 'self'
Referrer-Policy: no-referrer
Access-Control-Allow-Methods: GET,POST,OPTIONS
Access-Control-Allow-Headers: ZAP-Header
X-Frame-Options: DENY
X-XSS-Protection: 1; mode=block
X-Content-Type-Options: nosniff
X-Clacks-Overhead: GNU Terry Pratchett
content-length: 15
Content-Type: application/json; charset=UTF-8

{
    "status": "66"
}
progresso : [66%] 
Request method:	GET
Request URI:	http://localhost:8166/JSON/ascan/view/status/?scanId=0
Proxy:			<none>
Request params:	<none>
Query params:	scanId=0
Form params:	<none>
Path params:	<none>
Headers:		Accept=*/*
Cookies:		<none>
Multiparts:		<none>
Body:			<none>
HTTP/1.1 200 OK
Pragma: no-cache
Cache-Control: no-cache, no-store, must-revalidate
Content-Security-Policy: default-src 'none'; script-src 'self'; connect-src 'self'; child-src 'self'; img-src 'self' data:; font-src 'self' data:; style-src 'self'
Referrer-Policy: no-referrer
Access-Control-Allow-Methods: GET,POST,OPTIONS
Access-Control-Allow-Headers: ZAP-Header
X-Frame-Options: DENY
X-XSS-Protection: 1; mode=block
X-Content-Type-Options: nosniff
X-Clacks-Overhead: GNU Terry Pratchett
content-length: 15
Content-Type: application/json; charset=UTF-8

{
    "status": "68"
}
progresso : [68%] 
Request method:	GET
Request URI:	http://localhost:8166/JSON/ascan/view/status/?scanId=0
Proxy:			<none>
Request params:	<none>
Query params:	scanId=0
Form params:	<none>
Path params:	<none>
Headers:		Accept=*/*
Cookies:		<none>
Multiparts:		<none>
Body:			<none>
HTTP/1.1 200 OK
Pragma: no-cache
Cache-Control: no-cache, no-store, must-revalidate
Content-Security-Policy: default-src 'none'; script-src 'self'; connect-src 'self'; child-src 'self'; img-src 'self' data:; font-src 'self' data:; style-src 'self'
Referrer-Policy: no-referrer
Access-Control-Allow-Methods: GET,POST,OPTIONS
Access-Control-Allow-Headers: ZAP-Header
X-Frame-Options: DENY
X-XSS-Protection: 1; mode=block
X-Content-Type-Options: nosniff
X-Clacks-Overhead: GNU Terry Pratchett
content-length: 15
Content-Type: application/json; charset=UTF-8

{
    "status": "70"
}
progresso : [70%] 
Request method:	GET
Request URI:	http://localhost:8166/JSON/ascan/view/status/?scanId=0
Proxy:			<none>
Request params:	<none>
Query params:	scanId=0
Form params:	<none>
Path params:	<none>
Headers:		Accept=*/*
Cookies:		<none>
Multiparts:		<none>
Body:			<none>
HTTP/1.1 200 OK
Pragma: no-cache
Cache-Control: no-cache, no-store, must-revalidate
Content-Security-Policy: default-src 'none'; script-src 'self'; connect-src 'self'; child-src 'self'; img-src 'self' data:; font-src 'self' data:; style-src 'self'
Referrer-Policy: no-referrer
Access-Control-Allow-Methods: GET,POST,OPTIONS
Access-Control-Allow-Headers: ZAP-Header
X-Frame-Options: DENY
X-XSS-Protection: 1; mode=block
X-Content-Type-Options: nosniff
X-Clacks-Overhead: GNU Terry Pratchett
content-length: 15
Content-Type: application/json; charset=UTF-8

{
    "status": "70"
}
progresso : [70%] 
Request method:	GET
Request URI:	http://localhost:8166/JSON/ascan/view/status/?scanId=0
Proxy:			<none>
Request params:	<none>
Query params:	scanId=0
Form params:	<none>
Path params:	<none>
Headers:		Accept=*/*
Cookies:		<none>
Multiparts:		<none>
Body:			<none>
HTTP/1.1 200 OK
Pragma: no-cache
Cache-Control: no-cache, no-store, must-revalidate
Content-Security-Policy: default-src 'none'; script-src 'self'; connect-src 'self'; child-src 'self'; img-src 'self' data:; font-src 'self' data:; style-src 'self'
Referrer-Policy: no-referrer
Access-Control-Allow-Methods: GET,POST,OPTIONS
Access-Control-Allow-Headers: ZAP-Header
X-Frame-Options: DENY
X-XSS-Protection: 1; mode=block
X-Content-Type-Options: nosniff
X-Clacks-Overhead: GNU Terry Pratchett
content-length: 15
Content-Type: application/json; charset=UTF-8

{
    "status": "71"
}
progresso : [71%] 
Request method:	GET
Request URI:	http://localhost:8166/JSON/ascan/view/status/?scanId=0
Proxy:			<none>
Request params:	<none>
Query params:	scanId=0
Form params:	<none>
Path params:	<none>
Headers:		Accept=*/*
Cookies:		<none>
Multiparts:		<none>
Body:			<none>
HTTP/1.1 200 OK
Pragma: no-cache
Cache-Control: no-cache, no-store, must-revalidate
Content-Security-Policy: default-src 'none'; script-src 'self'; connect-src 'self'; child-src 'self'; img-src 'self' data:; font-src 'self' data:; style-src 'self'
Referrer-Policy: no-referrer
Access-Control-Allow-Methods: GET,POST,OPTIONS
Access-Control-Allow-Headers: ZAP-Header
X-Frame-Options: DENY
X-XSS-Protection: 1; mode=block
X-Content-Type-Options: nosniff
X-Clacks-Overhead: GNU Terry Pratchett
content-length: 15
Content-Type: application/json; charset=UTF-8

{
    "status": "72"
}
progresso : [72%] 
Request method:	GET
Request URI:	http://localhost:8166/JSON/ascan/view/status/?scanId=0
Proxy:			<none>
Request params:	<none>
Query params:	scanId=0
Form params:	<none>
Path params:	<none>
Headers:		Accept=*/*
Cookies:		<none>
Multiparts:		<none>
Body:			<none>
HTTP/1.1 200 OK
Pragma: no-cache
Cache-Control: no-cache, no-store, must-revalidate
Content-Security-Policy: default-src 'none'; script-src 'self'; connect-src 'self'; child-src 'self'; img-src 'self' data:; font-src 'self' data:; style-src 'self'
Referrer-Policy: no-referrer
Access-Control-Allow-Methods: GET,POST,OPTIONS
Access-Control-Allow-Headers: ZAP-Header
X-Frame-Options: DENY
X-XSS-Protection: 1; mode=block
X-Content-Type-Options: nosniff
X-Clacks-Overhead: GNU Terry Pratchett
content-length: 15
Content-Type: application/json; charset=UTF-8

{
    "status": "72"
}
progresso : [72%] 
Request method:	GET
Request URI:	http://localhost:8166/JSON/ascan/view/status/?scanId=0
Proxy:			<none>
Request params:	<none>
Query params:	scanId=0
Form params:	<none>
Path params:	<none>
Headers:		Accept=*/*
Cookies:		<none>
Multiparts:		<none>
Body:			<none>
HTTP/1.1 200 OK
Pragma: no-cache
Cache-Control: no-cache, no-store, must-revalidate
Content-Security-Policy: default-src 'none'; script-src 'self'; connect-src 'self'; child-src 'self'; img-src 'self' data:; font-src 'self' data:; style-src 'self'
Referrer-Policy: no-referrer
Access-Control-Allow-Methods: GET,POST,OPTIONS
Access-Control-Allow-Headers: ZAP-Header
X-Frame-Options: DENY
X-XSS-Protection: 1; mode=block
X-Content-Type-Options: nosniff
X-Clacks-Overhead: GNU Terry Pratchett
content-length: 15
Content-Type: application/json; charset=UTF-8

{
    "status": "72"
}
progresso : [72%] 
Request method:	GET
Request URI:	http://localhost:8166/JSON/ascan/view/status/?scanId=0
Proxy:			<none>
Request params:	<none>
Query params:	scanId=0
Form params:	<none>
Path params:	<none>
Headers:		Accept=*/*
Cookies:		<none>
Multiparts:		<none>
Body:			<none>
HTTP/1.1 200 OK
Pragma: no-cache
Cache-Control: no-cache, no-store, must-revalidate
Content-Security-Policy: default-src 'none'; script-src 'self'; connect-src 'self'; child-src 'self'; img-src 'self' data:; font-src 'self' data:; style-src 'self'
Referrer-Policy: no-referrer
Access-Control-Allow-Methods: GET,POST,OPTIONS
Access-Control-Allow-Headers: ZAP-Header
X-Frame-Options: DENY
X-XSS-Protection: 1; mode=block
X-Content-Type-Options: nosniff
X-Clacks-Overhead: GNU Terry Pratchett
content-length: 15
Content-Type: application/json; charset=UTF-8

{
    "status": "73"
}
progresso : [73%] 
Request method:	GET
Request URI:	http://localhost:8166/JSON/ascan/view/status/?scanId=0
Proxy:			<none>
Request params:	<none>
Query params:	scanId=0
Form params:	<none>
Path params:	<none>
Headers:		Accept=*/*
Cookies:		<none>
Multiparts:		<none>
Body:			<none>
HTTP/1.1 200 OK
Pragma: no-cache
Cache-Control: no-cache, no-store, must-revalidate
Content-Security-Policy: default-src 'none'; script-src 'self'; connect-src 'self'; child-src 'self'; img-src 'self' data:; font-src 'self' data:; style-src 'self'
Referrer-Policy: no-referrer
Access-Control-Allow-Methods: GET,POST,OPTIONS
Access-Control-Allow-Headers: ZAP-Header
X-Frame-Options: DENY
X-XSS-Protection: 1; mode=block
X-Content-Type-Options: nosniff
X-Clacks-Overhead: GNU Terry Pratchett
content-length: 15
Content-Type: application/json; charset=UTF-8

{
    "status": "74"
}
progresso : [74%] 
Request method:	GET
Request URI:	http://localhost:8166/JSON/ascan/view/status/?scanId=0
Proxy:			<none>
Request params:	<none>
Query params:	scanId=0
Form params:	<none>
Path params:	<none>
Headers:		Accept=*/*
Cookies:		<none>
Multiparts:		<none>
Body:			<none>
HTTP/1.1 200 OK
Pragma: no-cache
Cache-Control: no-cache, no-store, must-revalidate
Content-Security-Policy: default-src 'none'; script-src 'self'; connect-src 'self'; child-src 'self'; img-src 'self' data:; font-src 'self' data:; style-src 'self'
Referrer-Policy: no-referrer
Access-Control-Allow-Methods: GET,POST,OPTIONS
Access-Control-Allow-Headers: ZAP-Header
X-Frame-Options: DENY
X-XSS-Protection: 1; mode=block
X-Content-Type-Options: nosniff
X-Clacks-Overhead: GNU Terry Pratchett
content-length: 15
Content-Type: application/json; charset=UTF-8

{
    "status": "76"
}
progresso : [76%] 
Request method:	GET
Request URI:	http://localhost:8166/JSON/ascan/view/status/?scanId=0
Proxy:			<none>
Request params:	<none>
Query params:	scanId=0
Form params:	<none>
Path params:	<none>
Headers:		Accept=*/*
Cookies:		<none>
Multiparts:		<none>
Body:			<none>
HTTP/1.1 200 OK
Pragma: no-cache
Cache-Control: no-cache, no-store, must-revalidate
Content-Security-Policy: default-src 'none'; script-src 'self'; connect-src 'self'; child-src 'self'; img-src 'self' data:; font-src 'self' data:; style-src 'self'
Referrer-Policy: no-referrer
Access-Control-Allow-Methods: GET,POST,OPTIONS
Access-Control-Allow-Headers: ZAP-Header
X-Frame-Options: DENY
X-XSS-Protection: 1; mode=block
X-Content-Type-Options: nosniff
X-Clacks-Overhead: GNU Terry Pratchett
content-length: 15
Content-Type: application/json; charset=UTF-8

{
    "status": "78"
}
progresso : [78%] 
Request method:	GET
Request URI:	http://localhost:8166/JSON/ascan/view/status/?scanId=0
Proxy:			<none>
Request params:	<none>
Query params:	scanId=0
Form params:	<none>
Path params:	<none>
Headers:		Accept=*/*
Cookies:		<none>
Multiparts:		<none>
Body:			<none>
HTTP/1.1 200 OK
Pragma: no-cache
Cache-Control: no-cache, no-store, must-revalidate
Content-Security-Policy: default-src 'none'; script-src 'self'; connect-src 'self'; child-src 'self'; img-src 'self' data:; font-src 'self' data:; style-src 'self'
Referrer-Policy: no-referrer
Access-Control-Allow-Methods: GET,POST,OPTIONS
Access-Control-Allow-Headers: ZAP-Header
X-Frame-Options: DENY
X-XSS-Protection: 1; mode=block
X-Content-Type-Options: nosniff
X-Clacks-Overhead: GNU Terry Pratchett
content-length: 15
Content-Type: application/json; charset=UTF-8

{
    "status": "80"
}
progresso : [80%] 
Request method:	GET
Request URI:	http://localhost:8166/JSON/ascan/view/status/?scanId=0
Proxy:			<none>
Request params:	<none>
Query params:	scanId=0
Form params:	<none>
Path params:	<none>
Headers:		Accept=*/*
Cookies:		<none>
Multiparts:		<none>
Body:			<none>
HTTP/1.1 200 OK
Pragma: no-cache
Cache-Control: no-cache, no-store, must-revalidate
Content-Security-Policy: default-src 'none'; script-src 'self'; connect-src 'self'; child-src 'self'; img-src 'self' data:; font-src 'self' data:; style-src 'self'
Referrer-Policy: no-referrer
Access-Control-Allow-Methods: GET,POST,OPTIONS
Access-Control-Allow-Headers: ZAP-Header
X-Frame-Options: DENY
X-XSS-Protection: 1; mode=block
X-Content-Type-Options: nosniff
X-Clacks-Overhead: GNU Terry Pratchett
content-length: 15
Content-Type: application/json; charset=UTF-8

{
    "status": "83"
}
progresso : [83%] 
Request method:	GET
Request URI:	http://localhost:8166/JSON/ascan/view/status/?scanId=0
Proxy:			<none>
Request params:	<none>
Query params:	scanId=0
Form params:	<none>
Path params:	<none>
Headers:		Accept=*/*
Cookies:		<none>
Multiparts:		<none>
Body:			<none>
HTTP/1.1 200 OK
Pragma: no-cache
Cache-Control: no-cache, no-store, must-revalidate
Content-Security-Policy: default-src 'none'; script-src 'self'; connect-src 'self'; child-src 'self'; img-src 'self' data:; font-src 'self' data:; style-src 'self'
Referrer-Policy: no-referrer
Access-Control-Allow-Methods: GET,POST,OPTIONS
Access-Control-Allow-Headers: ZAP-Header
X-Frame-Options: DENY
X-XSS-Protection: 1; mode=block
X-Content-Type-Options: nosniff
X-Clacks-Overhead: GNU Terry Pratchett
content-length: 15
Content-Type: application/json; charset=UTF-8

{
    "status": "85"
}
progresso : [85%] 
Request method:	GET
Request URI:	http://localhost:8166/JSON/ascan/view/status/?scanId=0
Proxy:			<none>
Request params:	<none>
Query params:	scanId=0
Form params:	<none>
Path params:	<none>
Headers:		Accept=*/*
Cookies:		<none>
Multiparts:		<none>
Body:			<none>
HTTP/1.1 200 OK
Pragma: no-cache
Cache-Control: no-cache, no-store, must-revalidate
Content-Security-Policy: default-src 'none'; script-src 'self'; connect-src 'self'; child-src 'self'; img-src 'self' data:; font-src 'self' data:; style-src 'self'
Referrer-Policy: no-referrer
Access-Control-Allow-Methods: GET,POST,OPTIONS
Access-Control-Allow-Headers: ZAP-Header
X-Frame-Options: DENY
X-XSS-Protection: 1; mode=block
X-Content-Type-Options: nosniff
X-Clacks-Overhead: GNU Terry Pratchett
content-length: 15
Content-Type: application/json; charset=UTF-8

{
    "status": "86"
}
progresso : [86%] 
Request method:	GET
Request URI:	http://localhost:8166/JSON/ascan/view/status/?scanId=0
Proxy:			<none>
Request params:	<none>
Query params:	scanId=0
Form params:	<none>
Path params:	<none>
Headers:		Accept=*/*
Cookies:		<none>
Multiparts:		<none>
Body:			<none>
HTTP/1.1 200 OK
Pragma: no-cache
Cache-Control: no-cache, no-store, must-revalidate
Content-Security-Policy: default-src 'none'; script-src 'self'; connect-src 'self'; child-src 'self'; img-src 'self' data:; font-src 'self' data:; style-src 'self'
Referrer-Policy: no-referrer
Access-Control-Allow-Methods: GET,POST,OPTIONS
Access-Control-Allow-Headers: ZAP-Header
X-Frame-Options: DENY
X-XSS-Protection: 1; mode=block
X-Content-Type-Options: nosniff
X-Clacks-Overhead: GNU Terry Pratchett
content-length: 15
Content-Type: application/json; charset=UTF-8

{
    "status": "86"
}
progresso : [86%] 
Request method:	GET
Request URI:	http://localhost:8166/JSON/ascan/view/status/?scanId=0
Proxy:			<none>
Request params:	<none>
Query params:	scanId=0
Form params:	<none>
Path params:	<none>
Headers:		Accept=*/*
Cookies:		<none>
Multiparts:		<none>
Body:			<none>
HTTP/1.1 200 OK
Pragma: no-cache
Cache-Control: no-cache, no-store, must-revalidate
Content-Security-Policy: default-src 'none'; script-src 'self'; connect-src 'self'; child-src 'self'; img-src 'self' data:; font-src 'self' data:; style-src 'self'
Referrer-Policy: no-referrer
Access-Control-Allow-Methods: GET,POST,OPTIONS
Access-Control-Allow-Headers: ZAP-Header
X-Frame-Options: DENY
X-XSS-Protection: 1; mode=block
X-Content-Type-Options: nosniff
X-Clacks-Overhead: GNU Terry Pratchett
content-length: 15
Content-Type: application/json; charset=UTF-8

{
    "status": "86"
}
progresso : [86%] 
Request method:	GET
Request URI:	http://localhost:8166/JSON/ascan/view/status/?scanId=0
Proxy:			<none>
Request params:	<none>
Query params:	scanId=0
Form params:	<none>
Path params:	<none>
Headers:		Accept=*/*
Cookies:		<none>
Multiparts:		<none>
Body:			<none>
HTTP/1.1 200 OK
Pragma: no-cache
Cache-Control: no-cache, no-store, must-revalidate
Content-Security-Policy: default-src 'none'; script-src 'self'; connect-src 'self'; child-src 'self'; img-src 'self' data:; font-src 'self' data:; style-src 'self'
Referrer-Policy: no-referrer
Access-Control-Allow-Methods: GET,POST,OPTIONS
Access-Control-Allow-Headers: ZAP-Header
X-Frame-Options: DENY
X-XSS-Protection: 1; mode=block
X-Content-Type-Options: nosniff
X-Clacks-Overhead: GNU Terry Pratchett
content-length: 15
Content-Type: application/json; charset=UTF-8

{
    "status": "86"
}
progresso : [86%] 
Request method:	GET
Request URI:	http://localhost:8166/JSON/ascan/view/status/?scanId=0
Proxy:			<none>
Request params:	<none>
Query params:	scanId=0
Form params:	<none>
Path params:	<none>
Headers:		Accept=*/*
Cookies:		<none>
Multiparts:		<none>
Body:			<none>
HTTP/1.1 200 OK
Pragma: no-cache
Cache-Control: no-cache, no-store, must-revalidate
Content-Security-Policy: default-src 'none'; script-src 'self'; connect-src 'self'; child-src 'self'; img-src 'self' data:; font-src 'self' data:; style-src 'self'
Referrer-Policy: no-referrer
Access-Control-Allow-Methods: GET,POST,OPTIONS
Access-Control-Allow-Headers: ZAP-Header
X-Frame-Options: DENY
X-XSS-Protection: 1; mode=block
X-Content-Type-Options: nosniff
X-Clacks-Overhead: GNU Terry Pratchett
content-length: 15
Content-Type: application/json; charset=UTF-8

{
    "status": "89"
}
progresso : [89%] 
Request method:	GET
Request URI:	http://localhost:8166/JSON/ascan/view/status/?scanId=0
Proxy:			<none>
Request params:	<none>
Query params:	scanId=0
Form params:	<none>
Path params:	<none>
Headers:		Accept=*/*
Cookies:		<none>
Multiparts:		<none>
Body:			<none>
HTTP/1.1 200 OK
Pragma: no-cache
Cache-Control: no-cache, no-store, must-revalidate
Content-Security-Policy: default-src 'none'; script-src 'self'; connect-src 'self'; child-src 'self'; img-src 'self' data:; font-src 'self' data:; style-src 'self'
Referrer-Policy: no-referrer
Access-Control-Allow-Methods: GET,POST,OPTIONS
Access-Control-Allow-Headers: ZAP-Header
X-Frame-Options: DENY
X-XSS-Protection: 1; mode=block
X-Content-Type-Options: nosniff
X-Clacks-Overhead: GNU Terry Pratchett
content-length: 15
Content-Type: application/json; charset=UTF-8

{
    "status": "91"
}
progresso : [91%] 
Request method:	GET
Request URI:	http://localhost:8166/JSON/ascan/view/status/?scanId=0
Proxy:			<none>
Request params:	<none>
Query params:	scanId=0
Form params:	<none>
Path params:	<none>
Headers:		Accept=*/*
Cookies:		<none>
Multiparts:		<none>
Body:			<none>
HTTP/1.1 200 OK
Pragma: no-cache
Cache-Control: no-cache, no-store, must-revalidate
Content-Security-Policy: default-src 'none'; script-src 'self'; connect-src 'self'; child-src 'self'; img-src 'self' data:; font-src 'self' data:; style-src 'self'
Referrer-Policy: no-referrer
Access-Control-Allow-Methods: GET,POST,OPTIONS
Access-Control-Allow-Headers: ZAP-Header
X-Frame-Options: DENY
X-XSS-Protection: 1; mode=block
X-Content-Type-Options: nosniff
X-Clacks-Overhead: GNU Terry Pratchett
content-length: 15
Content-Type: application/json; charset=UTF-8

{
    "status": "92"
}
progresso : [92%] 
Request method:	GET
Request URI:	http://localhost:8166/JSON/ascan/view/status/?scanId=0
Proxy:			<none>
Request params:	<none>
Query params:	scanId=0
Form params:	<none>
Path params:	<none>
Headers:		Accept=*/*
Cookies:		<none>
Multiparts:		<none>
Body:			<none>
HTTP/1.1 200 OK
Pragma: no-cache
Cache-Control: no-cache, no-store, must-revalidate
Content-Security-Policy: default-src 'none'; script-src 'self'; connect-src 'self'; child-src 'self'; img-src 'self' data:; font-src 'self' data:; style-src 'self'
Referrer-Policy: no-referrer
Access-Control-Allow-Methods: GET,POST,OPTIONS
Access-Control-Allow-Headers: ZAP-Header
X-Frame-Options: DENY
X-XSS-Protection: 1; mode=block
X-Content-Type-Options: nosniff
X-Clacks-Overhead: GNU Terry Pratchett
content-length: 15
Content-Type: application/json; charset=UTF-8

{
    "status": "93"
}
progresso : [93%] 
Request method:	GET
Request URI:	http://localhost:8166/JSON/ascan/view/status/?scanId=0
Proxy:			<none>
Request params:	<none>
Query params:	scanId=0
Form params:	<none>
Path params:	<none>
Headers:		Accept=*/*
Cookies:		<none>
Multiparts:		<none>
Body:			<none>
HTTP/1.1 200 OK
Pragma: no-cache
Cache-Control: no-cache, no-store, must-revalidate
Content-Security-Policy: default-src 'none'; script-src 'self'; connect-src 'self'; child-src 'self'; img-src 'self' data:; font-src 'self' data:; style-src 'self'
Referrer-Policy: no-referrer
Access-Control-Allow-Methods: GET,POST,OPTIONS
Access-Control-Allow-Headers: ZAP-Header
X-Frame-Options: DENY
X-XSS-Protection: 1; mode=block
X-Content-Type-Options: nosniff
X-Clacks-Overhead: GNU Terry Pratchett
content-length: 15
Content-Type: application/json; charset=UTF-8

{
    "status": "93"
}
progresso : [93%] 
Request method:	GET
Request URI:	http://localhost:8166/JSON/ascan/view/status/?scanId=0
Proxy:			<none>
Request params:	<none>
Query params:	scanId=0
Form params:	<none>
Path params:	<none>
Headers:		Accept=*/*
Cookies:		<none>
Multiparts:		<none>
Body:			<none>
HTTP/1.1 200 OK
Pragma: no-cache
Cache-Control: no-cache, no-store, must-revalidate
Content-Security-Policy: default-src 'none'; script-src 'self'; connect-src 'self'; child-src 'self'; img-src 'self' data:; font-src 'self' data:; style-src 'self'
Referrer-Policy: no-referrer
Access-Control-Allow-Methods: GET,POST,OPTIONS
Access-Control-Allow-Headers: ZAP-Header
X-Frame-Options: DENY
X-XSS-Protection: 1; mode=block
X-Content-Type-Options: nosniff
X-Clacks-Overhead: GNU Terry Pratchett
content-length: 15
Content-Type: application/json; charset=UTF-8

{
    "status": "93"
}
progresso : [93%] 
Request method:	GET
Request URI:	http://localhost:8166/JSON/ascan/view/status/?scanId=0
Proxy:			<none>
Request params:	<none>
Query params:	scanId=0
Form params:	<none>
Path params:	<none>
Headers:		Accept=*/*
Cookies:		<none>
Multiparts:		<none>
Body:			<none>
HTTP/1.1 200 OK
Pragma: no-cache
Cache-Control: no-cache, no-store, must-revalidate
Content-Security-Policy: default-src 'none'; script-src 'self'; connect-src 'self'; child-src 'self'; img-src 'self' data:; font-src 'self' data:; style-src 'self'
Referrer-Policy: no-referrer
Access-Control-Allow-Methods: GET,POST,OPTIONS
Access-Control-Allow-Headers: ZAP-Header
X-Frame-Options: DENY
X-XSS-Protection: 1; mode=block
X-Content-Type-Options: nosniff
X-Clacks-Overhead: GNU Terry Pratchett
content-length: 15
Content-Type: application/json; charset=UTF-8

{
    "status": "93"
}
progresso : [93%] 
Request method:	GET
Request URI:	http://localhost:8166/JSON/ascan/view/status/?scanId=0
Proxy:			<none>
Request params:	<none>
Query params:	scanId=0
Form params:	<none>
Path params:	<none>
Headers:		Accept=*/*
Cookies:		<none>
Multiparts:		<none>
Body:			<none>
HTTP/1.1 200 OK
Pragma: no-cache
Cache-Control: no-cache, no-store, must-revalidate
Content-Security-Policy: default-src 'none'; script-src 'self'; connect-src 'self'; child-src 'self'; img-src 'self' data:; font-src 'self' data:; style-src 'self'
Referrer-Policy: no-referrer
Access-Control-Allow-Methods: GET,POST,OPTIONS
Access-Control-Allow-Headers: ZAP-Header
X-Frame-Options: DENY
X-XSS-Protection: 1; mode=block
X-Content-Type-Options: nosniff
X-Clacks-Overhead: GNU Terry Pratchett
content-length: 15
Content-Type: application/json; charset=UTF-8

{
    "status": "93"
}
progresso : [93%] 
Request method:	GET
Request URI:	http://localhost:8166/JSON/ascan/view/status/?scanId=0
Proxy:			<none>
Request params:	<none>
Query params:	scanId=0
Form params:	<none>
Path params:	<none>
Headers:		Accept=*/*
Cookies:		<none>
Multiparts:		<none>
Body:			<none>
HTTP/1.1 200 OK
Pragma: no-cache
Cache-Control: no-cache, no-store, must-revalidate
Content-Security-Policy: default-src 'none'; script-src 'self'; connect-src 'self'; child-src 'self'; img-src 'self' data:; font-src 'self' data:; style-src 'self'
Referrer-Policy: no-referrer
Access-Control-Allow-Methods: GET,POST,OPTIONS
Access-Control-Allow-Headers: ZAP-Header
X-Frame-Options: DENY
X-XSS-Protection: 1; mode=block
X-Content-Type-Options: nosniff
X-Clacks-Overhead: GNU Terry Pratchett
content-length: 15
Content-Type: application/json; charset=UTF-8

{
    "status": "93"
}
progresso : [93%] 
Request method:	GET
Request URI:	http://localhost:8166/JSON/ascan/view/status/?scanId=0
Proxy:			<none>
Request params:	<none>
Query params:	scanId=0
Form params:	<none>
Path params:	<none>
Headers:		Accept=*/*
Cookies:		<none>
Multiparts:		<none>
Body:			<none>
HTTP/1.1 200 OK
Pragma: no-cache
Cache-Control: no-cache, no-store, must-revalidate
Content-Security-Policy: default-src 'none'; script-src 'self'; connect-src 'self'; child-src 'self'; img-src 'self' data:; font-src 'self' data:; style-src 'self'
Referrer-Policy: no-referrer
Access-Control-Allow-Methods: GET,POST,OPTIONS
Access-Control-Allow-Headers: ZAP-Header
X-Frame-Options: DENY
X-XSS-Protection: 1; mode=block
X-Content-Type-Options: nosniff
X-Clacks-Overhead: GNU Terry Pratchett
content-length: 15
Content-Type: application/json; charset=UTF-8

{
    "status": "93"
}
progresso : [93%] 
Request method:	GET
Request URI:	http://localhost:8166/JSON/ascan/view/status/?scanId=0
Proxy:			<none>
Request params:	<none>
Query params:	scanId=0
Form params:	<none>
Path params:	<none>
Headers:		Accept=*/*
Cookies:		<none>
Multiparts:		<none>
Body:			<none>
HTTP/1.1 200 OK
Pragma: no-cache
Cache-Control: no-cache, no-store, must-revalidate
Content-Security-Policy: default-src 'none'; script-src 'self'; connect-src 'self'; child-src 'self'; img-src 'self' data:; font-src 'self' data:; style-src 'self'
Referrer-Policy: no-referrer
Access-Control-Allow-Methods: GET,POST,OPTIONS
Access-Control-Allow-Headers: ZAP-Header
X-Frame-Options: DENY
X-XSS-Protection: 1; mode=block
X-Content-Type-Options: nosniff
X-Clacks-Overhead: GNU Terry Pratchett
content-length: 15
Content-Type: application/json; charset=UTF-8

{
    "status": "96"
}
progresso : [96%] 
Request method:	GET
Request URI:	http://localhost:8166/JSON/ascan/view/status/?scanId=0
Proxy:			<none>
Request params:	<none>
Query params:	scanId=0
Form params:	<none>
Path params:	<none>
Headers:		Accept=*/*
Cookies:		<none>
Multiparts:		<none>
Body:			<none>
HTTP/1.1 200 OK
Pragma: no-cache
Cache-Control: no-cache, no-store, must-revalidate
Content-Security-Policy: default-src 'none'; script-src 'self'; connect-src 'self'; child-src 'self'; img-src 'self' data:; font-src 'self' data:; style-src 'self'
Referrer-Policy: no-referrer
Access-Control-Allow-Methods: GET,POST,OPTIONS
Access-Control-Allow-Headers: ZAP-Header
X-Frame-Options: DENY
X-XSS-Protection: 1; mode=block
X-Content-Type-Options: nosniff
X-Clacks-Overhead: GNU Terry Pratchett
content-length: 15
Content-Type: application/json; charset=UTF-8

{
    "status": "98"
}
progresso : [98%] 
Request method:	GET
Request URI:	http://localhost:8166/JSON/ascan/view/status/?scanId=0
Proxy:			<none>
Request params:	<none>
Query params:	scanId=0
Form params:	<none>
Path params:	<none>
Headers:		Accept=*/*
Cookies:		<none>
Multiparts:		<none>
Body:			<none>
HTTP/1.1 200 OK
Pragma: no-cache
Cache-Control: no-cache, no-store, must-revalidate
Content-Security-Policy: default-src 'none'; script-src 'self'; connect-src 'self'; child-src 'self'; img-src 'self' data:; font-src 'self' data:; style-src 'self'
Referrer-Policy: no-referrer
Access-Control-Allow-Methods: GET,POST,OPTIONS
Access-Control-Allow-Headers: ZAP-Header
X-Frame-Options: DENY
X-XSS-Protection: 1; mode=block
X-Content-Type-Options: nosniff
X-Clacks-Overhead: GNU Terry Pratchett
content-length: 16
Content-Type: application/json; charset=UTF-8

{
    "status": "100"
}
progresso : [100%] 
 Ya se llego al 100% !!!!
Request method:	GET
Request URI:	http://localhost:8166/HTML/ascan/view/scanProgress/?scanId=0
Proxy:			<none>
Request params:	<none>
Query params:	scanId=0
Form params:	<none>
Path params:	<none>
Headers:		Accept=*/*
Cookies:		<none>
Multiparts:		<none>
Body:			<none>
HTTP/1.1 200 OK
Pragma: no-cache
Cache-Control: no-cache, no-store, must-revalidate
Content-Security-Policy: default-src 'none'; script-src 'self'; connect-src 'self'; child-src 'self'; img-src 'self' data:; font-src 'self' data:; style-src 'self'
Referrer-Policy: no-referrer
Access-Control-Allow-Methods: GET,POST,OPTIONS
Access-Control-Allow-Headers: ZAP-Header
X-Frame-Options: DENY
X-XSS-Protection: 1; mode=block
X-Content-Type-Options: nosniff
X-Clacks-Overhead: GNU Terry Pratchett
content-length: 34182
Content-Type: text/html; charset=UTF-8

<html>
  <head/>
  <body>
    <h2>scanProgress</h2>
    <table border="1">
      <tr>
        <td colspan="1" rowspan="1">
          <table border="1">
            <tr>
              <td colspan="1" rowspan="1">
id</td>
              <td colspan="1" rowspan="1">
https://juice-shop.herokuapp.com</td>
            </tr>
          </table>
        </td>
      </tr>
      <tr>
        <td colspan="1" rowspan="1">
          <h2>HostProcess</h2>
          <table border="1">
            <tr>
              <td colspan="1" rowspan="1">
                <h2>Plugin</h2>
                <table border="1">
                  <tr>
                    <td colspan="1" rowspan="1">
                      <table border="1">
                        <tr>
                          <td colspan="1" rowspan="1">
name</td>
                          <td colspan="1" rowspan="1">
Ruta Transversal</td>
                        </tr>
                      </table>
                    </td>
                  </tr>
                  <tr>
                    <td colspan="1" rowspan="1">
                      <table border="1">
                        <tr>
                          <td colspan="1" rowspan="1">
id</td>
                          <td colspan="1" rowspan="1">
6</td>
                        </tr>
                      </table>
                    </td>
                  </tr>
                  <tr>
                    <td colspan="1" rowspan="1">
                      <table border="1">
                        <tr>
                          <td colspan="1" rowspan="1">
quality</td>
                          <td colspan="1" rowspan="1">
release</td>
                        </tr>
                      </table>
                    </td>
                  </tr>
                  <tr>
                    <td colspan="1" rowspan="1">
                      <table border="1">
                        <tr>
                          <td colspan="1" rowspan="1">
status</td>
                          <td colspan="1" rowspan="1">
Complete</td>
                        </tr>
                      </table>
                    </td>
                  </tr>
                  <tr>
                    <td colspan="1" rowspan="1">
                      <table border="1">
                        <tr>
                          <td colspan="1" rowspan="1">
timeInMs</td>
                          <td colspan="1" rowspan="1">
43722</td>
                        </tr>
                      </table>
                    </td>
                  </tr>
                  <tr>
                    <td colspan="1" rowspan="1">
                      <table border="1">
                        <tr>
                          <td colspan="1" rowspan="1">
reqCount</td>
                          <td colspan="1" rowspan="1">
360</td>
                        </tr>
                      </table>
                    </td>
                  </tr>
                  <tr>
                    <td colspan="1" rowspan="1">
                      <table border="1">
                        <tr>
                          <td colspan="1" rowspan="1">
alertCount</td>
                          <td colspan="1" rowspan="1">
0</td>
                        </tr>
                      </table>
                    </td>
                  </tr>
                </table>
              </td>
            </tr>
            <tr>
              <td colspan="1" rowspan="1">
                <h2>Plugin</h2>
                <table border="1">
                  <tr>
                    <td colspan="1" rowspan="1">
                      <table border="1">
                        <tr>
                          <td colspan="1" rowspan="1">
name</td>
                          <td colspan="1" rowspan="1">
Inclusión Remota de Archivos</td>
                        </tr>
                      </table>
                    </td>
                  </tr>
                  <tr>
                    <td colspan="1" rowspan="1">
                      <table border="1">
                        <tr>
                          <td colspan="1" rowspan="1">
id</td>
                          <td colspan="1" rowspan="1">
7</td>
                        </tr>
                      </table>
                    </td>
                  </tr>
                  <tr>
                    <td colspan="1" rowspan="1">
                      <table border="1">
                        <tr>
                          <td colspan="1" rowspan="1">
quality</td>
                          <td colspan="1" rowspan="1">
release</td>
                        </tr>
                      </table>
                    </td>
                  </tr>
                  <tr>
                    <td colspan="1" rowspan="1">
                      <table border="1">
                        <tr>
                          <td colspan="1" rowspan="1">
status</td>
                          <td colspan="1" rowspan="1">
Complete</td>
                        </tr>
                      </table>
                    </td>
                  </tr>
                  <tr>
                    <td colspan="1" rowspan="1">
                      <table border="1">
                        <tr>
                          <td colspan="1" rowspan="1">
timeInMs</td>
                          <td colspan="1" rowspan="1">
32737</td>
                        </tr>
                      </table>
                    </td>
                  </tr>
                  <tr>
                    <td colspan="1" rowspan="1">
                      <table border="1">
                        <tr>
                          <td colspan="1" rowspan="1">
reqCount</td>
                          <td colspan="1" rowspan="1">
240</td>
                        </tr>
                      </table>
                    </td>
                  </tr>
                  <tr>
                    <td colspan="1" rowspan="1">
                      <table border="1">
                        <tr>
                          <td colspan="1" rowspan="1">
alertCount</td>
                          <td colspan="1" rowspan="1">
0</td>
                        </tr>
                      </table>
                    </td>
                  </tr>
                </table>
              </td>
            </tr>
            <tr>
              <td colspan="1" rowspan="1">
                <h2>Plugin</h2>
                <table border="1">
                  <tr>
                    <td colspan="1" rowspan="1">
                      <table border="1">
                        <tr>
                          <td colspan="1" rowspan="1">
name</td>
                          <td colspan="1" rowspan="1">
Divulgación del Código Fuente - / carpeta WEB-INF</td>
                        </tr>
                      </table>
                    </td>
                  </tr>
                  <tr>
                    <td colspan="1" rowspan="1">
                      <table border="1">
                        <tr>
                          <td colspan="1" rowspan="1">
id</td>
                          <td colspan="1" rowspan="1">
10045</td>
                        </tr>
                      </table>
                    </td>
                  </tr>
                  <tr>
                    <td colspan="1" rowspan="1">
                      <table border="1">
                        <tr>
                          <td colspan="1" rowspan="1">
quality</td>
                          <td colspan="1" rowspan="1">
release</td>
                        </tr>
                      </table>
                    </td>
                  </tr>
                  <tr>
                    <td colspan="1" rowspan="1">
                      <table border="1">
                        <tr>
                          <td colspan="1" rowspan="1">
status</td>
                          <td colspan="1" rowspan="1">
Complete</td>
                        </tr>
                      </table>
                    </td>
                  </tr>
                  <tr>
                    <td colspan="1" rowspan="1">
                      <table border="1">
                        <tr>
                          <td colspan="1" rowspan="1">
timeInMs</td>
                          <td colspan="1" rowspan="1">
4421</td>
                        </tr>
                      </table>
                    </td>
                  </tr>
                  <tr>
                    <td colspan="1" rowspan="1">
                      <table border="1">
                        <tr>
                          <td colspan="1" rowspan="1">
reqCount</td>
                          <td colspan="1" rowspan="1">
19</td>
                        </tr>
                      </table>
                    </td>
                  </tr>
                  <tr>
                    <td colspan="1" rowspan="1">
                      <table border="1">
                        <tr>
                          <td colspan="1" rowspan="1">
alertCount</td>
                          <td colspan="1" rowspan="1">
0</td>
                        </tr>
                      </table>
                    </td>
                  </tr>
                </table>
              </td>
            </tr>
            <tr>
              <td colspan="1" rowspan="1">
                <h2>Plugin</h2>
                <table border="1">
                  <tr>
                    <td colspan="1" rowspan="1">
                      <table border="1">
                        <tr>
                          <td colspan="1" rowspan="1">
name</td>
                          <td colspan="1" rowspan="1">
Vulnerabilidades de OpenSSL HeartBleed</td>
                        </tr>
                      </table>
                    </td>
                  </tr>
                  <tr>
                    <td colspan="1" rowspan="1">
                      <table border="1">
                        <tr>
                          <td colspan="1" rowspan="1">
id</td>
                          <td colspan="1" rowspan="1">
20015</td>
                        </tr>
                      </table>
                    </td>
                  </tr>
                  <tr>
                    <td colspan="1" rowspan="1">
                      <table border="1">
                        <tr>
                          <td colspan="1" rowspan="1">
quality</td>
                          <td colspan="1" rowspan="1">
release</td>
                        </tr>
                      </table>
                    </td>
                  </tr>
                  <tr>
                    <td colspan="1" rowspan="1">
                      <table border="1">
                        <tr>
                          <td colspan="1" rowspan="1">
status</td>
                          <td colspan="1" rowspan="1">
Complete</td>
                        </tr>
                      </table>
                    </td>
                  </tr>
                  <tr>
                    <td colspan="1" rowspan="1">
                      <table border="1">
                        <tr>
                          <td colspan="1" rowspan="1">
timeInMs</td>
                          <td colspan="1" rowspan="1">
5097</td>
                        </tr>
                      </table>
                    </td>
                  </tr>
                  <tr>
                    <td colspan="1" rowspan="1">
                      <table border="1">
                        <tr>
                          <td colspan="1" rowspan="1">
reqCount</td>
                          <td colspan="1" rowspan="1">
4</td>
                        </tr>
                      </table>
                    </td>
                  </tr>
                  <tr>
                    <td colspan="1" rowspan="1">
                      <table border="1">
                        <tr>
                          <td colspan="1" rowspan="1">
alertCount</td>
                          <td colspan="1" rowspan="1">
0</td>
                        </tr>
                      </table>
                    </td>
                  </tr>
                </table>
              </td>
            </tr>
            <tr>
              <td colspan="1" rowspan="1">
                <h2>Plugin</h2>
                <table border="1">
                  <tr>
                    <td colspan="1" rowspan="1">
                      <table border="1">
                        <tr>
                          <td colspan="1" rowspan="1">
name</td>
                          <td colspan="1" rowspan="1">
Divulgación del Código Fuente - CVE-2012-1823</td>
                        </tr>
                      </table>
                    </td>
                  </tr>
                  <tr>
                    <td colspan="1" rowspan="1">
                      <table border="1">
                        <tr>
                          <td colspan="1" rowspan="1">
id</td>
                          <td colspan="1" rowspan="1">
20017</td>
                        </tr>
                      </table>
                    </td>
                  </tr>
                  <tr>
                    <td colspan="1" rowspan="1">
                      <table border="1">
                        <tr>
                          <td colspan="1" rowspan="1">
quality</td>
                          <td colspan="1" rowspan="1">
release</td>
                        </tr>
                      </table>
                    </td>
                  </tr>
                  <tr>
                    <td colspan="1" rowspan="1">
                      <table border="1">
                        <tr>
                          <td colspan="1" rowspan="1">
status</td>
                          <td colspan="1" rowspan="1">
Complete</td>
                        </tr>
                      </table>
                    </td>
                  </tr>
                  <tr>
                    <td colspan="1" rowspan="1">
                      <table border="1">
                        <tr>
                          <td colspan="1" rowspan="1">
timeInMs</td>
                          <td colspan="1" rowspan="1">
7623</td>
                        </tr>
                      </table>
                    </td>
                  </tr>
                  <tr>
                    <td colspan="1" rowspan="1">
                      <table border="1">
                        <tr>
                          <td colspan="1" rowspan="1">
reqCount</td>
                          <td colspan="1" rowspan="1">
20</td>
                        </tr>
                      </table>
                    </td>
                  </tr>
                  <tr>
                    <td colspan="1" rowspan="1">
                      <table border="1">
                        <tr>
                          <td colspan="1" rowspan="1">
alertCount</td>
                          <td colspan="1" rowspan="1">
0</td>
                        </tr>
                      </table>
                    </td>
                  </tr>
                </table>
              </td>
            </tr>
            <tr>
              <td colspan="1" rowspan="1">
                <h2>Plugin</h2>
                <table border="1">
                  <tr>
                    <td colspan="1" rowspan="1">
                      <table border="1">
                        <tr>
                          <td colspan="1" rowspan="1">
name</td>
                          <td colspan="1" rowspan="1">
Ejecución Remota de Código - CVE-2012-1823</td>
                        </tr>
                      </table>
                    </td>
                  </tr>
                  <tr>
                    <td colspan="1" rowspan="1">
                      <table border="1">
                        <tr>
                          <td colspan="1" rowspan="1">
id</td>
                          <td colspan="1" rowspan="1">
20018</td>
                        </tr>
                      </table>
                    </td>
                  </tr>
                  <tr>
                    <td colspan="1" rowspan="1">
                      <table border="1">
                        <tr>
                          <td colspan="1" rowspan="1">
quality</td>
                          <td colspan="1" rowspan="1">
release</td>
                        </tr>
                      </table>
                    </td>
                  </tr>
                  <tr>
                    <td colspan="1" rowspan="1">
                      <table border="1">
                        <tr>
                          <td colspan="1" rowspan="1">
status</td>
                          <td colspan="1" rowspan="1">
Complete</td>
                        </tr>
                      </table>
                    </td>
                  </tr>
                  <tr>
                    <td colspan="1" rowspan="1">
                      <table border="1">
                        <tr>
                          <td colspan="1" rowspan="1">
timeInMs</td>
                          <td colspan="1" rowspan="1">
6866</td>
                        </tr>
                      </table>
                    </td>
                  </tr>
                  <tr>
                    <td colspan="1" rowspan="1">
                      <table border="1">
                        <tr>
                          <td colspan="1" rowspan="1">
reqCount</td>
                          <td colspan="1" rowspan="1">
98</td>
                        </tr>
                      </table>
                    </td>
                  </tr>
                  <tr>
                    <td colspan="1" rowspan="1">
                      <table border="1">
                        <tr>
                          <td colspan="1" rowspan="1">
alertCount</td>
                          <td colspan="1" rowspan="1">
0</td>
                        </tr>
                      </table>
                    </td>
                  </tr>
                </table>
              </td>
            </tr>
            <tr>
              <td colspan="1" rowspan="1">
                <h2>Plugin</h2>
                <table border="1">
                  <tr>
                    <td colspan="1" rowspan="1">
                      <table border="1">
                        <tr>
                          <td colspan="1" rowspan="1">
name</td>
                          <td colspan="1" rowspan="1">
Redirección Externa</td>
                        </tr>
                      </table>
                    </td>
                  </tr>
                  <tr>
                    <td colspan="1" rowspan="1">
                      <table border="1">
                        <tr>
                          <td colspan="1" rowspan="1">
id</td>
                          <td colspan="1" rowspan="1">
20019</td>
                        </tr>
                      </table>
                    </td>
                  </tr>
                  <tr>
                    <td colspan="1" rowspan="1">
                      <table border="1">
                        <tr>
                          <td colspan="1" rowspan="1">
quality</td>
                          <td colspan="1" rowspan="1">
release</td>
                        </tr>
                      </table>
                    </td>
                  </tr>
                  <tr>
                    <td colspan="1" rowspan="1">
                      <table border="1">
                        <tr>
                          <td colspan="1" rowspan="1">
status</td>
                          <td colspan="1" rowspan="1">
Complete</td>
                        </tr>
                      </table>
                    </td>
                  </tr>
                  <tr>
                    <td colspan="1" rowspan="1">
                      <table border="1">
                        <tr>
                          <td colspan="1" rowspan="1">
timeInMs</td>
                          <td colspan="1" rowspan="1">
29331</td>
                        </tr>
                      </table>
                    </td>
                  </tr>
                  <tr>
                    <td colspan="1" rowspan="1">
                      <table border="1">
                        <tr>
                          <td colspan="1" rowspan="1">
reqCount</td>
                          <td colspan="1" rowspan="1">
216</td>
                        </tr>
                      </table>
                    </td>
                  </tr>
                  <tr>
                    <td colspan="1" rowspan="1">
                      <table border="1">
                        <tr>
                          <td colspan="1" rowspan="1">
alertCount</td>
                          <td colspan="1" rowspan="1">
0</td>
                        </tr>
                      </table>
                    </td>
                  </tr>
                </table>
              </td>
            </tr>
            <tr>
              <td colspan="1" rowspan="1">
                <h2>Plugin</h2>
                <table border="1">
                  <tr>
                    <td colspan="1" rowspan="1">
                      <table border="1">
                        <tr>
                          <td colspan="1" rowspan="1">
name</td>
                          <td colspan="1" rowspan="1">
Server Side Include</td>
                        </tr>
                      </table>
                    </td>
                  </tr>
                  <tr>
                    <td colspan="1" rowspan="1">
                      <table border="1">
                        <tr>
                          <td colspan="1" rowspan="1">
id</td>
                          <td colspan="1" rowspan="1">
40009</td>
                        </tr>
                      </table>
                    </td>
                  </tr>
                  <tr>
                    <td colspan="1" rowspan="1">
                      <table border="1">
                        <tr>
                          <td colspan="1" rowspan="1">
quality</td>
                          <td colspan="1" rowspan="1">
release</td>
                        </tr>
                      </table>
                    </td>
                  </tr>
                  <tr>
                    <td colspan="1" rowspan="1">
                      <table border="1">
                        <tr>
                          <td colspan="1" rowspan="1">
status</td>
                          <td colspan="1" rowspan="1">
Complete</td>
                        </tr>
                      </table>
                    </td>
                  </tr>
                  <tr>
                    <td colspan="1" rowspan="1">
                      <table border="1">
                        <tr>
                          <td colspan="1" rowspan="1">
timeInMs</td>
                          <td colspan="1" rowspan="1">
15671</td>
                        </tr>
                      </table>
                    </td>
                  </tr>
                  <tr>
                    <td colspan="1" rowspan="1">
                      <table border="1">
                        <tr>
                          <td colspan="1" rowspan="1">
reqCount</td>
                          <td colspan="1" rowspan="1">
96</td>
                        </tr>
                      </table>
                    </td>
                  </tr>
                  <tr>
                    <td colspan="1" rowspan="1">
                      <table border="1">
                        <tr>
                          <td colspan="1" rowspan="1">
alertCount</td>
                          <td colspan="1" rowspan="1">
0</td>
                        </tr>
                      </table>
                    </td>
                  </tr>
                </table>
              </td>
            </tr>
            <tr>
              <td colspan="1" rowspan="1">
                <h2>Plugin</h2>
                <table border="1">
                  <tr>
                    <td colspan="1" rowspan="1">
                      <table border="1">
                        <tr>
                          <td colspan="1" rowspan="1">
name</td>
                          <td colspan="1" rowspan="1">
Cross Site Scripting (Reflected)</td>
                        </tr>
                      </table>
                    </td>
                  </tr>
                  <tr>
                    <td colspan="1" rowspan="1">
                      <table border="1">
                        <tr>
                          <td colspan="1" rowspan="1">
id</td>
                          <td colspan="1" rowspan="1">
40012</td>
                        </tr>
                      </table>
                    </td>
                  </tr>
                  <tr>
                    <td colspan="1" rowspan="1">
                      <table border="1">
                        <tr>
                          <td colspan="1" rowspan="1">
quality</td>
                          <td colspan="1" rowspan="1">
release</td>
                        </tr>
                      </table>
                    </td>
                  </tr>
                  <tr>
                    <td colspan="1" rowspan="1">
                      <table border="1">
                        <tr>
                          <td colspan="1" rowspan="1">
status</td>
                          <td colspan="1" rowspan="1">
Complete</td>
                        </tr>
                      </table>
                    </td>
                  </tr>
                  <tr>
                    <td colspan="1" rowspan="1">
                      <table border="1">
                        <tr>
                          <td colspan="1" rowspan="1">
timeInMs</td>
                          <td colspan="1" rowspan="1">
18690</td>
                        </tr>
                      </table>
                    </td>
                  </tr>
                  <tr>
                    <td colspan="1" rowspan="1">
                      <table border="1">
                        <tr>
                          <td colspan="1" rowspan="1">
reqCount</td>
                          <td colspan="1" rowspan="1">
123</td>
                        </tr>
                      </table>
                    </td>
                  </tr>
                  <tr>
                    <td colspan="1" rowspan="1">
                      <table border="1">
                        <tr>
                          <td colspan="1" rowspan="1">
alertCount</td>
                          <td colspan="1" rowspan="1">
0</td>
                        </tr>
                      </table>
                    </td>
                  </tr>
                </table>
              </td>
            </tr>
            <tr>
              <td colspan="1" rowspan="1">
                <h2>Plugin</h2>
                <table border="1">
                  <tr>
                    <td colspan="1" rowspan="1">
                      <table border="1">
                        <tr>
                          <td colspan="1" rowspan="1">
name</td>
                          <td colspan="1" rowspan="1">
Cross Site Scripting (Persistente) - Prime</td>
                        </tr>
                      </table>
                    </td>
                  </tr>
                  <tr>
                    <td colspan="1" rowspan="1">
                      <table border="1">
                        <tr>
                          <td colspan="1" rowspan="1">
id</td>
                          <td colspan="1" rowspan="1">
40016</td>
                        </tr>
                      </table>
                    </td>
                  </tr>
                  <tr>
                    <td colspan="1" rowspan="1">
                      <table border="1">
                        <tr>
                          <td colspan="1" rowspan="1">
quality</td>
                          <td colspan="1" rowspan="1">
release</td>
                        </tr>
                      </table>
                    </td>
                  </tr>
                  <tr>
                    <td colspan="1" rowspan="1">
                      <table border="1">
                        <tr>
                          <td colspan="1" rowspan="1">
status</td>
                          <td colspan="1" rowspan="1">
Complete</td>
                        </tr>
                      </table>
                    </td>
                  </tr>
                  <tr>
                    <td colspan="1" rowspan="1">
                      <table border="1">
                        <tr>
                          <td colspan="1" rowspan="1">
timeInMs</td>
                          <td colspan="1" rowspan="1">
6812</td>
                        </tr>
                      </table>
                    </td>
                  </tr>
                  <tr>
                    <td colspan="1" rowspan="1">
                      <table border="1">
                        <tr>
                          <td colspan="1" rowspan="1">
reqCount</td>
                          <td colspan="1" rowspan="1">
24</td>
                        </tr>
                      </table>
                    </td>
                  </tr>
                  <tr>
                    <td colspan="1" rowspan="1">
                      <table border="1">
                        <tr>
                          <td colspan="1" rowspan="1">
alertCount</td>
                          <td colspan="1" rowspan="1">
0</td>
                        </tr>
                      </table>
                    </td>
                  </tr>
                </table>
              </td>
            </tr>
            <tr>
              <td colspan="1" rowspan="1">
                <h2>Plugin</h2>
                <table border="1">
                  <tr>
                    <td colspan="1" rowspan="1">
                      <table border="1">
                        <tr>
                          <td colspan="1" rowspan="1">
name</td>
                          <td colspan="1" rowspan="1">
Cross Site Scripting (Persistente) - Spider</td>
                        </tr>
                      </table>
                    </td>
                  </tr>
                  <tr>
                    <td colspan="1" rowspan="1">
                      <table border="1">
                        <tr>
                          <td colspan="1" rowspan="1">
id</td>
                          <td colspan="1" rowspan="1">
40017</td>
                        </tr>
                      </table>
                    </td>
                  </tr>
                  <tr>
                    <td colspan="1" rowspan="1">
                      <table border="1">
                        <tr>
                          <td colspan="1" rowspan="1">
quality</td>
                          <td colspan="1" rowspan="1">
release</td>
                        </tr>
                      </table>
                    </td>
                  </tr>
                  <tr>
                    <td colspan="1" rowspan="1">
                      <table border="1">
                        <tr>
                          <td colspan="1" rowspan="1">
status</td>
                          <td colspan="1" rowspan="1">
Complete</td>
                        </tr>
                      </table>
                    </td>
                  </tr>
                  <tr>
                    <td colspan="1" rowspan="1">
                      <table border="1">
                        <tr>
                          <td colspan="1" rowspan="1">
timeInMs</td>
                          <td colspan="1" rowspan="1">
7566</td>
                        </tr>
                      </table>
                    </td>
                  </tr>
                  <tr>
                    <td colspan="1" rowspan="1">
                      <table border="1">
                        <tr>
                          <td colspan="1" rowspan="1">
reqCount</td>
                          <td colspan="1" rowspan="1">
49</td>
                        </tr>
                      </table>
                    </td>
                  </tr>
                  <tr>
                    <td colspan="1" rowspan="1">
                      <table border="1">
                        <tr>
                          <td colspan="1" rowspan="1">
alertCount</td>
                          <td colspan="1" rowspan="1">
0</td>
                        </tr>
                      </table>
                    </td>
                  </tr>
                </table>
              </td>
            </tr>
            <tr>
              <td colspan="1" rowspan="1">
                <h2>Plugin</h2>
                <table border="1">
                  <tr>
                    <td colspan="1" rowspan="1">
                      <table border="1">
                        <tr>
                          <td colspan="1" rowspan="1">
name</td>
                          <td colspan="1" rowspan="1">
Cross Site Scripting XSS (Persistente)</td>
                        </tr>
                      </table>
                    </td>
                  </tr>
                  <tr>
                    <td colspan="1" rowspan="1">
                      <table border="1">
                        <tr>
                          <td colspan="1" rowspan="1">
id</td>
                          <td colspan="1" rowspan="1">
40014</td>
                        </tr>
                      </table>
                    </td>
                  </tr>
                  <tr>
                    <td colspan="1" rowspan="1">
                      <table border="1">
                        <tr>
                          <td colspan="1" rowspan="1">
quality</td>
                          <td colspan="1" rowspan="1">
release</td>
                        </tr>
                      </table>
                    </td>
                  </tr>
                  <tr>
                    <td colspan="1" rowspan="1">
                      <table border="1">
                        <tr>
                          <td colspan="1" rowspan="1">
status</td>
                          <td colspan="1" rowspan="1">
Complete</td>
                        </tr>
                      </table>
                    </td>
                  </tr>
                  <tr>
                    <td colspan="1" rowspan="1">
                      <table border="1">
                        <tr>
                          <td colspan="1" rowspan="1">
timeInMs</td>
                          <td colspan="1" rowspan="1">
3556</td>
                        </tr>
                      </table>
                    </td>
                  </tr>
                  <tr>
                    <td colspan="1" rowspan="1">
                      <table border="1">
                        <tr>
                          <td colspan="1" rowspan="1">
reqCount</td>
                          <td colspan="1" rowspan="1">
0</td>
                        </tr>
                      </table>
                    </td>
                  </tr>
                  <tr>
                    <td colspan="1" rowspan="1">
                      <table border="1">
                        <tr>
                          <td colspan="1" rowspan="1">
alertCount</td>
                          <td colspan="1" rowspan="1">
0</td>
                        </tr>
                      </table>
                    </td>
                  </tr>
                </table>
              </td>
            </tr>
            <tr>
              <td colspan="1" rowspan="1">
                <h2>Plugin</h2>
                <table border="1">
                  <tr>
                    <td colspan="1" rowspan="1">
                      <table border="1">
                        <tr>
                          <td colspan="1" rowspan="1">
name</td>
                          <td colspan="1" rowspan="1">
Inyección SQL</td>
                        </tr>
                      </table>
                    </td>
                  </tr>
                  <tr>
                    <td colspan="1" rowspan="1">
                      <table border="1">
                        <tr>
                          <td colspan="1" rowspan="1">
id</td>
                          <td colspan="1" rowspan="1">
40018</td>
                        </tr>
                      </table>
                    </td>
                  </tr>
                  <tr>
                    <td colspan="1" rowspan="1">
                      <table border="1">
                        <tr>
                          <td colspan="1" rowspan="1">
quality</td>
                          <td colspan="1" rowspan="1">
release</td>
                        </tr>
                      </table>
                    </td>
                  </tr>
                  <tr>
                    <td colspan="1" rowspan="1">
                      <table border="1">
                        <tr>
                          <td colspan="1" rowspan="1">
status</td>
                          <td colspan="1" rowspan="1">
Complete</td>
                        </tr>
                      </table>
                    </td>
                  </tr>
                  <tr>
                    <td colspan="1" rowspan="1">
                      <table border="1">
                        <tr>
                          <td colspan="1" rowspan="1">
timeInMs</td>
                          <td colspan="1" rowspan="1">
69681</td>
                        </tr>
                      </table>
                    </td>
                  </tr>
                  <tr>
                    <td colspan="1" rowspan="1">
                      <table border="1">
                        <tr>
                          <td colspan="1" rowspan="1">
reqCount</td>
                          <td colspan="1" rowspan="1">
594</td>
                        </tr>
                      </table>
                    </td>
                  </tr>
                  <tr>
                    <td colspan="1" rowspan="1">
                      <table border="1">
                        <tr>
                          <td colspan="1" rowspan="1">
alertCount</td>
                          <td colspan="1" rowspan="1">
1</td>
                        </tr>
                      </table>
                    </td>
                  </tr>
                </table>
              </td>
            </tr>
            <tr>
              <td colspan="1" rowspan="1">
                <h2>Plugin</h2>
                <table border="1">
                  <tr>
                    <td colspan="1" rowspan="1">
                      <table border="1">
                        <tr>
                          <td colspan="1" rowspan="1">
name</td>
                          <td colspan="1" rowspan="1">
Inyección SQL - MySQL</td>
                        </tr>
                      </table>
                    </td>
                  </tr>
                  <tr>
                    <td colspan="1" rowspan="1">
                      <table border="1">
                        <tr>
                          <td colspan="1" rowspan="1">
id</td>
                          <td colspan="1" rowspan="1">
40019</td>
                        </tr>
                      </table>
                    </td>
                  </tr>
                  <tr>
                    <td colspan="1" rowspan="1">
                      <table border="1">
                        <tr>
                          <td colspan="1" rowspan="1">
quality</td>
                          <td colspan="1" rowspan="1">
release</td>
                        </tr>
                      </table>
                    </td>
                  </tr>
                  <tr>
                    <td colspan="1" rowspan="1">
                      <table border="1">
                        <tr>
                          <td colspan="1" rowspan="1">
status</td>
                          <td colspan="1" rowspan="1">
Complete</td>
                        </tr>
                      </table>
                    </td>
                  </tr>
                  <tr>
                    <td colspan="1" rowspan="1">
                      <table border="1">
                        <tr>
                          <td colspan="1" rowspan="1">
timeInMs</td>
                          <td colspan="1" rowspan="1">
23471</td>
                        </tr>
                      </table>
                    </td>
                  </tr>
                  <tr>
                    <td colspan="1" rowspan="1">
                      <table border="1">
                        <tr>
                          <td colspan="1" rowspan="1">
reqCount</td>
                          <td colspan="1" rowspan="1">
168</td>
                        </tr>
                      </table>
                    </td>
                  </tr>
                  <tr>
                    <td colspan="1" rowspan="1">
                      <table border="1">
                        <tr>
                          <td colspan="1" rowspan="1">
alertCount</td>
                          <td colspan="1" rowspan="1">
0</td>
                        </tr>
                      </table>
                    </td>
                  </tr>
                </table>
              </td>
            </tr>
            <tr>
              <td colspan="1" rowspan="1">
                <h2>Plugin</h2>
                <table border="1">
                  <tr>
                    <td colspan="1" rowspan="1">
                      <table border="1">
                        <tr>
                          <td colspan="1" rowspan="1">
name</td>
                          <td colspan="1" rowspan="1">
Inyección SQL - SQL Hipersónico</td>
                        </tr>
                      </table>
                    </td>
                  </tr>
                  <tr>
                    <td colspan="1" rowspan="1">
                      <table border="1">
                        <tr>
                          <td colspan="1" rowspan="1">
id</td>
                          <td colspan="1" rowspan="1">
40020</td>
                        </tr>
                      </table>
                    </td>
                  </tr>
                  <tr>
                    <td colspan="1" rowspan="1">
                      <table border="1">
                        <tr>
                          <td colspan="1" rowspan="1">
quality</td>
                          <td colspan="1" rowspan="1">
release</td>
                        </tr>
                      </table>
                    </td>
                  </tr>
                  <tr>
                    <td colspan="1" rowspan="1">
                      <table border="1">
                        <tr>
                          <td colspan="1" rowspan="1">
status</td>
                          <td colspan="1" rowspan="1">
Complete</td>
                        </tr>
                      </table>
                    </td>
                  </tr>
                  <tr>
                    <td colspan="1" rowspan="1">
                      <table border="1">
                        <tr>
                          <td colspan="1" rowspan="1">
timeInMs</td>
                          <td colspan="1" rowspan="1">
18415</td>
                        </tr>
                      </table>
                    </td>
                  </tr>
                  <tr>
                    <td colspan="1" rowspan="1">
                      <table border="1">
                        <tr>
                          <td colspan="1" rowspan="1">
reqCount</td>
                          <td colspan="1" rowspan="1">
144</td>
                        </tr>
                      </table>
                    </td>
                  </tr>
                  <tr>
                    <td colspan="1" rowspan="1">
                      <table border="1">
                        <tr>
                          <td colspan="1" rowspan="1">
alertCount</td>
                          <td colspan="1" rowspan="1">
0</td>
                        </tr>
                      </table>
                    </td>
                  </tr>
                </table>
              </td>
            </tr>
            <tr>
              <td colspan="1" rowspan="1">
                <h2>Plugin</h2>
                <table border="1">
                  <tr>
                    <td colspan="1" rowspan="1">
                      <table border="1">
                        <tr>
                          <td colspan="1" rowspan="1">
name</td>
                          <td colspan="1" rowspan="1">
Inyección SQL - Oracle</td>
                        </tr>
                      </table>
                    </td>
                  </tr>
                  <tr>
                    <td colspan="1" rowspan="1">
                      <table border="1">
                        <tr>
                          <td colspan="1" rowspan="1">
id</td>
                          <td colspan="1" rowspan="1">
40021</td>
                        </tr>
                      </table>
                    </td>
                  </tr>
                  <tr>
                    <td colspan="1" rowspan="1">
                      <table border="1">
                        <tr>
                          <td colspan="1" rowspan="1">
quality</td>
                          <td colspan="1" rowspan="1">
release</td>
                        </tr>
                      </table>
                    </td>
                  </tr>
                  <tr>
                    <td colspan="1" rowspan="1">
                      <table border="1">
                        <tr>
                          <td colspan="1" rowspan="1">
status</td>
                          <td colspan="1" rowspan="1">
Complete</td>
                        </tr>
                      </table>
                    </td>
                  </tr>
                  <tr>
                    <td colspan="1" rowspan="1">
                      <table border="1">
                        <tr>
                          <td colspan="1" rowspan="1">
timeInMs</td>
                          <td colspan="1" rowspan="1">
19788</td>
                        </tr>
                      </table>
                    </td>
                  </tr>
                  <tr>
                    <td colspan="1" rowspan="1">
                      <table border="1">
                        <tr>
                          <td colspan="1" rowspan="1">
reqCount</td>
                          <td colspan="1" rowspan="1">
144</td>
                        </tr>
                      </table>
                    </td>
                  </tr>
                  <tr>
                    <td colspan="1" rowspan="1">
                      <table border="1">
                        <tr>
                          <td colspan="1" rowspan="1">
alertCount</td>
                          <td colspan="1" rowspan="1">
0</td>
                        </tr>
                      </table>
                    </td>
                  </tr>
                </table>
              </td>
            </tr>
            <tr>
              <td colspan="1" rowspan="1">
                <h2>Plugin</h2>
                <table border="1">
                  <tr>
                    <td colspan="1" rowspan="1">
                      <table border="1">
                        <tr>
                          <td colspan="1" rowspan="1">
name</td>
                          <td colspan="1" rowspan="1">
Inyección SQL - PostgreSQL</td>
                        </tr>
                      </table>
                    </td>
                  </tr>
                  <tr>
                    <td colspan="1" rowspan="1">
                      <table border="1">
                        <tr>
                          <td colspan="1" rowspan="1">
id</td>
                          <td colspan="1" rowspan="1">
40022</td>
                        </tr>
                      </table>
                    </td>
                  </tr>
                  <tr>
                    <td colspan="1" rowspan="1">
                      <table border="1">
                        <tr>
                          <td colspan="1" rowspan="1">
quality</td>
                          <td colspan="1" rowspan="1">
release</td>
                        </tr>
                      </table>
                    </td>
                  </tr>
                  <tr>
                    <td colspan="1" rowspan="1">
                      <table border="1">
                        <tr>
                          <td colspan="1" rowspan="1">
status</td>
                          <td colspan="1" rowspan="1">
Complete</td>
                        </tr>
                      </table>
                    </td>
                  </tr>
                  <tr>
                    <td colspan="1" rowspan="1">
                      <table border="1">
                        <tr>
                          <td colspan="1" rowspan="1">
timeInMs</td>
                          <td colspan="1" rowspan="1">
20974</td>
                        </tr>
                      </table>
                    </td>
                  </tr>
                  <tr>
                    <td colspan="1" rowspan="1">
                      <table border="1">
                        <tr>
                          <td colspan="1" rowspan="1">
reqCount</td>
                          <td colspan="1" rowspan="1">
144</td>
                        </tr>
                      </table>
                    </td>
                  </tr>
                  <tr>
                    <td colspan="1" rowspan="1">
                      <table border="1">
                        <tr>
                          <td colspan="1" rowspan="1">
alertCount</td>
                          <td colspan="1" rowspan="1">
0</td>
                        </tr>
                      </table>
                    </td>
                  </tr>
                </table>
              </td>
            </tr>
            <tr>
              <td colspan="1" rowspan="1">
                <h2>Plugin</h2>
                <table border="1">
                  <tr>
                    <td colspan="1" rowspan="1">
                      <table border="1">
                        <tr>
                          <td colspan="1" rowspan="1">
name</td>
                          <td colspan="1" rowspan="1">
Inyección SQL - SQLite</td>
                        </tr>
                      </table>
                    </td>
                  </tr>
                  <tr>
                    <td colspan="1" rowspan="1">
                      <table border="1">
                        <tr>
                          <td colspan="1" rowspan="1">
id</td>
                          <td colspan="1" rowspan="1">
40024</td>
                        </tr>
                      </table>
                    </td>
                  </tr>
                  <tr>
                    <td colspan="1" rowspan="1">
                      <table border="1">
                        <tr>
                          <td colspan="1" rowspan="1">
quality</td>
                          <td colspan="1" rowspan="1">
release</td>
                        </tr>
                      </table>
                    </td>
                  </tr>
                  <tr>
                    <td colspan="1" rowspan="1">
                      <table border="1">
                        <tr>
                          <td colspan="1" rowspan="1">
status</td>
                          <td colspan="1" rowspan="1">
Complete</td>
                        </tr>
                      </table>
                    </td>
                  </tr>
                  <tr>
                    <td colspan="1" rowspan="1">
                      <table border="1">
                        <tr>
                          <td colspan="1" rowspan="1">
timeInMs</td>
                          <td colspan="1" rowspan="1">
27564</td>
                        </tr>
                      </table>
                    </td>
                  </tr>
                  <tr>
                    <td colspan="1" rowspan="1">
                      <table border="1">
                        <tr>
                          <td colspan="1" rowspan="1">
reqCount</td>
                          <td colspan="1" rowspan="1">
225</td>
                        </tr>
                      </table>
                    </td>
                  </tr>
                  <tr>
                    <td colspan="1" rowspan="1">
                      <table border="1">
                        <tr>
                          <td colspan="1" rowspan="1">
alertCount</td>
                          <td colspan="1" rowspan="1">
1</td>
                        </tr>
                      </table>
                    </td>
                  </tr>
                </table>
              </td>
            </tr>
            <tr>
              <td colspan="1" rowspan="1">
                <h2>Plugin</h2>
                <table border="1">
                  <tr>
                    <td colspan="1" rowspan="1">
                      <table border="1">
                        <tr>
                          <td colspan="1" rowspan="1">
name</td>
                          <td colspan="1" rowspan="1">
Sitio cruzado de Scripting (Basado en DOM)</td>
                        </tr>
                      </table>
                    </td>
                  </tr>
                  <tr>
                    <td colspan="1" rowspan="1">
                      <table border="1">
                        <tr>
                          <td colspan="1" rowspan="1">
id</td>
                          <td colspan="1" rowspan="1">
40026</td>
                        </tr>
                      </table>
                    </td>
                  </tr>
                  <tr>
                    <td colspan="1" rowspan="1">
                      <table border="1">
                        <tr>
                          <td colspan="1" rowspan="1">
quality</td>
                          <td colspan="1" rowspan="1">
release</td>
                        </tr>
                      </table>
                    </td>
                  </tr>
                  <tr>
                    <td colspan="1" rowspan="1">
                      <table border="1">
                        <tr>
                          <td colspan="1" rowspan="1">
status</td>
                          <td colspan="1" rowspan="1">
Evitado, no se ha podido iniciar o conectar al nevegador web.</td>
                        </tr>
                      </table>
                    </td>
                  </tr>
                  <tr>
                    <td colspan="1" rowspan="1">
                      <table border="1">
                        <tr>
                          <td colspan="1" rowspan="1">
timeInMs</td>
                          <td colspan="1" rowspan="1">
630</td>
                        </tr>
                      </table>
                    </td>
                  </tr>
                  <tr>
                    <td colspan="1" rowspan="1">
                      <table border="1">
                        <tr>
                          <td colspan="1" rowspan="1">
reqCount</td>
                          <td colspan="1" rowspan="1">
0</td>
                        </tr>
                      </table>
                    </td>
                  </tr>
                  <tr>
                    <td colspan="1" rowspan="1">
                      <table border="1">
                        <tr>
                          <td colspan="1" rowspan="1">
alertCount</td>
                          <td colspan="1" rowspan="1">
0</td>
                        </tr>
                      </table>
                    </td>
                  </tr>
                </table>
              </td>
            </tr>
            <tr>
              <td colspan="1" rowspan="1">
                <h2>Plugin</h2>
                <table border="1">
                  <tr>
                    <td colspan="1" rowspan="1">
                      <table border="1">
                        <tr>
                          <td colspan="1" rowspan="1">
name</td>
                          <td colspan="1" rowspan="1">
Inyección SQL - MsSQL </td>
                        </tr>
                      </table>
                    </td>
                  </tr>
                  <tr>
                    <td colspan="1" rowspan="1">
                      <table border="1">
                        <tr>
                          <td colspan="1" rowspan="1">
id</td>
                          <td colspan="1" rowspan="1">
40027</td>
                        </tr>
                      </table>
                    </td>
                  </tr>
                  <tr>
                    <td colspan="1" rowspan="1">
                      <table border="1">
                        <tr>
                          <td colspan="1" rowspan="1">
quality</td>
                          <td colspan="1" rowspan="1">
release</td>
                        </tr>
                      </table>
                    </td>
                  </tr>
                  <tr>
                    <td colspan="1" rowspan="1">
                      <table border="1">
                        <tr>
                          <td colspan="1" rowspan="1">
status</td>
                          <td colspan="1" rowspan="1">
Complete</td>
                        </tr>
                      </table>
                    </td>
                  </tr>
                  <tr>
                    <td colspan="1" rowspan="1">
                      <table border="1">
                        <tr>
                          <td colspan="1" rowspan="1">
timeInMs</td>
                          <td colspan="1" rowspan="1">
10462</td>
                        </tr>
                      </table>
                    </td>
                  </tr>
                  <tr>
                    <td colspan="1" rowspan="1">
                      <table border="1">
                        <tr>
                          <td colspan="1" rowspan="1">
reqCount</td>
                          <td colspan="1" rowspan="1">
59</td>
                        </tr>
                      </table>
                    </td>
                  </tr>
                  <tr>
                    <td colspan="1" rowspan="1">
                      <table border="1">
                        <tr>
                          <td colspan="1" rowspan="1">
alertCount</td>
                          <td colspan="1" rowspan="1">
0</td>
                        </tr>
                      </table>
                    </td>
                  </tr>
                </table>
              </td>
            </tr>
            <tr>
              <td colspan="1" rowspan="1">
                <h2>Plugin</h2>
                <table border="1">
                  <tr>
                    <td colspan="1" rowspan="1">
                      <table border="1">
                        <tr>
                          <td colspan="1" rowspan="1">
name</td>
                          <td colspan="1" rowspan="1">
Log4Shell</td>
                        </tr>
                      </table>
                    </td>
                  </tr>
                  <tr>
                    <td colspan="1" rowspan="1">
                      <table border="1">
                        <tr>
                          <td colspan="1" rowspan="1">
id</td>
                          <td colspan="1" rowspan="1">
40043</td>
                        </tr>
                      </table>
                    </td>
                  </tr>
                  <tr>
                    <td colspan="1" rowspan="1">
                      <table border="1">
                        <tr>
                          <td colspan="1" rowspan="1">
quality</td>
                          <td colspan="1" rowspan="1">
release</td>
                        </tr>
                      </table>
                    </td>
                  </tr>
                  <tr>
                    <td colspan="1" rowspan="1">
                      <table border="1">
                        <tr>
                          <td colspan="1" rowspan="1">
status</td>
                          <td colspan="1" rowspan="1">
Evitado, no se ha seleccionado ningún servicio de Escaneo Activo OAST..</td>
                        </tr>
                      </table>
                    </td>
                  </tr>
                  <tr>
                    <td colspan="1" rowspan="1">
                      <table border="1">
                        <tr>
                          <td colspan="1" rowspan="1">
timeInMs</td>
                          <td colspan="1" rowspan="1">
1</td>
                        </tr>
                      </table>
                    </td>
                  </tr>
                  <tr>
                    <td colspan="1" rowspan="1">
                      <table border="1">
                        <tr>
                          <td colspan="1" rowspan="1">
reqCount</td>
                          <td colspan="1" rowspan="1">
0</td>
                        </tr>
                      </table>
                    </td>
                  </tr>
                  <tr>
                    <td colspan="1" rowspan="1">
                      <table border="1">
                        <tr>
                          <td colspan="1" rowspan="1">
alertCount</td>
                          <td colspan="1" rowspan="1">
0</td>
                        </tr>
                      </table>
                    </td>
                  </tr>
                </table>
              </td>
            </tr>
            <tr>
              <td colspan="1" rowspan="1">
                <h2>Plugin</h2>
                <table border="1">
                  <tr>
                    <td colspan="1" rowspan="1">
                      <table border="1">
                        <tr>
                          <td colspan="1" rowspan="1">
name</td>
                          <td colspan="1" rowspan="1">
Spring4Shell</td>
                        </tr>
                      </table>
                    </td>
                  </tr>
                  <tr>
                    <td colspan="1" rowspan="1">
                      <table border="1">
                        <tr>
                          <td colspan="1" rowspan="1">
id</td>
                          <td colspan="1" rowspan="1">
40045</td>
                        </tr>
                      </table>
                    </td>
                  </tr>
                  <tr>
                    <td colspan="1" rowspan="1">
                      <table border="1">
                        <tr>
                          <td colspan="1" rowspan="1">
quality</td>
                          <td colspan="1" rowspan="1">
release</td>
                        </tr>
                      </table>
                    </td>
                  </tr>
                  <tr>
                    <td colspan="1" rowspan="1">
                      <table border="1">
                        <tr>
                          <td colspan="1" rowspan="1">
status</td>
                          <td colspan="1" rowspan="1">
Complete</td>
                        </tr>
                      </table>
                    </td>
                  </tr>
                  <tr>
                    <td colspan="1" rowspan="1">
                      <table border="1">
                        <tr>
                          <td colspan="1" rowspan="1">
timeInMs</td>
                          <td colspan="1" rowspan="1">
21430</td>
                        </tr>
                      </table>
                    </td>
                  </tr>
                  <tr>
                    <td colspan="1" rowspan="1">
                      <table border="1">
                        <tr>
                          <td colspan="1" rowspan="1">
reqCount</td>
                          <td colspan="1" rowspan="1">
105</td>
                        </tr>
                      </table>
                    </td>
                  </tr>
                  <tr>
                    <td colspan="1" rowspan="1">
                      <table border="1">
                        <tr>
                          <td colspan="1" rowspan="1">
alertCount</td>
                          <td colspan="1" rowspan="1">
0</td>
                        </tr>
                      </table>
                    </td>
                  </tr>
                </table>
              </td>
            </tr>
            <tr>
              <td colspan="1" rowspan="1">
                <h2>Plugin</h2>
                <table border="1">
                  <tr>
                    <td colspan="1" rowspan="1">
                      <table border="1">
                        <tr>
                          <td colspan="1" rowspan="1">
name</td>
                          <td colspan="1" rowspan="1">
Server Side Code Injection</td>
                        </tr>
                      </table>
                    </td>
                  </tr>
                  <tr>
                    <td colspan="1" rowspan="1">
                      <table border="1">
                        <tr>
                          <td colspan="1" rowspan="1">
id</td>
                          <td colspan="1" rowspan="1">
90019</td>
                        </tr>
                      </table>
                    </td>
                  </tr>
                  <tr>
                    <td colspan="1" rowspan="1">
                      <table border="1">
                        <tr>
                          <td colspan="1" rowspan="1">
quality</td>
                          <td colspan="1" rowspan="1">
release</td>
                        </tr>
                      </table>
                    </td>
                  </tr>
                  <tr>
                    <td colspan="1" rowspan="1">
                      <table border="1">
                        <tr>
                          <td colspan="1" rowspan="1">
status</td>
                          <td colspan="1" rowspan="1">
Complete</td>
                        </tr>
                      </table>
                    </td>
                  </tr>
                  <tr>
                    <td colspan="1" rowspan="1">
                      <table border="1">
                        <tr>
                          <td colspan="1" rowspan="1">
timeInMs</td>
                          <td colspan="1" rowspan="1">
24946</td>
                        </tr>
                      </table>
                    </td>
                  </tr>
                  <tr>
                    <td colspan="1" rowspan="1">
                      <table border="1">
                        <tr>
                          <td colspan="1" rowspan="1">
reqCount</td>
                          <td colspan="1" rowspan="1">
192</td>
                        </tr>
                      </table>
                    </td>
                  </tr>
                  <tr>
                    <td colspan="1" rowspan="1">
                      <table border="1">
                        <tr>
                          <td colspan="1" rowspan="1">
alertCount</td>
                          <td colspan="1" rowspan="1">
0</td>
                        </tr>
                      </table>
                    </td>
                  </tr>
                </table>
              </td>
            </tr>
            <tr>
              <td colspan="1" rowspan="1">
                <h2>Plugin</h2>
                <table border="1">
                  <tr>
                    <td colspan="1" rowspan="1">
                      <table border="1">
                        <tr>
                          <td colspan="1" rowspan="1">
name</td>
                          <td colspan="1" rowspan="1">
Remote OS Command Injection (Inyección Remota de Comandos del Sistema Operativo)</td>
                        </tr>
                      </table>
                    </td>
                  </tr>
                  <tr>
                    <td colspan="1" rowspan="1">
                      <table border="1">
                        <tr>
                          <td colspan="1" rowspan="1">
id</td>
                          <td colspan="1" rowspan="1">
90020</td>
                        </tr>
                      </table>
                    </td>
                  </tr>
                  <tr>
                    <td colspan="1" rowspan="1">
                      <table border="1">
                        <tr>
                          <td colspan="1" rowspan="1">
quality</td>
                          <td colspan="1" rowspan="1">
release</td>
                        </tr>
                      </table>
                    </td>
                  </tr>
                  <tr>
                    <td colspan="1" rowspan="1">
                      <table border="1">
                        <tr>
                          <td colspan="1" rowspan="1">
status</td>
                          <td colspan="1" rowspan="1">
Complete</td>
                        </tr>
                      </table>
                    </td>
                  </tr>
                  <tr>
                    <td colspan="1" rowspan="1">
                      <table border="1">
                        <tr>
                          <td colspan="1" rowspan="1">
timeInMs</td>
                          <td colspan="1" rowspan="1">
91602</td>
                        </tr>
                      </table>
                    </td>
                  </tr>
                  <tr>
                    <td colspan="1" rowspan="1">
                      <table border="1">
                        <tr>
                          <td colspan="1" rowspan="1">
reqCount</td>
                          <td colspan="1" rowspan="1">
844</td>
                        </tr>
                      </table>
                    </td>
                  </tr>
                  <tr>
                    <td colspan="1" rowspan="1">
                      <table border="1">
                        <tr>
                          <td colspan="1" rowspan="1">
alertCount</td>
                          <td colspan="1" rowspan="1">
0</td>
                        </tr>
                      </table>
                    </td>
                  </tr>
                </table>
              </td>
            </tr>
            <tr>
              <td colspan="1" rowspan="1">
                <h2>Plugin</h2>
                <table border="1">
                  <tr>
                    <td colspan="1" rowspan="1">
                      <table border="1">
                        <tr>
                          <td colspan="1" rowspan="1">
name</td>
                          <td colspan="1" rowspan="1">
Inyección XPath</td>
                        </tr>
                      </table>
                    </td>
                  </tr>
                  <tr>
                    <td colspan="1" rowspan="1">
                      <table border="1">
                        <tr>
                          <td colspan="1" rowspan="1">
id</td>
                          <td colspan="1" rowspan="1">
90021</td>
                        </tr>
                      </table>
                    </td>
                  </tr>
                  <tr>
                    <td colspan="1" rowspan="1">
                      <table border="1">
                        <tr>
                          <td colspan="1" rowspan="1">
quality</td>
                          <td colspan="1" rowspan="1">
release</td>
                        </tr>
                      </table>
                    </td>
                  </tr>
                  <tr>
                    <td colspan="1" rowspan="1">
                      <table border="1">
                        <tr>
                          <td colspan="1" rowspan="1">
status</td>
                          <td colspan="1" rowspan="1">
Complete</td>
                        </tr>
                      </table>
                    </td>
                  </tr>
                  <tr>
                    <td colspan="1" rowspan="1">
                      <table border="1">
                        <tr>
                          <td colspan="1" rowspan="1">
timeInMs</td>
                          <td colspan="1" rowspan="1">
13162</td>
                        </tr>
                      </table>
                    </td>
                  </tr>
                  <tr>
                    <td colspan="1" rowspan="1">
                      <table border="1">
                        <tr>
                          <td colspan="1" rowspan="1">
reqCount</td>
                          <td colspan="1" rowspan="1">
72</td>
                        </tr>
                      </table>
                    </td>
                  </tr>
                  <tr>
                    <td colspan="1" rowspan="1">
                      <table border="1">
                        <tr>
                          <td colspan="1" rowspan="1">
alertCount</td>
                          <td colspan="1" rowspan="1">
0</td>
                        </tr>
                      </table>
                    </td>
                  </tr>
                </table>
              </td>
            </tr>
            <tr>
              <td colspan="1" rowspan="1">
                <h2>Plugin</h2>
                <table border="1">
                  <tr>
                    <td colspan="1" rowspan="1">
                      <table border="1">
                        <tr>
                          <td colspan="1" rowspan="1">
name</td>
                          <td colspan="1" rowspan="1">
Ataque de Entidad Externa XML</td>
                        </tr>
                      </table>
                    </td>
                  </tr>
                  <tr>
                    <td colspan="1" rowspan="1">
                      <table border="1">
                        <tr>
                          <td colspan="1" rowspan="1">
id</td>
                          <td colspan="1" rowspan="1">
90023</td>
                        </tr>
                      </table>
                    </td>
                  </tr>
                  <tr>
                    <td colspan="1" rowspan="1">
                      <table border="1">
                        <tr>
                          <td colspan="1" rowspan="1">
quality</td>
                          <td colspan="1" rowspan="1">
release</td>
                        </tr>
                      </table>
                    </td>
                  </tr>
                  <tr>
                    <td colspan="1" rowspan="1">
                      <table border="1">
                        <tr>
                          <td colspan="1" rowspan="1">
status</td>
                          <td colspan="1" rowspan="1">
Complete</td>
                        </tr>
                      </table>
                    </td>
                  </tr>
                  <tr>
                    <td colspan="1" rowspan="1">
                      <table border="1">
                        <tr>
                          <td colspan="1" rowspan="1">
timeInMs</td>
                          <td colspan="1" rowspan="1">
5907</td>
                        </tr>
                      </table>
                    </td>
                  </tr>
                  <tr>
                    <td colspan="1" rowspan="1">
                      <table border="1">
                        <tr>
                          <td colspan="1" rowspan="1">
reqCount</td>
                          <td colspan="1" rowspan="1">
0</td>
                        </tr>
                      </table>
                    </td>
                  </tr>
                  <tr>
                    <td colspan="1" rowspan="1">
                      <table border="1">
                        <tr>
                          <td colspan="1" rowspan="1">
alertCount</td>
                          <td colspan="1" rowspan="1">
0</td>
                        </tr>
                      </table>
                    </td>
                  </tr>
                </table>
              </td>
            </tr>
            <tr>
              <td colspan="1" rowspan="1">
                <h2>Plugin</h2>
                <table border="1">
                  <tr>
                    <td colspan="1" rowspan="1">
                      <table border="1">
                        <tr>
                          <td colspan="1" rowspan="1">
name</td>
                          <td colspan="1" rowspan="1">
Padding Oracle Genérico</td>
                        </tr>
                      </table>
                    </td>
                  </tr>
                  <tr>
                    <td colspan="1" rowspan="1">
                      <table border="1">
                        <tr>
                          <td colspan="1" rowspan="1">
id</td>
                          <td colspan="1" rowspan="1">
90024</td>
                        </tr>
                      </table>
                    </td>
                  </tr>
                  <tr>
                    <td colspan="1" rowspan="1">
                      <table border="1">
                        <tr>
                          <td colspan="1" rowspan="1">
quality</td>
                          <td colspan="1" rowspan="1">
release</td>
                        </tr>
                      </table>
                    </td>
                  </tr>
                  <tr>
                    <td colspan="1" rowspan="1">
                      <table border="1">
                        <tr>
                          <td colspan="1" rowspan="1">
status</td>
                          <td colspan="1" rowspan="1">
Complete</td>
                        </tr>
                      </table>
                    </td>
                  </tr>
                  <tr>
                    <td colspan="1" rowspan="1">
                      <table border="1">
                        <tr>
                          <td colspan="1" rowspan="1">
timeInMs</td>
                          <td colspan="1" rowspan="1">
5789</td>
                        </tr>
                      </table>
                    </td>
                  </tr>
                  <tr>
                    <td colspan="1" rowspan="1">
                      <table border="1">
                        <tr>
                          <td colspan="1" rowspan="1">
reqCount</td>
                          <td colspan="1" rowspan="1">
0</td>
                        </tr>
                      </table>
                    </td>
                  </tr>
                  <tr>
                    <td colspan="1" rowspan="1">
                      <table border="1">
                        <tr>
                          <td colspan="1" rowspan="1">
alertCount</td>
                          <td colspan="1" rowspan="1">
0</td>
                        </tr>
                      </table>
                    </td>
                  </tr>
                </table>
              </td>
            </tr>
            <tr>
              <td colspan="1" rowspan="1">
                <h2>Plugin</h2>
                <table border="1">
                  <tr>
                    <td colspan="1" rowspan="1">
                      <table border="1">
                        <tr>
                          <td colspan="1" rowspan="1">
name</td>
                          <td colspan="1" rowspan="1">
Metadatos de la Nube Potencialmente Expuestos</td>
                        </tr>
                      </table>
                    </td>
                  </tr>
                  <tr>
                    <td colspan="1" rowspan="1">
                      <table border="1">
                        <tr>
                          <td colspan="1" rowspan="1">
id</td>
                          <td colspan="1" rowspan="1">
90034</td>
                        </tr>
                      </table>
                    </td>
                  </tr>
                  <tr>
                    <td colspan="1" rowspan="1">
                      <table border="1">
                        <tr>
                          <td colspan="1" rowspan="1">
quality</td>
                          <td colspan="1" rowspan="1">
release</td>
                        </tr>
                      </table>
                    </td>
                  </tr>
                  <tr>
                    <td colspan="1" rowspan="1">
                      <table border="1">
                        <tr>
                          <td colspan="1" rowspan="1">
status</td>
                          <td colspan="1" rowspan="1">
Complete</td>
                        </tr>
                      </table>
                    </td>
                  </tr>
                  <tr>
                    <td colspan="1" rowspan="1">
                      <table border="1">
                        <tr>
                          <td colspan="1" rowspan="1">
timeInMs</td>
                          <td colspan="1" rowspan="1">
1972</td>
                        </tr>
                      </table>
                    </td>
                  </tr>
                  <tr>
                    <td colspan="1" rowspan="1">
                      <table border="1">
                        <tr>
                          <td colspan="1" rowspan="1">
reqCount</td>
                          <td colspan="1" rowspan="1">
4</td>
                        </tr>
                      </table>
                    </td>
                  </tr>
                  <tr>
                    <td colspan="1" rowspan="1">
                      <table border="1">
                        <tr>
                          <td colspan="1" rowspan="1">
alertCount</td>
                          <td colspan="1" rowspan="1">
0</td>
                        </tr>
                      </table>
                    </td>
                  </tr>
                </table>
              </td>
            </tr>
            <tr>
              <td colspan="1" rowspan="1">
                <h2>Plugin</h2>
                <table border="1">
                  <tr>
                    <td colspan="1" rowspan="1">
                      <table border="1">
                        <tr>
                          <td colspan="1" rowspan="1">
name</td>
                          <td colspan="1" rowspan="1">
Server Side Template Injection (SSTI) Plantilla de Inyección del Lado del Servidor</td>
                        </tr>
                      </table>
                    </td>
                  </tr>
                  <tr>
                    <td colspan="1" rowspan="1">
                      <table border="1">
                        <tr>
                          <td colspan="1" rowspan="1">
id</td>
                          <td colspan="1" rowspan="1">
90035</td>
                        </tr>
                      </table>
                    </td>
                  </tr>
                  <tr>
                    <td colspan="1" rowspan="1">
                      <table border="1">
                        <tr>
                          <td colspan="1" rowspan="1">
quality</td>
                          <td colspan="1" rowspan="1">
release</td>
                        </tr>
                      </table>
                    </td>
                  </tr>
                  <tr>
                    <td colspan="1" rowspan="1">
                      <table border="1">
                        <tr>
                          <td colspan="1" rowspan="1">
status</td>
                          <td colspan="1" rowspan="1">
Complete</td>
                        </tr>
                      </table>
                    </td>
                  </tr>
                  <tr>
                    <td colspan="1" rowspan="1">
                      <table border="1">
                        <tr>
                          <td colspan="1" rowspan="1">
timeInMs</td>
                          <td colspan="1" rowspan="1">
39474</td>
                        </tr>
                      </table>
                    </td>
                  </tr>
                  <tr>
                    <td colspan="1" rowspan="1">
                      <table border="1">
                        <tr>
                          <td colspan="1" rowspan="1">
reqCount</td>
                          <td colspan="1" rowspan="1">
336</td>
                        </tr>
                      </table>
                    </td>
                  </tr>
                  <tr>
                    <td colspan="1" rowspan="1">
                      <table border="1">
                        <tr>
                          <td colspan="1" rowspan="1">
alertCount</td>
                          <td colspan="1" rowspan="1">
0</td>
                        </tr>
                      </table>
                    </td>
                  </tr>
                </table>
              </td>
            </tr>
            <tr>
              <td colspan="1" rowspan="1">
                <h2>Plugin</h2>
                <table border="1">
                  <tr>
                    <td colspan="1" rowspan="1">
                      <table border="1">
                        <tr>
                          <td colspan="1" rowspan="1">
name</td>
                          <td colspan="1" rowspan="1">
Server Side Template Injection (Blind-Ciego)</td>
                        </tr>
                      </table>
                    </td>
                  </tr>
                  <tr>
                    <td colspan="1" rowspan="1">
                      <table border="1">
                        <tr>
                          <td colspan="1" rowspan="1">
id</td>
                          <td colspan="1" rowspan="1">
90036</td>
                        </tr>
                      </table>
                    </td>
                  </tr>
                  <tr>
                    <td colspan="1" rowspan="1">
                      <table border="1">
                        <tr>
                          <td colspan="1" rowspan="1">
quality</td>
                          <td colspan="1" rowspan="1">
release</td>
                        </tr>
                      </table>
                    </td>
                  </tr>
                  <tr>
                    <td colspan="1" rowspan="1">
                      <table border="1">
                        <tr>
                          <td colspan="1" rowspan="1">
status</td>
                          <td colspan="1" rowspan="1">
Complete</td>
                        </tr>
                      </table>
                    </td>
                  </tr>
                  <tr>
                    <td colspan="1" rowspan="1">
                      <table border="1">
                        <tr>
                          <td colspan="1" rowspan="1">
timeInMs</td>
                          <td colspan="1" rowspan="1">
33827</td>
                        </tr>
                      </table>
                    </td>
                  </tr>
                  <tr>
                    <td colspan="1" rowspan="1">
                      <table border="1">
                        <tr>
                          <td colspan="1" rowspan="1">
reqCount</td>
                          <td colspan="1" rowspan="1">
288</td>
                        </tr>
                      </table>
                    </td>
                  </tr>
                  <tr>
                    <td colspan="1" rowspan="1">
                      <table border="1">
                        <tr>
                          <td colspan="1" rowspan="1">
alertCount</td>
                          <td colspan="1" rowspan="1">
0</td>
                        </tr>
                      </table>
                    </td>
                  </tr>
                </table>
              </td>
            </tr>
            <tr>
              <td colspan="1" rowspan="1">
                <h2>Plugin</h2>
                <table border="1">
                  <tr>
                    <td colspan="1" rowspan="1">
                      <table border="1">
                        <tr>
                          <td colspan="1" rowspan="1">
name</td>
                          <td colspan="1" rowspan="1">
Directory Browsing (Exploración de directorios)</td>
                        </tr>
                      </table>
                    </td>
                  </tr>
                  <tr>
                    <td colspan="1" rowspan="1">
                      <table border="1">
                        <tr>
                          <td colspan="1" rowspan="1">
id</td>
                          <td colspan="1" rowspan="1">
0</td>
                        </tr>
                      </table>
                    </td>
                  </tr>
                  <tr>
                    <td colspan="1" rowspan="1">
                      <table border="1">
                        <tr>
                          <td colspan="1" rowspan="1">
quality</td>
                          <td colspan="1" rowspan="1">
release</td>
                        </tr>
                      </table>
                    </td>
                  </tr>
                  <tr>
                    <td colspan="1" rowspan="1">
                      <table border="1">
                        <tr>
                          <td colspan="1" rowspan="1">
status</td>
                          <td colspan="1" rowspan="1">
Complete</td>
                        </tr>
                      </table>
                    </td>
                  </tr>
                  <tr>
                    <td colspan="1" rowspan="1">
                      <table border="1">
                        <tr>
                          <td colspan="1" rowspan="1">
timeInMs</td>
                          <td colspan="1" rowspan="1">
5587</td>
                        </tr>
                      </table>
                    </td>
                  </tr>
                  <tr>
                    <td colspan="1" rowspan="1">
                      <table border="1">
                        <tr>
                          <td colspan="1" rowspan="1">
reqCount</td>
                          <td colspan="1" rowspan="1">
49</td>
                        </tr>
                      </table>
                    </td>
                  </tr>
                  <tr>
                    <td colspan="1" rowspan="1">
                      <table border="1">
                        <tr>
                          <td colspan="1" rowspan="1">
alertCount</td>
                          <td colspan="1" rowspan="1">
0</td>
                        </tr>
                      </table>
                    </td>
                  </tr>
                </table>
              </td>
            </tr>
            <tr>
              <td colspan="1" rowspan="1">
                <h2>Plugin</h2>
                <table border="1">
                  <tr>
                    <td colspan="1" rowspan="1">
                      <table border="1">
                        <tr>
                          <td colspan="1" rowspan="1">
name</td>
                          <td colspan="1" rowspan="1">
Buffer Overflow</td>
                        </tr>
                      </table>
                    </td>
                  </tr>
                  <tr>
                    <td colspan="1" rowspan="1">
                      <table border="1">
                        <tr>
                          <td colspan="1" rowspan="1">
id</td>
                          <td colspan="1" rowspan="1">
30001</td>
                        </tr>
                      </table>
                    </td>
                  </tr>
                  <tr>
                    <td colspan="1" rowspan="1">
                      <table border="1">
                        <tr>
                          <td colspan="1" rowspan="1">
quality</td>
                          <td colspan="1" rowspan="1">
release</td>
                        </tr>
                      </table>
                    </td>
                  </tr>
                  <tr>
                    <td colspan="1" rowspan="1">
                      <table border="1">
                        <tr>
                          <td colspan="1" rowspan="1">
status</td>
                          <td colspan="1" rowspan="1">
Complete</td>
                        </tr>
                      </table>
                    </td>
                  </tr>
                  <tr>
                    <td colspan="1" rowspan="1">
                      <table border="1">
                        <tr>
                          <td colspan="1" rowspan="1">
timeInMs</td>
                          <td colspan="1" rowspan="1">
5123</td>
                        </tr>
                      </table>
                    </td>
                  </tr>
                  <tr>
                    <td colspan="1" rowspan="1">
                      <table border="1">
                        <tr>
                          <td colspan="1" rowspan="1">
reqCount</td>
                          <td colspan="1" rowspan="1">
24</td>
                        </tr>
                      </table>
                    </td>
                  </tr>
                  <tr>
                    <td colspan="1" rowspan="1">
                      <table border="1">
                        <tr>
                          <td colspan="1" rowspan="1">
alertCount</td>
                          <td colspan="1" rowspan="1">
0</td>
                        </tr>
                      </table>
                    </td>
                  </tr>
                </table>
              </td>
            </tr>
            <tr>
              <td colspan="1" rowspan="1">
                <h2>Plugin</h2>
                <table border="1">
                  <tr>
                    <td colspan="1" rowspan="1">
                      <table border="1">
                        <tr>
                          <td colspan="1" rowspan="1">
name</td>
                          <td colspan="1" rowspan="1">
Format String Error (Error de formato de cadena)</td>
                        </tr>
                      </table>
                    </td>
                  </tr>
                  <tr>
                    <td colspan="1" rowspan="1">
                      <table border="1">
                        <tr>
                          <td colspan="1" rowspan="1">
id</td>
                          <td colspan="1" rowspan="1">
30002</td>
                        </tr>
                      </table>
                    </td>
                  </tr>
                  <tr>
                    <td colspan="1" rowspan="1">
                      <table border="1">
                        <tr>
                          <td colspan="1" rowspan="1">
quality</td>
                          <td colspan="1" rowspan="1">
release</td>
                        </tr>
                      </table>
                    </td>
                  </tr>
                  <tr>
                    <td colspan="1" rowspan="1">
                      <table border="1">
                        <tr>
                          <td colspan="1" rowspan="1">
status</td>
                          <td colspan="1" rowspan="1">
Complete</td>
                        </tr>
                      </table>
                    </td>
                  </tr>
                  <tr>
                    <td colspan="1" rowspan="1">
                      <table border="1">
                        <tr>
                          <td colspan="1" rowspan="1">
timeInMs</td>
                          <td colspan="1" rowspan="1">
12169</td>
                        </tr>
                      </table>
                    </td>
                  </tr>
                  <tr>
                    <td colspan="1" rowspan="1">
                      <table border="1">
                        <tr>
                          <td colspan="1" rowspan="1">
reqCount</td>
                          <td colspan="1" rowspan="1">
72</td>
                        </tr>
                      </table>
                    </td>
                  </tr>
                  <tr>
                    <td colspan="1" rowspan="1">
                      <table border="1">
                        <tr>
                          <td colspan="1" rowspan="1">
alertCount</td>
                          <td colspan="1" rowspan="1">
0</td>
                        </tr>
                      </table>
                    </td>
                  </tr>
                </table>
              </td>
            </tr>
            <tr>
              <td colspan="1" rowspan="1">
                <h2>Plugin</h2>
                <table border="1">
                  <tr>
                    <td colspan="1" rowspan="1">
                      <table border="1">
                        <tr>
                          <td colspan="1" rowspan="1">
name</td>
                          <td colspan="1" rowspan="1">
Inyección CRLF</td>
                        </tr>
                      </table>
                    </td>
                  </tr>
                  <tr>
                    <td colspan="1" rowspan="1">
                      <table border="1">
                        <tr>
                          <td colspan="1" rowspan="1">
id</td>
                          <td colspan="1" rowspan="1">
40003</td>
                        </tr>
                      </table>
                    </td>
                  </tr>
                  <tr>
                    <td colspan="1" rowspan="1">
                      <table border="1">
                        <tr>
                          <td colspan="1" rowspan="1">
quality</td>
                          <td colspan="1" rowspan="1">
release</td>
                        </tr>
                      </table>
                    </td>
                  </tr>
                  <tr>
                    <td colspan="1" rowspan="1">
                      <table border="1">
                        <tr>
                          <td colspan="1" rowspan="1">
status</td>
                          <td colspan="1" rowspan="1">
Complete</td>
                        </tr>
                      </table>
                    </td>
                  </tr>
                  <tr>
                    <td colspan="1" rowspan="1">
                      <table border="1">
                        <tr>
                          <td colspan="1" rowspan="1">
timeInMs</td>
                          <td colspan="1" rowspan="1">
21728</td>
                        </tr>
                      </table>
                    </td>
                  </tr>
                  <tr>
                    <td colspan="1" rowspan="1">
                      <table border="1">
                        <tr>
                          <td colspan="1" rowspan="1">
reqCount</td>
                          <td colspan="1" rowspan="1">
168</td>
                        </tr>
                      </table>
                    </td>
                  </tr>
                  <tr>
                    <td colspan="1" rowspan="1">
                      <table border="1">
                        <tr>
                          <td colspan="1" rowspan="1">
alertCount</td>
                          <td colspan="1" rowspan="1">
0</td>
                        </tr>
                      </table>
                    </td>
                  </tr>
                </table>
              </td>
            </tr>
            <tr>
              <td colspan="1" rowspan="1">
                <h2>Plugin</h2>
                <table border="1">
                  <tr>
                    <td colspan="1" rowspan="1">
                      <table border="1">
                        <tr>
                          <td colspan="1" rowspan="1">
name</td>
                          <td colspan="1" rowspan="1">
Parameter Tampering (Manipulación de Parámetros)</td>
                        </tr>
                      </table>
                    </td>
                  </tr>
                  <tr>
                    <td colspan="1" rowspan="1">
                      <table border="1">
                        <tr>
                          <td colspan="1" rowspan="1">
id</td>
                          <td colspan="1" rowspan="1">
40008</td>
                        </tr>
                      </table>
                    </td>
                  </tr>
                  <tr>
                    <td colspan="1" rowspan="1">
                      <table border="1">
                        <tr>
                          <td colspan="1" rowspan="1">
quality</td>
                          <td colspan="1" rowspan="1">
release</td>
                        </tr>
                      </table>
                    </td>
                  </tr>
                  <tr>
                    <td colspan="1" rowspan="1">
                      <table border="1">
                        <tr>
                          <td colspan="1" rowspan="1">
status</td>
                          <td colspan="1" rowspan="1">
Complete</td>
                        </tr>
                      </table>
                    </td>
                  </tr>
                  <tr>
                    <td colspan="1" rowspan="1">
                      <table border="1">
                        <tr>
                          <td colspan="1" rowspan="1">
timeInMs</td>
                          <td colspan="1" rowspan="1">
12023</td>
                        </tr>
                      </table>
                    </td>
                  </tr>
                  <tr>
                    <td colspan="1" rowspan="1">
                      <table border="1">
                        <tr>
                          <td colspan="1" rowspan="1">
reqCount</td>
                          <td colspan="1" rowspan="1">
54</td>
                        </tr>
                      </table>
                    </td>
                  </tr>
                  <tr>
                    <td colspan="1" rowspan="1">
                      <table border="1">
                        <tr>
                          <td colspan="1" rowspan="1">
alertCount</td>
                          <td colspan="1" rowspan="1">
0</td>
                        </tr>
                      </table>
                    </td>
                  </tr>
                </table>
              </td>
            </tr>
            <tr>
              <td colspan="1" rowspan="1">
                <h2>Plugin</h2>
                <table border="1">
                  <tr>
                    <td colspan="1" rowspan="1">
                      <table border="1">
                        <tr>
                          <td colspan="1" rowspan="1">
name</td>
                          <td colspan="1" rowspan="1">
ELMAH Information Leak (Fuga de información ELMAH)</td>
                        </tr>
                      </table>
                    </td>
                  </tr>
                  <tr>
                    <td colspan="1" rowspan="1">
                      <table border="1">
                        <tr>
                          <td colspan="1" rowspan="1">
id</td>
                          <td colspan="1" rowspan="1">
40028</td>
                        </tr>
                      </table>
                    </td>
                  </tr>
                  <tr>
                    <td colspan="1" rowspan="1">
                      <table border="1">
                        <tr>
                          <td colspan="1" rowspan="1">
quality</td>
                          <td colspan="1" rowspan="1">
release</td>
                        </tr>
                      </table>
                    </td>
                  </tr>
                  <tr>
                    <td colspan="1" rowspan="1">
                      <table border="1">
                        <tr>
                          <td colspan="1" rowspan="1">
status</td>
                          <td colspan="1" rowspan="1">
Complete</td>
                        </tr>
                      </table>
                    </td>
                  </tr>
                  <tr>
                    <td colspan="1" rowspan="1">
                      <table border="1">
                        <tr>
                          <td colspan="1" rowspan="1">
timeInMs</td>
                          <td colspan="1" rowspan="1">
206</td>
                        </tr>
                      </table>
                    </td>
                  </tr>
                  <tr>
                    <td colspan="1" rowspan="1">
                      <table border="1">
                        <tr>
                          <td colspan="1" rowspan="1">
reqCount</td>
                          <td colspan="1" rowspan="1">
1</td>
                        </tr>
                      </table>
                    </td>
                  </tr>
                  <tr>
                    <td colspan="1" rowspan="1">
                      <table border="1">
                        <tr>
                          <td colspan="1" rowspan="1">
alertCount</td>
                          <td colspan="1" rowspan="1">
0</td>
                        </tr>
                      </table>
                    </td>
                  </tr>
                </table>
              </td>
            </tr>
            <tr>
              <td colspan="1" rowspan="1">
                <h2>Plugin</h2>
                <table border="1">
                  <tr>
                    <td colspan="1" rowspan="1">
                      <table border="1">
                        <tr>
                          <td colspan="1" rowspan="1">
name</td>
                          <td colspan="1" rowspan="1">
Filtrado de información en Trace.axd</td>
                        </tr>
                      </table>
                    </td>
                  </tr>
                  <tr>
                    <td colspan="1" rowspan="1">
                      <table border="1">
                        <tr>
                          <td colspan="1" rowspan="1">
id</td>
                          <td colspan="1" rowspan="1">
40029</td>
                        </tr>
                      </table>
                    </td>
                  </tr>
                  <tr>
                    <td colspan="1" rowspan="1">
                      <table border="1">
                        <tr>
                          <td colspan="1" rowspan="1">
quality</td>
                          <td colspan="1" rowspan="1">
release</td>
                        </tr>
                      </table>
                    </td>
                  </tr>
                  <tr>
                    <td colspan="1" rowspan="1">
                      <table border="1">
                        <tr>
                          <td colspan="1" rowspan="1">
status</td>
                          <td colspan="1" rowspan="1">
Complete</td>
                        </tr>
                      </table>
                    </td>
                  </tr>
                  <tr>
                    <td colspan="1" rowspan="1">
                      <table border="1">
                        <tr>
                          <td colspan="1" rowspan="1">
timeInMs</td>
                          <td colspan="1" rowspan="1">
5784</td>
                        </tr>
                      </table>
                    </td>
                  </tr>
                  <tr>
                    <td colspan="1" rowspan="1">
                      <table border="1">
                        <tr>
                          <td colspan="1" rowspan="1">
reqCount</td>
                          <td colspan="1" rowspan="1">
15</td>
                        </tr>
                      </table>
                    </td>
                  </tr>
                  <tr>
                    <td colspan="1" rowspan="1">
                      <table border="1">
                        <tr>
                          <td colspan="1" rowspan="1">
alertCount</td>
                          <td colspan="1" rowspan="1">
0</td>
                        </tr>
                      </table>
                    </td>
                  </tr>
                </table>
              </td>
            </tr>
            <tr>
              <td colspan="1" rowspan="1">
                <h2>Plugin</h2>
                <table border="1">
                  <tr>
                    <td colspan="1" rowspan="1">
                      <table border="1">
                        <tr>
                          <td colspan="1" rowspan="1">
name</td>
                          <td colspan="1" rowspan="1">
Filtrado de información en .htaccess</td>
                        </tr>
                      </table>
                    </td>
                  </tr>
                  <tr>
                    <td colspan="1" rowspan="1">
                      <table border="1">
                        <tr>
                          <td colspan="1" rowspan="1">
id</td>
                          <td colspan="1" rowspan="1">
40032</td>
                        </tr>
                      </table>
                    </td>
                  </tr>
                  <tr>
                    <td colspan="1" rowspan="1">
                      <table border="1">
                        <tr>
                          <td colspan="1" rowspan="1">
quality</td>
                          <td colspan="1" rowspan="1">
release</td>
                        </tr>
                      </table>
                    </td>
                  </tr>
                  <tr>
                    <td colspan="1" rowspan="1">
                      <table border="1">
                        <tr>
                          <td colspan="1" rowspan="1">
status</td>
                          <td colspan="1" rowspan="1">
Complete</td>
                        </tr>
                      </table>
                    </td>
                  </tr>
                  <tr>
                    <td colspan="1" rowspan="1">
                      <table border="1">
                        <tr>
                          <td colspan="1" rowspan="1">
timeInMs</td>
                          <td colspan="1" rowspan="1">
5525</td>
                        </tr>
                      </table>
                    </td>
                  </tr>
                  <tr>
                    <td colspan="1" rowspan="1">
                      <table border="1">
                        <tr>
                          <td colspan="1" rowspan="1">
reqCount</td>
                          <td colspan="1" rowspan="1">
15</td>
                        </tr>
                      </table>
                    </td>
                  </tr>
                  <tr>
                    <td colspan="1" rowspan="1">
                      <table border="1">
                        <tr>
                          <td colspan="1" rowspan="1">
alertCount</td>
                          <td colspan="1" rowspan="1">
0</td>
                        </tr>
                      </table>
                    </td>
                  </tr>
                </table>
              </td>
            </tr>
            <tr>
              <td colspan="1" rowspan="1">
                <h2>Plugin</h2>
                <table border="1">
                  <tr>
                    <td colspan="1" rowspan="1">
                      <table border="1">
                        <tr>
                          <td colspan="1" rowspan="1">
name</td>
                          <td colspan="1" rowspan="1">
Fuga de información .env</td>
                        </tr>
                      </table>
                    </td>
                  </tr>
                  <tr>
                    <td colspan="1" rowspan="1">
                      <table border="1">
                        <tr>
                          <td colspan="1" rowspan="1">
id</td>
                          <td colspan="1" rowspan="1">
40034</td>
                        </tr>
                      </table>
                    </td>
                  </tr>
                  <tr>
                    <td colspan="1" rowspan="1">
                      <table border="1">
                        <tr>
                          <td colspan="1" rowspan="1">
quality</td>
                          <td colspan="1" rowspan="1">
release</td>
                        </tr>
                      </table>
                    </td>
                  </tr>
                  <tr>
                    <td colspan="1" rowspan="1">
                      <table border="1">
                        <tr>
                          <td colspan="1" rowspan="1">
status</td>
                          <td colspan="1" rowspan="1">
Complete</td>
                        </tr>
                      </table>
                    </td>
                  </tr>
                  <tr>
                    <td colspan="1" rowspan="1">
                      <table border="1">
                        <tr>
                          <td colspan="1" rowspan="1">
timeInMs</td>
                          <td colspan="1" rowspan="1">
5494</td>
                        </tr>
                      </table>
                    </td>
                  </tr>
                  <tr>
                    <td colspan="1" rowspan="1">
                      <table border="1">
                        <tr>
                          <td colspan="1" rowspan="1">
reqCount</td>
                          <td colspan="1" rowspan="1">
15</td>
                        </tr>
                      </table>
                    </td>
                  </tr>
                  <tr>
                    <td colspan="1" rowspan="1">
                      <table border="1">
                        <tr>
                          <td colspan="1" rowspan="1">
alertCount</td>
                          <td colspan="1" rowspan="1">
0</td>
                        </tr>
                      </table>
                    </td>
                  </tr>
                </table>
              </td>
            </tr>
            <tr>
              <td colspan="1" rowspan="1">
                <h2>Plugin</h2>
                <table border="1">
                  <tr>
                    <td colspan="1" rowspan="1">
                      <table border="1">
                        <tr>
                          <td colspan="1" rowspan="1">
name</td>
                          <td colspan="1" rowspan="1">
Fuga de información de Spring Actuator</td>
                        </tr>
                      </table>
                    </td>
                  </tr>
                  <tr>
                    <td colspan="1" rowspan="1">
                      <table border="1">
                        <tr>
                          <td colspan="1" rowspan="1">
id</td>
                          <td colspan="1" rowspan="1">
40042</td>
                        </tr>
                      </table>
                    </td>
                  </tr>
                  <tr>
                    <td colspan="1" rowspan="1">
                      <table border="1">
                        <tr>
                          <td colspan="1" rowspan="1">
quality</td>
                          <td colspan="1" rowspan="1">
release</td>
                        </tr>
                      </table>
                    </td>
                  </tr>
                  <tr>
                    <td colspan="1" rowspan="1">
                      <table border="1">
                        <tr>
                          <td colspan="1" rowspan="1">
status</td>
                          <td colspan="1" rowspan="1">
Complete</td>
                        </tr>
                      </table>
                    </td>
                  </tr>
                  <tr>
                    <td colspan="1" rowspan="1">
                      <table border="1">
                        <tr>
                          <td colspan="1" rowspan="1">
timeInMs</td>
                          <td colspan="1" rowspan="1">
1219</td>
                        </tr>
                      </table>
                    </td>
                  </tr>
                  <tr>
                    <td colspan="1" rowspan="1">
                      <table border="1">
                        <tr>
                          <td colspan="1" rowspan="1">
reqCount</td>
                          <td colspan="1" rowspan="1">
2</td>
                        </tr>
                      </table>
                    </td>
                  </tr>
                  <tr>
                    <td colspan="1" rowspan="1">
                      <table border="1">
                        <tr>
                          <td colspan="1" rowspan="1">
alertCount</td>
                          <td colspan="1" rowspan="1">
0</td>
                        </tr>
                      </table>
                    </td>
                  </tr>
                </table>
              </td>
            </tr>
            <tr>
              <td colspan="1" rowspan="1">
                <h2>Plugin</h2>
                <table border="1">
                  <tr>
                    <td colspan="1" rowspan="1">
                      <table border="1">
                        <tr>
                          <td colspan="1" rowspan="1">
name</td>
                          <td colspan="1" rowspan="1">
Hidden File Finder (Buscador de Archivos Ocultos)</td>
                        </tr>
                      </table>
                    </td>
                  </tr>
                  <tr>
                    <td colspan="1" rowspan="1">
                      <table border="1">
                        <tr>
                          <td colspan="1" rowspan="1">
id</td>
                          <td colspan="1" rowspan="1">
40035</td>
                        </tr>
                      </table>
                    </td>
                  </tr>
                  <tr>
                    <td colspan="1" rowspan="1">
                      <table border="1">
                        <tr>
                          <td colspan="1" rowspan="1">
quality</td>
                          <td colspan="1" rowspan="1">
release</td>
                        </tr>
                      </table>
                    </td>
                  </tr>
                  <tr>
                    <td colspan="1" rowspan="1">
                      <table border="1">
                        <tr>
                          <td colspan="1" rowspan="1">
status</td>
                          <td colspan="1" rowspan="1">
Complete</td>
                        </tr>
                      </table>
                    </td>
                  </tr>
                  <tr>
                    <td colspan="1" rowspan="1">
                      <table border="1">
                        <tr>
                          <td colspan="1" rowspan="1">
timeInMs</td>
                          <td colspan="1" rowspan="1">
29782</td>
                        </tr>
                      </table>
                    </td>
                  </tr>
                  <tr>
                    <td colspan="1" rowspan="1">
                      <table border="1">
                        <tr>
                          <td colspan="1" rowspan="1">
reqCount</td>
                          <td colspan="1" rowspan="1">
50</td>
                        </tr>
                      </table>
                    </td>
                  </tr>
                  <tr>
                    <td colspan="1" rowspan="1">
                      <table border="1">
                        <tr>
                          <td colspan="1" rowspan="1">
alertCount</td>
                          <td colspan="1" rowspan="1">
0</td>
                        </tr>
                      </table>
                    </td>
                  </tr>
                </table>
              </td>
            </tr>
            <tr>
              <td colspan="1" rowspan="1">
                <h2>Plugin</h2>
                <table border="1">
                  <tr>
                    <td colspan="1" rowspan="1">
                      <table border="1">
                        <tr>
                          <td colspan="1" rowspan="1">
name</td>
                          <td colspan="1" rowspan="1">
Inyección XSLT</td>
                        </tr>
                      </table>
                    </td>
                  </tr>
                  <tr>
                    <td colspan="1" rowspan="1">
                      <table border="1">
                        <tr>
                          <td colspan="1" rowspan="1">
id</td>
                          <td colspan="1" rowspan="1">
90017</td>
                        </tr>
                      </table>
                    </td>
                  </tr>
                  <tr>
                    <td colspan="1" rowspan="1">
                      <table border="1">
                        <tr>
                          <td colspan="1" rowspan="1">
quality</td>
                          <td colspan="1" rowspan="1">
release</td>
                        </tr>
                      </table>
                    </td>
                  </tr>
                  <tr>
                    <td colspan="1" rowspan="1">
                      <table border="1">
                        <tr>
                          <td colspan="1" rowspan="1">
status</td>
                          <td colspan="1" rowspan="1">
Complete</td>
                        </tr>
                      </table>
                    </td>
                  </tr>
                  <tr>
                    <td colspan="1" rowspan="1">
                      <table border="1">
                        <tr>
                          <td colspan="1" rowspan="1">
timeInMs</td>
                          <td colspan="1" rowspan="1">
29779</td>
                        </tr>
                      </table>
                    </td>
                  </tr>
                  <tr>
                    <td colspan="1" rowspan="1">
                      <table border="1">
                        <tr>
                          <td colspan="1" rowspan="1">
reqCount</td>
                          <td colspan="1" rowspan="1">
76</td>
                        </tr>
                      </table>
                    </td>
                  </tr>
                  <tr>
                    <td colspan="1" rowspan="1">
                      <table border="1">
                        <tr>
                          <td colspan="1" rowspan="1">
alertCount</td>
                          <td colspan="1" rowspan="1">
0</td>
                        </tr>
                      </table>
                    </td>
                  </tr>
                </table>
              </td>
            </tr>
            <tr>
              <td colspan="1" rowspan="1">
                <h2>Plugin</h2>
                <table border="1">
                  <tr>
                    <td colspan="1" rowspan="1">
                      <table border="1">
                        <tr>
                          <td colspan="1" rowspan="1">
name</td>
                          <td colspan="1" rowspan="1">
GET para POST</td>
                        </tr>
                      </table>
                    </td>
                  </tr>
                  <tr>
                    <td colspan="1" rowspan="1">
                      <table border="1">
                        <tr>
                          <td colspan="1" rowspan="1">
id</td>
                          <td colspan="1" rowspan="1">
10058</td>
                        </tr>
                      </table>
                    </td>
                  </tr>
                  <tr>
                    <td colspan="1" rowspan="1">
                      <table border="1">
                        <tr>
                          <td colspan="1" rowspan="1">
quality</td>
                          <td colspan="1" rowspan="1">
release</td>
                        </tr>
                      </table>
                    </td>
                  </tr>
                  <tr>
                    <td colspan="1" rowspan="1">
                      <table border="1">
                        <tr>
                          <td colspan="1" rowspan="1">
status</td>
                          <td colspan="1" rowspan="1">
Complete</td>
                        </tr>
                      </table>
                    </td>
                  </tr>
                  <tr>
                    <td colspan="1" rowspan="1">
                      <table border="1">
                        <tr>
                          <td colspan="1" rowspan="1">
timeInMs</td>
                          <td colspan="1" rowspan="1">
5876</td>
                        </tr>
                      </table>
                    </td>
                  </tr>
                  <tr>
                    <td colspan="1" rowspan="1">
                      <table border="1">
                        <tr>
                          <td colspan="1" rowspan="1">
reqCount</td>
                          <td colspan="1" rowspan="1">
0</td>
                        </tr>
                      </table>
                    </td>
                  </tr>
                  <tr>
                    <td colspan="1" rowspan="1">
                      <table border="1">
                        <tr>
                          <td colspan="1" rowspan="1">
alertCount</td>
                          <td colspan="1" rowspan="1">
0</td>
                        </tr>
                      </table>
                    </td>
                  </tr>
                </table>
              </td>
            </tr>
            <tr>
              <td colspan="1" rowspan="1">
                <h2>Plugin</h2>
                <table border="1">
                  <tr>
                    <td colspan="1" rowspan="1">
                      <table border="1">
                        <tr>
                          <td colspan="1" rowspan="1">
name</td>
                          <td colspan="1" rowspan="1">
User Agent Fuzzer</td>
                        </tr>
                      </table>
                    </td>
                  </tr>
                  <tr>
                    <td colspan="1" rowspan="1">
                      <table border="1">
                        <tr>
                          <td colspan="1" rowspan="1">
id</td>
                          <td colspan="1" rowspan="1">
10104</td>
                        </tr>
                      </table>
                    </td>
                  </tr>
                  <tr>
                    <td colspan="1" rowspan="1">
                      <table border="1">
                        <tr>
                          <td colspan="1" rowspan="1">
quality</td>
                          <td colspan="1" rowspan="1">
release</td>
                        </tr>
                      </table>
                    </td>
                  </tr>
                  <tr>
                    <td colspan="1" rowspan="1">
                      <table border="1">
                        <tr>
                          <td colspan="1" rowspan="1">
status</td>
                          <td colspan="1" rowspan="1">
Complete</td>
                        </tr>
                      </table>
                    </td>
                  </tr>
                  <tr>
                    <td colspan="1" rowspan="1">
                      <table border="1">
                        <tr>
                          <td colspan="1" rowspan="1">
timeInMs</td>
                          <td colspan="1" rowspan="1">
41520</td>
                        </tr>
                      </table>
                    </td>
                  </tr>
                  <tr>
                    <td colspan="1" rowspan="1">
                      <table border="1">
                        <tr>
                          <td colspan="1" rowspan="1">
reqCount</td>
                          <td colspan="1" rowspan="1">
588</td>
                        </tr>
                      </table>
                    </td>
                  </tr>
                  <tr>
                    <td colspan="1" rowspan="1">
                      <table border="1">
                        <tr>
                          <td colspan="1" rowspan="1">
alertCount</td>
                          <td colspan="1" rowspan="1">
132</td>
                        </tr>
                      </table>
                    </td>
                  </tr>
                </table>
              </td>
            </tr>
            <tr>
              <td colspan="1" rowspan="1">
                <h2>Plugin</h2>
                <table border="1">
                  <tr>
                    <td colspan="1" rowspan="1">
                      <table border="1">
                        <tr>
                          <td colspan="1" rowspan="1">
name</td>
                          <td colspan="1" rowspan="1">
Reglas de Script Activas para el Escaneo</td>
                        </tr>
                      </table>
                    </td>
                  </tr>
                  <tr>
                    <td colspan="1" rowspan="1">
                      <table border="1">
                        <tr>
                          <td colspan="1" rowspan="1">
id</td>
                          <td colspan="1" rowspan="1">
50000</td>
                        </tr>
                      </table>
                    </td>
                  </tr>
                  <tr>
                    <td colspan="1" rowspan="1">
                      <table border="1">
                        <tr>
                          <td colspan="1" rowspan="1">
quality</td>
                          <td colspan="1" rowspan="1">
release</td>
                        </tr>
                      </table>
                    </td>
                  </tr>
                  <tr>
                    <td colspan="1" rowspan="1">
                      <table border="1">
                        <tr>
                          <td colspan="1" rowspan="1">
status</td>
                          <td colspan="1" rowspan="1">
Evitado, no hay scripts habilitados.</td>
                        </tr>
                      </table>
                    </td>
                  </tr>
                  <tr>
                    <td colspan="1" rowspan="1">
                      <table border="1">
                        <tr>
                          <td colspan="1" rowspan="1">
timeInMs</td>
                          <td colspan="1" rowspan="1">
1</td>
                        </tr>
                      </table>
                    </td>
                  </tr>
                  <tr>
                    <td colspan="1" rowspan="1">
                      <table border="1">
                        <tr>
                          <td colspan="1" rowspan="1">
reqCount</td>
                          <td colspan="1" rowspan="1">
0</td>
                        </tr>
                      </table>
                    </td>
                  </tr>
                  <tr>
                    <td colspan="1" rowspan="1">
                      <table border="1">
                        <tr>
                          <td colspan="1" rowspan="1">
alertCount</td>
                          <td colspan="1" rowspan="1">
0</td>
                        </tr>
                      </table>
                    </td>
                  </tr>
                </table>
              </td>
            </tr>
            <tr>
              <td colspan="1" rowspan="1">
                <h2>Plugin</h2>
                <table border="1">
                  <tr>
                    <td colspan="1" rowspan="1">
                      <table border="1">
                        <tr>
                          <td colspan="1" rowspan="1">
name</td>
                          <td colspan="1" rowspan="1">
SOAP Action Spoofing</td>
                        </tr>
                      </table>
                    </td>
                  </tr>
                  <tr>
                    <td colspan="1" rowspan="1">
                      <table border="1">
                        <tr>
                          <td colspan="1" rowspan="1">
id</td>
                          <td colspan="1" rowspan="1">
90026</td>
                        </tr>
                      </table>
                    </td>
                  </tr>
                  <tr>
                    <td colspan="1" rowspan="1">
                      <table border="1">
                        <tr>
                          <td colspan="1" rowspan="1">
quality</td>
                          <td colspan="1" rowspan="1">
beta</td>
                        </tr>
                      </table>
                    </td>
                  </tr>
                  <tr>
                    <td colspan="1" rowspan="1">
                      <table border="1">
                        <tr>
                          <td colspan="1" rowspan="1">
status</td>
                          <td colspan="1" rowspan="1">
Complete</td>
                        </tr>
                      </table>
                    </td>
                  </tr>
                  <tr>
                    <td colspan="1" rowspan="1">
                      <table border="1">
                        <tr>
                          <td colspan="1" rowspan="1">
timeInMs</td>
                          <td colspan="1" rowspan="1">
5588</td>
                        </tr>
                      </table>
                    </td>
                  </tr>
                  <tr>
                    <td colspan="1" rowspan="1">
                      <table border="1">
                        <tr>
                          <td colspan="1" rowspan="1">
reqCount</td>
                          <td colspan="1" rowspan="1">
0</td>
                        </tr>
                      </table>
                    </td>
                  </tr>
                  <tr>
                    <td colspan="1" rowspan="1">
                      <table border="1">
                        <tr>
                          <td colspan="1" rowspan="1">
alertCount</td>
                          <td colspan="1" rowspan="1">
0</td>
                        </tr>
                      </table>
                    </td>
                  </tr>
                </table>
              </td>
            </tr>
            <tr>
              <td colspan="1" rowspan="1">
                <h2>Plugin</h2>
                <table border="1">
                  <tr>
                    <td colspan="1" rowspan="1">
                      <table border="1">
                        <tr>
                          <td colspan="1" rowspan="1">
name</td>
                          <td colspan="1" rowspan="1">
SOAP XML Injection</td>
                        </tr>
                      </table>
                    </td>
                  </tr>
                  <tr>
                    <td colspan="1" rowspan="1">
                      <table border="1">
                        <tr>
                          <td colspan="1" rowspan="1">
id</td>
                          <td colspan="1" rowspan="1">
90029</td>
                        </tr>
                      </table>
                    </td>
                  </tr>
                  <tr>
                    <td colspan="1" rowspan="1">
                      <table border="1">
                        <tr>
                          <td colspan="1" rowspan="1">
quality</td>
                          <td colspan="1" rowspan="1">
beta</td>
                        </tr>
                      </table>
                    </td>
                  </tr>
                  <tr>
                    <td colspan="1" rowspan="1">
                      <table border="1">
                        <tr>
                          <td colspan="1" rowspan="1">
status</td>
                          <td colspan="1" rowspan="1">
Complete</td>
                        </tr>
                      </table>
                    </td>
                  </tr>
                  <tr>
                    <td colspan="1" rowspan="1">
                      <table border="1">
                        <tr>
                          <td colspan="1" rowspan="1">
timeInMs</td>
                          <td colspan="1" rowspan="1">
5488</td>
                        </tr>
                      </table>
                    </td>
                  </tr>
                  <tr>
                    <td colspan="1" rowspan="1">
                      <table border="1">
                        <tr>
                          <td colspan="1" rowspan="1">
reqCount</td>
                          <td colspan="1" rowspan="1">
0</td>
                        </tr>
                      </table>
                    </td>
                  </tr>
                  <tr>
                    <td colspan="1" rowspan="1">
                      <table border="1">
                        <tr>
                          <td colspan="1" rowspan="1">
alertCount</td>
                          <td colspan="1" rowspan="1">
0</td>
                        </tr>
                      </table>
                    </td>
                  </tr>
                </table>
              </td>
            </tr>
          </table>
        </td>
      </tr>
    </table>
  </body>
</html>
Request method:	GET
Request URI:	http://localhost:8166/OTHER/core/other/htmlreport/
Proxy:			<none>
Request params:	<none>
Query params:	<none>
Form params:	<none>
Path params:	<none>
Headers:		Accept=*/*
Cookies:		<none>
Multiparts:		<none>
Body:			<none>
HTTP/1.1 200 OK
Pragma: no-cache
Cache-Control: no-cache, no-store, must-revalidate
Content-Security-Policy: default-src 'none'; script-src 'self'; connect-src 'self'; child-src 'self'; img-src 'self' data:; font-src 'self' data:; style-src 'unsafe-inline'
Referrer-Policy: no-referrer
Access-Control-Allow-Methods: GET,POST,OPTIONS
Access-Control-Allow-Headers: ZAP-Header
X-Frame-Options: DENY
X-XSS-Protection: 1; mode=block
X-Content-Type-Options: nosniff
X-Clacks-Overhead: GNU Terry Pratchett
content-length: 281231
Content-Type: text/html; charset=UTF-8

<html>
  <head>
    <meta http-equiv="Content-Type" content="text/html; charset=UTF-8"/>
    <title>ZAP Scanning Report</title>
    <style type="text/css">
body {
	font-family: "Helvetica Neue", Helvetica, Arial, sans-serif;
	color: #000;
	font-size: 13px;
}

h1 {
	text-align: center;
	font-weight: bold;
	font-size: 32px
}

h3 {
	font-size: 16px;
}

table {
	border: none;
	font-size: 13px;
}

td, th {
	padding: 3px 4px;
	word-break: break-word;
}

th {
	font-weight: bold;
	background-color: #666666;
}

td {
	background-color: #e8e8e8;
}

.spacer {
	margin: 10px;
}

.spacer-lg {
	margin: 40px;
}

.indent1 {
	padding: 4px 20px;
}

.indent2 {
	padding: 4px 40px;
}

.risk-3 {
	background-color: red;
	color: #FFF;
}

.risk-2 {
	background-color: orange;
	color: #FFF;
}

.risk-1 {
	background-color: yellow;
	color: #000;
}

.risk-0 {
	background-color: blue;
	color: #FFF;
}

.risk--1 {
	background-color: green;
	color: #FFF;
}

.summary {
	width: 45%;
}

.summary th {
	color: #FFF;
}

.alerts {
	width: 75%;
}

.alerts th {
	color: #FFF;
}

.results {
	width: 100%;
}

.results th {
	text-align: left;
}

.left-header {
	display: inline-block;
}
</style>
  </head>
  <body>
    <h1>
      <img src="data:image/png;base64,iVBORw0KGgoAAAANSUhEUgAAACAAAAAgCAYAAABzenr0AAAABmJLR0QA/wD/AP+gvaeTAAAACXBIWXMAABqbAAAamwHdbkbTAAAAB3RJTUUH4QsKDDQPKy6k8AAABxpJREFUWMO9l31sVWcdxz+/55xzbwt9QddJExClvIzNxTKJDZi22oJSbFZpmRb4g8sfhpEIwXQNTKh0NYgiMKIwo5AsdIxdQldGNBN5W2OTFRVcIZE1YwExcXOdc1DK+nLvOc/PP87tC9CWsj98bp6ck3Ofc57v7+37/T3wYGMucBR4F/gK/8exAugAdPXq1bpx40YFekZdHYuP+8PuGP+lAc8CmzIyMtLq6uqora3FcRwAzp49m/7Wv5O95tsNEfyEKvwH9B1V2hT7GnB+PABkhGePAvVA9dy5c6mvr2fp0qX3LOru7iYrK4toSQ1OXhGKohpOiyVQe0NVn9PGFb8iFofGFSMCMMPulwEXgbdXrlxZ3dHRQXt7+4ibA2RmZtLc3Ex/y/O4fg8RMUSMS8RxiRiPqPE+4xrnl07syA3Q+aN5wADlwO1oNPpqQ0NDfl9fH4cPH2bOnDn3dV9VVRWVlVV88vsteNF0XCO4xuA6Bs9xiBgPz/EmueKcIxavHyk/BPjnli1bpm3btu1TZ2hmxkTk8aeYMK8aay1WFVWwqgSqBDYgqQFJGxygccWa4e86IhJpbW39Zk5ODgUFBZ8KwOLFZeyr/wHZs0vw0jMxIqFpAuFt+EOYZ/OrAi41t96dhF8HThcWFnpnzpwhGo0+MIhnamvZs+8AM55uIhn4+Cnrkza8Wqv4NiBhfXwNCgxy3jauuKMKPOCPrpHSU2fOUlJS8sAg8qZP50bGY0xeuIFk4JO0SnIYiMAqSRuQDPyPgsbqh++ugqSsPXGC+WsoLS1lzZqnHxhA40svcfPvfyDNjRARwTOCJ+E0IjgiOGIwRnIkFl97NwBMX9dPvEfLSC+t5cCB/eTk5Ix78ylTplBcXMxDjy3EweIZISKSqoxwcyOCYwRXHETkuSEAsTjE4kVGTLrjpdP7p33U1NTQ2dk5bgCbN28Ow7BoA8YmcVOWR1KWuyKIgEEwYjBiJhN75Ushr15qRp747g9dcRZ4RtCuf3HhdBMlpQuZNm3auAAUFBRw+fJlWl/dy9SCaqwGIBIyJGBTUwemWqzy/mAIRPmaEUGsJeNbz+IVfJ+ioiI2bNgwbi80NTUxJWciV47/GM9Lwwg4CA6CSblbBqYYRPjqEACRR8JaVcRPkPHlJ5m66kX27W8kL2/6uMPR3t7Ox+++yQcXjmLEIEYQA8YIkuIHSYVDkBnDk3DSEDwAi5c5mUfWNtGVPovc3FwOHTp0XwDZ2dm0nTvH9Td+zSedVxDVkIQAEQ1BoIgKCpnmflqpQcAXyjYxo6KeVatWUVZWRiKRGPO1+fPns2vXLjoOr7uvFA8HcHMoQ8IHmkqOINnH1d81kJeXR0VFRcqKkUcQBLS0tHD79u2QXHq7UmkIqgKqoIKKAnQPNiSqXFG0QFVCXbcGK4pVIdnTBcDOnTupqqoa06q2tjZKS0uZ8LmZzKiox5nwWXzfx9qBfmGgCkDRa4MeUNE3repg2QSEiwMFk5nDF8vrWLZsGTNnzqS9vX1UAEVFRezYsYOeD68y8fNPEFifAL2rDAfBnJdhGv0NzzgtoYYbHGOICkSMIWKEqBE8x+X91v18cKGJyspKDh48SFZW1ohAlixZQstfLzM99iK9iQQJqySsxVfFDyz9Nolv/fw7gumsPtIbMZE0zxhcR3DFEDVCZIDTjeA5Drb3Jv84sYOu639j69atNDQ0jAgiN3cyPQ/NJXvhM/QnEwRW8dWSDAL6bbLTHlyee0cVWNWfBhpgVbEWfFUSqiSGqVoyCCCaxayndjKn+nm2736BzIyJHDt27B4AFy9eovvtU3R3nA5DkFJEXwNUtWHEptSsPtIXNW7UMy4mJSLeMA+4IrhCKC6A46XR+VYz772xj/z8fJqampg1a9bg906ePElZWRlZy3+DZuSGPUGQ/G/QuDznHjVMeaEyaS2+WqxVbMryxMDVKv0W+qzSr0pPoo/Mx8uZs/51rgdTmD17NrFYbJArFi9ezKZNm7h1dD1B4JO0PgG23KR6QxnlYLHXM846z7i4oX4P6vmA9Q6ENMsQZyiGxK1OPjr5M5Kd77B7925qamoAWLBgAX+59jFU7tmivy3fPvq5INXDSyx+3DXOd1xx8YzBiGBMKCIDwmKMDLEWEnoMUDdK37U2bp/6BQ9PSueV+BEWLVpEdnYW3be6f67wo7EOJoMgiMX3uuKs84zBEQcjghjBMCAmhF1niskGCMaiqFWs8ehrj+Off5nCwkK2b99OcXExwFTgvdEB3AmizIi85oqTNgDCSKrPFWV4DFRD/beqWLX4YUXdst0ffk+b168CVqZWpwN9YwO4Wzhi8c1GpM6ISTcYREJPMOSAQYZLHc1upY5meyjfBq/XAUwGbgL9Y4dgrBGLFwtSITAPkekCk1L73wS9qsoFxR6nceWfx/O5/wGLCSMJ+zJrfwAAAABJRU5ErkJggg==" alt=""/>

		ZAP Scanning Report
	    </h1>
    <p/>
    <h2>
		
		
		Sitios: https://juice-shop.herokuapp.com https://update.googleapis.com https://content-autofill.googleapis.com https://accounts.google.com https://cdnjs.cloudflare.com
	</h2>
    <h3>
		Generado mar, 14 nov 2023 22:33:35
	</h3>
    <h3>
		ZAP Version: 2.14.0
	</h3>
    <h3 class="left-header">Sumario de Alertas</h3>
    <table class="summary">
      <tr>
        <th colspan="1" rowspan="1" width="45%" height="24">Nivel de riesgo</th>
        <th align="center" colspan="1" rowspan="1" width="55%">Número de Alertas</th>
      </tr>
      <tr>
        <td colspan="1" rowspan="1" class="risk-3">
          <div>Alto</div>
        </td>
        <td align="center" colspan="1" rowspan="1">
          <div>1</div>
        </td>
      </tr>
      <tr>
        <td colspan="1" rowspan="1" class="risk-2">
          <div>Medio</div>
        </td>
        <td align="center" colspan="1" rowspan="1">
          <div>5</div>
        </td>
      </tr>
      <tr>
        <td colspan="1" rowspan="1" class="risk-1">
          <div>Bajo</div>
        </td>
        <td align="center" colspan="1" rowspan="1">
          <div>5</div>
        </td>
      </tr>
      <tr>
        <td colspan="1" rowspan="1" class="risk-0">
          <div>Informativo</div>
        </td>
        <td align="center" colspan="1" rowspan="1">
          <div>6</div>
        </td>
      </tr>
      <tr>
        <td colspan="1" rowspan="1" class="risk--1">
          <div>				Falsos Positivos:</div>
        </td>
        <td align="center" colspan="1" rowspan="1">
          <div>0</div>
        </td>
      </tr>
    </table>
    <div class="spacer-lg"/>
    <h3>Alertas</h3>
    <table class="alerts">
      <tr>
        <th colspan="1" rowspan="1" width="60%" height="24">Nombre</th>
        <th align="center" colspan="1" rowspan="1" width="20%">Nivel de riesgo</th>
        <th align="center" colspan="1" rowspan="1" width="20%">Número de Instancias</th>
      </tr>
      <tr>
        <td colspan="1" rowspan="1">
          <a shape="rect" href="#40018">Inyección SQL - SQLite</a>
        </td>
        <td align="center" colspan="1" rowspan="1" class="risk-3">Alto</td>
        <td align="center" colspan="1" rowspan="1">2</td>
      </tr>
      <tr>
        <td colspan="1" rowspan="1">
          <a shape="rect" href="#10038">Cabecera Content Security Policy (CSP) no configurada</a>
        </td>
        <td align="center" colspan="1" rowspan="1" class="risk-2">Medio</td>
        <td align="center" colspan="1" rowspan="1">2</td>
      </tr>
      <tr>
        <td colspan="1" rowspan="1">
          <a shape="rect" href="#10098">Desconfiguración de Dominio cruzado</a>
        </td>
        <td align="center" colspan="1" rowspan="1" class="risk-2">Medio</td>
        <td align="center" colspan="1" rowspan="1">19</td>
      </tr>
      <tr>
        <td colspan="1" rowspan="1">
          <a shape="rect" href="#10020">Falta de cabecera Anti-Clickjacking</a>
        </td>
        <td align="center" colspan="1" rowspan="1" class="risk-2">Medio</td>
        <td align="center" colspan="1" rowspan="1">1</td>
      </tr>
      <tr>
        <td colspan="1" rowspan="1">
          <a shape="rect" href="#10003">Librería JS Vulnerable</a>
        </td>
        <td align="center" colspan="1" rowspan="1" class="risk-2">Medio</td>
        <td align="center" colspan="1" rowspan="1">1</td>
      </tr>
      <tr>
        <td colspan="1" rowspan="1">
          <a shape="rect" href="#3">Session ID in URL Rewrite</a>
        </td>
        <td align="center" colspan="1" rowspan="1" class="risk-2">Medio</td>
        <td align="center" colspan="1" rowspan="1">4</td>
      </tr>
      <tr>
        <td colspan="1" rowspan="1">
          <a shape="rect" href="#10017">Cross-Domain JavaScript Source File Inclusion</a>
        </td>
        <td align="center" colspan="1" rowspan="1" class="risk-1">Bajo</td>
        <td align="center" colspan="1" rowspan="1">2</td>
      </tr>
      <tr>
        <td colspan="1" rowspan="1">
          <a shape="rect" href="#10096">Divulgación de la marca de hora - Unix</a>
        </td>
        <td align="center" colspan="1" rowspan="1" class="risk-1">Bajo</td>
        <td align="center" colspan="1" rowspan="1">28</td>
      </tr>
      <tr>
        <td colspan="1" rowspan="1">
          <a shape="rect" href="#2">Private IP Disclosure</a>
        </td>
        <td align="center" colspan="1" rowspan="1" class="risk-1">Bajo</td>
        <td align="center" colspan="1" rowspan="1">1</td>
      </tr>
      <tr>
        <td colspan="1" rowspan="1">
          <a shape="rect" href="#10035">Strict-Transport-Security Header Not Set</a>
        </td>
        <td align="center" colspan="1" rowspan="1" class="risk-1">Bajo</td>
        <td align="center" colspan="1" rowspan="1">26</td>
      </tr>
      <tr>
        <td colspan="1" rowspan="1">
          <a shape="rect" href="#10021">X-Content-Type-Options Header Missing</a>
        </td>
        <td align="center" colspan="1" rowspan="1" class="risk-1">Bajo</td>
        <td align="center" colspan="1" rowspan="1">4</td>
      </tr>
      <tr>
        <td colspan="1" rowspan="1">
          <a shape="rect" href="#10111">Authentication Request Identified</a>
        </td>
        <td align="center" colspan="1" rowspan="1" class="risk-0">Informativo</td>
        <td align="center" colspan="1" rowspan="1">1</td>
      </tr>
      <tr>
        <td colspan="1" rowspan="1">
          <a shape="rect" href="#10027">Divulgación de información - Comentarios sospechosos</a>
        </td>
        <td align="center" colspan="1" rowspan="1" class="risk-0">Informativo</td>
        <td align="center" colspan="1" rowspan="1">4</td>
      </tr>
      <tr>
        <td colspan="1" rowspan="1">
          <a shape="rect" href="#10109">Modern Web Application</a>
        </td>
        <td align="center" colspan="1" rowspan="1" class="risk-0">Informativo</td>
        <td align="center" colspan="1" rowspan="1">1</td>
      </tr>
      <tr>
        <td colspan="1" rowspan="1">
          <a shape="rect" href="#10015">Re-examine Cache-control Directives</a>
        </td>
        <td align="center" colspan="1" rowspan="1" class="risk-0">Informativo</td>
        <td align="center" colspan="1" rowspan="1">18</td>
      </tr>
      <tr>
        <td colspan="1" rowspan="1">
          <a shape="rect" href="#10050">Retrieved from Cache</a>
        </td>
        <td align="center" colspan="1" rowspan="1" class="risk-0">Informativo</td>
        <td align="center" colspan="1" rowspan="1">9</td>
      </tr>
      <tr>
        <td colspan="1" rowspan="1">
          <a shape="rect" href="#10104">User Agent Fuzzer</a>
        </td>
        <td align="center" colspan="1" rowspan="1" class="risk-0">Informativo</td>
        <td align="center" colspan="1" rowspan="1">132</td>
      </tr>
    </table>
    <div class="spacer-lg"/>
    <h3>Detalles de la Alerta</h3>
    <table class="results">
      <tr height="24">
        <th colspan="1" rowspan="1" class="risk-3" width="20%">
          <a shape="rect" id="40018"/>
          <div>Alto</div>
        </th>
        <th colspan="1" rowspan="1" class="risk-3">Inyección SQL - SQLite</th>
      </tr>
      <tr>
        <td colspan="1" rowspan="1" width="20%">Descripción</td>
        <td colspan="1" rowspan="1" width="80%">
          <div>Inyección SQL puede ser posible.</div>
        </td>
      </tr>
      <tr valign="top">
        <td colspan="2" rowspan="1"/>
      </tr>
      <tr>
        <td colspan="1" rowspan="1" class="indent1" width="20%">URL</td>
        <td colspan="1" rowspan="1" width="80%">
          <a shape="rect" href="https://juice-shop.herokuapp.com/rest/products/search?q=%27%28">https://juice-shop.herokuapp.com/rest/products/search?q=%27%28</a>
        </td>
      </tr>
      <tr>
        <td colspan="1" rowspan="1" class="indent2" width="20%">Método</td>
        <td colspan="1" rowspan="1" width="80%">GET</td>
      </tr>
      <tr>
        <td colspan="1" rowspan="1" class="indent2" width="20%">Parámetros</td>
        <td colspan="1" rowspan="1" width="80%">q</td>
      </tr>
      <tr>
        <td colspan="1" rowspan="1" class="indent2" width="20%">Ataque</td>
        <td colspan="1" rowspan="1" width="80%">'(</td>
      </tr>
      <tr>
        <td colspan="1" rowspan="1" class="indent2" width="20%">Evidencia</td>
        <td colspan="1" rowspan="1" width="80%">SQLITE_ERROR</td>
      </tr>
      <tr>
        <td colspan="1" rowspan="1" class="indent2" width="20%">Other Info</td>
        <td colspan="1" rowspan="1" width="80%">RDBMS [SQLite] probable, la expresión regular del mensaje de error que aparece [SQLITE_ERROR] corresponde con los resultados HTML.
La vulnerabilidad fue detectada por la manipulación del parámetro para causar un mensaje de error de base de datos a ser retornado y reconocido</td>
      </tr>
      <tr>
        <td colspan="1" rowspan="1" class="indent1" width="20%">URL</td>
        <td colspan="1" rowspan="1" width="80%">
          <a shape="rect" href="https://juice-shop.herokuapp.com/socket.io/?EIO=4&amp;transport=polling&amp;t=OlGnyM1&amp;sid=oXBzVbO52_EmBjGYAAOz">https://juice-shop.herokuapp.com/socket.io/?EIO=4&amp;transport=polling&amp;t=OlGnyM1&amp;sid=oXBzVbO52_EmBjGYAAOz</a>
        </td>
      </tr>
      <tr>
        <td colspan="1" rowspan="1" class="indent2" width="20%">Método</td>
        <td colspan="1" rowspan="1" width="80%">GET</td>
      </tr>
      <tr>
        <td colspan="1" rowspan="1" class="indent2" width="20%">Parámetros</td>
        <td colspan="1" rowspan="1" width="80%">transport</td>
      </tr>
      <tr>
        <td colspan="1" rowspan="1" class="indent2" width="20%">Ataque</td>
        <td colspan="1" rowspan="1" width="80%">case randomblob(100000) when not null then 1 else 1 end </td>
      </tr>
      <tr>
        <td colspan="1" rowspan="1" class="indent2" width="20%">Evidencia</td>
        <td colspan="1" rowspan="1" width="80%">El tiempo de consulta es controlable mediante el valor del parámetro [case randomblob(100000) when not null then 1 else 1 end ], que hizo que la petición tardara [611] milisegundos, el valor del parámetro [case randomblob(1000000) when not null then 1 else 1 end ], que ha provocado que la solicitud tardara [612] milisegundos, cuando la consulta original sin modificar con el valor [polling] tardó [592] milisegundos.</td>
      </tr>
      <tr>
        <td colspan="1" rowspan="1" class="indent2" width="20%">Other Info</td>
        <td colspan="1" rowspan="1" width="80%">El tiempo de consulta es controlable mediante el valor del parámetro [case randomblob(100000) when not null then 1 else 1 end ], que hizo que la petición tardara [611] milisegundos, el valor del parámetro [case randomblob(1000000) when not null then 1 else 1 end ], que ha provocado que la solicitud tardara [612] milisegundos, cuando la consulta original sin modificar con el valor [polling] tardó [592] milisegundos.</td>
      </tr>
      <tr>
        <td colspan="1" rowspan="1" width="20%">Instancia</td>
        <td colspan="1" rowspan="1" width="80%">2</td>
      </tr>
      <tr>
        <td colspan="1" rowspan="1" width="20%">Solución</td>
        <td colspan="1" rowspan="1" width="80%">
          <div>No confíe en los datos de entrada del lado del cliente, incluso si existe una validación del lado del cliente.</div>
          <br clear="none"/>
          <div>Como norma general, escriba la verificación de los datos en el lado del servidor.</div>
          <br clear="none"/>
          <div>Si la aplicación usa JDBC, use PreparedStatement o CallableStatement, con parámetros pasados ??por '?'</div>
          <br clear="none"/>
          <div>Si la aplicación usa ASP, use objetos de comando ADO con verificación de tipo fuerte y consultas parametrizadas.</div>
          <br clear="none"/>
          <div>Si se pueden usar los procedimientos almacenados de la base de datos, utilícelos.</div>
          <br clear="none"/>
          <div>¡*No* concatene cadenas en consultas en el procedimiento almacenado, o use 'exec', 'exex immediate' o una función equivalente!</div>
          <br clear="none"/>
          <div>No cree consultas SQL dinámicas mediante la concatenación de cadenas simples.</div>
          <br clear="none"/>
          <div>Escape todos los datos recibidos del cliente.</div>
          <br clear="none"/>
          <div>Aplique una 'lista de permitidos' para caracteres permitidos o una 'lista de denegados' para caracteres no permitidos en la entrada del usuario.</div>
          <br clear="none"/>
          <div>Aplique el principio de privilegio mínimo utilizando el usuario de base de datos con el menor privilegio posible.</div>
          <br clear="none"/>
          <div>En particular, evite utilizar usuarios de bases de datos 'sa' o 'db-owner'. Esto no elimina la inyección SQL, pero minimiza su impacto.</div>
          <br clear="none"/>
          <div>Otorgue el acceso mínimo a la base de datos que sea necesario para la aplicación.</div>
        </td>
      </tr>
      <tr>
        <td colspan="1" rowspan="1" width="20%">Referencia</td>
        <td colspan="1" rowspan="1" width="80%">
          <a shape="rect" href="https://cheatsheetseries.owasp.org/cheatsheets/SQL_Injection_Prevention_Cheat_Sheet.html">https://cheatsheetseries.owasp.org/cheatsheets/SQL_Injection_Prevention_Cheat_Sheet.html</a>
        </td>
      </tr>
      <tr>
        <td colspan="1" rowspan="1" width="20%">CWE Id</td>
        <td colspan="1" rowspan="1" width="80%">
          <a shape="rect" href="https://cwe.mitre.org/data/definitions/89.html">89</a>
        </td>
      </tr>
      <tr>
        <td colspan="1" rowspan="1" width="20%">WASC Id</td>
        <td colspan="1" rowspan="1" width="80%">19</td>
      </tr>
      <tr>
        <td colspan="1" rowspan="1" width="20%">Plugin Id</td>
        <td colspan="1" rowspan="1" width="80%">
          <a shape="rect" href="https://www.zaproxy.org/docs/alerts/40018/">40018</a>
        </td>
      </tr>
    </table>
    <div class="spacer"/>
    <table class="results">
      <tr height="24">
        <th colspan="1" rowspan="1" class="risk-2" width="20%">
          <a shape="rect" id="10038"/>
          <div>Medio</div>
        </th>
        <th colspan="1" rowspan="1" class="risk-2">Cabecera Content Security Policy (CSP) no configurada</th>
      </tr>
      <tr>
        <td colspan="1" rowspan="1" width="20%">Descripción</td>
        <td colspan="1" rowspan="1" width="80%">
          <div>La Política de seguridad de contenido (CSP) es una capa adicional de seguridad que ayuda a detectar y mitigar ciertos tipos de ataques, incluidos Cross Site Scripting (XSS) y ataques de inyección de datos. Estos ataques se utilizan para todo, desde el robo de datos hasta la desfiguración del sitio o la distribución de malware. CSP proporciona un conjunto de encabezados HTTP estándar que permiten a los propietarios de sitios web declarar fuentes de contenido aprobadas que los navegadores deberían poder cargar en esa página; los tipos cubiertos son JavaScript, CSS, marcos HTML, fuentes, imágenes y objetos incrustados como applets de Java, ActiveX, archivos de audio y video.</div>
        </td>
      </tr>
      <tr valign="top">
        <td colspan="2" rowspan="1"/>
      </tr>
      <tr>
        <td colspan="1" rowspan="1" class="indent1" width="20%">URL</td>
        <td colspan="1" rowspan="1" width="80%">
          <a shape="rect" href="https://juice-shop.herokuapp.com/">https://juice-shop.herokuapp.com/</a>
        </td>
      </tr>
      <tr>
        <td colspan="1" rowspan="1" class="indent2" width="20%">Método</td>
        <td colspan="1" rowspan="1" width="80%">GET</td>
      </tr>
      <tr>
        <td colspan="1" rowspan="1" class="indent2" width="20%">Parámetros</td>
        <td colspan="1" rowspan="1" width="80%"/>
      </tr>
      <tr>
        <td colspan="1" rowspan="1" class="indent2" width="20%">Ataque</td>
        <td colspan="1" rowspan="1" width="80%"/>
      </tr>
      <tr>
        <td colspan="1" rowspan="1" class="indent2" width="20%">Evidencia</td>
        <td colspan="1" rowspan="1" width="80%"/>
      </tr>
      <tr>
        <td colspan="1" rowspan="1" class="indent2" width="20%">Other Info</td>
        <td colspan="1" rowspan="1" width="80%"/>
      </tr>
      <tr>
        <td colspan="1" rowspan="1" class="indent1" width="20%">URL</td>
        <td colspan="1" rowspan="1" width="80%">
          <a shape="rect" href="https://juice-shop.herokuapp.com/socket.io/?EIO=4&amp;transport=polling&amp;t=OlGnyCj&amp;sid=oXBzVbO52_EmBjGYAAOz">https://juice-shop.herokuapp.com/socket.io/?EIO=4&amp;transport=polling&amp;t=OlGnyCj&amp;sid=oXBzVbO52_EmBjGYAAOz</a>
        </td>
      </tr>
      <tr>
        <td colspan="1" rowspan="1" class="indent2" width="20%">Método</td>
        <td colspan="1" rowspan="1" width="80%">POST</td>
      </tr>
      <tr>
        <td colspan="1" rowspan="1" class="indent2" width="20%">Parámetros</td>
        <td colspan="1" rowspan="1" width="80%"/>
      </tr>
      <tr>
        <td colspan="1" rowspan="1" class="indent2" width="20%">Ataque</td>
        <td colspan="1" rowspan="1" width="80%"/>
      </tr>
      <tr>
        <td colspan="1" rowspan="1" class="indent2" width="20%">Evidencia</td>
        <td colspan="1" rowspan="1" width="80%"/>
      </tr>
      <tr>
        <td colspan="1" rowspan="1" class="indent2" width="20%">Other Info</td>
        <td colspan="1" rowspan="1" width="80%"/>
      </tr>
      <tr>
        <td colspan="1" rowspan="1" width="20%">Instancia</td>
        <td colspan="1" rowspan="1" width="80%">2</td>
      </tr>
      <tr>
        <td colspan="1" rowspan="1" width="20%">Solución</td>
        <td colspan="1" rowspan="1" width="80%">
          <div>Asegúrese de que su servidor web, servidor de aplicaciones, balanceador de carga, etc. esté configurado para establecer la cabecera Content-Security-Policy.</div>
        </td>
      </tr>
      <tr>
        <td colspan="1" rowspan="1" width="20%">Referencia</td>
        <td colspan="1" rowspan="1" width="80%">
          <a shape="rect" href="https://developer.mozilla.org/en-US/docs/Web/Security/CSP/Introducing_Content_Security_Policy">https://developer.mozilla.org/en-US/docs/Web/Security/CSP/Introducing_Content_Security_Policy</a>
          <br clear="none"/>
          <a shape="rect" href="https://cheatsheetseries.owasp.org/cheatsheets/Content_Security_Policy_Cheat_Sheet.html">https://cheatsheetseries.owasp.org/cheatsheets/Content_Security_Policy_Cheat_Sheet.html</a>
          <br clear="none"/>
          <a shape="rect" href="http://www.w3.org/TR/CSP/">http://www.w3.org/TR/CSP/</a>
          <br clear="none"/>
          <a shape="rect" href="http://w3c.github.io/webappsec/specs/content-security-policy/csp-specification.dev.html">http://w3c.github.io/webappsec/specs/content-security-policy/csp-specification.dev.html</a>
          <br clear="none"/>
          <a shape="rect" href="http://www.html5rocks.com/en/tutorials/security/content-security-policy/">http://www.html5rocks.com/en/tutorials/security/content-security-policy/</a>
          <br clear="none"/>
          <a shape="rect" href="http://caniuse.com/#feat=contentsecuritypolicy">http://caniuse.com/#feat=contentsecuritypolicy</a>
          <br clear="none"/>
          <a shape="rect" href="http://content-security-policy.com/">http://content-security-policy.com/</a>
        </td>
      </tr>
      <tr>
        <td colspan="1" rowspan="1" width="20%">CWE Id</td>
        <td colspan="1" rowspan="1" width="80%">
          <a shape="rect" href="https://cwe.mitre.org/data/definitions/693.html">693</a>
        </td>
      </tr>
      <tr>
        <td colspan="1" rowspan="1" width="20%">WASC Id</td>
        <td colspan="1" rowspan="1" width="80%">15</td>
      </tr>
      <tr>
        <td colspan="1" rowspan="1" width="20%">Plugin Id</td>
        <td colspan="1" rowspan="1" width="80%">
          <a shape="rect" href="https://www.zaproxy.org/docs/alerts/10038/">10038</a>
        </td>
      </tr>
    </table>
    <div class="spacer"/>
    <table class="results">
      <tr height="24">
        <th colspan="1" rowspan="1" class="risk-2" width="20%">
          <a shape="rect" id="10098"/>
          <div>Medio</div>
        </th>
        <th colspan="1" rowspan="1" class="risk-2">Desconfiguración de Dominio cruzado</th>
      </tr>
      <tr>
        <td colspan="1" rowspan="1" width="20%">Descripción</td>
        <td colspan="1" rowspan="1" width="80%">
          <div>Descargas de datos del navegador web podría ser posible, debido a una desconfiguración del intercambio de recursos cruzados de origen (CORS) en el servidor web</div>
        </td>
      </tr>
      <tr valign="top">
        <td colspan="2" rowspan="1"/>
      </tr>
      <tr>
        <td colspan="1" rowspan="1" class="indent1" width="20%">URL</td>
        <td colspan="1" rowspan="1" width="80%">
          <a shape="rect" href="https://cdnjs.cloudflare.com/ajax/libs/cookieconsent2/3.1.0/cookieconsent.min.css">https://cdnjs.cloudflare.com/ajax/libs/cookieconsent2/3.1.0/cookieconsent.min.css</a>
        </td>
      </tr>
      <tr>
        <td colspan="1" rowspan="1" class="indent2" width="20%">Método</td>
        <td colspan="1" rowspan="1" width="80%">GET</td>
      </tr>
      <tr>
        <td colspan="1" rowspan="1" class="indent2" width="20%">Parámetros</td>
        <td colspan="1" rowspan="1" width="80%"/>
      </tr>
      <tr>
        <td colspan="1" rowspan="1" class="indent2" width="20%">Ataque</td>
        <td colspan="1" rowspan="1" width="80%"/>
      </tr>
      <tr>
        <td colspan="1" rowspan="1" class="indent2" width="20%">Evidencia</td>
        <td colspan="1" rowspan="1" width="80%">Access-Control-Allow-Origin: *</td>
      </tr>
      <tr>
        <td colspan="1" rowspan="1" class="indent2" width="20%">Other Info</td>
        <td colspan="1" rowspan="1" width="80%">La desconfiguración CORS en el servidor web permite a dominios cruzados leer peticiones de dominios de terceros arbitrariamente, usando APIs sin autenticación en este dominio. Las implementaciones de navegador web no permiten a terceros arbitrarios leer la respuesta de APIs autenticados, de todas formas. Esto reduce el riesgo de alguna forma. Esta desconfiguración podría ser usada por un atacante para acceder a datos que está disponible en una manera sin autenticación, pero que usa otra forma de seguridad, tal como la dirección IP lista-blanca.</td>
      </tr>
      <tr>
        <td colspan="1" rowspan="1" class="indent1" width="20%">URL</td>
        <td colspan="1" rowspan="1" width="80%">
          <a shape="rect" href="https://cdnjs.cloudflare.com/ajax/libs/cookieconsent2/3.1.0/cookieconsent.min.js">https://cdnjs.cloudflare.com/ajax/libs/cookieconsent2/3.1.0/cookieconsent.min.js</a>
        </td>
      </tr>
      <tr>
        <td colspan="1" rowspan="1" class="indent2" width="20%">Método</td>
        <td colspan="1" rowspan="1" width="80%">GET</td>
      </tr>
      <tr>
        <td colspan="1" rowspan="1" class="indent2" width="20%">Parámetros</td>
        <td colspan="1" rowspan="1" width="80%"/>
      </tr>
      <tr>
        <td colspan="1" rowspan="1" class="indent2" width="20%">Ataque</td>
        <td colspan="1" rowspan="1" width="80%"/>
      </tr>
      <tr>
        <td colspan="1" rowspan="1" class="indent2" width="20%">Evidencia</td>
        <td colspan="1" rowspan="1" width="80%">Access-Control-Allow-Origin: *</td>
      </tr>
      <tr>
        <td colspan="1" rowspan="1" class="indent2" width="20%">Other Info</td>
        <td colspan="1" rowspan="1" width="80%">La desconfiguración CORS en el servidor web permite a dominios cruzados leer peticiones de dominios de terceros arbitrariamente, usando APIs sin autenticación en este dominio. Las implementaciones de navegador web no permiten a terceros arbitrarios leer la respuesta de APIs autenticados, de todas formas. Esto reduce el riesgo de alguna forma. Esta desconfiguración podría ser usada por un atacante para acceder a datos que está disponible en una manera sin autenticación, pero que usa otra forma de seguridad, tal como la dirección IP lista-blanca.</td>
      </tr>
      <tr>
        <td colspan="1" rowspan="1" class="indent1" width="20%">URL</td>
        <td colspan="1" rowspan="1" width="80%">
          <a shape="rect" href="https://cdnjs.cloudflare.com/ajax/libs/jquery/2.2.4/jquery.min.js">https://cdnjs.cloudflare.com/ajax/libs/jquery/2.2.4/jquery.min.js</a>
        </td>
      </tr>
      <tr>
        <td colspan="1" rowspan="1" class="indent2" width="20%">Método</td>
        <td colspan="1" rowspan="1" width="80%">GET</td>
      </tr>
      <tr>
        <td colspan="1" rowspan="1" class="indent2" width="20%">Parámetros</td>
        <td colspan="1" rowspan="1" width="80%"/>
      </tr>
      <tr>
        <td colspan="1" rowspan="1" class="indent2" width="20%">Ataque</td>
        <td colspan="1" rowspan="1" width="80%"/>
      </tr>
      <tr>
        <td colspan="1" rowspan="1" class="indent2" width="20%">Evidencia</td>
        <td colspan="1" rowspan="1" width="80%">Access-Control-Allow-Origin: *</td>
      </tr>
      <tr>
        <td colspan="1" rowspan="1" class="indent2" width="20%">Other Info</td>
        <td colspan="1" rowspan="1" width="80%">La desconfiguración CORS en el servidor web permite a dominios cruzados leer peticiones de dominios de terceros arbitrariamente, usando APIs sin autenticación en este dominio. Las implementaciones de navegador web no permiten a terceros arbitrarios leer la respuesta de APIs autenticados, de todas formas. Esto reduce el riesgo de alguna forma. Esta desconfiguración podría ser usada por un atacante para acceder a datos que está disponible en una manera sin autenticación, pero que usa otra forma de seguridad, tal como la dirección IP lista-blanca.</td>
      </tr>
      <tr>
        <td colspan="1" rowspan="1" class="indent1" width="20%">URL</td>
        <td colspan="1" rowspan="1" width="80%">
          <a shape="rect" href="https://juice-shop.herokuapp.com/">https://juice-shop.herokuapp.com/</a>
        </td>
      </tr>
      <tr>
        <td colspan="1" rowspan="1" class="indent2" width="20%">Método</td>
        <td colspan="1" rowspan="1" width="80%">GET</td>
      </tr>
      <tr>
        <td colspan="1" rowspan="1" class="indent2" width="20%">Parámetros</td>
        <td colspan="1" rowspan="1" width="80%"/>
      </tr>
      <tr>
        <td colspan="1" rowspan="1" class="indent2" width="20%">Ataque</td>
        <td colspan="1" rowspan="1" width="80%"/>
      </tr>
      <tr>
        <td colspan="1" rowspan="1" class="indent2" width="20%">Evidencia</td>
        <td colspan="1" rowspan="1" width="80%">Access-Control-Allow-Origin: *</td>
      </tr>
      <tr>
        <td colspan="1" rowspan="1" class="indent2" width="20%">Other Info</td>
        <td colspan="1" rowspan="1" width="80%">La desconfiguración CORS en el servidor web permite a dominios cruzados leer peticiones de dominios de terceros arbitrariamente, usando APIs sin autenticación en este dominio. Las implementaciones de navegador web no permiten a terceros arbitrarios leer la respuesta de APIs autenticados, de todas formas. Esto reduce el riesgo de alguna forma. Esta desconfiguración podría ser usada por un atacante para acceder a datos que está disponible en una manera sin autenticación, pero que usa otra forma de seguridad, tal como la dirección IP lista-blanca.</td>
      </tr>
      <tr>
        <td colspan="1" rowspan="1" class="indent1" width="20%">URL</td>
        <td colspan="1" rowspan="1" width="80%">
          <a shape="rect" href="https://juice-shop.herokuapp.com/api/Challenges/?name=Score%20Board">https://juice-shop.herokuapp.com/api/Challenges/?name=Score%20Board</a>
        </td>
      </tr>
      <tr>
        <td colspan="1" rowspan="1" class="indent2" width="20%">Método</td>
        <td colspan="1" rowspan="1" width="80%">GET</td>
      </tr>
      <tr>
        <td colspan="1" rowspan="1" class="indent2" width="20%">Parámetros</td>
        <td colspan="1" rowspan="1" width="80%"/>
      </tr>
      <tr>
        <td colspan="1" rowspan="1" class="indent2" width="20%">Ataque</td>
        <td colspan="1" rowspan="1" width="80%"/>
      </tr>
      <tr>
        <td colspan="1" rowspan="1" class="indent2" width="20%">Evidencia</td>
        <td colspan="1" rowspan="1" width="80%">Access-Control-Allow-Origin: *</td>
      </tr>
      <tr>
        <td colspan="1" rowspan="1" class="indent2" width="20%">Other Info</td>
        <td colspan="1" rowspan="1" width="80%">La desconfiguración CORS en el servidor web permite a dominios cruzados leer peticiones de dominios de terceros arbitrariamente, usando APIs sin autenticación en este dominio. Las implementaciones de navegador web no permiten a terceros arbitrarios leer la respuesta de APIs autenticados, de todas formas. Esto reduce el riesgo de alguna forma. Esta desconfiguración podría ser usada por un atacante para acceder a datos que está disponible en una manera sin autenticación, pero que usa otra forma de seguridad, tal como la dirección IP lista-blanca.</td>
      </tr>
      <tr>
        <td colspan="1" rowspan="1" class="indent1" width="20%">URL</td>
        <td colspan="1" rowspan="1" width="80%">
          <a shape="rect" href="https://juice-shop.herokuapp.com/api/Quantitys/">https://juice-shop.herokuapp.com/api/Quantitys/</a>
        </td>
      </tr>
      <tr>
        <td colspan="1" rowspan="1" class="indent2" width="20%">Método</td>
        <td colspan="1" rowspan="1" width="80%">GET</td>
      </tr>
      <tr>
        <td colspan="1" rowspan="1" class="indent2" width="20%">Parámetros</td>
        <td colspan="1" rowspan="1" width="80%"/>
      </tr>
      <tr>
        <td colspan="1" rowspan="1" class="indent2" width="20%">Ataque</td>
        <td colspan="1" rowspan="1" width="80%"/>
      </tr>
      <tr>
        <td colspan="1" rowspan="1" class="indent2" width="20%">Evidencia</td>
        <td colspan="1" rowspan="1" width="80%">Access-Control-Allow-Origin: *</td>
      </tr>
      <tr>
        <td colspan="1" rowspan="1" class="indent2" width="20%">Other Info</td>
        <td colspan="1" rowspan="1" width="80%">La desconfiguración CORS en el servidor web permite a dominios cruzados leer peticiones de dominios de terceros arbitrariamente, usando APIs sin autenticación en este dominio. Las implementaciones de navegador web no permiten a terceros arbitrarios leer la respuesta de APIs autenticados, de todas formas. Esto reduce el riesgo de alguna forma. Esta desconfiguración podría ser usada por un atacante para acceder a datos que está disponible en una manera sin autenticación, pero que usa otra forma de seguridad, tal como la dirección IP lista-blanca.</td>
      </tr>
      <tr>
        <td colspan="1" rowspan="1" class="indent1" width="20%">URL</td>
        <td colspan="1" rowspan="1" width="80%">
          <a shape="rect" href="https://juice-shop.herokuapp.com/api/SecurityQuestions/">https://juice-shop.herokuapp.com/api/SecurityQuestions/</a>
        </td>
      </tr>
      <tr>
        <td colspan="1" rowspan="1" class="indent2" width="20%">Método</td>
        <td colspan="1" rowspan="1" width="80%">GET</td>
      </tr>
      <tr>
        <td colspan="1" rowspan="1" class="indent2" width="20%">Parámetros</td>
        <td colspan="1" rowspan="1" width="80%"/>
      </tr>
      <tr>
        <td colspan="1" rowspan="1" class="indent2" width="20%">Ataque</td>
        <td colspan="1" rowspan="1" width="80%"/>
      </tr>
      <tr>
        <td colspan="1" rowspan="1" class="indent2" width="20%">Evidencia</td>
        <td colspan="1" rowspan="1" width="80%">Access-Control-Allow-Origin: *</td>
      </tr>
      <tr>
        <td colspan="1" rowspan="1" class="indent2" width="20%">Other Info</td>
        <td colspan="1" rowspan="1" width="80%">La desconfiguración CORS en el servidor web permite a dominios cruzados leer peticiones de dominios de terceros arbitrariamente, usando APIs sin autenticación en este dominio. Las implementaciones de navegador web no permiten a terceros arbitrarios leer la respuesta de APIs autenticados, de todas formas. Esto reduce el riesgo de alguna forma. Esta desconfiguración podría ser usada por un atacante para acceder a datos que está disponible en una manera sin autenticación, pero que usa otra forma de seguridad, tal como la dirección IP lista-blanca.</td>
      </tr>
      <tr>
        <td colspan="1" rowspan="1" class="indent1" width="20%">URL</td>
        <td colspan="1" rowspan="1" width="80%">
          <a shape="rect" href="https://juice-shop.herokuapp.com/assets/i18n/en.json">https://juice-shop.herokuapp.com/assets/i18n/en.json</a>
        </td>
      </tr>
      <tr>
        <td colspan="1" rowspan="1" class="indent2" width="20%">Método</td>
        <td colspan="1" rowspan="1" width="80%">GET</td>
      </tr>
      <tr>
        <td colspan="1" rowspan="1" class="indent2" width="20%">Parámetros</td>
        <td colspan="1" rowspan="1" width="80%"/>
      </tr>
      <tr>
        <td colspan="1" rowspan="1" class="indent2" width="20%">Ataque</td>
        <td colspan="1" rowspan="1" width="80%"/>
      </tr>
      <tr>
        <td colspan="1" rowspan="1" class="indent2" width="20%">Evidencia</td>
        <td colspan="1" rowspan="1" width="80%">Access-Control-Allow-Origin: *</td>
      </tr>
      <tr>
        <td colspan="1" rowspan="1" class="indent2" width="20%">Other Info</td>
        <td colspan="1" rowspan="1" width="80%">La desconfiguración CORS en el servidor web permite a dominios cruzados leer peticiones de dominios de terceros arbitrariamente, usando APIs sin autenticación en este dominio. Las implementaciones de navegador web no permiten a terceros arbitrarios leer la respuesta de APIs autenticados, de todas formas. Esto reduce el riesgo de alguna forma. Esta desconfiguración podría ser usada por un atacante para acceder a datos que está disponible en una manera sin autenticación, pero que usa otra forma de seguridad, tal como la dirección IP lista-blanca.</td>
      </tr>
      <tr>
        <td colspan="1" rowspan="1" class="indent1" width="20%">URL</td>
        <td colspan="1" rowspan="1" width="80%">
          <a shape="rect" href="https://juice-shop.herokuapp.com/main.js">https://juice-shop.herokuapp.com/main.js</a>
        </td>
      </tr>
      <tr>
        <td colspan="1" rowspan="1" class="indent2" width="20%">Método</td>
        <td colspan="1" rowspan="1" width="80%">GET</td>
      </tr>
      <tr>
        <td colspan="1" rowspan="1" class="indent2" width="20%">Parámetros</td>
        <td colspan="1" rowspan="1" width="80%"/>
      </tr>
      <tr>
        <td colspan="1" rowspan="1" class="indent2" width="20%">Ataque</td>
        <td colspan="1" rowspan="1" width="80%"/>
      </tr>
      <tr>
        <td colspan="1" rowspan="1" class="indent2" width="20%">Evidencia</td>
        <td colspan="1" rowspan="1" width="80%">Access-Control-Allow-Origin: *</td>
      </tr>
      <tr>
        <td colspan="1" rowspan="1" class="indent2" width="20%">Other Info</td>
        <td colspan="1" rowspan="1" width="80%">La desconfiguración CORS en el servidor web permite a dominios cruzados leer peticiones de dominios de terceros arbitrariamente, usando APIs sin autenticación en este dominio. Las implementaciones de navegador web no permiten a terceros arbitrarios leer la respuesta de APIs autenticados, de todas formas. Esto reduce el riesgo de alguna forma. Esta desconfiguración podría ser usada por un atacante para acceder a datos que está disponible en una manera sin autenticación, pero que usa otra forma de seguridad, tal como la dirección IP lista-blanca.</td>
      </tr>
      <tr>
        <td colspan="1" rowspan="1" class="indent1" width="20%">URL</td>
        <td colspan="1" rowspan="1" width="80%">
          <a shape="rect" href="https://juice-shop.herokuapp.com/MaterialIcons-Regular.woff2">https://juice-shop.herokuapp.com/MaterialIcons-Regular.woff2</a>
        </td>
      </tr>
      <tr>
        <td colspan="1" rowspan="1" class="indent2" width="20%">Método</td>
        <td colspan="1" rowspan="1" width="80%">GET</td>
      </tr>
      <tr>
        <td colspan="1" rowspan="1" class="indent2" width="20%">Parámetros</td>
        <td colspan="1" rowspan="1" width="80%"/>
      </tr>
      <tr>
        <td colspan="1" rowspan="1" class="indent2" width="20%">Ataque</td>
        <td colspan="1" rowspan="1" width="80%"/>
      </tr>
      <tr>
        <td colspan="1" rowspan="1" class="indent2" width="20%">Evidencia</td>
        <td colspan="1" rowspan="1" width="80%">Access-Control-Allow-Origin: *</td>
      </tr>
      <tr>
        <td colspan="1" rowspan="1" class="indent2" width="20%">Other Info</td>
        <td colspan="1" rowspan="1" width="80%">La desconfiguración CORS en el servidor web permite a dominios cruzados leer peticiones de dominios de terceros arbitrariamente, usando APIs sin autenticación en este dominio. Las implementaciones de navegador web no permiten a terceros arbitrarios leer la respuesta de APIs autenticados, de todas formas. Esto reduce el riesgo de alguna forma. Esta desconfiguración podría ser usada por un atacante para acceder a datos que está disponible en una manera sin autenticación, pero que usa otra forma de seguridad, tal como la dirección IP lista-blanca.</td>
      </tr>
      <tr>
        <td colspan="1" rowspan="1" class="indent1" width="20%">URL</td>
        <td colspan="1" rowspan="1" width="80%">
          <a shape="rect" href="https://juice-shop.herokuapp.com/polyfills.js">https://juice-shop.herokuapp.com/polyfills.js</a>
        </td>
      </tr>
      <tr>
        <td colspan="1" rowspan="1" class="indent2" width="20%">Método</td>
        <td colspan="1" rowspan="1" width="80%">GET</td>
      </tr>
      <tr>
        <td colspan="1" rowspan="1" class="indent2" width="20%">Parámetros</td>
        <td colspan="1" rowspan="1" width="80%"/>
      </tr>
      <tr>
        <td colspan="1" rowspan="1" class="indent2" width="20%">Ataque</td>
        <td colspan="1" rowspan="1" width="80%"/>
      </tr>
      <tr>
        <td colspan="1" rowspan="1" class="indent2" width="20%">Evidencia</td>
        <td colspan="1" rowspan="1" width="80%">Access-Control-Allow-Origin: *</td>
      </tr>
      <tr>
        <td colspan="1" rowspan="1" class="indent2" width="20%">Other Info</td>
        <td colspan="1" rowspan="1" width="80%">La desconfiguración CORS en el servidor web permite a dominios cruzados leer peticiones de dominios de terceros arbitrariamente, usando APIs sin autenticación en este dominio. Las implementaciones de navegador web no permiten a terceros arbitrarios leer la respuesta de APIs autenticados, de todas formas. Esto reduce el riesgo de alguna forma. Esta desconfiguración podría ser usada por un atacante para acceder a datos que está disponible en una manera sin autenticación, pero que usa otra forma de seguridad, tal como la dirección IP lista-blanca.</td>
      </tr>
      <tr>
        <td colspan="1" rowspan="1" class="indent1" width="20%">URL</td>
        <td colspan="1" rowspan="1" width="80%">
          <a shape="rect" href="https://juice-shop.herokuapp.com/rest/admin/application-configuration">https://juice-shop.herokuapp.com/rest/admin/application-configuration</a>
        </td>
      </tr>
      <tr>
        <td colspan="1" rowspan="1" class="indent2" width="20%">Método</td>
        <td colspan="1" rowspan="1" width="80%">GET</td>
      </tr>
      <tr>
        <td colspan="1" rowspan="1" class="indent2" width="20%">Parámetros</td>
        <td colspan="1" rowspan="1" width="80%"/>
      </tr>
      <tr>
        <td colspan="1" rowspan="1" class="indent2" width="20%">Ataque</td>
        <td colspan="1" rowspan="1" width="80%"/>
      </tr>
      <tr>
        <td colspan="1" rowspan="1" class="indent2" width="20%">Evidencia</td>
        <td colspan="1" rowspan="1" width="80%">Access-Control-Allow-Origin: *</td>
      </tr>
      <tr>
        <td colspan="1" rowspan="1" class="indent2" width="20%">Other Info</td>
        <td colspan="1" rowspan="1" width="80%">La desconfiguración CORS en el servidor web permite a dominios cruzados leer peticiones de dominios de terceros arbitrariamente, usando APIs sin autenticación en este dominio. Las implementaciones de navegador web no permiten a terceros arbitrarios leer la respuesta de APIs autenticados, de todas formas. Esto reduce el riesgo de alguna forma. Esta desconfiguración podría ser usada por un atacante para acceder a datos que está disponible en una manera sin autenticación, pero que usa otra forma de seguridad, tal como la dirección IP lista-blanca.</td>
      </tr>
      <tr>
        <td colspan="1" rowspan="1" class="indent1" width="20%">URL</td>
        <td colspan="1" rowspan="1" width="80%">
          <a shape="rect" href="https://juice-shop.herokuapp.com/rest/admin/application-version">https://juice-shop.herokuapp.com/rest/admin/application-version</a>
        </td>
      </tr>
      <tr>
        <td colspan="1" rowspan="1" class="indent2" width="20%">Método</td>
        <td colspan="1" rowspan="1" width="80%">GET</td>
      </tr>
      <tr>
        <td colspan="1" rowspan="1" class="indent2" width="20%">Parámetros</td>
        <td colspan="1" rowspan="1" width="80%"/>
      </tr>
      <tr>
        <td colspan="1" rowspan="1" class="indent2" width="20%">Ataque</td>
        <td colspan="1" rowspan="1" width="80%"/>
      </tr>
      <tr>
        <td colspan="1" rowspan="1" class="indent2" width="20%">Evidencia</td>
        <td colspan="1" rowspan="1" width="80%">Access-Control-Allow-Origin: *</td>
      </tr>
      <tr>
        <td colspan="1" rowspan="1" class="indent2" width="20%">Other Info</td>
        <td colspan="1" rowspan="1" width="80%">La desconfiguración CORS en el servidor web permite a dominios cruzados leer peticiones de dominios de terceros arbitrariamente, usando APIs sin autenticación en este dominio. Las implementaciones de navegador web no permiten a terceros arbitrarios leer la respuesta de APIs autenticados, de todas formas. Esto reduce el riesgo de alguna forma. Esta desconfiguración podría ser usada por un atacante para acceder a datos que está disponible en una manera sin autenticación, pero que usa otra forma de seguridad, tal como la dirección IP lista-blanca.</td>
      </tr>
      <tr>
        <td colspan="1" rowspan="1" class="indent1" width="20%">URL</td>
        <td colspan="1" rowspan="1" width="80%">
          <a shape="rect" href="https://juice-shop.herokuapp.com/rest/languages">https://juice-shop.herokuapp.com/rest/languages</a>
        </td>
      </tr>
      <tr>
        <td colspan="1" rowspan="1" class="indent2" width="20%">Método</td>
        <td colspan="1" rowspan="1" width="80%">GET</td>
      </tr>
      <tr>
        <td colspan="1" rowspan="1" class="indent2" width="20%">Parámetros</td>
        <td colspan="1" rowspan="1" width="80%"/>
      </tr>
      <tr>
        <td colspan="1" rowspan="1" class="indent2" width="20%">Ataque</td>
        <td colspan="1" rowspan="1" width="80%"/>
      </tr>
      <tr>
        <td colspan="1" rowspan="1" class="indent2" width="20%">Evidencia</td>
        <td colspan="1" rowspan="1" width="80%">Access-Control-Allow-Origin: *</td>
      </tr>
      <tr>
        <td colspan="1" rowspan="1" class="indent2" width="20%">Other Info</td>
        <td colspan="1" rowspan="1" width="80%">La desconfiguración CORS en el servidor web permite a dominios cruzados leer peticiones de dominios de terceros arbitrariamente, usando APIs sin autenticación en este dominio. Las implementaciones de navegador web no permiten a terceros arbitrarios leer la respuesta de APIs autenticados, de todas formas. Esto reduce el riesgo de alguna forma. Esta desconfiguración podría ser usada por un atacante para acceder a datos que está disponible en una manera sin autenticación, pero que usa otra forma de seguridad, tal como la dirección IP lista-blanca.</td>
      </tr>
      <tr>
        <td colspan="1" rowspan="1" class="indent1" width="20%">URL</td>
        <td colspan="1" rowspan="1" width="80%">
          <a shape="rect" href="https://juice-shop.herokuapp.com/rest/products/search?q=">https://juice-shop.herokuapp.com/rest/products/search?q=</a>
        </td>
      </tr>
      <tr>
        <td colspan="1" rowspan="1" class="indent2" width="20%">Método</td>
        <td colspan="1" rowspan="1" width="80%">GET</td>
      </tr>
      <tr>
        <td colspan="1" rowspan="1" class="indent2" width="20%">Parámetros</td>
        <td colspan="1" rowspan="1" width="80%"/>
      </tr>
      <tr>
        <td colspan="1" rowspan="1" class="indent2" width="20%">Ataque</td>
        <td colspan="1" rowspan="1" width="80%"/>
      </tr>
      <tr>
        <td colspan="1" rowspan="1" class="indent2" width="20%">Evidencia</td>
        <td colspan="1" rowspan="1" width="80%">Access-Control-Allow-Origin: *</td>
      </tr>
      <tr>
        <td colspan="1" rowspan="1" class="indent2" width="20%">Other Info</td>
        <td colspan="1" rowspan="1" width="80%">La desconfiguración CORS en el servidor web permite a dominios cruzados leer peticiones de dominios de terceros arbitrariamente, usando APIs sin autenticación en este dominio. Las implementaciones de navegador web no permiten a terceros arbitrarios leer la respuesta de APIs autenticados, de todas formas. Esto reduce el riesgo de alguna forma. Esta desconfiguración podría ser usada por un atacante para acceder a datos que está disponible en una manera sin autenticación, pero que usa otra forma de seguridad, tal como la dirección IP lista-blanca.</td>
      </tr>
      <tr>
        <td colspan="1" rowspan="1" class="indent1" width="20%">URL</td>
        <td colspan="1" rowspan="1" width="80%">
          <a shape="rect" href="https://juice-shop.herokuapp.com/runtime.js">https://juice-shop.herokuapp.com/runtime.js</a>
        </td>
      </tr>
      <tr>
        <td colspan="1" rowspan="1" class="indent2" width="20%">Método</td>
        <td colspan="1" rowspan="1" width="80%">GET</td>
      </tr>
      <tr>
        <td colspan="1" rowspan="1" class="indent2" width="20%">Parámetros</td>
        <td colspan="1" rowspan="1" width="80%"/>
      </tr>
      <tr>
        <td colspan="1" rowspan="1" class="indent2" width="20%">Ataque</td>
        <td colspan="1" rowspan="1" width="80%"/>
      </tr>
      <tr>
        <td colspan="1" rowspan="1" class="indent2" width="20%">Evidencia</td>
        <td colspan="1" rowspan="1" width="80%">Access-Control-Allow-Origin: *</td>
      </tr>
      <tr>
        <td colspan="1" rowspan="1" class="indent2" width="20%">Other Info</td>
        <td colspan="1" rowspan="1" width="80%">La desconfiguración CORS en el servidor web permite a dominios cruzados leer peticiones de dominios de terceros arbitrariamente, usando APIs sin autenticación en este dominio. Las implementaciones de navegador web no permiten a terceros arbitrarios leer la respuesta de APIs autenticados, de todas formas. Esto reduce el riesgo de alguna forma. Esta desconfiguración podría ser usada por un atacante para acceder a datos que está disponible en una manera sin autenticación, pero que usa otra forma de seguridad, tal como la dirección IP lista-blanca.</td>
      </tr>
      <tr>
        <td colspan="1" rowspan="1" class="indent1" width="20%">URL</td>
        <td colspan="1" rowspan="1" width="80%">
          <a shape="rect" href="https://juice-shop.herokuapp.com/styles.css">https://juice-shop.herokuapp.com/styles.css</a>
        </td>
      </tr>
      <tr>
        <td colspan="1" rowspan="1" class="indent2" width="20%">Método</td>
        <td colspan="1" rowspan="1" width="80%">GET</td>
      </tr>
      <tr>
        <td colspan="1" rowspan="1" class="indent2" width="20%">Parámetros</td>
        <td colspan="1" rowspan="1" width="80%"/>
      </tr>
      <tr>
        <td colspan="1" rowspan="1" class="indent2" width="20%">Ataque</td>
        <td colspan="1" rowspan="1" width="80%"/>
      </tr>
      <tr>
        <td colspan="1" rowspan="1" class="indent2" width="20%">Evidencia</td>
        <td colspan="1" rowspan="1" width="80%">Access-Control-Allow-Origin: *</td>
      </tr>
      <tr>
        <td colspan="1" rowspan="1" class="indent2" width="20%">Other Info</td>
        <td colspan="1" rowspan="1" width="80%">La desconfiguración CORS en el servidor web permite a dominios cruzados leer peticiones de dominios de terceros arbitrariamente, usando APIs sin autenticación en este dominio. Las implementaciones de navegador web no permiten a terceros arbitrarios leer la respuesta de APIs autenticados, de todas formas. Esto reduce el riesgo de alguna forma. Esta desconfiguración podría ser usada por un atacante para acceder a datos que está disponible en una manera sin autenticación, pero que usa otra forma de seguridad, tal como la dirección IP lista-blanca.</td>
      </tr>
      <tr>
        <td colspan="1" rowspan="1" class="indent1" width="20%">URL</td>
        <td colspan="1" rowspan="1" width="80%">
          <a shape="rect" href="https://juice-shop.herokuapp.com/vendor.js">https://juice-shop.herokuapp.com/vendor.js</a>
        </td>
      </tr>
      <tr>
        <td colspan="1" rowspan="1" class="indent2" width="20%">Método</td>
        <td colspan="1" rowspan="1" width="80%">GET</td>
      </tr>
      <tr>
        <td colspan="1" rowspan="1" class="indent2" width="20%">Parámetros</td>
        <td colspan="1" rowspan="1" width="80%"/>
      </tr>
      <tr>
        <td colspan="1" rowspan="1" class="indent2" width="20%">Ataque</td>
        <td colspan="1" rowspan="1" width="80%"/>
      </tr>
      <tr>
        <td colspan="1" rowspan="1" class="indent2" width="20%">Evidencia</td>
        <td colspan="1" rowspan="1" width="80%">Access-Control-Allow-Origin: *</td>
      </tr>
      <tr>
        <td colspan="1" rowspan="1" class="indent2" width="20%">Other Info</td>
        <td colspan="1" rowspan="1" width="80%">La desconfiguración CORS en el servidor web permite a dominios cruzados leer peticiones de dominios de terceros arbitrariamente, usando APIs sin autenticación en este dominio. Las implementaciones de navegador web no permiten a terceros arbitrarios leer la respuesta de APIs autenticados, de todas formas. Esto reduce el riesgo de alguna forma. Esta desconfiguración podría ser usada por un atacante para acceder a datos que está disponible en una manera sin autenticación, pero que usa otra forma de seguridad, tal como la dirección IP lista-blanca.</td>
      </tr>
      <tr>
        <td colspan="1" rowspan="1" class="indent1" width="20%">URL</td>
        <td colspan="1" rowspan="1" width="80%">
          <a shape="rect" href="https://juice-shop.herokuapp.com/api/Users/">https://juice-shop.herokuapp.com/api/Users/</a>
        </td>
      </tr>
      <tr>
        <td colspan="1" rowspan="1" class="indent2" width="20%">Método</td>
        <td colspan="1" rowspan="1" width="80%">POST</td>
      </tr>
      <tr>
        <td colspan="1" rowspan="1" class="indent2" width="20%">Parámetros</td>
        <td colspan="1" rowspan="1" width="80%"/>
      </tr>
      <tr>
        <td colspan="1" rowspan="1" class="indent2" width="20%">Ataque</td>
        <td colspan="1" rowspan="1" width="80%"/>
      </tr>
      <tr>
        <td colspan="1" rowspan="1" class="indent2" width="20%">Evidencia</td>
        <td colspan="1" rowspan="1" width="80%">Access-Control-Allow-Origin: *</td>
      </tr>
      <tr>
        <td colspan="1" rowspan="1" class="indent2" width="20%">Other Info</td>
        <td colspan="1" rowspan="1" width="80%">La desconfiguración CORS en el servidor web permite a dominios cruzados leer peticiones de dominios de terceros arbitrariamente, usando APIs sin autenticación en este dominio. Las implementaciones de navegador web no permiten a terceros arbitrarios leer la respuesta de APIs autenticados, de todas formas. Esto reduce el riesgo de alguna forma. Esta desconfiguración podría ser usada por un atacante para acceder a datos que está disponible en una manera sin autenticación, pero que usa otra forma de seguridad, tal como la dirección IP lista-blanca.</td>
      </tr>
      <tr>
        <td colspan="1" rowspan="1" width="20%">Instancia</td>
        <td colspan="1" rowspan="1" width="80%">19</td>
      </tr>
      <tr>
        <td colspan="1" rowspan="1" width="20%">Solución</td>
        <td colspan="1" rowspan="1" width="80%">
          <div>Asegúrese que los datos sensibles no están disponibles de manera no autenticada (usando dirección IP listado-blanco, por ejemplo). Configurar el encabezado HTTP ''''Access-Control-Allow-Origin" a un conjunto de dominios más restrictivo, o remover completamente todos los encabezados CORS, para permitir que el navegador web refuerce la política de mismo origen (SOP) en una manera mas restrictiva.</div>
        </td>
      </tr>
      <tr>
        <td colspan="1" rowspan="1" width="20%">Referencia</td>
        <td colspan="1" rowspan="1" width="80%">
          <a shape="rect" href="https://vulncat.fortify.com/en/detail?id=desc.config.dotnet.html5_overly_permissive_cors_policy">https://vulncat.fortify.com/en/detail?id=desc.config.dotnet.html5_overly_permissive_cors_policy</a>
        </td>
      </tr>
      <tr>
        <td colspan="1" rowspan="1" width="20%">CWE Id</td>
        <td colspan="1" rowspan="1" width="80%">
          <a shape="rect" href="https://cwe.mitre.org/data/definitions/264.html">264</a>
        </td>
      </tr>
      <tr>
        <td colspan="1" rowspan="1" width="20%">WASC Id</td>
        <td colspan="1" rowspan="1" width="80%">14</td>
      </tr>
      <tr>
        <td colspan="1" rowspan="1" width="20%">Plugin Id</td>
        <td colspan="1" rowspan="1" width="80%">
          <a shape="rect" href="https://www.zaproxy.org/docs/alerts/10098/">10098</a>
        </td>
      </tr>
    </table>
    <div class="spacer"/>
    <table class="results">
      <tr height="24">
        <th colspan="1" rowspan="1" class="risk-2" width="20%">
          <a shape="rect" id="10020"/>
          <div>Medio</div>
        </th>
        <th colspan="1" rowspan="1" class="risk-2">Falta de cabecera Anti-Clickjacking</th>
      </tr>
      <tr>
        <td colspan="1" rowspan="1" width="20%">Descripción</td>
        <td colspan="1" rowspan="1" width="80%">
          <div>La respuesta no incluye Content-Security-Policy con la directiva 'frame-ancestors' ni X-Frame-Options para proteger contra ataques de 'ClickJacking'.</div>
        </td>
      </tr>
      <tr valign="top">
        <td colspan="2" rowspan="1"/>
      </tr>
      <tr>
        <td colspan="1" rowspan="1" class="indent1" width="20%">URL</td>
        <td colspan="1" rowspan="1" width="80%">
          <a shape="rect" href="https://juice-shop.herokuapp.com/socket.io/?EIO=4&amp;transport=polling&amp;t=OlGnyCj&amp;sid=oXBzVbO52_EmBjGYAAOz">https://juice-shop.herokuapp.com/socket.io/?EIO=4&amp;transport=polling&amp;t=OlGnyCj&amp;sid=oXBzVbO52_EmBjGYAAOz</a>
        </td>
      </tr>
      <tr>
        <td colspan="1" rowspan="1" class="indent2" width="20%">Método</td>
        <td colspan="1" rowspan="1" width="80%">POST</td>
      </tr>
      <tr>
        <td colspan="1" rowspan="1" class="indent2" width="20%">Parámetros</td>
        <td colspan="1" rowspan="1" width="80%">x-frame-options</td>
      </tr>
      <tr>
        <td colspan="1" rowspan="1" class="indent2" width="20%">Ataque</td>
        <td colspan="1" rowspan="1" width="80%"/>
      </tr>
      <tr>
        <td colspan="1" rowspan="1" class="indent2" width="20%">Evidencia</td>
        <td colspan="1" rowspan="1" width="80%"/>
      </tr>
      <tr>
        <td colspan="1" rowspan="1" class="indent2" width="20%">Other Info</td>
        <td colspan="1" rowspan="1" width="80%"/>
      </tr>
      <tr>
        <td colspan="1" rowspan="1" width="20%">Instancia</td>
        <td colspan="1" rowspan="1" width="80%">1</td>
      </tr>
      <tr>
        <td colspan="1" rowspan="1" width="20%">Solución</td>
        <td colspan="1" rowspan="1" width="80%">
          <div>Los navegadores web modernos admiten los encabezados HTTP Content-Security-Policy y X-Frame-Options. Asegúrese de que uno de ellos esté configurado en todas las páginas web devueltas por su sitio/aplicación.</div>
          <br clear="none"/>
          <div>Si espera que la página esté enmarcada solo por páginas en su servidor (por ejemplo, es parte de un FRAMESET), querrá usar SAMEORIGIN; de lo contrario, si nunca espera que la página esté enmarcada, debe usar DENY. Alternativamente, considere implementar la directiva "frame-ancestros" de la política de seguridad de contenido.</div>
        </td>
      </tr>
      <tr>
        <td colspan="1" rowspan="1" width="20%">Referencia</td>
        <td colspan="1" rowspan="1" width="80%">
          <a shape="rect" href="https://developer.mozilla.org/en-US/docs/Web/HTTP/Headers/X-Frame-Options">https://developer.mozilla.org/en-US/docs/Web/HTTP/Headers/X-Frame-Options</a>
        </td>
      </tr>
      <tr>
        <td colspan="1" rowspan="1" width="20%">CWE Id</td>
        <td colspan="1" rowspan="1" width="80%">
          <a shape="rect" href="https://cwe.mitre.org/data/definitions/1021.html">1021</a>
        </td>
      </tr>
      <tr>
        <td colspan="1" rowspan="1" width="20%">WASC Id</td>
        <td colspan="1" rowspan="1" width="80%">15</td>
      </tr>
      <tr>
        <td colspan="1" rowspan="1" width="20%">Plugin Id</td>
        <td colspan="1" rowspan="1" width="80%">
          <a shape="rect" href="https://www.zaproxy.org/docs/alerts/10020/">10020</a>
        </td>
      </tr>
    </table>
    <div class="spacer"/>
    <table class="results">
      <tr height="24">
        <th colspan="1" rowspan="1" class="risk-2" width="20%">
          <a shape="rect" id="10003"/>
          <div>Medio</div>
        </th>
        <th colspan="1" rowspan="1" class="risk-2">Librería JS Vulnerable</th>
      </tr>
      <tr>
        <td colspan="1" rowspan="1" width="20%">Descripción</td>
        <td colspan="1" rowspan="1" width="80%">
          <div>La librería identificada jquery, versión 2.2.4 es vulnerable.</div>
        </td>
      </tr>
      <tr valign="top">
        <td colspan="2" rowspan="1"/>
      </tr>
      <tr>
        <td colspan="1" rowspan="1" class="indent1" width="20%">URL</td>
        <td colspan="1" rowspan="1" width="80%">
          <a shape="rect" href="https://cdnjs.cloudflare.com/ajax/libs/jquery/2.2.4/jquery.min.js">https://cdnjs.cloudflare.com/ajax/libs/jquery/2.2.4/jquery.min.js</a>
        </td>
      </tr>
      <tr>
        <td colspan="1" rowspan="1" class="indent2" width="20%">Método</td>
        <td colspan="1" rowspan="1" width="80%">GET</td>
      </tr>
      <tr>
        <td colspan="1" rowspan="1" class="indent2" width="20%">Parámetros</td>
        <td colspan="1" rowspan="1" width="80%"/>
      </tr>
      <tr>
        <td colspan="1" rowspan="1" class="indent2" width="20%">Ataque</td>
        <td colspan="1" rowspan="1" width="80%"/>
      </tr>
      <tr>
        <td colspan="1" rowspan="1" class="indent2" width="20%">Evidencia</td>
        <td colspan="1" rowspan="1" width="80%">/2.2.4/jquery.min.js</td>
      </tr>
      <tr>
        <td colspan="1" rowspan="1" class="indent2" width="20%">Other Info</td>
        <td colspan="1" rowspan="1" width="80%">CVE-2020-11023
CVE-2020-11022
CVE-2015-9251
CVE-2019-11358
CVE-2020-23064
</td>
      </tr>
      <tr>
        <td colspan="1" rowspan="1" width="20%">Instancia</td>
        <td colspan="1" rowspan="1" width="80%">1</td>
      </tr>
      <tr>
        <td colspan="1" rowspan="1" width="20%">Solución</td>
        <td colspan="1" rowspan="1" width="80%">
          <div>Actualiza a la última versión de jquery.</div>
        </td>
      </tr>
      <tr>
        <td colspan="1" rowspan="1" width="20%">Referencia</td>
        <td colspan="1" rowspan="1" width="80%">
          <a shape="rect" href="https://github.com/jquery/jquery/issues/2432">https://github.com/jquery/jquery/issues/2432</a>
          <br clear="none"/>
          <a shape="rect" href="http://blog.jquery.com/2016/01/08/jquery-2-2-and-1-12-released/">http://blog.jquery.com/2016/01/08/jquery-2-2-and-1-12-released/</a>
          <br clear="none"/>
          <a shape="rect" href="http://research.insecurelabs.org/jquery/test/">http://research.insecurelabs.org/jquery/test/</a>
          <br clear="none"/>
          <a shape="rect" href="https://blog.jquery.com/2019/04/10/jquery-3-4-0-released/">https://blog.jquery.com/2019/04/10/jquery-3-4-0-released/</a>
          <br clear="none"/>
          <a shape="rect" href="https://nvd.nist.gov/vuln/detail/CVE-2019-11358">https://nvd.nist.gov/vuln/detail/CVE-2019-11358</a>
          <br clear="none"/>
          <a shape="rect" href="https://nvd.nist.gov/vuln/detail/CVE-2015-9251">https://nvd.nist.gov/vuln/detail/CVE-2015-9251</a>
          <br clear="none"/>
          <a shape="rect" href="https://github.com/jquery/jquery/commit/753d591aea698e57d6db58c9f722cd0808619b1b">https://github.com/jquery/jquery/commit/753d591aea698e57d6db58c9f722cd0808619b1b</a>
          <br clear="none"/>
          <a shape="rect" href="https://bugs.jquery.com/ticket/11974">https://bugs.jquery.com/ticket/11974</a>
          <br clear="none"/>
          <a shape="rect" href="https://blog.jquery.com/2020/04/10/jquery-3-5-0-released/">https://blog.jquery.com/2020/04/10/jquery-3-5-0-released/</a>
          <br clear="none"/>
          <a shape="rect" href="https://github.com/jquery/jquery.com/issues/162">https://github.com/jquery/jquery.com/issues/162</a>
        </td>
      </tr>
      <tr>
        <td colspan="1" rowspan="1" width="20%">CWE Id</td>
        <td colspan="1" rowspan="1" width="80%">
          <a shape="rect" href="https://cwe.mitre.org/data/definitions/829.html">829</a>
        </td>
      </tr>
      <tr>
        <td colspan="1" rowspan="1" width="20%">WASC Id</td>
        <td colspan="1" rowspan="1" width="80%"/>
      </tr>
      <tr>
        <td colspan="1" rowspan="1" width="20%">Plugin Id</td>
        <td colspan="1" rowspan="1" width="80%">
          <a shape="rect" href="https://www.zaproxy.org/docs/alerts/10003/">10003</a>
        </td>
      </tr>
    </table>
    <div class="spacer"/>
    <table class="results">
      <tr height="24">
        <th colspan="1" rowspan="1" class="risk-2" width="20%">
          <a shape="rect" id="3"/>
          <div>Medio</div>
        </th>
        <th colspan="1" rowspan="1" class="risk-2">Session ID in URL Rewrite</th>
      </tr>
      <tr>
        <td colspan="1" rowspan="1" width="20%">Descripción</td>
        <td colspan="1" rowspan="1" width="80%">
          <div>URL rewrite is used to track user session ID. The session ID may be disclosed via cross-site referer header. In addition, the session ID might be stored in browser history or server logs.</div>
        </td>
      </tr>
      <tr valign="top">
        <td colspan="2" rowspan="1"/>
      </tr>
      <tr>
        <td colspan="1" rowspan="1" class="indent1" width="20%">URL</td>
        <td colspan="1" rowspan="1" width="80%">
          <a shape="rect" href="https://juice-shop.herokuapp.com/socket.io/?EIO=4&amp;transport=polling&amp;t=OlGnyCn&amp;sid=oXBzVbO52_EmBjGYAAOz">https://juice-shop.herokuapp.com/socket.io/?EIO=4&amp;transport=polling&amp;t=OlGnyCn&amp;sid=oXBzVbO52_EmBjGYAAOz</a>
        </td>
      </tr>
      <tr>
        <td colspan="1" rowspan="1" class="indent2" width="20%">Método</td>
        <td colspan="1" rowspan="1" width="80%">GET</td>
      </tr>
      <tr>
        <td colspan="1" rowspan="1" class="indent2" width="20%">Parámetros</td>
        <td colspan="1" rowspan="1" width="80%">sid</td>
      </tr>
      <tr>
        <td colspan="1" rowspan="1" class="indent2" width="20%">Ataque</td>
        <td colspan="1" rowspan="1" width="80%"/>
      </tr>
      <tr>
        <td colspan="1" rowspan="1" class="indent2" width="20%">Evidencia</td>
        <td colspan="1" rowspan="1" width="80%">oXBzVbO52_EmBjGYAAOz</td>
      </tr>
      <tr>
        <td colspan="1" rowspan="1" class="indent2" width="20%">Other Info</td>
        <td colspan="1" rowspan="1" width="80%"/>
      </tr>
      <tr>
        <td colspan="1" rowspan="1" class="indent1" width="20%">URL</td>
        <td colspan="1" rowspan="1" width="80%">
          <a shape="rect" href="https://juice-shop.herokuapp.com/socket.io/?EIO=4&amp;transport=polling&amp;t=OlGnyM1&amp;sid=oXBzVbO52_EmBjGYAAOz">https://juice-shop.herokuapp.com/socket.io/?EIO=4&amp;transport=polling&amp;t=OlGnyM1&amp;sid=oXBzVbO52_EmBjGYAAOz</a>
        </td>
      </tr>
      <tr>
        <td colspan="1" rowspan="1" class="indent2" width="20%">Método</td>
        <td colspan="1" rowspan="1" width="80%">GET</td>
      </tr>
      <tr>
        <td colspan="1" rowspan="1" class="indent2" width="20%">Parámetros</td>
        <td colspan="1" rowspan="1" width="80%">sid</td>
      </tr>
      <tr>
        <td colspan="1" rowspan="1" class="indent2" width="20%">Ataque</td>
        <td colspan="1" rowspan="1" width="80%"/>
      </tr>
      <tr>
        <td colspan="1" rowspan="1" class="indent2" width="20%">Evidencia</td>
        <td colspan="1" rowspan="1" width="80%">oXBzVbO52_EmBjGYAAOz</td>
      </tr>
      <tr>
        <td colspan="1" rowspan="1" class="indent2" width="20%">Other Info</td>
        <td colspan="1" rowspan="1" width="80%"/>
      </tr>
      <tr>
        <td colspan="1" rowspan="1" class="indent1" width="20%">URL</td>
        <td colspan="1" rowspan="1" width="80%">
          <a shape="rect" href="https://juice-shop.herokuapp.com/socket.io/?EIO=4&amp;transport=websocket&amp;sid=oXBzVbO52_EmBjGYAAOz">https://juice-shop.herokuapp.com/socket.io/?EIO=4&amp;transport=websocket&amp;sid=oXBzVbO52_EmBjGYAAOz</a>
        </td>
      </tr>
      <tr>
        <td colspan="1" rowspan="1" class="indent2" width="20%">Método</td>
        <td colspan="1" rowspan="1" width="80%">GET</td>
      </tr>
      <tr>
        <td colspan="1" rowspan="1" class="indent2" width="20%">Parámetros</td>
        <td colspan="1" rowspan="1" width="80%">sid</td>
      </tr>
      <tr>
        <td colspan="1" rowspan="1" class="indent2" width="20%">Ataque</td>
        <td colspan="1" rowspan="1" width="80%"/>
      </tr>
      <tr>
        <td colspan="1" rowspan="1" class="indent2" width="20%">Evidencia</td>
        <td colspan="1" rowspan="1" width="80%">oXBzVbO52_EmBjGYAAOz</td>
      </tr>
      <tr>
        <td colspan="1" rowspan="1" class="indent2" width="20%">Other Info</td>
        <td colspan="1" rowspan="1" width="80%"/>
      </tr>
      <tr>
        <td colspan="1" rowspan="1" class="indent1" width="20%">URL</td>
        <td colspan="1" rowspan="1" width="80%">
          <a shape="rect" href="https://juice-shop.herokuapp.com/socket.io/?EIO=4&amp;transport=polling&amp;t=OlGnyCj&amp;sid=oXBzVbO52_EmBjGYAAOz">https://juice-shop.herokuapp.com/socket.io/?EIO=4&amp;transport=polling&amp;t=OlGnyCj&amp;sid=oXBzVbO52_EmBjGYAAOz</a>
        </td>
      </tr>
      <tr>
        <td colspan="1" rowspan="1" class="indent2" width="20%">Método</td>
        <td colspan="1" rowspan="1" width="80%">POST</td>
      </tr>
      <tr>
        <td colspan="1" rowspan="1" class="indent2" width="20%">Parámetros</td>
        <td colspan="1" rowspan="1" width="80%">sid</td>
      </tr>
      <tr>
        <td colspan="1" rowspan="1" class="indent2" width="20%">Ataque</td>
        <td colspan="1" rowspan="1" width="80%"/>
      </tr>
      <tr>
        <td colspan="1" rowspan="1" class="indent2" width="20%">Evidencia</td>
        <td colspan="1" rowspan="1" width="80%">oXBzVbO52_EmBjGYAAOz</td>
      </tr>
      <tr>
        <td colspan="1" rowspan="1" class="indent2" width="20%">Other Info</td>
        <td colspan="1" rowspan="1" width="80%"/>
      </tr>
      <tr>
        <td colspan="1" rowspan="1" width="20%">Instancia</td>
        <td colspan="1" rowspan="1" width="80%">4</td>
      </tr>
      <tr>
        <td colspan="1" rowspan="1" width="20%">Solución</td>
        <td colspan="1" rowspan="1" width="80%">
          <div>For secure content, put session ID in a cookie. To be even more secure consider using a combination of cookie and URL rewrite.</div>
        </td>
      </tr>
      <tr>
        <td colspan="1" rowspan="1" width="20%">Referencia</td>
        <td colspan="1" rowspan="1" width="80%">
          <a shape="rect" href="http://seclists.org/lists/webappsec/2002/Oct-Dec/0111.html">http://seclists.org/lists/webappsec/2002/Oct-Dec/0111.html</a>
        </td>
      </tr>
      <tr>
        <td colspan="1" rowspan="1" width="20%">CWE Id</td>
        <td colspan="1" rowspan="1" width="80%">
          <a shape="rect" href="https://cwe.mitre.org/data/definitions/200.html">200</a>
        </td>
      </tr>
      <tr>
        <td colspan="1" rowspan="1" width="20%">WASC Id</td>
        <td colspan="1" rowspan="1" width="80%">13</td>
      </tr>
      <tr>
        <td colspan="1" rowspan="1" width="20%">Plugin Id</td>
        <td colspan="1" rowspan="1" width="80%">
          <a shape="rect" href="https://www.zaproxy.org/docs/alerts/3/">3</a>
        </td>
      </tr>
    </table>
    <div class="spacer"/>
    <table class="results">
      <tr height="24">
        <th colspan="1" rowspan="1" class="risk-1" width="20%">
          <a shape="rect" id="10017"/>
          <div>Bajo</div>
        </th>
        <th colspan="1" rowspan="1" class="risk-1">Cross-Domain JavaScript Source File Inclusion</th>
      </tr>
      <tr>
        <td colspan="1" rowspan="1" width="20%">Descripción</td>
        <td colspan="1" rowspan="1" width="80%">
          <div>The page includes one or more script files from a third-party domain.</div>
        </td>
      </tr>
      <tr valign="top">
        <td colspan="2" rowspan="1"/>
      </tr>
      <tr>
        <td colspan="1" rowspan="1" class="indent1" width="20%">URL</td>
        <td colspan="1" rowspan="1" width="80%">
          <a shape="rect" href="https://juice-shop.herokuapp.com/">https://juice-shop.herokuapp.com/</a>
        </td>
      </tr>
      <tr>
        <td colspan="1" rowspan="1" class="indent2" width="20%">Método</td>
        <td colspan="1" rowspan="1" width="80%">GET</td>
      </tr>
      <tr>
        <td colspan="1" rowspan="1" class="indent2" width="20%">Parámetros</td>
        <td colspan="1" rowspan="1" width="80%">//cdnjs.cloudflare.com/ajax/libs/cookieconsent2/3.1.0/cookieconsent.min.js</td>
      </tr>
      <tr>
        <td colspan="1" rowspan="1" class="indent2" width="20%">Ataque</td>
        <td colspan="1" rowspan="1" width="80%"/>
      </tr>
      <tr>
        <td colspan="1" rowspan="1" class="indent2" width="20%">Evidencia</td>
        <td colspan="1" rowspan="1" width="80%">&lt;script src="//cdnjs.cloudflare.com/ajax/libs/cookieconsent2/3.1.0/cookieconsent.min.js"&gt;&lt;/script&gt;</td>
      </tr>
      <tr>
        <td colspan="1" rowspan="1" class="indent2" width="20%">Other Info</td>
        <td colspan="1" rowspan="1" width="80%"/>
      </tr>
      <tr>
        <td colspan="1" rowspan="1" class="indent1" width="20%">URL</td>
        <td colspan="1" rowspan="1" width="80%">
          <a shape="rect" href="https://juice-shop.herokuapp.com/">https://juice-shop.herokuapp.com/</a>
        </td>
      </tr>
      <tr>
        <td colspan="1" rowspan="1" class="indent2" width="20%">Método</td>
        <td colspan="1" rowspan="1" width="80%">GET</td>
      </tr>
      <tr>
        <td colspan="1" rowspan="1" class="indent2" width="20%">Parámetros</td>
        <td colspan="1" rowspan="1" width="80%">//cdnjs.cloudflare.com/ajax/libs/jquery/2.2.4/jquery.min.js</td>
      </tr>
      <tr>
        <td colspan="1" rowspan="1" class="indent2" width="20%">Ataque</td>
        <td colspan="1" rowspan="1" width="80%"/>
      </tr>
      <tr>
        <td colspan="1" rowspan="1" class="indent2" width="20%">Evidencia</td>
        <td colspan="1" rowspan="1" width="80%">&lt;script src="//cdnjs.cloudflare.com/ajax/libs/jquery/2.2.4/jquery.min.js"&gt;&lt;/script&gt;</td>
      </tr>
      <tr>
        <td colspan="1" rowspan="1" class="indent2" width="20%">Other Info</td>
        <td colspan="1" rowspan="1" width="80%"/>
      </tr>
      <tr>
        <td colspan="1" rowspan="1" width="20%">Instancia</td>
        <td colspan="1" rowspan="1" width="80%">2</td>
      </tr>
      <tr>
        <td colspan="1" rowspan="1" width="20%">Solución</td>
        <td colspan="1" rowspan="1" width="80%">
          <div>Ensure JavaScript source files are loaded from only trusted sources, and the sources can't be controlled by end users of the application.</div>
        </td>
      </tr>
      <tr>
        <td colspan="1" rowspan="1" width="20%">Referencia</td>
        <td colspan="1" rowspan="1" width="80%"/>
      </tr>
      <tr>
        <td colspan="1" rowspan="1" width="20%">CWE Id</td>
        <td colspan="1" rowspan="1" width="80%">
          <a shape="rect" href="https://cwe.mitre.org/data/definitions/829.html">829</a>
        </td>
      </tr>
      <tr>
        <td colspan="1" rowspan="1" width="20%">WASC Id</td>
        <td colspan="1" rowspan="1" width="80%">15</td>
      </tr>
      <tr>
        <td colspan="1" rowspan="1" width="20%">Plugin Id</td>
        <td colspan="1" rowspan="1" width="80%">
          <a shape="rect" href="https://www.zaproxy.org/docs/alerts/10017/">10017</a>
        </td>
      </tr>
    </table>
    <div class="spacer"/>
    <table class="results">
      <tr height="24">
        <th colspan="1" rowspan="1" class="risk-1" width="20%">
          <a shape="rect" id="10096"/>
          <div>Bajo</div>
        </th>
        <th colspan="1" rowspan="1" class="risk-1">Divulgación de la marca de hora - Unix</th>
      </tr>
      <tr>
        <td colspan="1" rowspan="1" width="20%">Descripción</td>
        <td colspan="1" rowspan="1" width="80%">
          <div>Una marca de tiempo ha sido divulgada por el servidor de la aplicación/el navegador - Unix</div>
        </td>
      </tr>
      <tr valign="top">
        <td colspan="2" rowspan="1"/>
      </tr>
      <tr>
        <td colspan="1" rowspan="1" class="indent1" width="20%">URL</td>
        <td colspan="1" rowspan="1" width="80%">
          <a shape="rect" href="https://juice-shop.herokuapp.com/">https://juice-shop.herokuapp.com/</a>
        </td>
      </tr>
      <tr>
        <td colspan="1" rowspan="1" class="indent2" width="20%">Método</td>
        <td colspan="1" rowspan="1" width="80%">GET</td>
      </tr>
      <tr>
        <td colspan="1" rowspan="1" class="indent2" width="20%">Parámetros</td>
        <td colspan="1" rowspan="1" width="80%"/>
      </tr>
      <tr>
        <td colspan="1" rowspan="1" class="indent2" width="20%">Ataque</td>
        <td colspan="1" rowspan="1" width="80%"/>
      </tr>
      <tr>
        <td colspan="1" rowspan="1" class="indent2" width="20%">Evidencia</td>
        <td colspan="1" rowspan="1" width="80%">1700014831</td>
      </tr>
      <tr>
        <td colspan="1" rowspan="1" class="indent2" width="20%">Other Info</td>
        <td colspan="1" rowspan="1" width="80%">1700014831, que evalúa a: 2023-11-14 22:20:31</td>
      </tr>
      <tr>
        <td colspan="1" rowspan="1" class="indent1" width="20%">URL</td>
        <td colspan="1" rowspan="1" width="80%">
          <a shape="rect" href="https://juice-shop.herokuapp.com/api/Challenges/?name=Score%20Board">https://juice-shop.herokuapp.com/api/Challenges/?name=Score%20Board</a>
        </td>
      </tr>
      <tr>
        <td colspan="1" rowspan="1" class="indent2" width="20%">Método</td>
        <td colspan="1" rowspan="1" width="80%">GET</td>
      </tr>
      <tr>
        <td colspan="1" rowspan="1" class="indent2" width="20%">Parámetros</td>
        <td colspan="1" rowspan="1" width="80%"/>
      </tr>
      <tr>
        <td colspan="1" rowspan="1" class="indent2" width="20%">Ataque</td>
        <td colspan="1" rowspan="1" width="80%"/>
      </tr>
      <tr>
        <td colspan="1" rowspan="1" class="indent2" width="20%">Evidencia</td>
        <td colspan="1" rowspan="1" width="80%">1700014835</td>
      </tr>
      <tr>
        <td colspan="1" rowspan="1" class="indent2" width="20%">Other Info</td>
        <td colspan="1" rowspan="1" width="80%">1700014835, que evalúa a: 2023-11-14 22:20:35</td>
      </tr>
      <tr>
        <td colspan="1" rowspan="1" class="indent1" width="20%">URL</td>
        <td colspan="1" rowspan="1" width="80%">
          <a shape="rect" href="https://juice-shop.herokuapp.com/api/Challenges/?name=Score%20Board">https://juice-shop.herokuapp.com/api/Challenges/?name=Score%20Board</a>
        </td>
      </tr>
      <tr>
        <td colspan="1" rowspan="1" class="indent2" width="20%">Método</td>
        <td colspan="1" rowspan="1" width="80%">GET</td>
      </tr>
      <tr>
        <td colspan="1" rowspan="1" class="indent2" width="20%">Parámetros</td>
        <td colspan="1" rowspan="1" width="80%"/>
      </tr>
      <tr>
        <td colspan="1" rowspan="1" class="indent2" width="20%">Ataque</td>
        <td colspan="1" rowspan="1" width="80%"/>
      </tr>
      <tr>
        <td colspan="1" rowspan="1" class="indent2" width="20%">Evidencia</td>
        <td colspan="1" rowspan="1" width="80%">1700014836</td>
      </tr>
      <tr>
        <td colspan="1" rowspan="1" class="indent2" width="20%">Other Info</td>
        <td colspan="1" rowspan="1" width="80%">1700014836, que evalúa a: 2023-11-14 22:20:36</td>
      </tr>
      <tr>
        <td colspan="1" rowspan="1" class="indent1" width="20%">URL</td>
        <td colspan="1" rowspan="1" width="80%">
          <a shape="rect" href="https://juice-shop.herokuapp.com/api/Quantitys/">https://juice-shop.herokuapp.com/api/Quantitys/</a>
        </td>
      </tr>
      <tr>
        <td colspan="1" rowspan="1" class="indent2" width="20%">Método</td>
        <td colspan="1" rowspan="1" width="80%">GET</td>
      </tr>
      <tr>
        <td colspan="1" rowspan="1" class="indent2" width="20%">Parámetros</td>
        <td colspan="1" rowspan="1" width="80%"/>
      </tr>
      <tr>
        <td colspan="1" rowspan="1" class="indent2" width="20%">Ataque</td>
        <td colspan="1" rowspan="1" width="80%"/>
      </tr>
      <tr>
        <td colspan="1" rowspan="1" class="indent2" width="20%">Evidencia</td>
        <td colspan="1" rowspan="1" width="80%">1700014835</td>
      </tr>
      <tr>
        <td colspan="1" rowspan="1" class="indent2" width="20%">Other Info</td>
        <td colspan="1" rowspan="1" width="80%">1700014835, que evalúa a: 2023-11-14 22:20:35</td>
      </tr>
      <tr>
        <td colspan="1" rowspan="1" class="indent1" width="20%">URL</td>
        <td colspan="1" rowspan="1" width="80%">
          <a shape="rect" href="https://juice-shop.herokuapp.com/api/SecurityQuestions/">https://juice-shop.herokuapp.com/api/SecurityQuestions/</a>
        </td>
      </tr>
      <tr>
        <td colspan="1" rowspan="1" class="indent2" width="20%">Método</td>
        <td colspan="1" rowspan="1" width="80%">GET</td>
      </tr>
      <tr>
        <td colspan="1" rowspan="1" class="indent2" width="20%">Parámetros</td>
        <td colspan="1" rowspan="1" width="80%"/>
      </tr>
      <tr>
        <td colspan="1" rowspan="1" class="indent2" width="20%">Ataque</td>
        <td colspan="1" rowspan="1" width="80%"/>
      </tr>
      <tr>
        <td colspan="1" rowspan="1" class="indent2" width="20%">Evidencia</td>
        <td colspan="1" rowspan="1" width="80%">1700014837</td>
      </tr>
      <tr>
        <td colspan="1" rowspan="1" class="indent2" width="20%">Other Info</td>
        <td colspan="1" rowspan="1" width="80%">1700014837, que evalúa a: 2023-11-14 22:20:37</td>
      </tr>
      <tr>
        <td colspan="1" rowspan="1" class="indent1" width="20%">URL</td>
        <td colspan="1" rowspan="1" width="80%">
          <a shape="rect" href="https://juice-shop.herokuapp.com/assets/i18n/en.json">https://juice-shop.herokuapp.com/assets/i18n/en.json</a>
        </td>
      </tr>
      <tr>
        <td colspan="1" rowspan="1" class="indent2" width="20%">Método</td>
        <td colspan="1" rowspan="1" width="80%">GET</td>
      </tr>
      <tr>
        <td colspan="1" rowspan="1" class="indent2" width="20%">Parámetros</td>
        <td colspan="1" rowspan="1" width="80%"/>
      </tr>
      <tr>
        <td colspan="1" rowspan="1" class="indent2" width="20%">Ataque</td>
        <td colspan="1" rowspan="1" width="80%"/>
      </tr>
      <tr>
        <td colspan="1" rowspan="1" class="indent2" width="20%">Evidencia</td>
        <td colspan="1" rowspan="1" width="80%">1700014835</td>
      </tr>
      <tr>
        <td colspan="1" rowspan="1" class="indent2" width="20%">Other Info</td>
        <td colspan="1" rowspan="1" width="80%">1700014835, que evalúa a: 2023-11-14 22:20:35</td>
      </tr>
      <tr>
        <td colspan="1" rowspan="1" class="indent1" width="20%">URL</td>
        <td colspan="1" rowspan="1" width="80%">
          <a shape="rect" href="https://juice-shop.herokuapp.com/main.js">https://juice-shop.herokuapp.com/main.js</a>
        </td>
      </tr>
      <tr>
        <td colspan="1" rowspan="1" class="indent2" width="20%">Método</td>
        <td colspan="1" rowspan="1" width="80%">GET</td>
      </tr>
      <tr>
        <td colspan="1" rowspan="1" class="indent2" width="20%">Parámetros</td>
        <td colspan="1" rowspan="1" width="80%"/>
      </tr>
      <tr>
        <td colspan="1" rowspan="1" class="indent2" width="20%">Ataque</td>
        <td colspan="1" rowspan="1" width="80%"/>
      </tr>
      <tr>
        <td colspan="1" rowspan="1" class="indent2" width="20%">Evidencia</td>
        <td colspan="1" rowspan="1" width="80%">1700014832</td>
      </tr>
      <tr>
        <td colspan="1" rowspan="1" class="indent2" width="20%">Other Info</td>
        <td colspan="1" rowspan="1" width="80%">1700014832, que evalúa a: 2023-11-14 22:20:32</td>
      </tr>
      <tr>
        <td colspan="1" rowspan="1" class="indent1" width="20%">URL</td>
        <td colspan="1" rowspan="1" width="80%">
          <a shape="rect" href="https://juice-shop.herokuapp.com/main.js">https://juice-shop.herokuapp.com/main.js</a>
        </td>
      </tr>
      <tr>
        <td colspan="1" rowspan="1" class="indent2" width="20%">Método</td>
        <td colspan="1" rowspan="1" width="80%">GET</td>
      </tr>
      <tr>
        <td colspan="1" rowspan="1" class="indent2" width="20%">Parámetros</td>
        <td colspan="1" rowspan="1" width="80%"/>
      </tr>
      <tr>
        <td colspan="1" rowspan="1" class="indent2" width="20%">Ataque</td>
        <td colspan="1" rowspan="1" width="80%"/>
      </tr>
      <tr>
        <td colspan="1" rowspan="1" class="indent2" width="20%">Evidencia</td>
        <td colspan="1" rowspan="1" width="80%">1734944650</td>
      </tr>
      <tr>
        <td colspan="1" rowspan="1" class="indent2" width="20%">Other Info</td>
        <td colspan="1" rowspan="1" width="80%">1734944650, que evalúa a: 2024-12-23 05:04:10</td>
      </tr>
      <tr>
        <td colspan="1" rowspan="1" class="indent1" width="20%">URL</td>
        <td colspan="1" rowspan="1" width="80%">
          <a shape="rect" href="https://juice-shop.herokuapp.com/polyfills.js">https://juice-shop.herokuapp.com/polyfills.js</a>
        </td>
      </tr>
      <tr>
        <td colspan="1" rowspan="1" class="indent2" width="20%">Método</td>
        <td colspan="1" rowspan="1" width="80%">GET</td>
      </tr>
      <tr>
        <td colspan="1" rowspan="1" class="indent2" width="20%">Parámetros</td>
        <td colspan="1" rowspan="1" width="80%"/>
      </tr>
      <tr>
        <td colspan="1" rowspan="1" class="indent2" width="20%">Ataque</td>
        <td colspan="1" rowspan="1" width="80%"/>
      </tr>
      <tr>
        <td colspan="1" rowspan="1" class="indent2" width="20%">Evidencia</td>
        <td colspan="1" rowspan="1" width="80%">1700014832</td>
      </tr>
      <tr>
        <td colspan="1" rowspan="1" class="indent2" width="20%">Other Info</td>
        <td colspan="1" rowspan="1" width="80%">1700014832, que evalúa a: 2023-11-14 22:20:32</td>
      </tr>
      <tr>
        <td colspan="1" rowspan="1" class="indent1" width="20%">URL</td>
        <td colspan="1" rowspan="1" width="80%">
          <a shape="rect" href="https://juice-shop.herokuapp.com/rest/admin/application-configuration">https://juice-shop.herokuapp.com/rest/admin/application-configuration</a>
        </td>
      </tr>
      <tr>
        <td colspan="1" rowspan="1" class="indent2" width="20%">Método</td>
        <td colspan="1" rowspan="1" width="80%">GET</td>
      </tr>
      <tr>
        <td colspan="1" rowspan="1" class="indent2" width="20%">Parámetros</td>
        <td colspan="1" rowspan="1" width="80%"/>
      </tr>
      <tr>
        <td colspan="1" rowspan="1" class="indent2" width="20%">Ataque</td>
        <td colspan="1" rowspan="1" width="80%"/>
      </tr>
      <tr>
        <td colspan="1" rowspan="1" class="indent2" width="20%">Evidencia</td>
        <td colspan="1" rowspan="1" width="80%">1700014835</td>
      </tr>
      <tr>
        <td colspan="1" rowspan="1" class="indent2" width="20%">Other Info</td>
        <td colspan="1" rowspan="1" width="80%">1700014835, que evalúa a: 2023-11-14 22:20:35</td>
      </tr>
      <tr>
        <td colspan="1" rowspan="1" class="indent1" width="20%">URL</td>
        <td colspan="1" rowspan="1" width="80%">
          <a shape="rect" href="https://juice-shop.herokuapp.com/rest/admin/application-configuration">https://juice-shop.herokuapp.com/rest/admin/application-configuration</a>
        </td>
      </tr>
      <tr>
        <td colspan="1" rowspan="1" class="indent2" width="20%">Método</td>
        <td colspan="1" rowspan="1" width="80%">GET</td>
      </tr>
      <tr>
        <td colspan="1" rowspan="1" class="indent2" width="20%">Parámetros</td>
        <td colspan="1" rowspan="1" width="80%"/>
      </tr>
      <tr>
        <td colspan="1" rowspan="1" class="indent2" width="20%">Ataque</td>
        <td colspan="1" rowspan="1" width="80%"/>
      </tr>
      <tr>
        <td colspan="1" rowspan="1" class="indent2" width="20%">Evidencia</td>
        <td colspan="1" rowspan="1" width="80%">1700014836</td>
      </tr>
      <tr>
        <td colspan="1" rowspan="1" class="indent2" width="20%">Other Info</td>
        <td colspan="1" rowspan="1" width="80%">1700014836, que evalúa a: 2023-11-14 22:20:36</td>
      </tr>
      <tr>
        <td colspan="1" rowspan="1" class="indent1" width="20%">URL</td>
        <td colspan="1" rowspan="1" width="80%">
          <a shape="rect" href="https://juice-shop.herokuapp.com/rest/admin/application-configuration">https://juice-shop.herokuapp.com/rest/admin/application-configuration</a>
        </td>
      </tr>
      <tr>
        <td colspan="1" rowspan="1" class="indent2" width="20%">Método</td>
        <td colspan="1" rowspan="1" width="80%">GET</td>
      </tr>
      <tr>
        <td colspan="1" rowspan="1" class="indent2" width="20%">Parámetros</td>
        <td colspan="1" rowspan="1" width="80%"/>
      </tr>
      <tr>
        <td colspan="1" rowspan="1" class="indent2" width="20%">Ataque</td>
        <td colspan="1" rowspan="1" width="80%"/>
      </tr>
      <tr>
        <td colspan="1" rowspan="1" class="indent2" width="20%">Evidencia</td>
        <td colspan="1" rowspan="1" width="80%">1700014837</td>
      </tr>
      <tr>
        <td colspan="1" rowspan="1" class="indent2" width="20%">Other Info</td>
        <td colspan="1" rowspan="1" width="80%">1700014837, que evalúa a: 2023-11-14 22:20:37</td>
      </tr>
      <tr>
        <td colspan="1" rowspan="1" class="indent1" width="20%">URL</td>
        <td colspan="1" rowspan="1" width="80%">
          <a shape="rect" href="https://juice-shop.herokuapp.com/rest/admin/application-configuration">https://juice-shop.herokuapp.com/rest/admin/application-configuration</a>
        </td>
      </tr>
      <tr>
        <td colspan="1" rowspan="1" class="indent2" width="20%">Método</td>
        <td colspan="1" rowspan="1" width="80%">GET</td>
      </tr>
      <tr>
        <td colspan="1" rowspan="1" class="indent2" width="20%">Parámetros</td>
        <td colspan="1" rowspan="1" width="80%"/>
      </tr>
      <tr>
        <td colspan="1" rowspan="1" class="indent2" width="20%">Ataque</td>
        <td colspan="1" rowspan="1" width="80%"/>
      </tr>
      <tr>
        <td colspan="1" rowspan="1" class="indent2" width="20%">Evidencia</td>
        <td colspan="1" rowspan="1" width="80%">1969196030</td>
      </tr>
      <tr>
        <td colspan="1" rowspan="1" class="indent2" width="20%">Other Info</td>
        <td colspan="1" rowspan="1" width="80%">1969196030, que evalúa a: 2032-05-26 10:53:50</td>
      </tr>
      <tr>
        <td colspan="1" rowspan="1" class="indent1" width="20%">URL</td>
        <td colspan="1" rowspan="1" width="80%">
          <a shape="rect" href="https://juice-shop.herokuapp.com/rest/admin/application-configuration">https://juice-shop.herokuapp.com/rest/admin/application-configuration</a>
        </td>
      </tr>
      <tr>
        <td colspan="1" rowspan="1" class="indent2" width="20%">Método</td>
        <td colspan="1" rowspan="1" width="80%">GET</td>
      </tr>
      <tr>
        <td colspan="1" rowspan="1" class="indent2" width="20%">Parámetros</td>
        <td colspan="1" rowspan="1" width="80%"/>
      </tr>
      <tr>
        <td colspan="1" rowspan="1" class="indent2" width="20%">Ataque</td>
        <td colspan="1" rowspan="1" width="80%"/>
      </tr>
      <tr>
        <td colspan="1" rowspan="1" class="indent2" width="20%">Evidencia</td>
        <td colspan="1" rowspan="1" width="80%">1970691216</td>
      </tr>
      <tr>
        <td colspan="1" rowspan="1" class="indent2" width="20%">Other Info</td>
        <td colspan="1" rowspan="1" width="80%">1970691216, que evalúa a: 2032-06-12 18:13:36</td>
      </tr>
      <tr>
        <td colspan="1" rowspan="1" class="indent1" width="20%">URL</td>
        <td colspan="1" rowspan="1" width="80%">
          <a shape="rect" href="https://juice-shop.herokuapp.com/rest/admin/application-version">https://juice-shop.herokuapp.com/rest/admin/application-version</a>
        </td>
      </tr>
      <tr>
        <td colspan="1" rowspan="1" class="indent2" width="20%">Método</td>
        <td colspan="1" rowspan="1" width="80%">GET</td>
      </tr>
      <tr>
        <td colspan="1" rowspan="1" class="indent2" width="20%">Parámetros</td>
        <td colspan="1" rowspan="1" width="80%"/>
      </tr>
      <tr>
        <td colspan="1" rowspan="1" class="indent2" width="20%">Ataque</td>
        <td colspan="1" rowspan="1" width="80%"/>
      </tr>
      <tr>
        <td colspan="1" rowspan="1" class="indent2" width="20%">Evidencia</td>
        <td colspan="1" rowspan="1" width="80%">1700014835</td>
      </tr>
      <tr>
        <td colspan="1" rowspan="1" class="indent2" width="20%">Other Info</td>
        <td colspan="1" rowspan="1" width="80%">1700014835, que evalúa a: 2023-11-14 22:20:35</td>
      </tr>
      <tr>
        <td colspan="1" rowspan="1" class="indent1" width="20%">URL</td>
        <td colspan="1" rowspan="1" width="80%">
          <a shape="rect" href="https://juice-shop.herokuapp.com/rest/admin/application-version">https://juice-shop.herokuapp.com/rest/admin/application-version</a>
        </td>
      </tr>
      <tr>
        <td colspan="1" rowspan="1" class="indent2" width="20%">Método</td>
        <td colspan="1" rowspan="1" width="80%">GET</td>
      </tr>
      <tr>
        <td colspan="1" rowspan="1" class="indent2" width="20%">Parámetros</td>
        <td colspan="1" rowspan="1" width="80%"/>
      </tr>
      <tr>
        <td colspan="1" rowspan="1" class="indent2" width="20%">Ataque</td>
        <td colspan="1" rowspan="1" width="80%"/>
      </tr>
      <tr>
        <td colspan="1" rowspan="1" class="indent2" width="20%">Evidencia</td>
        <td colspan="1" rowspan="1" width="80%">1700014836</td>
      </tr>
      <tr>
        <td colspan="1" rowspan="1" class="indent2" width="20%">Other Info</td>
        <td colspan="1" rowspan="1" width="80%">1700014836, que evalúa a: 2023-11-14 22:20:36</td>
      </tr>
      <tr>
        <td colspan="1" rowspan="1" class="indent1" width="20%">URL</td>
        <td colspan="1" rowspan="1" width="80%">
          <a shape="rect" href="https://juice-shop.herokuapp.com/rest/languages">https://juice-shop.herokuapp.com/rest/languages</a>
        </td>
      </tr>
      <tr>
        <td colspan="1" rowspan="1" class="indent2" width="20%">Método</td>
        <td colspan="1" rowspan="1" width="80%">GET</td>
      </tr>
      <tr>
        <td colspan="1" rowspan="1" class="indent2" width="20%">Parámetros</td>
        <td colspan="1" rowspan="1" width="80%"/>
      </tr>
      <tr>
        <td colspan="1" rowspan="1" class="indent2" width="20%">Ataque</td>
        <td colspan="1" rowspan="1" width="80%"/>
      </tr>
      <tr>
        <td colspan="1" rowspan="1" class="indent2" width="20%">Evidencia</td>
        <td colspan="1" rowspan="1" width="80%">1700014835</td>
      </tr>
      <tr>
        <td colspan="1" rowspan="1" class="indent2" width="20%">Other Info</td>
        <td colspan="1" rowspan="1" width="80%">1700014835, que evalúa a: 2023-11-14 22:20:35</td>
      </tr>
      <tr>
        <td colspan="1" rowspan="1" class="indent1" width="20%">URL</td>
        <td colspan="1" rowspan="1" width="80%">
          <a shape="rect" href="https://juice-shop.herokuapp.com/rest/products/search?q=">https://juice-shop.herokuapp.com/rest/products/search?q=</a>
        </td>
      </tr>
      <tr>
        <td colspan="1" rowspan="1" class="indent2" width="20%">Método</td>
        <td colspan="1" rowspan="1" width="80%">GET</td>
      </tr>
      <tr>
        <td colspan="1" rowspan="1" class="indent2" width="20%">Parámetros</td>
        <td colspan="1" rowspan="1" width="80%"/>
      </tr>
      <tr>
        <td colspan="1" rowspan="1" class="indent2" width="20%">Ataque</td>
        <td colspan="1" rowspan="1" width="80%"/>
      </tr>
      <tr>
        <td colspan="1" rowspan="1" class="indent2" width="20%">Evidencia</td>
        <td colspan="1" rowspan="1" width="80%">1700014835</td>
      </tr>
      <tr>
        <td colspan="1" rowspan="1" class="indent2" width="20%">Other Info</td>
        <td colspan="1" rowspan="1" width="80%">1700014835, que evalúa a: 2023-11-14 22:20:35</td>
      </tr>
      <tr>
        <td colspan="1" rowspan="1" class="indent1" width="20%">URL</td>
        <td colspan="1" rowspan="1" width="80%">
          <a shape="rect" href="https://juice-shop.herokuapp.com/rest/products/search?q=">https://juice-shop.herokuapp.com/rest/products/search?q=</a>
        </td>
      </tr>
      <tr>
        <td colspan="1" rowspan="1" class="indent2" width="20%">Método</td>
        <td colspan="1" rowspan="1" width="80%">GET</td>
      </tr>
      <tr>
        <td colspan="1" rowspan="1" class="indent2" width="20%">Parámetros</td>
        <td colspan="1" rowspan="1" width="80%"/>
      </tr>
      <tr>
        <td colspan="1" rowspan="1" class="indent2" width="20%">Ataque</td>
        <td colspan="1" rowspan="1" width="80%"/>
      </tr>
      <tr>
        <td colspan="1" rowspan="1" class="indent2" width="20%">Evidencia</td>
        <td colspan="1" rowspan="1" width="80%">1969196030</td>
      </tr>
      <tr>
        <td colspan="1" rowspan="1" class="indent2" width="20%">Other Info</td>
        <td colspan="1" rowspan="1" width="80%">1969196030, que evalúa a: 2032-05-26 10:53:50</td>
      </tr>
      <tr>
        <td colspan="1" rowspan="1" class="indent1" width="20%">URL</td>
        <td colspan="1" rowspan="1" width="80%">
          <a shape="rect" href="https://juice-shop.herokuapp.com/rest/products/search?q=">https://juice-shop.herokuapp.com/rest/products/search?q=</a>
        </td>
      </tr>
      <tr>
        <td colspan="1" rowspan="1" class="indent2" width="20%">Método</td>
        <td colspan="1" rowspan="1" width="80%">GET</td>
      </tr>
      <tr>
        <td colspan="1" rowspan="1" class="indent2" width="20%">Parámetros</td>
        <td colspan="1" rowspan="1" width="80%"/>
      </tr>
      <tr>
        <td colspan="1" rowspan="1" class="indent2" width="20%">Ataque</td>
        <td colspan="1" rowspan="1" width="80%"/>
      </tr>
      <tr>
        <td colspan="1" rowspan="1" class="indent2" width="20%">Evidencia</td>
        <td colspan="1" rowspan="1" width="80%">1970691216</td>
      </tr>
      <tr>
        <td colspan="1" rowspan="1" class="indent2" width="20%">Other Info</td>
        <td colspan="1" rowspan="1" width="80%">1970691216, que evalúa a: 2032-06-12 18:13:36</td>
      </tr>
      <tr>
        <td colspan="1" rowspan="1" class="indent1" width="20%">URL</td>
        <td colspan="1" rowspan="1" width="80%">
          <a shape="rect" href="https://juice-shop.herokuapp.com/runtime.js">https://juice-shop.herokuapp.com/runtime.js</a>
        </td>
      </tr>
      <tr>
        <td colspan="1" rowspan="1" class="indent2" width="20%">Método</td>
        <td colspan="1" rowspan="1" width="80%">GET</td>
      </tr>
      <tr>
        <td colspan="1" rowspan="1" class="indent2" width="20%">Parámetros</td>
        <td colspan="1" rowspan="1" width="80%"/>
      </tr>
      <tr>
        <td colspan="1" rowspan="1" class="indent2" width="20%">Ataque</td>
        <td colspan="1" rowspan="1" width="80%"/>
      </tr>
      <tr>
        <td colspan="1" rowspan="1" class="indent2" width="20%">Evidencia</td>
        <td colspan="1" rowspan="1" width="80%">1700014831</td>
      </tr>
      <tr>
        <td colspan="1" rowspan="1" class="indent2" width="20%">Other Info</td>
        <td colspan="1" rowspan="1" width="80%">1700014831, que evalúa a: 2023-11-14 22:20:31</td>
      </tr>
      <tr>
        <td colspan="1" rowspan="1" class="indent1" width="20%">URL</td>
        <td colspan="1" rowspan="1" width="80%">
          <a shape="rect" href="https://juice-shop.herokuapp.com/socket.io/?EIO=4&amp;transport=polling&amp;t=OlGny9N">https://juice-shop.herokuapp.com/socket.io/?EIO=4&amp;transport=polling&amp;t=OlGny9N</a>
        </td>
      </tr>
      <tr>
        <td colspan="1" rowspan="1" class="indent2" width="20%">Método</td>
        <td colspan="1" rowspan="1" width="80%">GET</td>
      </tr>
      <tr>
        <td colspan="1" rowspan="1" class="indent2" width="20%">Parámetros</td>
        <td colspan="1" rowspan="1" width="80%"/>
      </tr>
      <tr>
        <td colspan="1" rowspan="1" class="indent2" width="20%">Ataque</td>
        <td colspan="1" rowspan="1" width="80%"/>
      </tr>
      <tr>
        <td colspan="1" rowspan="1" class="indent2" width="20%">Evidencia</td>
        <td colspan="1" rowspan="1" width="80%">1700014835</td>
      </tr>
      <tr>
        <td colspan="1" rowspan="1" class="indent2" width="20%">Other Info</td>
        <td colspan="1" rowspan="1" width="80%">1700014835, que evalúa a: 2023-11-14 22:20:35</td>
      </tr>
      <tr>
        <td colspan="1" rowspan="1" class="indent1" width="20%">URL</td>
        <td colspan="1" rowspan="1" width="80%">
          <a shape="rect" href="https://juice-shop.herokuapp.com/socket.io/?EIO=4&amp;transport=polling&amp;t=OlGnyCn&amp;sid=oXBzVbO52_EmBjGYAAOz">https://juice-shop.herokuapp.com/socket.io/?EIO=4&amp;transport=polling&amp;t=OlGnyCn&amp;sid=oXBzVbO52_EmBjGYAAOz</a>
        </td>
      </tr>
      <tr>
        <td colspan="1" rowspan="1" class="indent2" width="20%">Método</td>
        <td colspan="1" rowspan="1" width="80%">GET</td>
      </tr>
      <tr>
        <td colspan="1" rowspan="1" class="indent2" width="20%">Parámetros</td>
        <td colspan="1" rowspan="1" width="80%"/>
      </tr>
      <tr>
        <td colspan="1" rowspan="1" class="indent2" width="20%">Ataque</td>
        <td colspan="1" rowspan="1" width="80%"/>
      </tr>
      <tr>
        <td colspan="1" rowspan="1" class="indent2" width="20%">Evidencia</td>
        <td colspan="1" rowspan="1" width="80%">1700014836</td>
      </tr>
      <tr>
        <td colspan="1" rowspan="1" class="indent2" width="20%">Other Info</td>
        <td colspan="1" rowspan="1" width="80%">1700014836, que evalúa a: 2023-11-14 22:20:36</td>
      </tr>
      <tr>
        <td colspan="1" rowspan="1" class="indent1" width="20%">URL</td>
        <td colspan="1" rowspan="1" width="80%">
          <a shape="rect" href="https://juice-shop.herokuapp.com/socket.io/?EIO=4&amp;transport=polling&amp;t=OlGnyM1&amp;sid=oXBzVbO52_EmBjGYAAOz">https://juice-shop.herokuapp.com/socket.io/?EIO=4&amp;transport=polling&amp;t=OlGnyM1&amp;sid=oXBzVbO52_EmBjGYAAOz</a>
        </td>
      </tr>
      <tr>
        <td colspan="1" rowspan="1" class="indent2" width="20%">Método</td>
        <td colspan="1" rowspan="1" width="80%">GET</td>
      </tr>
      <tr>
        <td colspan="1" rowspan="1" class="indent2" width="20%">Parámetros</td>
        <td colspan="1" rowspan="1" width="80%"/>
      </tr>
      <tr>
        <td colspan="1" rowspan="1" class="indent2" width="20%">Ataque</td>
        <td colspan="1" rowspan="1" width="80%"/>
      </tr>
      <tr>
        <td colspan="1" rowspan="1" class="indent2" width="20%">Evidencia</td>
        <td colspan="1" rowspan="1" width="80%">1700014836</td>
      </tr>
      <tr>
        <td colspan="1" rowspan="1" class="indent2" width="20%">Other Info</td>
        <td colspan="1" rowspan="1" width="80%">1700014836, que evalúa a: 2023-11-14 22:20:36</td>
      </tr>
      <tr>
        <td colspan="1" rowspan="1" class="indent1" width="20%">URL</td>
        <td colspan="1" rowspan="1" width="80%">
          <a shape="rect" href="https://juice-shop.herokuapp.com/styles.css">https://juice-shop.herokuapp.com/styles.css</a>
        </td>
      </tr>
      <tr>
        <td colspan="1" rowspan="1" class="indent2" width="20%">Método</td>
        <td colspan="1" rowspan="1" width="80%">GET</td>
      </tr>
      <tr>
        <td colspan="1" rowspan="1" class="indent2" width="20%">Parámetros</td>
        <td colspan="1" rowspan="1" width="80%"/>
      </tr>
      <tr>
        <td colspan="1" rowspan="1" class="indent2" width="20%">Ataque</td>
        <td colspan="1" rowspan="1" width="80%"/>
      </tr>
      <tr>
        <td colspan="1" rowspan="1" class="indent2" width="20%">Evidencia</td>
        <td colspan="1" rowspan="1" width="80%">1700014832</td>
      </tr>
      <tr>
        <td colspan="1" rowspan="1" class="indent2" width="20%">Other Info</td>
        <td colspan="1" rowspan="1" width="80%">1700014832, que evalúa a: 2023-11-14 22:20:32</td>
      </tr>
      <tr>
        <td colspan="1" rowspan="1" class="indent1" width="20%">URL</td>
        <td colspan="1" rowspan="1" width="80%">
          <a shape="rect" href="https://juice-shop.herokuapp.com/vendor.js">https://juice-shop.herokuapp.com/vendor.js</a>
        </td>
      </tr>
      <tr>
        <td colspan="1" rowspan="1" class="indent2" width="20%">Método</td>
        <td colspan="1" rowspan="1" width="80%">GET</td>
      </tr>
      <tr>
        <td colspan="1" rowspan="1" class="indent2" width="20%">Parámetros</td>
        <td colspan="1" rowspan="1" width="80%"/>
      </tr>
      <tr>
        <td colspan="1" rowspan="1" class="indent2" width="20%">Ataque</td>
        <td colspan="1" rowspan="1" width="80%"/>
      </tr>
      <tr>
        <td colspan="1" rowspan="1" class="indent2" width="20%">Evidencia</td>
        <td colspan="1" rowspan="1" width="80%">1700014832</td>
      </tr>
      <tr>
        <td colspan="1" rowspan="1" class="indent2" width="20%">Other Info</td>
        <td colspan="1" rowspan="1" width="80%">1700014832, que evalúa a: 2023-11-14 22:20:32</td>
      </tr>
      <tr>
        <td colspan="1" rowspan="1" class="indent1" width="20%">URL</td>
        <td colspan="1" rowspan="1" width="80%">
          <a shape="rect" href="https://juice-shop.herokuapp.com/api/Users/">https://juice-shop.herokuapp.com/api/Users/</a>
        </td>
      </tr>
      <tr>
        <td colspan="1" rowspan="1" class="indent2" width="20%">Método</td>
        <td colspan="1" rowspan="1" width="80%">POST</td>
      </tr>
      <tr>
        <td colspan="1" rowspan="1" class="indent2" width="20%">Parámetros</td>
        <td colspan="1" rowspan="1" width="80%"/>
      </tr>
      <tr>
        <td colspan="1" rowspan="1" class="indent2" width="20%">Ataque</td>
        <td colspan="1" rowspan="1" width="80%"/>
      </tr>
      <tr>
        <td colspan="1" rowspan="1" class="indent2" width="20%">Evidencia</td>
        <td colspan="1" rowspan="1" width="80%">1700014837</td>
      </tr>
      <tr>
        <td colspan="1" rowspan="1" class="indent2" width="20%">Other Info</td>
        <td colspan="1" rowspan="1" width="80%">1700014837, que evalúa a: 2023-11-14 22:20:37</td>
      </tr>
      <tr>
        <td colspan="1" rowspan="1" class="indent1" width="20%">URL</td>
        <td colspan="1" rowspan="1" width="80%">
          <a shape="rect" href="https://juice-shop.herokuapp.com/socket.io/?EIO=4&amp;transport=polling&amp;t=OlGnyCj&amp;sid=oXBzVbO52_EmBjGYAAOz">https://juice-shop.herokuapp.com/socket.io/?EIO=4&amp;transport=polling&amp;t=OlGnyCj&amp;sid=oXBzVbO52_EmBjGYAAOz</a>
        </td>
      </tr>
      <tr>
        <td colspan="1" rowspan="1" class="indent2" width="20%">Método</td>
        <td colspan="1" rowspan="1" width="80%">POST</td>
      </tr>
      <tr>
        <td colspan="1" rowspan="1" class="indent2" width="20%">Parámetros</td>
        <td colspan="1" rowspan="1" width="80%"/>
      </tr>
      <tr>
        <td colspan="1" rowspan="1" class="indent2" width="20%">Ataque</td>
        <td colspan="1" rowspan="1" width="80%"/>
      </tr>
      <tr>
        <td colspan="1" rowspan="1" class="indent2" width="20%">Evidencia</td>
        <td colspan="1" rowspan="1" width="80%">1700014835</td>
      </tr>
      <tr>
        <td colspan="1" rowspan="1" class="indent2" width="20%">Other Info</td>
        <td colspan="1" rowspan="1" width="80%">1700014835, que evalúa a: 2023-11-14 22:20:35</td>
      </tr>
      <tr>
        <td colspan="1" rowspan="1" width="20%">Instancia</td>
        <td colspan="1" rowspan="1" width="80%">28</td>
      </tr>
      <tr>
        <td colspan="1" rowspan="1" width="20%">Solución</td>
        <td colspan="1" rowspan="1" width="80%">
          <div>Confirmar manualmente que los datos de marca de hora no son sensibles, y que los datos no pueden ser agregados a patrones explotables de divulgación.</div>
        </td>
      </tr>
      <tr>
        <td colspan="1" rowspan="1" width="20%">Referencia</td>
        <td colspan="1" rowspan="1" width="80%">
          <a shape="rect" href="http://projects.webappsec.org/w/page/13246936/Information%20Leakage">http://projects.webappsec.org/w/page/13246936/Information%20Leakage</a>
        </td>
      </tr>
      <tr>
        <td colspan="1" rowspan="1" width="20%">CWE Id</td>
        <td colspan="1" rowspan="1" width="80%">
          <a shape="rect" href="https://cwe.mitre.org/data/definitions/200.html">200</a>
        </td>
      </tr>
      <tr>
        <td colspan="1" rowspan="1" width="20%">WASC Id</td>
        <td colspan="1" rowspan="1" width="80%">13</td>
      </tr>
      <tr>
        <td colspan="1" rowspan="1" width="20%">Plugin Id</td>
        <td colspan="1" rowspan="1" width="80%">
          <a shape="rect" href="https://www.zaproxy.org/docs/alerts/10096/">10096</a>
        </td>
      </tr>
    </table>
    <div class="spacer"/>
    <table class="results">
      <tr height="24">
        <th colspan="1" rowspan="1" class="risk-1" width="20%">
          <a shape="rect" id="2"/>
          <div>Bajo</div>
        </th>
        <th colspan="1" rowspan="1" class="risk-1">Private IP Disclosure</th>
      </tr>
      <tr>
        <td colspan="1" rowspan="1" width="20%">Descripción</td>
        <td colspan="1" rowspan="1" width="80%">
          <div>A private IP (such as 10.x.x.x, 172.x.x.x, 192.168.x.x) or an Amazon EC2 private hostname (for example, ip-10-0-56-78) has been found in the HTTP response body. This information might be helpful for further attacks targeting internal systems.</div>
        </td>
      </tr>
      <tr valign="top">
        <td colspan="2" rowspan="1"/>
      </tr>
      <tr>
        <td colspan="1" rowspan="1" class="indent1" width="20%">URL</td>
        <td colspan="1" rowspan="1" width="80%">
          <a shape="rect" href="https://juice-shop.herokuapp.com/rest/admin/application-configuration">https://juice-shop.herokuapp.com/rest/admin/application-configuration</a>
        </td>
      </tr>
      <tr>
        <td colspan="1" rowspan="1" class="indent2" width="20%">Método</td>
        <td colspan="1" rowspan="1" width="80%">GET</td>
      </tr>
      <tr>
        <td colspan="1" rowspan="1" class="indent2" width="20%">Parámetros</td>
        <td colspan="1" rowspan="1" width="80%"/>
      </tr>
      <tr>
        <td colspan="1" rowspan="1" class="indent2" width="20%">Ataque</td>
        <td colspan="1" rowspan="1" width="80%"/>
      </tr>
      <tr>
        <td colspan="1" rowspan="1" class="indent2" width="20%">Evidencia</td>
        <td colspan="1" rowspan="1" width="80%">192.168.99.100:3000</td>
      </tr>
      <tr>
        <td colspan="1" rowspan="1" class="indent2" width="20%">Other Info</td>
        <td colspan="1" rowspan="1" width="80%">192.168.99.100:3000
192.168.99.100:4200
</td>
      </tr>
      <tr>
        <td colspan="1" rowspan="1" width="20%">Instancia</td>
        <td colspan="1" rowspan="1" width="80%">1</td>
      </tr>
      <tr>
        <td colspan="1" rowspan="1" width="20%">Solución</td>
        <td colspan="1" rowspan="1" width="80%">
          <div>Remove the private IP address from the HTTP response body.  For comments, use JSP/ASP/PHP comment instead of HTML/JavaScript comment which can be seen by client browsers.</div>
        </td>
      </tr>
      <tr>
        <td colspan="1" rowspan="1" width="20%">Referencia</td>
        <td colspan="1" rowspan="1" width="80%">
          <a shape="rect" href="https://tools.ietf.org/html/rfc1918">https://tools.ietf.org/html/rfc1918</a>
        </td>
      </tr>
      <tr>
        <td colspan="1" rowspan="1" width="20%">CWE Id</td>
        <td colspan="1" rowspan="1" width="80%">
          <a shape="rect" href="https://cwe.mitre.org/data/definitions/200.html">200</a>
        </td>
      </tr>
      <tr>
        <td colspan="1" rowspan="1" width="20%">WASC Id</td>
        <td colspan="1" rowspan="1" width="80%">13</td>
      </tr>
      <tr>
        <td colspan="1" rowspan="1" width="20%">Plugin Id</td>
        <td colspan="1" rowspan="1" width="80%">
          <a shape="rect" href="https://www.zaproxy.org/docs/alerts/2/">2</a>
        </td>
      </tr>
    </table>
    <div class="spacer"/>
    <table class="results">
      <tr height="24">
        <th colspan="1" rowspan="1" class="risk-1" width="20%">
          <a shape="rect" id="10035"/>
          <div>Bajo</div>
        </th>
        <th colspan="1" rowspan="1" class="risk-1">Strict-Transport-Security Header Not Set</th>
      </tr>
      <tr>
        <td colspan="1" rowspan="1" width="20%">Descripción</td>
        <td colspan="1" rowspan="1" width="80%">
          <div>HTTP Strict Transport Security (HSTS) is a web security policy mechanism whereby a web server declares that complying user agents (such as a web browser) are to interact with it using only secure HTTPS connections (i.e. HTTP layered over TLS/SSL). HSTS is an IETF standards track protocol and is specified in RFC 6797.</div>
        </td>
      </tr>
      <tr valign="top">
        <td colspan="2" rowspan="1"/>
      </tr>
      <tr>
        <td colspan="1" rowspan="1" class="indent1" width="20%">URL</td>
        <td colspan="1" rowspan="1" width="80%">
          <a shape="rect" href="https://content-autofill.googleapis.com/v1/pages/ChVDaHJvbWUvMTE5LjAuNjA0NS4xMjQSGQkivDAxMg3sMBIFDRUXmhEhanPgDker4tU=?alt=proto">https://content-autofill.googleapis.com/v1/pages/ChVDaHJvbWUvMTE5LjAuNjA0NS4xMjQSGQkivDAxMg3sMBIFDRUXmhEhanPgDker4tU=?alt=proto</a>
        </td>
      </tr>
      <tr>
        <td colspan="1" rowspan="1" class="indent2" width="20%">Método</td>
        <td colspan="1" rowspan="1" width="80%">GET</td>
      </tr>
      <tr>
        <td colspan="1" rowspan="1" class="indent2" width="20%">Parámetros</td>
        <td colspan="1" rowspan="1" width="80%"/>
      </tr>
      <tr>
        <td colspan="1" rowspan="1" class="indent2" width="20%">Ataque</td>
        <td colspan="1" rowspan="1" width="80%"/>
      </tr>
      <tr>
        <td colspan="1" rowspan="1" class="indent2" width="20%">Evidencia</td>
        <td colspan="1" rowspan="1" width="80%"/>
      </tr>
      <tr>
        <td colspan="1" rowspan="1" class="indent2" width="20%">Other Info</td>
        <td colspan="1" rowspan="1" width="80%"/>
      </tr>
      <tr>
        <td colspan="1" rowspan="1" class="indent1" width="20%">URL</td>
        <td colspan="1" rowspan="1" width="80%">
          <a shape="rect" href="https://content-autofill.googleapis.com/v1/pages/ChVDaHJvbWUvMTE5LjAuNjA0NS4xMjQSGQn2jKxfXLh0YBIFDRUXmhEh2ZQEeiv3574=?alt=proto">https://content-autofill.googleapis.com/v1/pages/ChVDaHJvbWUvMTE5LjAuNjA0NS4xMjQSGQn2jKxfXLh0YBIFDRUXmhEh2ZQEeiv3574=?alt=proto</a>
        </td>
      </tr>
      <tr>
        <td colspan="1" rowspan="1" class="indent2" width="20%">Método</td>
        <td colspan="1" rowspan="1" width="80%">GET</td>
      </tr>
      <tr>
        <td colspan="1" rowspan="1" class="indent2" width="20%">Parámetros</td>
        <td colspan="1" rowspan="1" width="80%"/>
      </tr>
      <tr>
        <td colspan="1" rowspan="1" class="indent2" width="20%">Ataque</td>
        <td colspan="1" rowspan="1" width="80%"/>
      </tr>
      <tr>
        <td colspan="1" rowspan="1" class="indent2" width="20%">Evidencia</td>
        <td colspan="1" rowspan="1" width="80%"/>
      </tr>
      <tr>
        <td colspan="1" rowspan="1" class="indent2" width="20%">Other Info</td>
        <td colspan="1" rowspan="1" width="80%"/>
      </tr>
      <tr>
        <td colspan="1" rowspan="1" class="indent1" width="20%">URL</td>
        <td colspan="1" rowspan="1" width="80%">
          <a shape="rect" href="https://content-autofill.googleapis.com/v1/pages/ChVDaHJvbWUvMTE5LjAuNjA0NS4xMjQSNQlSz_zqwfaRjhIFDRUXmhESBQ23AgcCEgUNaQE2WhIFDbE1qGoSBQ0R6dv6IV-1RmAWGjtr?alt=proto">https://content-autofill.googleapis.com/v1/pages/ChVDaHJvbWUvMTE5LjAuNjA0NS4xMjQSNQlSz_zqwfaRjhIFDRUXmhESBQ23AgcCEgUNaQE2WhIFDbE1qGoSBQ0R6dv6IV-1RmAWGjtr?alt=proto</a>
        </td>
      </tr>
      <tr>
        <td colspan="1" rowspan="1" class="indent2" width="20%">Método</td>
        <td colspan="1" rowspan="1" width="80%">GET</td>
      </tr>
      <tr>
        <td colspan="1" rowspan="1" class="indent2" width="20%">Parámetros</td>
        <td colspan="1" rowspan="1" width="80%"/>
      </tr>
      <tr>
        <td colspan="1" rowspan="1" class="indent2" width="20%">Ataque</td>
        <td colspan="1" rowspan="1" width="80%"/>
      </tr>
      <tr>
        <td colspan="1" rowspan="1" class="indent2" width="20%">Evidencia</td>
        <td colspan="1" rowspan="1" width="80%"/>
      </tr>
      <tr>
        <td colspan="1" rowspan="1" class="indent2" width="20%">Other Info</td>
        <td colspan="1" rowspan="1" width="80%"/>
      </tr>
      <tr>
        <td colspan="1" rowspan="1" class="indent1" width="20%">URL</td>
        <td colspan="1" rowspan="1" width="80%">
          <a shape="rect" href="https://content-autofill.googleapis.com/v1/pages/ChVDaHJvbWUvMTE5LjAuNjA0NS4xMjQSNQm30auOAogrBBIFDRUXmhESBQ23AgcCEgUNaQE2WhIFDbE1qGoSBQ0R6dv6Ibr87ovhZJES?alt=proto">https://content-autofill.googleapis.com/v1/pages/ChVDaHJvbWUvMTE5LjAuNjA0NS4xMjQSNQm30auOAogrBBIFDRUXmhESBQ23AgcCEgUNaQE2WhIFDbE1qGoSBQ0R6dv6Ibr87ovhZJES?alt=proto</a>
        </td>
      </tr>
      <tr>
        <td colspan="1" rowspan="1" class="indent2" width="20%">Método</td>
        <td colspan="1" rowspan="1" width="80%">GET</td>
      </tr>
      <tr>
        <td colspan="1" rowspan="1" class="indent2" width="20%">Parámetros</td>
        <td colspan="1" rowspan="1" width="80%"/>
      </tr>
      <tr>
        <td colspan="1" rowspan="1" class="indent2" width="20%">Ataque</td>
        <td colspan="1" rowspan="1" width="80%"/>
      </tr>
      <tr>
        <td colspan="1" rowspan="1" class="indent2" width="20%">Evidencia</td>
        <td colspan="1" rowspan="1" width="80%"/>
      </tr>
      <tr>
        <td colspan="1" rowspan="1" class="indent2" width="20%">Other Info</td>
        <td colspan="1" rowspan="1" width="80%"/>
      </tr>
      <tr>
        <td colspan="1" rowspan="1" class="indent1" width="20%">URL</td>
        <td colspan="1" rowspan="1" width="80%">
          <a shape="rect" href="https://juice-shop.herokuapp.com/">https://juice-shop.herokuapp.com/</a>
        </td>
      </tr>
      <tr>
        <td colspan="1" rowspan="1" class="indent2" width="20%">Método</td>
        <td colspan="1" rowspan="1" width="80%">GET</td>
      </tr>
      <tr>
        <td colspan="1" rowspan="1" class="indent2" width="20%">Parámetros</td>
        <td colspan="1" rowspan="1" width="80%"/>
      </tr>
      <tr>
        <td colspan="1" rowspan="1" class="indent2" width="20%">Ataque</td>
        <td colspan="1" rowspan="1" width="80%"/>
      </tr>
      <tr>
        <td colspan="1" rowspan="1" class="indent2" width="20%">Evidencia</td>
        <td colspan="1" rowspan="1" width="80%"/>
      </tr>
      <tr>
        <td colspan="1" rowspan="1" class="indent2" width="20%">Other Info</td>
        <td colspan="1" rowspan="1" width="80%"/>
      </tr>
      <tr>
        <td colspan="1" rowspan="1" class="indent1" width="20%">URL</td>
        <td colspan="1" rowspan="1" width="80%">
          <a shape="rect" href="https://juice-shop.herokuapp.com/api/Challenges/?name=Score%20Board">https://juice-shop.herokuapp.com/api/Challenges/?name=Score%20Board</a>
        </td>
      </tr>
      <tr>
        <td colspan="1" rowspan="1" class="indent2" width="20%">Método</td>
        <td colspan="1" rowspan="1" width="80%">GET</td>
      </tr>
      <tr>
        <td colspan="1" rowspan="1" class="indent2" width="20%">Parámetros</td>
        <td colspan="1" rowspan="1" width="80%"/>
      </tr>
      <tr>
        <td colspan="1" rowspan="1" class="indent2" width="20%">Ataque</td>
        <td colspan="1" rowspan="1" width="80%"/>
      </tr>
      <tr>
        <td colspan="1" rowspan="1" class="indent2" width="20%">Evidencia</td>
        <td colspan="1" rowspan="1" width="80%"/>
      </tr>
      <tr>
        <td colspan="1" rowspan="1" class="indent2" width="20%">Other Info</td>
        <td colspan="1" rowspan="1" width="80%"/>
      </tr>
      <tr>
        <td colspan="1" rowspan="1" class="indent1" width="20%">URL</td>
        <td colspan="1" rowspan="1" width="80%">
          <a shape="rect" href="https://juice-shop.herokuapp.com/api/Quantitys/">https://juice-shop.herokuapp.com/api/Quantitys/</a>
        </td>
      </tr>
      <tr>
        <td colspan="1" rowspan="1" class="indent2" width="20%">Método</td>
        <td colspan="1" rowspan="1" width="80%">GET</td>
      </tr>
      <tr>
        <td colspan="1" rowspan="1" class="indent2" width="20%">Parámetros</td>
        <td colspan="1" rowspan="1" width="80%"/>
      </tr>
      <tr>
        <td colspan="1" rowspan="1" class="indent2" width="20%">Ataque</td>
        <td colspan="1" rowspan="1" width="80%"/>
      </tr>
      <tr>
        <td colspan="1" rowspan="1" class="indent2" width="20%">Evidencia</td>
        <td colspan="1" rowspan="1" width="80%"/>
      </tr>
      <tr>
        <td colspan="1" rowspan="1" class="indent2" width="20%">Other Info</td>
        <td colspan="1" rowspan="1" width="80%"/>
      </tr>
      <tr>
        <td colspan="1" rowspan="1" class="indent1" width="20%">URL</td>
        <td colspan="1" rowspan="1" width="80%">
          <a shape="rect" href="https://juice-shop.herokuapp.com/api/SecurityQuestions/">https://juice-shop.herokuapp.com/api/SecurityQuestions/</a>
        </td>
      </tr>
      <tr>
        <td colspan="1" rowspan="1" class="indent2" width="20%">Método</td>
        <td colspan="1" rowspan="1" width="80%">GET</td>
      </tr>
      <tr>
        <td colspan="1" rowspan="1" class="indent2" width="20%">Parámetros</td>
        <td colspan="1" rowspan="1" width="80%"/>
      </tr>
      <tr>
        <td colspan="1" rowspan="1" class="indent2" width="20%">Ataque</td>
        <td colspan="1" rowspan="1" width="80%"/>
      </tr>
      <tr>
        <td colspan="1" rowspan="1" class="indent2" width="20%">Evidencia</td>
        <td colspan="1" rowspan="1" width="80%"/>
      </tr>
      <tr>
        <td colspan="1" rowspan="1" class="indent2" width="20%">Other Info</td>
        <td colspan="1" rowspan="1" width="80%"/>
      </tr>
      <tr>
        <td colspan="1" rowspan="1" class="indent1" width="20%">URL</td>
        <td colspan="1" rowspan="1" width="80%">
          <a shape="rect" href="https://juice-shop.herokuapp.com/assets/i18n/en.json">https://juice-shop.herokuapp.com/assets/i18n/en.json</a>
        </td>
      </tr>
      <tr>
        <td colspan="1" rowspan="1" class="indent2" width="20%">Método</td>
        <td colspan="1" rowspan="1" width="80%">GET</td>
      </tr>
      <tr>
        <td colspan="1" rowspan="1" class="indent2" width="20%">Parámetros</td>
        <td colspan="1" rowspan="1" width="80%"/>
      </tr>
      <tr>
        <td colspan="1" rowspan="1" class="indent2" width="20%">Ataque</td>
        <td colspan="1" rowspan="1" width="80%"/>
      </tr>
      <tr>
        <td colspan="1" rowspan="1" class="indent2" width="20%">Evidencia</td>
        <td colspan="1" rowspan="1" width="80%"/>
      </tr>
      <tr>
        <td colspan="1" rowspan="1" class="indent2" width="20%">Other Info</td>
        <td colspan="1" rowspan="1" width="80%"/>
      </tr>
      <tr>
        <td colspan="1" rowspan="1" class="indent1" width="20%">URL</td>
        <td colspan="1" rowspan="1" width="80%">
          <a shape="rect" href="https://juice-shop.herokuapp.com/main.js">https://juice-shop.herokuapp.com/main.js</a>
        </td>
      </tr>
      <tr>
        <td colspan="1" rowspan="1" class="indent2" width="20%">Método</td>
        <td colspan="1" rowspan="1" width="80%">GET</td>
      </tr>
      <tr>
        <td colspan="1" rowspan="1" class="indent2" width="20%">Parámetros</td>
        <td colspan="1" rowspan="1" width="80%"/>
      </tr>
      <tr>
        <td colspan="1" rowspan="1" class="indent2" width="20%">Ataque</td>
        <td colspan="1" rowspan="1" width="80%"/>
      </tr>
      <tr>
        <td colspan="1" rowspan="1" class="indent2" width="20%">Evidencia</td>
        <td colspan="1" rowspan="1" width="80%"/>
      </tr>
      <tr>
        <td colspan="1" rowspan="1" class="indent2" width="20%">Other Info</td>
        <td colspan="1" rowspan="1" width="80%"/>
      </tr>
      <tr>
        <td colspan="1" rowspan="1" class="indent1" width="20%">URL</td>
        <td colspan="1" rowspan="1" width="80%">
          <a shape="rect" href="https://juice-shop.herokuapp.com/MaterialIcons-Regular.woff2">https://juice-shop.herokuapp.com/MaterialIcons-Regular.woff2</a>
        </td>
      </tr>
      <tr>
        <td colspan="1" rowspan="1" class="indent2" width="20%">Método</td>
        <td colspan="1" rowspan="1" width="80%">GET</td>
      </tr>
      <tr>
        <td colspan="1" rowspan="1" class="indent2" width="20%">Parámetros</td>
        <td colspan="1" rowspan="1" width="80%"/>
      </tr>
      <tr>
        <td colspan="1" rowspan="1" class="indent2" width="20%">Ataque</td>
        <td colspan="1" rowspan="1" width="80%"/>
      </tr>
      <tr>
        <td colspan="1" rowspan="1" class="indent2" width="20%">Evidencia</td>
        <td colspan="1" rowspan="1" width="80%"/>
      </tr>
      <tr>
        <td colspan="1" rowspan="1" class="indent2" width="20%">Other Info</td>
        <td colspan="1" rowspan="1" width="80%"/>
      </tr>
      <tr>
        <td colspan="1" rowspan="1" class="indent1" width="20%">URL</td>
        <td colspan="1" rowspan="1" width="80%">
          <a shape="rect" href="https://juice-shop.herokuapp.com/polyfills.js">https://juice-shop.herokuapp.com/polyfills.js</a>
        </td>
      </tr>
      <tr>
        <td colspan="1" rowspan="1" class="indent2" width="20%">Método</td>
        <td colspan="1" rowspan="1" width="80%">GET</td>
      </tr>
      <tr>
        <td colspan="1" rowspan="1" class="indent2" width="20%">Parámetros</td>
        <td colspan="1" rowspan="1" width="80%"/>
      </tr>
      <tr>
        <td colspan="1" rowspan="1" class="indent2" width="20%">Ataque</td>
        <td colspan="1" rowspan="1" width="80%"/>
      </tr>
      <tr>
        <td colspan="1" rowspan="1" class="indent2" width="20%">Evidencia</td>
        <td colspan="1" rowspan="1" width="80%"/>
      </tr>
      <tr>
        <td colspan="1" rowspan="1" class="indent2" width="20%">Other Info</td>
        <td colspan="1" rowspan="1" width="80%"/>
      </tr>
      <tr>
        <td colspan="1" rowspan="1" class="indent1" width="20%">URL</td>
        <td colspan="1" rowspan="1" width="80%">
          <a shape="rect" href="https://juice-shop.herokuapp.com/rest/admin/application-configuration">https://juice-shop.herokuapp.com/rest/admin/application-configuration</a>
        </td>
      </tr>
      <tr>
        <td colspan="1" rowspan="1" class="indent2" width="20%">Método</td>
        <td colspan="1" rowspan="1" width="80%">GET</td>
      </tr>
      <tr>
        <td colspan="1" rowspan="1" class="indent2" width="20%">Parámetros</td>
        <td colspan="1" rowspan="1" width="80%"/>
      </tr>
      <tr>
        <td colspan="1" rowspan="1" class="indent2" width="20%">Ataque</td>
        <td colspan="1" rowspan="1" width="80%"/>
      </tr>
      <tr>
        <td colspan="1" rowspan="1" class="indent2" width="20%">Evidencia</td>
        <td colspan="1" rowspan="1" width="80%"/>
      </tr>
      <tr>
        <td colspan="1" rowspan="1" class="indent2" width="20%">Other Info</td>
        <td colspan="1" rowspan="1" width="80%"/>
      </tr>
      <tr>
        <td colspan="1" rowspan="1" class="indent1" width="20%">URL</td>
        <td colspan="1" rowspan="1" width="80%">
          <a shape="rect" href="https://juice-shop.herokuapp.com/rest/admin/application-version">https://juice-shop.herokuapp.com/rest/admin/application-version</a>
        </td>
      </tr>
      <tr>
        <td colspan="1" rowspan="1" class="indent2" width="20%">Método</td>
        <td colspan="1" rowspan="1" width="80%">GET</td>
      </tr>
      <tr>
        <td colspan="1" rowspan="1" class="indent2" width="20%">Parámetros</td>
        <td colspan="1" rowspan="1" width="80%"/>
      </tr>
      <tr>
        <td colspan="1" rowspan="1" class="indent2" width="20%">Ataque</td>
        <td colspan="1" rowspan="1" width="80%"/>
      </tr>
      <tr>
        <td colspan="1" rowspan="1" class="indent2" width="20%">Evidencia</td>
        <td colspan="1" rowspan="1" width="80%"/>
      </tr>
      <tr>
        <td colspan="1" rowspan="1" class="indent2" width="20%">Other Info</td>
        <td colspan="1" rowspan="1" width="80%"/>
      </tr>
      <tr>
        <td colspan="1" rowspan="1" class="indent1" width="20%">URL</td>
        <td colspan="1" rowspan="1" width="80%">
          <a shape="rect" href="https://juice-shop.herokuapp.com/rest/languages">https://juice-shop.herokuapp.com/rest/languages</a>
        </td>
      </tr>
      <tr>
        <td colspan="1" rowspan="1" class="indent2" width="20%">Método</td>
        <td colspan="1" rowspan="1" width="80%">GET</td>
      </tr>
      <tr>
        <td colspan="1" rowspan="1" class="indent2" width="20%">Parámetros</td>
        <td colspan="1" rowspan="1" width="80%"/>
      </tr>
      <tr>
        <td colspan="1" rowspan="1" class="indent2" width="20%">Ataque</td>
        <td colspan="1" rowspan="1" width="80%"/>
      </tr>
      <tr>
        <td colspan="1" rowspan="1" class="indent2" width="20%">Evidencia</td>
        <td colspan="1" rowspan="1" width="80%"/>
      </tr>
      <tr>
        <td colspan="1" rowspan="1" class="indent2" width="20%">Other Info</td>
        <td colspan="1" rowspan="1" width="80%"/>
      </tr>
      <tr>
        <td colspan="1" rowspan="1" class="indent1" width="20%">URL</td>
        <td colspan="1" rowspan="1" width="80%">
          <a shape="rect" href="https://juice-shop.herokuapp.com/rest/products/search?q=">https://juice-shop.herokuapp.com/rest/products/search?q=</a>
        </td>
      </tr>
      <tr>
        <td colspan="1" rowspan="1" class="indent2" width="20%">Método</td>
        <td colspan="1" rowspan="1" width="80%">GET</td>
      </tr>
      <tr>
        <td colspan="1" rowspan="1" class="indent2" width="20%">Parámetros</td>
        <td colspan="1" rowspan="1" width="80%"/>
      </tr>
      <tr>
        <td colspan="1" rowspan="1" class="indent2" width="20%">Ataque</td>
        <td colspan="1" rowspan="1" width="80%"/>
      </tr>
      <tr>
        <td colspan="1" rowspan="1" class="indent2" width="20%">Evidencia</td>
        <td colspan="1" rowspan="1" width="80%"/>
      </tr>
      <tr>
        <td colspan="1" rowspan="1" class="indent2" width="20%">Other Info</td>
        <td colspan="1" rowspan="1" width="80%"/>
      </tr>
      <tr>
        <td colspan="1" rowspan="1" class="indent1" width="20%">URL</td>
        <td colspan="1" rowspan="1" width="80%">
          <a shape="rect" href="https://juice-shop.herokuapp.com/runtime.js">https://juice-shop.herokuapp.com/runtime.js</a>
        </td>
      </tr>
      <tr>
        <td colspan="1" rowspan="1" class="indent2" width="20%">Método</td>
        <td colspan="1" rowspan="1" width="80%">GET</td>
      </tr>
      <tr>
        <td colspan="1" rowspan="1" class="indent2" width="20%">Parámetros</td>
        <td colspan="1" rowspan="1" width="80%"/>
      </tr>
      <tr>
        <td colspan="1" rowspan="1" class="indent2" width="20%">Ataque</td>
        <td colspan="1" rowspan="1" width="80%"/>
      </tr>
      <tr>
        <td colspan="1" rowspan="1" class="indent2" width="20%">Evidencia</td>
        <td colspan="1" rowspan="1" width="80%"/>
      </tr>
      <tr>
        <td colspan="1" rowspan="1" class="indent2" width="20%">Other Info</td>
        <td colspan="1" rowspan="1" width="80%"/>
      </tr>
      <tr>
        <td colspan="1" rowspan="1" class="indent1" width="20%">URL</td>
        <td colspan="1" rowspan="1" width="80%">
          <a shape="rect" href="https://juice-shop.herokuapp.com/socket.io/?EIO=4&amp;transport=polling&amp;t=OlGny9N">https://juice-shop.herokuapp.com/socket.io/?EIO=4&amp;transport=polling&amp;t=OlGny9N</a>
        </td>
      </tr>
      <tr>
        <td colspan="1" rowspan="1" class="indent2" width="20%">Método</td>
        <td colspan="1" rowspan="1" width="80%">GET</td>
      </tr>
      <tr>
        <td colspan="1" rowspan="1" class="indent2" width="20%">Parámetros</td>
        <td colspan="1" rowspan="1" width="80%"/>
      </tr>
      <tr>
        <td colspan="1" rowspan="1" class="indent2" width="20%">Ataque</td>
        <td colspan="1" rowspan="1" width="80%"/>
      </tr>
      <tr>
        <td colspan="1" rowspan="1" class="indent2" width="20%">Evidencia</td>
        <td colspan="1" rowspan="1" width="80%"/>
      </tr>
      <tr>
        <td colspan="1" rowspan="1" class="indent2" width="20%">Other Info</td>
        <td colspan="1" rowspan="1" width="80%"/>
      </tr>
      <tr>
        <td colspan="1" rowspan="1" class="indent1" width="20%">URL</td>
        <td colspan="1" rowspan="1" width="80%">
          <a shape="rect" href="https://juice-shop.herokuapp.com/socket.io/?EIO=4&amp;transport=polling&amp;t=OlGnyCn&amp;sid=oXBzVbO52_EmBjGYAAOz">https://juice-shop.herokuapp.com/socket.io/?EIO=4&amp;transport=polling&amp;t=OlGnyCn&amp;sid=oXBzVbO52_EmBjGYAAOz</a>
        </td>
      </tr>
      <tr>
        <td colspan="1" rowspan="1" class="indent2" width="20%">Método</td>
        <td colspan="1" rowspan="1" width="80%">GET</td>
      </tr>
      <tr>
        <td colspan="1" rowspan="1" class="indent2" width="20%">Parámetros</td>
        <td colspan="1" rowspan="1" width="80%"/>
      </tr>
      <tr>
        <td colspan="1" rowspan="1" class="indent2" width="20%">Ataque</td>
        <td colspan="1" rowspan="1" width="80%"/>
      </tr>
      <tr>
        <td colspan="1" rowspan="1" class="indent2" width="20%">Evidencia</td>
        <td colspan="1" rowspan="1" width="80%"/>
      </tr>
      <tr>
        <td colspan="1" rowspan="1" class="indent2" width="20%">Other Info</td>
        <td colspan="1" rowspan="1" width="80%"/>
      </tr>
      <tr>
        <td colspan="1" rowspan="1" class="indent1" width="20%">URL</td>
        <td colspan="1" rowspan="1" width="80%">
          <a shape="rect" href="https://juice-shop.herokuapp.com/socket.io/?EIO=4&amp;transport=polling&amp;t=OlGnyM1&amp;sid=oXBzVbO52_EmBjGYAAOz">https://juice-shop.herokuapp.com/socket.io/?EIO=4&amp;transport=polling&amp;t=OlGnyM1&amp;sid=oXBzVbO52_EmBjGYAAOz</a>
        </td>
      </tr>
      <tr>
        <td colspan="1" rowspan="1" class="indent2" width="20%">Método</td>
        <td colspan="1" rowspan="1" width="80%">GET</td>
      </tr>
      <tr>
        <td colspan="1" rowspan="1" class="indent2" width="20%">Parámetros</td>
        <td colspan="1" rowspan="1" width="80%"/>
      </tr>
      <tr>
        <td colspan="1" rowspan="1" class="indent2" width="20%">Ataque</td>
        <td colspan="1" rowspan="1" width="80%"/>
      </tr>
      <tr>
        <td colspan="1" rowspan="1" class="indent2" width="20%">Evidencia</td>
        <td colspan="1" rowspan="1" width="80%"/>
      </tr>
      <tr>
        <td colspan="1" rowspan="1" class="indent2" width="20%">Other Info</td>
        <td colspan="1" rowspan="1" width="80%"/>
      </tr>
      <tr>
        <td colspan="1" rowspan="1" class="indent1" width="20%">URL</td>
        <td colspan="1" rowspan="1" width="80%">
          <a shape="rect" href="https://juice-shop.herokuapp.com/socket.io/?EIO=4&amp;transport=websocket&amp;sid=oXBzVbO52_EmBjGYAAOz">https://juice-shop.herokuapp.com/socket.io/?EIO=4&amp;transport=websocket&amp;sid=oXBzVbO52_EmBjGYAAOz</a>
        </td>
      </tr>
      <tr>
        <td colspan="1" rowspan="1" class="indent2" width="20%">Método</td>
        <td colspan="1" rowspan="1" width="80%">GET</td>
      </tr>
      <tr>
        <td colspan="1" rowspan="1" class="indent2" width="20%">Parámetros</td>
        <td colspan="1" rowspan="1" width="80%"/>
      </tr>
      <tr>
        <td colspan="1" rowspan="1" class="indent2" width="20%">Ataque</td>
        <td colspan="1" rowspan="1" width="80%"/>
      </tr>
      <tr>
        <td colspan="1" rowspan="1" class="indent2" width="20%">Evidencia</td>
        <td colspan="1" rowspan="1" width="80%"/>
      </tr>
      <tr>
        <td colspan="1" rowspan="1" class="indent2" width="20%">Other Info</td>
        <td colspan="1" rowspan="1" width="80%"/>
      </tr>
      <tr>
        <td colspan="1" rowspan="1" class="indent1" width="20%">URL</td>
        <td colspan="1" rowspan="1" width="80%">
          <a shape="rect" href="https://juice-shop.herokuapp.com/styles.css">https://juice-shop.herokuapp.com/styles.css</a>
        </td>
      </tr>
      <tr>
        <td colspan="1" rowspan="1" class="indent2" width="20%">Método</td>
        <td colspan="1" rowspan="1" width="80%">GET</td>
      </tr>
      <tr>
        <td colspan="1" rowspan="1" class="indent2" width="20%">Parámetros</td>
        <td colspan="1" rowspan="1" width="80%"/>
      </tr>
      <tr>
        <td colspan="1" rowspan="1" class="indent2" width="20%">Ataque</td>
        <td colspan="1" rowspan="1" width="80%"/>
      </tr>
      <tr>
        <td colspan="1" rowspan="1" class="indent2" width="20%">Evidencia</td>
        <td colspan="1" rowspan="1" width="80%"/>
      </tr>
      <tr>
        <td colspan="1" rowspan="1" class="indent2" width="20%">Other Info</td>
        <td colspan="1" rowspan="1" width="80%"/>
      </tr>
      <tr>
        <td colspan="1" rowspan="1" class="indent1" width="20%">URL</td>
        <td colspan="1" rowspan="1" width="80%">
          <a shape="rect" href="https://juice-shop.herokuapp.com/vendor.js">https://juice-shop.herokuapp.com/vendor.js</a>
        </td>
      </tr>
      <tr>
        <td colspan="1" rowspan="1" class="indent2" width="20%">Método</td>
        <td colspan="1" rowspan="1" width="80%">GET</td>
      </tr>
      <tr>
        <td colspan="1" rowspan="1" class="indent2" width="20%">Parámetros</td>
        <td colspan="1" rowspan="1" width="80%"/>
      </tr>
      <tr>
        <td colspan="1" rowspan="1" class="indent2" width="20%">Ataque</td>
        <td colspan="1" rowspan="1" width="80%"/>
      </tr>
      <tr>
        <td colspan="1" rowspan="1" class="indent2" width="20%">Evidencia</td>
        <td colspan="1" rowspan="1" width="80%"/>
      </tr>
      <tr>
        <td colspan="1" rowspan="1" class="indent2" width="20%">Other Info</td>
        <td colspan="1" rowspan="1" width="80%"/>
      </tr>
      <tr>
        <td colspan="1" rowspan="1" class="indent1" width="20%">URL</td>
        <td colspan="1" rowspan="1" width="80%">
          <a shape="rect" href="https://juice-shop.herokuapp.com/api/Users/">https://juice-shop.herokuapp.com/api/Users/</a>
        </td>
      </tr>
      <tr>
        <td colspan="1" rowspan="1" class="indent2" width="20%">Método</td>
        <td colspan="1" rowspan="1" width="80%">POST</td>
      </tr>
      <tr>
        <td colspan="1" rowspan="1" class="indent2" width="20%">Parámetros</td>
        <td colspan="1" rowspan="1" width="80%"/>
      </tr>
      <tr>
        <td colspan="1" rowspan="1" class="indent2" width="20%">Ataque</td>
        <td colspan="1" rowspan="1" width="80%"/>
      </tr>
      <tr>
        <td colspan="1" rowspan="1" class="indent2" width="20%">Evidencia</td>
        <td colspan="1" rowspan="1" width="80%"/>
      </tr>
      <tr>
        <td colspan="1" rowspan="1" class="indent2" width="20%">Other Info</td>
        <td colspan="1" rowspan="1" width="80%"/>
      </tr>
      <tr>
        <td colspan="1" rowspan="1" class="indent1" width="20%">URL</td>
        <td colspan="1" rowspan="1" width="80%">
          <a shape="rect" href="https://juice-shop.herokuapp.com/socket.io/?EIO=4&amp;transport=polling&amp;t=OlGnyCj&amp;sid=oXBzVbO52_EmBjGYAAOz">https://juice-shop.herokuapp.com/socket.io/?EIO=4&amp;transport=polling&amp;t=OlGnyCj&amp;sid=oXBzVbO52_EmBjGYAAOz</a>
        </td>
      </tr>
      <tr>
        <td colspan="1" rowspan="1" class="indent2" width="20%">Método</td>
        <td colspan="1" rowspan="1" width="80%">POST</td>
      </tr>
      <tr>
        <td colspan="1" rowspan="1" class="indent2" width="20%">Parámetros</td>
        <td colspan="1" rowspan="1" width="80%"/>
      </tr>
      <tr>
        <td colspan="1" rowspan="1" class="indent2" width="20%">Ataque</td>
        <td colspan="1" rowspan="1" width="80%"/>
      </tr>
      <tr>
        <td colspan="1" rowspan="1" class="indent2" width="20%">Evidencia</td>
        <td colspan="1" rowspan="1" width="80%"/>
      </tr>
      <tr>
        <td colspan="1" rowspan="1" class="indent2" width="20%">Other Info</td>
        <td colspan="1" rowspan="1" width="80%"/>
      </tr>
      <tr>
        <td colspan="1" rowspan="1" class="indent1" width="20%">URL</td>
        <td colspan="1" rowspan="1" width="80%">
          <a shape="rect" href="https://update.googleapis.com/service/update2/json">https://update.googleapis.com/service/update2/json</a>
        </td>
      </tr>
      <tr>
        <td colspan="1" rowspan="1" class="indent2" width="20%">Método</td>
        <td colspan="1" rowspan="1" width="80%">POST</td>
      </tr>
      <tr>
        <td colspan="1" rowspan="1" class="indent2" width="20%">Parámetros</td>
        <td colspan="1" rowspan="1" width="80%"/>
      </tr>
      <tr>
        <td colspan="1" rowspan="1" class="indent2" width="20%">Ataque</td>
        <td colspan="1" rowspan="1" width="80%"/>
      </tr>
      <tr>
        <td colspan="1" rowspan="1" class="indent2" width="20%">Evidencia</td>
        <td colspan="1" rowspan="1" width="80%"/>
      </tr>
      <tr>
        <td colspan="1" rowspan="1" class="indent2" width="20%">Other Info</td>
        <td colspan="1" rowspan="1" width="80%"/>
      </tr>
      <tr>
        <td colspan="1" rowspan="1" width="20%">Instancia</td>
        <td colspan="1" rowspan="1" width="80%">26</td>
      </tr>
      <tr>
        <td colspan="1" rowspan="1" width="20%">Solución</td>
        <td colspan="1" rowspan="1" width="80%">
          <div>Ensure that your web server, application server, load balancer, etc. is configured to enforce Strict-Transport-Security.</div>
        </td>
      </tr>
      <tr>
        <td colspan="1" rowspan="1" width="20%">Referencia</td>
        <td colspan="1" rowspan="1" width="80%">
          <a shape="rect" href="https://cheatsheetseries.owasp.org/cheatsheets/HTTP_Strict_Transport_Security_Cheat_Sheet.html">https://cheatsheetseries.owasp.org/cheatsheets/HTTP_Strict_Transport_Security_Cheat_Sheet.html</a>
          <br clear="none"/>
          <a shape="rect" href="https://owasp.org/www-community/Security_Headers">https://owasp.org/www-community/Security_Headers</a>
          <br clear="none"/>
          <a shape="rect" href="http://en.wikipedia.org/wiki/HTTP_Strict_Transport_Security">http://en.wikipedia.org/wiki/HTTP_Strict_Transport_Security</a>
          <br clear="none"/>
          <a shape="rect" href="http://caniuse.com/stricttransportsecurity">http://caniuse.com/stricttransportsecurity</a>
          <br clear="none"/>
          <a shape="rect" href="http://tools.ietf.org/html/rfc6797">http://tools.ietf.org/html/rfc6797</a>
        </td>
      </tr>
      <tr>
        <td colspan="1" rowspan="1" width="20%">CWE Id</td>
        <td colspan="1" rowspan="1" width="80%">
          <a shape="rect" href="https://cwe.mitre.org/data/definitions/319.html">319</a>
        </td>
      </tr>
      <tr>
        <td colspan="1" rowspan="1" width="20%">WASC Id</td>
        <td colspan="1" rowspan="1" width="80%">15</td>
      </tr>
      <tr>
        <td colspan="1" rowspan="1" width="20%">Plugin Id</td>
        <td colspan="1" rowspan="1" width="80%">
          <a shape="rect" href="https://www.zaproxy.org/docs/alerts/10035/">10035</a>
        </td>
      </tr>
    </table>
    <div class="spacer"/>
    <table class="results">
      <tr height="24">
        <th colspan="1" rowspan="1" class="risk-1" width="20%">
          <a shape="rect" id="10021"/>
          <div>Bajo</div>
        </th>
        <th colspan="1" rowspan="1" class="risk-1">X-Content-Type-Options Header Missing</th>
      </tr>
      <tr>
        <td colspan="1" rowspan="1" width="20%">Descripción</td>
        <td colspan="1" rowspan="1" width="80%">
          <div>The Anti-MIME-Sniffing header X-Content-Type-Options was not set to 'nosniff'. This allows older versions of Internet Explorer and Chrome to perform MIME-sniffing on the response body, potentially causing the response body to be interpreted and displayed as a content type other than the declared content type. Current (early 2014) and legacy versions of Firefox will use the declared content type (if one is set), rather than performing MIME-sniffing.</div>
        </td>
      </tr>
      <tr valign="top">
        <td colspan="2" rowspan="1"/>
      </tr>
      <tr>
        <td colspan="1" rowspan="1" class="indent1" width="20%">URL</td>
        <td colspan="1" rowspan="1" width="80%">
          <a shape="rect" href="https://juice-shop.herokuapp.com/socket.io/?EIO=4&amp;transport=polling&amp;t=OlGny9N">https://juice-shop.herokuapp.com/socket.io/?EIO=4&amp;transport=polling&amp;t=OlGny9N</a>
        </td>
      </tr>
      <tr>
        <td colspan="1" rowspan="1" class="indent2" width="20%">Método</td>
        <td colspan="1" rowspan="1" width="80%">GET</td>
      </tr>
      <tr>
        <td colspan="1" rowspan="1" class="indent2" width="20%">Parámetros</td>
        <td colspan="1" rowspan="1" width="80%">x-content-type-options</td>
      </tr>
      <tr>
        <td colspan="1" rowspan="1" class="indent2" width="20%">Ataque</td>
        <td colspan="1" rowspan="1" width="80%"/>
      </tr>
      <tr>
        <td colspan="1" rowspan="1" class="indent2" width="20%">Evidencia</td>
        <td colspan="1" rowspan="1" width="80%"/>
      </tr>
      <tr>
        <td colspan="1" rowspan="1" class="indent2" width="20%">Other Info</td>
        <td colspan="1" rowspan="1" width="80%">This issue still applies to error type pages (401, 403, 500, etc.) as those pages are often still affected by injection issues, in which case there is still concern for browsers sniffing pages away from their actual content type.
At "High" threshold this scan rule will not alert on client or server error responses.</td>
      </tr>
      <tr>
        <td colspan="1" rowspan="1" class="indent1" width="20%">URL</td>
        <td colspan="1" rowspan="1" width="80%">
          <a shape="rect" href="https://juice-shop.herokuapp.com/socket.io/?EIO=4&amp;transport=polling&amp;t=OlGnyCn&amp;sid=oXBzVbO52_EmBjGYAAOz">https://juice-shop.herokuapp.com/socket.io/?EIO=4&amp;transport=polling&amp;t=OlGnyCn&amp;sid=oXBzVbO52_EmBjGYAAOz</a>
        </td>
      </tr>
      <tr>
        <td colspan="1" rowspan="1" class="indent2" width="20%">Método</td>
        <td colspan="1" rowspan="1" width="80%">GET</td>
      </tr>
      <tr>
        <td colspan="1" rowspan="1" class="indent2" width="20%">Parámetros</td>
        <td colspan="1" rowspan="1" width="80%">x-content-type-options</td>
      </tr>
      <tr>
        <td colspan="1" rowspan="1" class="indent2" width="20%">Ataque</td>
        <td colspan="1" rowspan="1" width="80%"/>
      </tr>
      <tr>
        <td colspan="1" rowspan="1" class="indent2" width="20%">Evidencia</td>
        <td colspan="1" rowspan="1" width="80%"/>
      </tr>
      <tr>
        <td colspan="1" rowspan="1" class="indent2" width="20%">Other Info</td>
        <td colspan="1" rowspan="1" width="80%">This issue still applies to error type pages (401, 403, 500, etc.) as those pages are often still affected by injection issues, in which case there is still concern for browsers sniffing pages away from their actual content type.
At "High" threshold this scan rule will not alert on client or server error responses.</td>
      </tr>
      <tr>
        <td colspan="1" rowspan="1" class="indent1" width="20%">URL</td>
        <td colspan="1" rowspan="1" width="80%">
          <a shape="rect" href="https://juice-shop.herokuapp.com/socket.io/?EIO=4&amp;transport=polling&amp;t=OlGnyM1&amp;sid=oXBzVbO52_EmBjGYAAOz">https://juice-shop.herokuapp.com/socket.io/?EIO=4&amp;transport=polling&amp;t=OlGnyM1&amp;sid=oXBzVbO52_EmBjGYAAOz</a>
        </td>
      </tr>
      <tr>
        <td colspan="1" rowspan="1" class="indent2" width="20%">Método</td>
        <td colspan="1" rowspan="1" width="80%">GET</td>
      </tr>
      <tr>
        <td colspan="1" rowspan="1" class="indent2" width="20%">Parámetros</td>
        <td colspan="1" rowspan="1" width="80%">x-content-type-options</td>
      </tr>
      <tr>
        <td colspan="1" rowspan="1" class="indent2" width="20%">Ataque</td>
        <td colspan="1" rowspan="1" width="80%"/>
      </tr>
      <tr>
        <td colspan="1" rowspan="1" class="indent2" width="20%">Evidencia</td>
        <td colspan="1" rowspan="1" width="80%"/>
      </tr>
      <tr>
        <td colspan="1" rowspan="1" class="indent2" width="20%">Other Info</td>
        <td colspan="1" rowspan="1" width="80%">This issue still applies to error type pages (401, 403, 500, etc.) as those pages are often still affected by injection issues, in which case there is still concern for browsers sniffing pages away from their actual content type.
At "High" threshold this scan rule will not alert on client or server error responses.</td>
      </tr>
      <tr>
        <td colspan="1" rowspan="1" class="indent1" width="20%">URL</td>
        <td colspan="1" rowspan="1" width="80%">
          <a shape="rect" href="https://juice-shop.herokuapp.com/socket.io/?EIO=4&amp;transport=polling&amp;t=OlGnyCj&amp;sid=oXBzVbO52_EmBjGYAAOz">https://juice-shop.herokuapp.com/socket.io/?EIO=4&amp;transport=polling&amp;t=OlGnyCj&amp;sid=oXBzVbO52_EmBjGYAAOz</a>
        </td>
      </tr>
      <tr>
        <td colspan="1" rowspan="1" class="indent2" width="20%">Método</td>
        <td colspan="1" rowspan="1" width="80%">POST</td>
      </tr>
      <tr>
        <td colspan="1" rowspan="1" class="indent2" width="20%">Parámetros</td>
        <td colspan="1" rowspan="1" width="80%">x-content-type-options</td>
      </tr>
      <tr>
        <td colspan="1" rowspan="1" class="indent2" width="20%">Ataque</td>
        <td colspan="1" rowspan="1" width="80%"/>
      </tr>
      <tr>
        <td colspan="1" rowspan="1" class="indent2" width="20%">Evidencia</td>
        <td colspan="1" rowspan="1" width="80%"/>
      </tr>
      <tr>
        <td colspan="1" rowspan="1" class="indent2" width="20%">Other Info</td>
        <td colspan="1" rowspan="1" width="80%">This issue still applies to error type pages (401, 403, 500, etc.) as those pages are often still affected by injection issues, in which case there is still concern for browsers sniffing pages away from their actual content type.
At "High" threshold this scan rule will not alert on client or server error responses.</td>
      </tr>
      <tr>
        <td colspan="1" rowspan="1" width="20%">Instancia</td>
        <td colspan="1" rowspan="1" width="80%">4</td>
      </tr>
      <tr>
        <td colspan="1" rowspan="1" width="20%">Solución</td>
        <td colspan="1" rowspan="1" width="80%">
          <div>Ensure that the application/web server sets the Content-Type header appropriately, and that it sets the X-Content-Type-Options header to 'nosniff' for all web pages.</div>
          <br clear="none"/>
          <div>If possible, ensure that the end user uses a standards-compliant and modern web browser that does not perform MIME-sniffing at all, or that can be directed by the web application/web server to not perform MIME-sniffing.</div>
        </td>
      </tr>
      <tr>
        <td colspan="1" rowspan="1" width="20%">Referencia</td>
        <td colspan="1" rowspan="1" width="80%">
          <a shape="rect" href="http://msdn.microsoft.com/en-us/library/ie/gg622941%28v=vs.85%29.aspx">http://msdn.microsoft.com/en-us/library/ie/gg622941%28v=vs.85%29.aspx</a>
          <br clear="none"/>
          <a shape="rect" href="https://owasp.org/www-community/Security_Headers">https://owasp.org/www-community/Security_Headers</a>
        </td>
      </tr>
      <tr>
        <td colspan="1" rowspan="1" width="20%">CWE Id</td>
        <td colspan="1" rowspan="1" width="80%">
          <a shape="rect" href="https://cwe.mitre.org/data/definitions/693.html">693</a>
        </td>
      </tr>
      <tr>
        <td colspan="1" rowspan="1" width="20%">WASC Id</td>
        <td colspan="1" rowspan="1" width="80%">15</td>
      </tr>
      <tr>
        <td colspan="1" rowspan="1" width="20%">Plugin Id</td>
        <td colspan="1" rowspan="1" width="80%">
          <a shape="rect" href="https://www.zaproxy.org/docs/alerts/10021/">10021</a>
        </td>
      </tr>
    </table>
    <div class="spacer"/>
    <table class="results">
      <tr height="24">
        <th colspan="1" rowspan="1" class="risk-0" width="20%">
          <a shape="rect" id="10111"/>
          <div>Informativo</div>
        </th>
        <th colspan="1" rowspan="1" class="risk-0">Authentication Request Identified</th>
      </tr>
      <tr>
        <td colspan="1" rowspan="1" width="20%">Descripción</td>
        <td colspan="1" rowspan="1" width="80%">
          <div>The given request has been identified as an authentication request. The 'Other Info' field contains a set of key=value lines which identify any relevant fields. If the request is in a context which has an Authentication Method set to "Auto-Detect" then this rule will change the authentication to match the request identified.</div>
        </td>
      </tr>
      <tr valign="top">
        <td colspan="2" rowspan="1"/>
      </tr>
      <tr>
        <td colspan="1" rowspan="1" class="indent1" width="20%">URL</td>
        <td colspan="1" rowspan="1" width="80%">
          <a shape="rect" href="https://juice-shop.herokuapp.com/api/Users/">https://juice-shop.herokuapp.com/api/Users/</a>
        </td>
      </tr>
      <tr>
        <td colspan="1" rowspan="1" class="indent2" width="20%">Método</td>
        <td colspan="1" rowspan="1" width="80%">POST</td>
      </tr>
      <tr>
        <td colspan="1" rowspan="1" class="indent2" width="20%">Parámetros</td>
        <td colspan="1" rowspan="1" width="80%">email</td>
      </tr>
      <tr>
        <td colspan="1" rowspan="1" class="indent2" width="20%">Ataque</td>
        <td colspan="1" rowspan="1" width="80%"/>
      </tr>
      <tr>
        <td colspan="1" rowspan="1" class="indent2" width="20%">Evidencia</td>
        <td colspan="1" rowspan="1" width="80%">password</td>
      </tr>
      <tr>
        <td colspan="1" rowspan="1" class="indent2" width="20%">Other Info</td>
        <td colspan="1" rowspan="1" width="80%">userParam=email
userValue=marioly-test-99@gmail.com
passwordParam=password
referer=https://juice-shop.herokuapp.com/</td>
      </tr>
      <tr>
        <td colspan="1" rowspan="1" width="20%">Instancia</td>
        <td colspan="1" rowspan="1" width="80%">1</td>
      </tr>
      <tr>
        <td colspan="1" rowspan="1" width="20%">Solución</td>
        <td colspan="1" rowspan="1" width="80%">
          <div>This is an informational alert rather than a vulnerability and so there is nothing to fix.</div>
        </td>
      </tr>
      <tr>
        <td colspan="1" rowspan="1" width="20%">Referencia</td>
        <td colspan="1" rowspan="1" width="80%">
          <a shape="rect" href="https://www.zaproxy.org/docs/desktop/addons/authentication-helper/auth-req-id/">https://www.zaproxy.org/docs/desktop/addons/authentication-helper/auth-req-id/</a>
        </td>
      </tr>
      <tr>
        <td colspan="1" rowspan="1" width="20%">CWE Id</td>
        <td colspan="1" rowspan="1" width="80%"/>
      </tr>
      <tr>
        <td colspan="1" rowspan="1" width="20%">WASC Id</td>
        <td colspan="1" rowspan="1" width="80%"/>
      </tr>
      <tr>
        <td colspan="1" rowspan="1" width="20%">Plugin Id</td>
        <td colspan="1" rowspan="1" width="80%">
          <a shape="rect" href="https://www.zaproxy.org/docs/alerts/10111/">10111</a>
        </td>
      </tr>
    </table>
    <div class="spacer"/>
    <table class="results">
      <tr height="24">
        <th colspan="1" rowspan="1" class="risk-0" width="20%">
          <a shape="rect" id="10027"/>
          <div>Informativo</div>
        </th>
        <th colspan="1" rowspan="1" class="risk-0">Divulgación de información - Comentarios sospechosos</th>
      </tr>
      <tr>
        <td colspan="1" rowspan="1" width="20%">Descripción</td>
        <td colspan="1" rowspan="1" width="80%">
          <div>La respuesta parece contener comentarios sospechosos que pueden ayudar a un atacante. Nota: Las coincidencias realizadas dentro de los scripts o archivos se refieren a todo el contenido, no solo a los comentarios.</div>
        </td>
      </tr>
      <tr valign="top">
        <td colspan="2" rowspan="1"/>
      </tr>
      <tr>
        <td colspan="1" rowspan="1" class="indent1" width="20%">URL</td>
        <td colspan="1" rowspan="1" width="80%">
          <a shape="rect" href="https://cdnjs.cloudflare.com/ajax/libs/jquery/2.2.4/jquery.min.js">https://cdnjs.cloudflare.com/ajax/libs/jquery/2.2.4/jquery.min.js</a>
        </td>
      </tr>
      <tr>
        <td colspan="1" rowspan="1" class="indent2" width="20%">Método</td>
        <td colspan="1" rowspan="1" width="80%">GET</td>
      </tr>
      <tr>
        <td colspan="1" rowspan="1" class="indent2" width="20%">Parámetros</td>
        <td colspan="1" rowspan="1" width="80%"/>
      </tr>
      <tr>
        <td colspan="1" rowspan="1" class="indent2" width="20%">Ataque</td>
        <td colspan="1" rowspan="1" width="80%"/>
      </tr>
      <tr>
        <td colspan="1" rowspan="1" class="indent2" width="20%">Evidencia</td>
        <td colspan="1" rowspan="1" width="80%">db</td>
      </tr>
      <tr>
        <td colspan="1" rowspan="1" class="indent2" width="20%">Other Info</td>
        <td colspan="1" rowspan="1" width="80%">The following pattern was used: \bDB\b and was detected 2 times, the first in the element starting with: "}catch(e){}O.set(a,b,c)}else c=void 0;return c}n.extend({hasData:function(a){return O.hasData(a)||N.hasData(a)},data:function(a,", see evidence field for the suspicious comment/snippet.</td>
      </tr>
      <tr>
        <td colspan="1" rowspan="1" class="indent1" width="20%">URL</td>
        <td colspan="1" rowspan="1" width="80%">
          <a shape="rect" href="https://cdnjs.cloudflare.com/ajax/libs/jquery/2.2.4/jquery.min.js">https://cdnjs.cloudflare.com/ajax/libs/jquery/2.2.4/jquery.min.js</a>
        </td>
      </tr>
      <tr>
        <td colspan="1" rowspan="1" class="indent2" width="20%">Método</td>
        <td colspan="1" rowspan="1" width="80%">GET</td>
      </tr>
      <tr>
        <td colspan="1" rowspan="1" class="indent2" width="20%">Parámetros</td>
        <td colspan="1" rowspan="1" width="80%"/>
      </tr>
      <tr>
        <td colspan="1" rowspan="1" class="indent2" width="20%">Ataque</td>
        <td colspan="1" rowspan="1" width="80%"/>
      </tr>
      <tr>
        <td colspan="1" rowspan="1" class="indent2" width="20%">Evidencia</td>
        <td colspan="1" rowspan="1" width="80%">select</td>
      </tr>
      <tr>
        <td colspan="1" rowspan="1" class="indent2" width="20%">Other Info</td>
        <td colspan="1" rowspan="1" width="80%">The following pattern was used: \bSELECT\b and was detected in the element starting with: "!function(a,b){"object"==typeof module&amp;&amp;"object"==typeof module.exports?module.exports=a.document?b(a,!0):function(a){if(!a.docu", see evidence field for the suspicious comment/snippet.</td>
      </tr>
      <tr>
        <td colspan="1" rowspan="1" class="indent1" width="20%">URL</td>
        <td colspan="1" rowspan="1" width="80%">
          <a shape="rect" href="https://juice-shop.herokuapp.com/main.js">https://juice-shop.herokuapp.com/main.js</a>
        </td>
      </tr>
      <tr>
        <td colspan="1" rowspan="1" class="indent2" width="20%">Método</td>
        <td colspan="1" rowspan="1" width="80%">GET</td>
      </tr>
      <tr>
        <td colspan="1" rowspan="1" class="indent2" width="20%">Parámetros</td>
        <td colspan="1" rowspan="1" width="80%"/>
      </tr>
      <tr>
        <td colspan="1" rowspan="1" class="indent2" width="20%">Ataque</td>
        <td colspan="1" rowspan="1" width="80%"/>
      </tr>
      <tr>
        <td colspan="1" rowspan="1" class="indent2" width="20%">Evidencia</td>
        <td colspan="1" rowspan="1" width="80%">query</td>
      </tr>
      <tr>
        <td colspan="1" rowspan="1" class="indent2" width="20%">Other Info</td>
        <td colspan="1" rowspan="1" width="80%">The following pattern was used: \bQUERY\b and was detected in the element starting with: ""use strict";(self.webpackChunkfrontend=self.webpackChunkfrontend||[]).push([[179],{4550:(tt,W,c)=&gt;{c.d(W,{e:()=&gt;s});var k=c(234", see evidence field for the suspicious comment/snippet.</td>
      </tr>
      <tr>
        <td colspan="1" rowspan="1" class="indent1" width="20%">URL</td>
        <td colspan="1" rowspan="1" width="80%">
          <a shape="rect" href="https://juice-shop.herokuapp.com/vendor.js">https://juice-shop.herokuapp.com/vendor.js</a>
        </td>
      </tr>
      <tr>
        <td colspan="1" rowspan="1" class="indent2" width="20%">Método</td>
        <td colspan="1" rowspan="1" width="80%">GET</td>
      </tr>
      <tr>
        <td colspan="1" rowspan="1" class="indent2" width="20%">Parámetros</td>
        <td colspan="1" rowspan="1" width="80%"/>
      </tr>
      <tr>
        <td colspan="1" rowspan="1" class="indent2" width="20%">Ataque</td>
        <td colspan="1" rowspan="1" width="80%"/>
      </tr>
      <tr>
        <td colspan="1" rowspan="1" class="indent2" width="20%">Evidencia</td>
        <td colspan="1" rowspan="1" width="80%">query</td>
      </tr>
      <tr>
        <td colspan="1" rowspan="1" class="indent2" width="20%">Other Info</td>
        <td colspan="1" rowspan="1" width="80%">The following pattern was used: \bQUERY\b and was detected in the element starting with: "(self.webpackChunkfrontend=self.webpackChunkfrontend||[]).push([[736],{9187:(At,ae,d)=&gt;{"use strict";d.d(ae,{Xy:()=&gt;X,ne:()=&gt;Be,", see evidence field for the suspicious comment/snippet.</td>
      </tr>
      <tr>
        <td colspan="1" rowspan="1" width="20%">Instancia</td>
        <td colspan="1" rowspan="1" width="80%">4</td>
      </tr>
      <tr>
        <td colspan="1" rowspan="1" width="20%">Solución</td>
        <td colspan="1" rowspan="1" width="80%">
          <div>Eliminar todos los comentarios que devuelvan información que podría ayudar a un atacante y arreglar cualquier problema subyacente al que se refieran.</div>
        </td>
      </tr>
      <tr>
        <td colspan="1" rowspan="1" width="20%">Referencia</td>
        <td colspan="1" rowspan="1" width="80%"/>
      </tr>
      <tr>
        <td colspan="1" rowspan="1" width="20%">CWE Id</td>
        <td colspan="1" rowspan="1" width="80%">
          <a shape="rect" href="https://cwe.mitre.org/data/definitions/200.html">200</a>
        </td>
      </tr>
      <tr>
        <td colspan="1" rowspan="1" width="20%">WASC Id</td>
        <td colspan="1" rowspan="1" width="80%">13</td>
      </tr>
      <tr>
        <td colspan="1" rowspan="1" width="20%">Plugin Id</td>
        <td colspan="1" rowspan="1" width="80%">
          <a shape="rect" href="https://www.zaproxy.org/docs/alerts/10027/">10027</a>
        </td>
      </tr>
    </table>
    <div class="spacer"/>
    <table class="results">
      <tr height="24">
        <th colspan="1" rowspan="1" class="risk-0" width="20%">
          <a shape="rect" id="10109"/>
          <div>Informativo</div>
        </th>
        <th colspan="1" rowspan="1" class="risk-0">Modern Web Application</th>
      </tr>
      <tr>
        <td colspan="1" rowspan="1" width="20%">Descripción</td>
        <td colspan="1" rowspan="1" width="80%">
          <div>The application appears to be a modern web application. If you need to explore it automatically then the Ajax Spider may well be more effective than the standard one.</div>
        </td>
      </tr>
      <tr valign="top">
        <td colspan="2" rowspan="1"/>
      </tr>
      <tr>
        <td colspan="1" rowspan="1" class="indent1" width="20%">URL</td>
        <td colspan="1" rowspan="1" width="80%">
          <a shape="rect" href="https://juice-shop.herokuapp.com/">https://juice-shop.herokuapp.com/</a>
        </td>
      </tr>
      <tr>
        <td colspan="1" rowspan="1" class="indent2" width="20%">Método</td>
        <td colspan="1" rowspan="1" width="80%">GET</td>
      </tr>
      <tr>
        <td colspan="1" rowspan="1" class="indent2" width="20%">Parámetros</td>
        <td colspan="1" rowspan="1" width="80%"/>
      </tr>
      <tr>
        <td colspan="1" rowspan="1" class="indent2" width="20%">Ataque</td>
        <td colspan="1" rowspan="1" width="80%"/>
      </tr>
      <tr>
        <td colspan="1" rowspan="1" class="indent2" width="20%">Evidencia</td>
        <td colspan="1" rowspan="1" width="80%">&lt;script src="//cdnjs.cloudflare.com/ajax/libs/cookieconsent2/3.1.0/cookieconsent.min.js"&gt;&lt;/script&gt;</td>
      </tr>
      <tr>
        <td colspan="1" rowspan="1" class="indent2" width="20%">Other Info</td>
        <td colspan="1" rowspan="1" width="80%">No links have been found while there are scripts, which is an indication that this is a modern web application.</td>
      </tr>
      <tr>
        <td colspan="1" rowspan="1" width="20%">Instancia</td>
        <td colspan="1" rowspan="1" width="80%">1</td>
      </tr>
      <tr>
        <td colspan="1" rowspan="1" width="20%">Solución</td>
        <td colspan="1" rowspan="1" width="80%">
          <div>This is an informational alert and so no changes are required.</div>
        </td>
      </tr>
      <tr>
        <td colspan="1" rowspan="1" width="20%">Referencia</td>
        <td colspan="1" rowspan="1" width="80%"/>
      </tr>
      <tr>
        <td colspan="1" rowspan="1" width="20%">CWE Id</td>
        <td colspan="1" rowspan="1" width="80%"/>
      </tr>
      <tr>
        <td colspan="1" rowspan="1" width="20%">WASC Id</td>
        <td colspan="1" rowspan="1" width="80%"/>
      </tr>
      <tr>
        <td colspan="1" rowspan="1" width="20%">Plugin Id</td>
        <td colspan="1" rowspan="1" width="80%">
          <a shape="rect" href="https://www.zaproxy.org/docs/alerts/10109/">10109</a>
        </td>
      </tr>
    </table>
    <div class="spacer"/>
    <table class="results">
      <tr height="24">
        <th colspan="1" rowspan="1" class="risk-0" width="20%">
          <a shape="rect" id="10015"/>
          <div>Informativo</div>
        </th>
        <th colspan="1" rowspan="1" class="risk-0">Re-examine Cache-control Directives</th>
      </tr>
      <tr>
        <td colspan="1" rowspan="1" width="20%">Descripción</td>
        <td colspan="1" rowspan="1" width="80%">
          <div>The cache-control header has not been set properly or is missing, allowing the browser and proxies to cache content. For static assets like css, js, or image files this might be intended, however, the resources should be reviewed to ensure that no sensitive content will be cached.</div>
        </td>
      </tr>
      <tr valign="top">
        <td colspan="2" rowspan="1"/>
      </tr>
      <tr>
        <td colspan="1" rowspan="1" class="indent1" width="20%">URL</td>
        <td colspan="1" rowspan="1" width="80%">
          <a shape="rect" href="https://content-autofill.googleapis.com/v1/pages/ChVDaHJvbWUvMTE5LjAuNjA0NS4xMjQSGQkivDAxMg3sMBIFDRUXmhEhanPgDker4tU=?alt=proto">https://content-autofill.googleapis.com/v1/pages/ChVDaHJvbWUvMTE5LjAuNjA0NS4xMjQSGQkivDAxMg3sMBIFDRUXmhEhanPgDker4tU=?alt=proto</a>
        </td>
      </tr>
      <tr>
        <td colspan="1" rowspan="1" class="indent2" width="20%">Método</td>
        <td colspan="1" rowspan="1" width="80%">GET</td>
      </tr>
      <tr>
        <td colspan="1" rowspan="1" class="indent2" width="20%">Parámetros</td>
        <td colspan="1" rowspan="1" width="80%">cache-control</td>
      </tr>
      <tr>
        <td colspan="1" rowspan="1" class="indent2" width="20%">Ataque</td>
        <td colspan="1" rowspan="1" width="80%"/>
      </tr>
      <tr>
        <td colspan="1" rowspan="1" class="indent2" width="20%">Evidencia</td>
        <td colspan="1" rowspan="1" width="80%">private,max-age=604800</td>
      </tr>
      <tr>
        <td colspan="1" rowspan="1" class="indent2" width="20%">Other Info</td>
        <td colspan="1" rowspan="1" width="80%"/>
      </tr>
      <tr>
        <td colspan="1" rowspan="1" class="indent1" width="20%">URL</td>
        <td colspan="1" rowspan="1" width="80%">
          <a shape="rect" href="https://content-autofill.googleapis.com/v1/pages/ChVDaHJvbWUvMTE5LjAuNjA0NS4xMjQSGQn2jKxfXLh0YBIFDRUXmhEh2ZQEeiv3574=?alt=proto">https://content-autofill.googleapis.com/v1/pages/ChVDaHJvbWUvMTE5LjAuNjA0NS4xMjQSGQn2jKxfXLh0YBIFDRUXmhEh2ZQEeiv3574=?alt=proto</a>
        </td>
      </tr>
      <tr>
        <td colspan="1" rowspan="1" class="indent2" width="20%">Método</td>
        <td colspan="1" rowspan="1" width="80%">GET</td>
      </tr>
      <tr>
        <td colspan="1" rowspan="1" class="indent2" width="20%">Parámetros</td>
        <td colspan="1" rowspan="1" width="80%">cache-control</td>
      </tr>
      <tr>
        <td colspan="1" rowspan="1" class="indent2" width="20%">Ataque</td>
        <td colspan="1" rowspan="1" width="80%"/>
      </tr>
      <tr>
        <td colspan="1" rowspan="1" class="indent2" width="20%">Evidencia</td>
        <td colspan="1" rowspan="1" width="80%">private,max-age=604800</td>
      </tr>
      <tr>
        <td colspan="1" rowspan="1" class="indent2" width="20%">Other Info</td>
        <td colspan="1" rowspan="1" width="80%"/>
      </tr>
      <tr>
        <td colspan="1" rowspan="1" class="indent1" width="20%">URL</td>
        <td colspan="1" rowspan="1" width="80%">
          <a shape="rect" href="https://content-autofill.googleapis.com/v1/pages/ChVDaHJvbWUvMTE5LjAuNjA0NS4xMjQSNQlSz_zqwfaRjhIFDRUXmhESBQ23AgcCEgUNaQE2WhIFDbE1qGoSBQ0R6dv6IV-1RmAWGjtr?alt=proto">https://content-autofill.googleapis.com/v1/pages/ChVDaHJvbWUvMTE5LjAuNjA0NS4xMjQSNQlSz_zqwfaRjhIFDRUXmhESBQ23AgcCEgUNaQE2WhIFDbE1qGoSBQ0R6dv6IV-1RmAWGjtr?alt=proto</a>
        </td>
      </tr>
      <tr>
        <td colspan="1" rowspan="1" class="indent2" width="20%">Método</td>
        <td colspan="1" rowspan="1" width="80%">GET</td>
      </tr>
      <tr>
        <td colspan="1" rowspan="1" class="indent2" width="20%">Parámetros</td>
        <td colspan="1" rowspan="1" width="80%">cache-control</td>
      </tr>
      <tr>
        <td colspan="1" rowspan="1" class="indent2" width="20%">Ataque</td>
        <td colspan="1" rowspan="1" width="80%"/>
      </tr>
      <tr>
        <td colspan="1" rowspan="1" class="indent2" width="20%">Evidencia</td>
        <td colspan="1" rowspan="1" width="80%">private,max-age=604800</td>
      </tr>
      <tr>
        <td colspan="1" rowspan="1" class="indent2" width="20%">Other Info</td>
        <td colspan="1" rowspan="1" width="80%"/>
      </tr>
      <tr>
        <td colspan="1" rowspan="1" class="indent1" width="20%">URL</td>
        <td colspan="1" rowspan="1" width="80%">
          <a shape="rect" href="https://content-autofill.googleapis.com/v1/pages/ChVDaHJvbWUvMTE5LjAuNjA0NS4xMjQSNQm30auOAogrBBIFDRUXmhESBQ23AgcCEgUNaQE2WhIFDbE1qGoSBQ0R6dv6Ibr87ovhZJES?alt=proto">https://content-autofill.googleapis.com/v1/pages/ChVDaHJvbWUvMTE5LjAuNjA0NS4xMjQSNQm30auOAogrBBIFDRUXmhESBQ23AgcCEgUNaQE2WhIFDbE1qGoSBQ0R6dv6Ibr87ovhZJES?alt=proto</a>
        </td>
      </tr>
      <tr>
        <td colspan="1" rowspan="1" class="indent2" width="20%">Método</td>
        <td colspan="1" rowspan="1" width="80%">GET</td>
      </tr>
      <tr>
        <td colspan="1" rowspan="1" class="indent2" width="20%">Parámetros</td>
        <td colspan="1" rowspan="1" width="80%">cache-control</td>
      </tr>
      <tr>
        <td colspan="1" rowspan="1" class="indent2" width="20%">Ataque</td>
        <td colspan="1" rowspan="1" width="80%"/>
      </tr>
      <tr>
        <td colspan="1" rowspan="1" class="indent2" width="20%">Evidencia</td>
        <td colspan="1" rowspan="1" width="80%">private,max-age=604800</td>
      </tr>
      <tr>
        <td colspan="1" rowspan="1" class="indent2" width="20%">Other Info</td>
        <td colspan="1" rowspan="1" width="80%"/>
      </tr>
      <tr>
        <td colspan="1" rowspan="1" class="indent1" width="20%">URL</td>
        <td colspan="1" rowspan="1" width="80%">
          <a shape="rect" href="https://juice-shop.herokuapp.com/">https://juice-shop.herokuapp.com/</a>
        </td>
      </tr>
      <tr>
        <td colspan="1" rowspan="1" class="indent2" width="20%">Método</td>
        <td colspan="1" rowspan="1" width="80%">GET</td>
      </tr>
      <tr>
        <td colspan="1" rowspan="1" class="indent2" width="20%">Parámetros</td>
        <td colspan="1" rowspan="1" width="80%">cache-control</td>
      </tr>
      <tr>
        <td colspan="1" rowspan="1" class="indent2" width="20%">Ataque</td>
        <td colspan="1" rowspan="1" width="80%"/>
      </tr>
      <tr>
        <td colspan="1" rowspan="1" class="indent2" width="20%">Evidencia</td>
        <td colspan="1" rowspan="1" width="80%">public, max-age=0</td>
      </tr>
      <tr>
        <td colspan="1" rowspan="1" class="indent2" width="20%">Other Info</td>
        <td colspan="1" rowspan="1" width="80%"/>
      </tr>
      <tr>
        <td colspan="1" rowspan="1" class="indent1" width="20%">URL</td>
        <td colspan="1" rowspan="1" width="80%">
          <a shape="rect" href="https://juice-shop.herokuapp.com/api/Challenges/?name=Score%20Board">https://juice-shop.herokuapp.com/api/Challenges/?name=Score%20Board</a>
        </td>
      </tr>
      <tr>
        <td colspan="1" rowspan="1" class="indent2" width="20%">Método</td>
        <td colspan="1" rowspan="1" width="80%">GET</td>
      </tr>
      <tr>
        <td colspan="1" rowspan="1" class="indent2" width="20%">Parámetros</td>
        <td colspan="1" rowspan="1" width="80%">cache-control</td>
      </tr>
      <tr>
        <td colspan="1" rowspan="1" class="indent2" width="20%">Ataque</td>
        <td colspan="1" rowspan="1" width="80%"/>
      </tr>
      <tr>
        <td colspan="1" rowspan="1" class="indent2" width="20%">Evidencia</td>
        <td colspan="1" rowspan="1" width="80%"/>
      </tr>
      <tr>
        <td colspan="1" rowspan="1" class="indent2" width="20%">Other Info</td>
        <td colspan="1" rowspan="1" width="80%"/>
      </tr>
      <tr>
        <td colspan="1" rowspan="1" class="indent1" width="20%">URL</td>
        <td colspan="1" rowspan="1" width="80%">
          <a shape="rect" href="https://juice-shop.herokuapp.com/api/Quantitys/">https://juice-shop.herokuapp.com/api/Quantitys/</a>
        </td>
      </tr>
      <tr>
        <td colspan="1" rowspan="1" class="indent2" width="20%">Método</td>
        <td colspan="1" rowspan="1" width="80%">GET</td>
      </tr>
      <tr>
        <td colspan="1" rowspan="1" class="indent2" width="20%">Parámetros</td>
        <td colspan="1" rowspan="1" width="80%">cache-control</td>
      </tr>
      <tr>
        <td colspan="1" rowspan="1" class="indent2" width="20%">Ataque</td>
        <td colspan="1" rowspan="1" width="80%"/>
      </tr>
      <tr>
        <td colspan="1" rowspan="1" class="indent2" width="20%">Evidencia</td>
        <td colspan="1" rowspan="1" width="80%"/>
      </tr>
      <tr>
        <td colspan="1" rowspan="1" class="indent2" width="20%">Other Info</td>
        <td colspan="1" rowspan="1" width="80%"/>
      </tr>
      <tr>
        <td colspan="1" rowspan="1" class="indent1" width="20%">URL</td>
        <td colspan="1" rowspan="1" width="80%">
          <a shape="rect" href="https://juice-shop.herokuapp.com/api/SecurityQuestions/">https://juice-shop.herokuapp.com/api/SecurityQuestions/</a>
        </td>
      </tr>
      <tr>
        <td colspan="1" rowspan="1" class="indent2" width="20%">Método</td>
        <td colspan="1" rowspan="1" width="80%">GET</td>
      </tr>
      <tr>
        <td colspan="1" rowspan="1" class="indent2" width="20%">Parámetros</td>
        <td colspan="1" rowspan="1" width="80%">cache-control</td>
      </tr>
      <tr>
        <td colspan="1" rowspan="1" class="indent2" width="20%">Ataque</td>
        <td colspan="1" rowspan="1" width="80%"/>
      </tr>
      <tr>
        <td colspan="1" rowspan="1" class="indent2" width="20%">Evidencia</td>
        <td colspan="1" rowspan="1" width="80%"/>
      </tr>
      <tr>
        <td colspan="1" rowspan="1" class="indent2" width="20%">Other Info</td>
        <td colspan="1" rowspan="1" width="80%"/>
      </tr>
      <tr>
        <td colspan="1" rowspan="1" class="indent1" width="20%">URL</td>
        <td colspan="1" rowspan="1" width="80%">
          <a shape="rect" href="https://juice-shop.herokuapp.com/assets/i18n/en.json">https://juice-shop.herokuapp.com/assets/i18n/en.json</a>
        </td>
      </tr>
      <tr>
        <td colspan="1" rowspan="1" class="indent2" width="20%">Método</td>
        <td colspan="1" rowspan="1" width="80%">GET</td>
      </tr>
      <tr>
        <td colspan="1" rowspan="1" class="indent2" width="20%">Parámetros</td>
        <td colspan="1" rowspan="1" width="80%">cache-control</td>
      </tr>
      <tr>
        <td colspan="1" rowspan="1" class="indent2" width="20%">Ataque</td>
        <td colspan="1" rowspan="1" width="80%"/>
      </tr>
      <tr>
        <td colspan="1" rowspan="1" class="indent2" width="20%">Evidencia</td>
        <td colspan="1" rowspan="1" width="80%">public, max-age=0</td>
      </tr>
      <tr>
        <td colspan="1" rowspan="1" class="indent2" width="20%">Other Info</td>
        <td colspan="1" rowspan="1" width="80%"/>
      </tr>
      <tr>
        <td colspan="1" rowspan="1" class="indent1" width="20%">URL</td>
        <td colspan="1" rowspan="1" width="80%">
          <a shape="rect" href="https://juice-shop.herokuapp.com/rest/admin/application-configuration">https://juice-shop.herokuapp.com/rest/admin/application-configuration</a>
        </td>
      </tr>
      <tr>
        <td colspan="1" rowspan="1" class="indent2" width="20%">Método</td>
        <td colspan="1" rowspan="1" width="80%">GET</td>
      </tr>
      <tr>
        <td colspan="1" rowspan="1" class="indent2" width="20%">Parámetros</td>
        <td colspan="1" rowspan="1" width="80%">cache-control</td>
      </tr>
      <tr>
        <td colspan="1" rowspan="1" class="indent2" width="20%">Ataque</td>
        <td colspan="1" rowspan="1" width="80%"/>
      </tr>
      <tr>
        <td colspan="1" rowspan="1" class="indent2" width="20%">Evidencia</td>
        <td colspan="1" rowspan="1" width="80%"/>
      </tr>
      <tr>
        <td colspan="1" rowspan="1" class="indent2" width="20%">Other Info</td>
        <td colspan="1" rowspan="1" width="80%"/>
      </tr>
      <tr>
        <td colspan="1" rowspan="1" class="indent1" width="20%">URL</td>
        <td colspan="1" rowspan="1" width="80%">
          <a shape="rect" href="https://juice-shop.herokuapp.com/rest/admin/application-version">https://juice-shop.herokuapp.com/rest/admin/application-version</a>
        </td>
      </tr>
      <tr>
        <td colspan="1" rowspan="1" class="indent2" width="20%">Método</td>
        <td colspan="1" rowspan="1" width="80%">GET</td>
      </tr>
      <tr>
        <td colspan="1" rowspan="1" class="indent2" width="20%">Parámetros</td>
        <td colspan="1" rowspan="1" width="80%">cache-control</td>
      </tr>
      <tr>
        <td colspan="1" rowspan="1" class="indent2" width="20%">Ataque</td>
        <td colspan="1" rowspan="1" width="80%"/>
      </tr>
      <tr>
        <td colspan="1" rowspan="1" class="indent2" width="20%">Evidencia</td>
        <td colspan="1" rowspan="1" width="80%"/>
      </tr>
      <tr>
        <td colspan="1" rowspan="1" class="indent2" width="20%">Other Info</td>
        <td colspan="1" rowspan="1" width="80%"/>
      </tr>
      <tr>
        <td colspan="1" rowspan="1" class="indent1" width="20%">URL</td>
        <td colspan="1" rowspan="1" width="80%">
          <a shape="rect" href="https://juice-shop.herokuapp.com/rest/languages">https://juice-shop.herokuapp.com/rest/languages</a>
        </td>
      </tr>
      <tr>
        <td colspan="1" rowspan="1" class="indent2" width="20%">Método</td>
        <td colspan="1" rowspan="1" width="80%">GET</td>
      </tr>
      <tr>
        <td colspan="1" rowspan="1" class="indent2" width="20%">Parámetros</td>
        <td colspan="1" rowspan="1" width="80%">cache-control</td>
      </tr>
      <tr>
        <td colspan="1" rowspan="1" class="indent2" width="20%">Ataque</td>
        <td colspan="1" rowspan="1" width="80%"/>
      </tr>
      <tr>
        <td colspan="1" rowspan="1" class="indent2" width="20%">Evidencia</td>
        <td colspan="1" rowspan="1" width="80%"/>
      </tr>
      <tr>
        <td colspan="1" rowspan="1" class="indent2" width="20%">Other Info</td>
        <td colspan="1" rowspan="1" width="80%"/>
      </tr>
      <tr>
        <td colspan="1" rowspan="1" class="indent1" width="20%">URL</td>
        <td colspan="1" rowspan="1" width="80%">
          <a shape="rect" href="https://juice-shop.herokuapp.com/rest/products/search?q=">https://juice-shop.herokuapp.com/rest/products/search?q=</a>
        </td>
      </tr>
      <tr>
        <td colspan="1" rowspan="1" class="indent2" width="20%">Método</td>
        <td colspan="1" rowspan="1" width="80%">GET</td>
      </tr>
      <tr>
        <td colspan="1" rowspan="1" class="indent2" width="20%">Parámetros</td>
        <td colspan="1" rowspan="1" width="80%">cache-control</td>
      </tr>
      <tr>
        <td colspan="1" rowspan="1" class="indent2" width="20%">Ataque</td>
        <td colspan="1" rowspan="1" width="80%"/>
      </tr>
      <tr>
        <td colspan="1" rowspan="1" class="indent2" width="20%">Evidencia</td>
        <td colspan="1" rowspan="1" width="80%"/>
      </tr>
      <tr>
        <td colspan="1" rowspan="1" class="indent2" width="20%">Other Info</td>
        <td colspan="1" rowspan="1" width="80%"/>
      </tr>
      <tr>
        <td colspan="1" rowspan="1" class="indent1" width="20%">URL</td>
        <td colspan="1" rowspan="1" width="80%">
          <a shape="rect" href="https://juice-shop.herokuapp.com/socket.io/?EIO=4&amp;transport=polling&amp;t=OlGny9N">https://juice-shop.herokuapp.com/socket.io/?EIO=4&amp;transport=polling&amp;t=OlGny9N</a>
        </td>
      </tr>
      <tr>
        <td colspan="1" rowspan="1" class="indent2" width="20%">Método</td>
        <td colspan="1" rowspan="1" width="80%">GET</td>
      </tr>
      <tr>
        <td colspan="1" rowspan="1" class="indent2" width="20%">Parámetros</td>
        <td colspan="1" rowspan="1" width="80%">cache-control</td>
      </tr>
      <tr>
        <td colspan="1" rowspan="1" class="indent2" width="20%">Ataque</td>
        <td colspan="1" rowspan="1" width="80%"/>
      </tr>
      <tr>
        <td colspan="1" rowspan="1" class="indent2" width="20%">Evidencia</td>
        <td colspan="1" rowspan="1" width="80%"/>
      </tr>
      <tr>
        <td colspan="1" rowspan="1" class="indent2" width="20%">Other Info</td>
        <td colspan="1" rowspan="1" width="80%"/>
      </tr>
      <tr>
        <td colspan="1" rowspan="1" class="indent1" width="20%">URL</td>
        <td colspan="1" rowspan="1" width="80%">
          <a shape="rect" href="https://juice-shop.herokuapp.com/socket.io/?EIO=4&amp;transport=polling&amp;t=OlGnyCn&amp;sid=oXBzVbO52_EmBjGYAAOz">https://juice-shop.herokuapp.com/socket.io/?EIO=4&amp;transport=polling&amp;t=OlGnyCn&amp;sid=oXBzVbO52_EmBjGYAAOz</a>
        </td>
      </tr>
      <tr>
        <td colspan="1" rowspan="1" class="indent2" width="20%">Método</td>
        <td colspan="1" rowspan="1" width="80%">GET</td>
      </tr>
      <tr>
        <td colspan="1" rowspan="1" class="indent2" width="20%">Parámetros</td>
        <td colspan="1" rowspan="1" width="80%">cache-control</td>
      </tr>
      <tr>
        <td colspan="1" rowspan="1" class="indent2" width="20%">Ataque</td>
        <td colspan="1" rowspan="1" width="80%"/>
      </tr>
      <tr>
        <td colspan="1" rowspan="1" class="indent2" width="20%">Evidencia</td>
        <td colspan="1" rowspan="1" width="80%"/>
      </tr>
      <tr>
        <td colspan="1" rowspan="1" class="indent2" width="20%">Other Info</td>
        <td colspan="1" rowspan="1" width="80%"/>
      </tr>
      <tr>
        <td colspan="1" rowspan="1" class="indent1" width="20%">URL</td>
        <td colspan="1" rowspan="1" width="80%">
          <a shape="rect" href="https://juice-shop.herokuapp.com/socket.io/?EIO=4&amp;transport=polling&amp;t=OlGnyM1&amp;sid=oXBzVbO52_EmBjGYAAOz">https://juice-shop.herokuapp.com/socket.io/?EIO=4&amp;transport=polling&amp;t=OlGnyM1&amp;sid=oXBzVbO52_EmBjGYAAOz</a>
        </td>
      </tr>
      <tr>
        <td colspan="1" rowspan="1" class="indent2" width="20%">Método</td>
        <td colspan="1" rowspan="1" width="80%">GET</td>
      </tr>
      <tr>
        <td colspan="1" rowspan="1" class="indent2" width="20%">Parámetros</td>
        <td colspan="1" rowspan="1" width="80%">cache-control</td>
      </tr>
      <tr>
        <td colspan="1" rowspan="1" class="indent2" width="20%">Ataque</td>
        <td colspan="1" rowspan="1" width="80%"/>
      </tr>
      <tr>
        <td colspan="1" rowspan="1" class="indent2" width="20%">Evidencia</td>
        <td colspan="1" rowspan="1" width="80%"/>
      </tr>
      <tr>
        <td colspan="1" rowspan="1" class="indent2" width="20%">Other Info</td>
        <td colspan="1" rowspan="1" width="80%"/>
      </tr>
      <tr>
        <td colspan="1" rowspan="1" class="indent1" width="20%">URL</td>
        <td colspan="1" rowspan="1" width="80%">
          <a shape="rect" href="https://juice-shop.herokuapp.com/api/Users/">https://juice-shop.herokuapp.com/api/Users/</a>
        </td>
      </tr>
      <tr>
        <td colspan="1" rowspan="1" class="indent2" width="20%">Método</td>
        <td colspan="1" rowspan="1" width="80%">POST</td>
      </tr>
      <tr>
        <td colspan="1" rowspan="1" class="indent2" width="20%">Parámetros</td>
        <td colspan="1" rowspan="1" width="80%">cache-control</td>
      </tr>
      <tr>
        <td colspan="1" rowspan="1" class="indent2" width="20%">Ataque</td>
        <td colspan="1" rowspan="1" width="80%"/>
      </tr>
      <tr>
        <td colspan="1" rowspan="1" class="indent2" width="20%">Evidencia</td>
        <td colspan="1" rowspan="1" width="80%"/>
      </tr>
      <tr>
        <td colspan="1" rowspan="1" class="indent2" width="20%">Other Info</td>
        <td colspan="1" rowspan="1" width="80%"/>
      </tr>
      <tr>
        <td colspan="1" rowspan="1" class="indent1" width="20%">URL</td>
        <td colspan="1" rowspan="1" width="80%">
          <a shape="rect" href="https://juice-shop.herokuapp.com/socket.io/?EIO=4&amp;transport=polling&amp;t=OlGnyCj&amp;sid=oXBzVbO52_EmBjGYAAOz">https://juice-shop.herokuapp.com/socket.io/?EIO=4&amp;transport=polling&amp;t=OlGnyCj&amp;sid=oXBzVbO52_EmBjGYAAOz</a>
        </td>
      </tr>
      <tr>
        <td colspan="1" rowspan="1" class="indent2" width="20%">Método</td>
        <td colspan="1" rowspan="1" width="80%">POST</td>
      </tr>
      <tr>
        <td colspan="1" rowspan="1" class="indent2" width="20%">Parámetros</td>
        <td colspan="1" rowspan="1" width="80%">cache-control</td>
      </tr>
      <tr>
        <td colspan="1" rowspan="1" class="indent2" width="20%">Ataque</td>
        <td colspan="1" rowspan="1" width="80%"/>
      </tr>
      <tr>
        <td colspan="1" rowspan="1" class="indent2" width="20%">Evidencia</td>
        <td colspan="1" rowspan="1" width="80%"/>
      </tr>
      <tr>
        <td colspan="1" rowspan="1" class="indent2" width="20%">Other Info</td>
        <td colspan="1" rowspan="1" width="80%"/>
      </tr>
      <tr>
        <td colspan="1" rowspan="1" width="20%">Instancia</td>
        <td colspan="1" rowspan="1" width="80%">18</td>
      </tr>
      <tr>
        <td colspan="1" rowspan="1" width="20%">Solución</td>
        <td colspan="1" rowspan="1" width="80%">
          <div>For secure content, ensure the cache-control HTTP header is set with "no-cache, no-store, must-revalidate". If an asset should be cached consider setting the directives "public, max-age, immutable".</div>
        </td>
      </tr>
      <tr>
        <td colspan="1" rowspan="1" width="20%">Referencia</td>
        <td colspan="1" rowspan="1" width="80%">
          <a shape="rect" href="https://cheatsheetseries.owasp.org/cheatsheets/Session_Management_Cheat_Sheet.html#web-content-caching">https://cheatsheetseries.owasp.org/cheatsheets/Session_Management_Cheat_Sheet.html#web-content-caching</a>
          <br clear="none"/>
          <a shape="rect" href="https://developer.mozilla.org/en-US/docs/Web/HTTP/Headers/Cache-Control">https://developer.mozilla.org/en-US/docs/Web/HTTP/Headers/Cache-Control</a>
          <br clear="none"/>
          <a shape="rect" href="https://grayduck.mn/2021/09/13/cache-control-recommendations/">https://grayduck.mn/2021/09/13/cache-control-recommendations/</a>
        </td>
      </tr>
      <tr>
        <td colspan="1" rowspan="1" width="20%">CWE Id</td>
        <td colspan="1" rowspan="1" width="80%">
          <a shape="rect" href="https://cwe.mitre.org/data/definitions/525.html">525</a>
        </td>
      </tr>
      <tr>
        <td colspan="1" rowspan="1" width="20%">WASC Id</td>
        <td colspan="1" rowspan="1" width="80%">13</td>
      </tr>
      <tr>
        <td colspan="1" rowspan="1" width="20%">Plugin Id</td>
        <td colspan="1" rowspan="1" width="80%">
          <a shape="rect" href="https://www.zaproxy.org/docs/alerts/10015/">10015</a>
        </td>
      </tr>
    </table>
    <div class="spacer"/>
    <table class="results">
      <tr height="24">
        <th colspan="1" rowspan="1" class="risk-0" width="20%">
          <a shape="rect" id="10050"/>
          <div>Informativo</div>
        </th>
        <th colspan="1" rowspan="1" class="risk-0">Retrieved from Cache</th>
      </tr>
      <tr>
        <td colspan="1" rowspan="1" width="20%">Descripción</td>
        <td colspan="1" rowspan="1" width="80%">
          <div>The content was retrieved from a shared cache. If the response data is sensitive, personal or user-specific, this may result in sensitive information being leaked. In some cases, this may even result in a user gaining complete control of the session of another user, depending on the configuration of the caching components in use in their environment. This is primarily an issue where caching servers such as "proxy" caches are configured on the local network. This configuration is typically found in corporate or educational environments, for instance. </div>
        </td>
      </tr>
      <tr valign="top">
        <td colspan="2" rowspan="1"/>
      </tr>
      <tr>
        <td colspan="1" rowspan="1" class="indent1" width="20%">URL</td>
        <td colspan="1" rowspan="1" width="80%">
          <a shape="rect" href="https://cdnjs.cloudflare.com/ajax/libs/cookieconsent2/3.1.0/cookieconsent.min.css">https://cdnjs.cloudflare.com/ajax/libs/cookieconsent2/3.1.0/cookieconsent.min.css</a>
        </td>
      </tr>
      <tr>
        <td colspan="1" rowspan="1" class="indent2" width="20%">Método</td>
        <td colspan="1" rowspan="1" width="80%">GET</td>
      </tr>
      <tr>
        <td colspan="1" rowspan="1" class="indent2" width="20%">Parámetros</td>
        <td colspan="1" rowspan="1" width="80%"/>
      </tr>
      <tr>
        <td colspan="1" rowspan="1" class="indent2" width="20%">Ataque</td>
        <td colspan="1" rowspan="1" width="80%"/>
      </tr>
      <tr>
        <td colspan="1" rowspan="1" class="indent2" width="20%">Evidencia</td>
        <td colspan="1" rowspan="1" width="80%">Age: 187723</td>
      </tr>
      <tr>
        <td colspan="1" rowspan="1" class="indent2" width="20%">Other Info</td>
        <td colspan="1" rowspan="1" width="80%">The presence of the 'Age' header indicates that that a HTTP/1.1 compliant caching server is in use.</td>
      </tr>
      <tr>
        <td colspan="1" rowspan="1" class="indent1" width="20%">URL</td>
        <td colspan="1" rowspan="1" width="80%">
          <a shape="rect" href="https://cdnjs.cloudflare.com/ajax/libs/cookieconsent2/3.1.0/cookieconsent.min.css">https://cdnjs.cloudflare.com/ajax/libs/cookieconsent2/3.1.0/cookieconsent.min.css</a>
        </td>
      </tr>
      <tr>
        <td colspan="1" rowspan="1" class="indent2" width="20%">Método</td>
        <td colspan="1" rowspan="1" width="80%">GET</td>
      </tr>
      <tr>
        <td colspan="1" rowspan="1" class="indent2" width="20%">Parámetros</td>
        <td colspan="1" rowspan="1" width="80%"/>
      </tr>
      <tr>
        <td colspan="1" rowspan="1" class="indent2" width="20%">Ataque</td>
        <td colspan="1" rowspan="1" width="80%"/>
      </tr>
      <tr>
        <td colspan="1" rowspan="1" class="indent2" width="20%">Evidencia</td>
        <td colspan="1" rowspan="1" width="80%">Age: 187854</td>
      </tr>
      <tr>
        <td colspan="1" rowspan="1" class="indent2" width="20%">Other Info</td>
        <td colspan="1" rowspan="1" width="80%">The presence of the 'Age' header indicates that that a HTTP/1.1 compliant caching server is in use.</td>
      </tr>
      <tr>
        <td colspan="1" rowspan="1" class="indent1" width="20%">URL</td>
        <td colspan="1" rowspan="1" width="80%">
          <a shape="rect" href="https://cdnjs.cloudflare.com/ajax/libs/cookieconsent2/3.1.0/cookieconsent.min.css">https://cdnjs.cloudflare.com/ajax/libs/cookieconsent2/3.1.0/cookieconsent.min.css</a>
        </td>
      </tr>
      <tr>
        <td colspan="1" rowspan="1" class="indent2" width="20%">Método</td>
        <td colspan="1" rowspan="1" width="80%">GET</td>
      </tr>
      <tr>
        <td colspan="1" rowspan="1" class="indent2" width="20%">Parámetros</td>
        <td colspan="1" rowspan="1" width="80%"/>
      </tr>
      <tr>
        <td colspan="1" rowspan="1" class="indent2" width="20%">Ataque</td>
        <td colspan="1" rowspan="1" width="80%"/>
      </tr>
      <tr>
        <td colspan="1" rowspan="1" class="indent2" width="20%">Evidencia</td>
        <td colspan="1" rowspan="1" width="80%">Age: 187940</td>
      </tr>
      <tr>
        <td colspan="1" rowspan="1" class="indent2" width="20%">Other Info</td>
        <td colspan="1" rowspan="1" width="80%">The presence of the 'Age' header indicates that that a HTTP/1.1 compliant caching server is in use.</td>
      </tr>
      <tr>
        <td colspan="1" rowspan="1" class="indent1" width="20%">URL</td>
        <td colspan="1" rowspan="1" width="80%">
          <a shape="rect" href="https://cdnjs.cloudflare.com/ajax/libs/cookieconsent2/3.1.0/cookieconsent.min.js">https://cdnjs.cloudflare.com/ajax/libs/cookieconsent2/3.1.0/cookieconsent.min.js</a>
        </td>
      </tr>
      <tr>
        <td colspan="1" rowspan="1" class="indent2" width="20%">Método</td>
        <td colspan="1" rowspan="1" width="80%">GET</td>
      </tr>
      <tr>
        <td colspan="1" rowspan="1" class="indent2" width="20%">Parámetros</td>
        <td colspan="1" rowspan="1" width="80%"/>
      </tr>
      <tr>
        <td colspan="1" rowspan="1" class="indent2" width="20%">Ataque</td>
        <td colspan="1" rowspan="1" width="80%"/>
      </tr>
      <tr>
        <td colspan="1" rowspan="1" class="indent2" width="20%">Evidencia</td>
        <td colspan="1" rowspan="1" width="80%">Age: 187723</td>
      </tr>
      <tr>
        <td colspan="1" rowspan="1" class="indent2" width="20%">Other Info</td>
        <td colspan="1" rowspan="1" width="80%">The presence of the 'Age' header indicates that that a HTTP/1.1 compliant caching server is in use.</td>
      </tr>
      <tr>
        <td colspan="1" rowspan="1" class="indent1" width="20%">URL</td>
        <td colspan="1" rowspan="1" width="80%">
          <a shape="rect" href="https://cdnjs.cloudflare.com/ajax/libs/cookieconsent2/3.1.0/cookieconsent.min.js">https://cdnjs.cloudflare.com/ajax/libs/cookieconsent2/3.1.0/cookieconsent.min.js</a>
        </td>
      </tr>
      <tr>
        <td colspan="1" rowspan="1" class="indent2" width="20%">Método</td>
        <td colspan="1" rowspan="1" width="80%">GET</td>
      </tr>
      <tr>
        <td colspan="1" rowspan="1" class="indent2" width="20%">Parámetros</td>
        <td colspan="1" rowspan="1" width="80%"/>
      </tr>
      <tr>
        <td colspan="1" rowspan="1" class="indent2" width="20%">Ataque</td>
        <td colspan="1" rowspan="1" width="80%"/>
      </tr>
      <tr>
        <td colspan="1" rowspan="1" class="indent2" width="20%">Evidencia</td>
        <td colspan="1" rowspan="1" width="80%">Age: 187854</td>
      </tr>
      <tr>
        <td colspan="1" rowspan="1" class="indent2" width="20%">Other Info</td>
        <td colspan="1" rowspan="1" width="80%">The presence of the 'Age' header indicates that that a HTTP/1.1 compliant caching server is in use.</td>
      </tr>
      <tr>
        <td colspan="1" rowspan="1" class="indent1" width="20%">URL</td>
        <td colspan="1" rowspan="1" width="80%">
          <a shape="rect" href="https://cdnjs.cloudflare.com/ajax/libs/cookieconsent2/3.1.0/cookieconsent.min.js">https://cdnjs.cloudflare.com/ajax/libs/cookieconsent2/3.1.0/cookieconsent.min.js</a>
        </td>
      </tr>
      <tr>
        <td colspan="1" rowspan="1" class="indent2" width="20%">Método</td>
        <td colspan="1" rowspan="1" width="80%">GET</td>
      </tr>
      <tr>
        <td colspan="1" rowspan="1" class="indent2" width="20%">Parámetros</td>
        <td colspan="1" rowspan="1" width="80%"/>
      </tr>
      <tr>
        <td colspan="1" rowspan="1" class="indent2" width="20%">Ataque</td>
        <td colspan="1" rowspan="1" width="80%"/>
      </tr>
      <tr>
        <td colspan="1" rowspan="1" class="indent2" width="20%">Evidencia</td>
        <td colspan="1" rowspan="1" width="80%">Age: 187940</td>
      </tr>
      <tr>
        <td colspan="1" rowspan="1" class="indent2" width="20%">Other Info</td>
        <td colspan="1" rowspan="1" width="80%">The presence of the 'Age' header indicates that that a HTTP/1.1 compliant caching server is in use.</td>
      </tr>
      <tr>
        <td colspan="1" rowspan="1" class="indent1" width="20%">URL</td>
        <td colspan="1" rowspan="1" width="80%">
          <a shape="rect" href="https://cdnjs.cloudflare.com/ajax/libs/jquery/2.2.4/jquery.min.js">https://cdnjs.cloudflare.com/ajax/libs/jquery/2.2.4/jquery.min.js</a>
        </td>
      </tr>
      <tr>
        <td colspan="1" rowspan="1" class="indent2" width="20%">Método</td>
        <td colspan="1" rowspan="1" width="80%">GET</td>
      </tr>
      <tr>
        <td colspan="1" rowspan="1" class="indent2" width="20%">Parámetros</td>
        <td colspan="1" rowspan="1" width="80%"/>
      </tr>
      <tr>
        <td colspan="1" rowspan="1" class="indent2" width="20%">Ataque</td>
        <td colspan="1" rowspan="1" width="80%"/>
      </tr>
      <tr>
        <td colspan="1" rowspan="1" class="indent2" width="20%">Evidencia</td>
        <td colspan="1" rowspan="1" width="80%">Age: 187723</td>
      </tr>
      <tr>
        <td colspan="1" rowspan="1" class="indent2" width="20%">Other Info</td>
        <td colspan="1" rowspan="1" width="80%">The presence of the 'Age' header indicates that that a HTTP/1.1 compliant caching server is in use.</td>
      </tr>
      <tr>
        <td colspan="1" rowspan="1" class="indent1" width="20%">URL</td>
        <td colspan="1" rowspan="1" width="80%">
          <a shape="rect" href="https://cdnjs.cloudflare.com/ajax/libs/jquery/2.2.4/jquery.min.js">https://cdnjs.cloudflare.com/ajax/libs/jquery/2.2.4/jquery.min.js</a>
        </td>
      </tr>
      <tr>
        <td colspan="1" rowspan="1" class="indent2" width="20%">Método</td>
        <td colspan="1" rowspan="1" width="80%">GET</td>
      </tr>
      <tr>
        <td colspan="1" rowspan="1" class="indent2" width="20%">Parámetros</td>
        <td colspan="1" rowspan="1" width="80%"/>
      </tr>
      <tr>
        <td colspan="1" rowspan="1" class="indent2" width="20%">Ataque</td>
        <td colspan="1" rowspan="1" width="80%"/>
      </tr>
      <tr>
        <td colspan="1" rowspan="1" class="indent2" width="20%">Evidencia</td>
        <td colspan="1" rowspan="1" width="80%">Age: 187854</td>
      </tr>
      <tr>
        <td colspan="1" rowspan="1" class="indent2" width="20%">Other Info</td>
        <td colspan="1" rowspan="1" width="80%">The presence of the 'Age' header indicates that that a HTTP/1.1 compliant caching server is in use.</td>
      </tr>
      <tr>
        <td colspan="1" rowspan="1" class="indent1" width="20%">URL</td>
        <td colspan="1" rowspan="1" width="80%">
          <a shape="rect" href="https://cdnjs.cloudflare.com/ajax/libs/jquery/2.2.4/jquery.min.js">https://cdnjs.cloudflare.com/ajax/libs/jquery/2.2.4/jquery.min.js</a>
        </td>
      </tr>
      <tr>
        <td colspan="1" rowspan="1" class="indent2" width="20%">Método</td>
        <td colspan="1" rowspan="1" width="80%">GET</td>
      </tr>
      <tr>
        <td colspan="1" rowspan="1" class="indent2" width="20%">Parámetros</td>
        <td colspan="1" rowspan="1" width="80%"/>
      </tr>
      <tr>
        <td colspan="1" rowspan="1" class="indent2" width="20%">Ataque</td>
        <td colspan="1" rowspan="1" width="80%"/>
      </tr>
      <tr>
        <td colspan="1" rowspan="1" class="indent2" width="20%">Evidencia</td>
        <td colspan="1" rowspan="1" width="80%">Age: 187940</td>
      </tr>
      <tr>
        <td colspan="1" rowspan="1" class="indent2" width="20%">Other Info</td>
        <td colspan="1" rowspan="1" width="80%">The presence of the 'Age' header indicates that that a HTTP/1.1 compliant caching server is in use.</td>
      </tr>
      <tr>
        <td colspan="1" rowspan="1" width="20%">Instancia</td>
        <td colspan="1" rowspan="1" width="80%">9</td>
      </tr>
      <tr>
        <td colspan="1" rowspan="1" width="20%">Solución</td>
        <td colspan="1" rowspan="1" width="80%">
          <div>Validate that the response does not contain sensitive, personal or user-specific information.  If it does, consider the use of the following HTTP response headers, to limit, or prevent the content being stored and retrieved from the cache by another user:</div>
          <br clear="none"/>
          <div>Cache-Control: no-cache, no-store, must-revalidate, private</div>
          <br clear="none"/>
          <div>Pragma: no-cache</div>
          <br clear="none"/>
          <div>Expires: 0</div>
          <br clear="none"/>
          <div>This configuration directs both HTTP 1.0 and HTTP 1.1 compliant caching servers to not store the response, and to not retrieve the response (without validation) from the cache, in response to a similar request.</div>
        </td>
      </tr>
      <tr>
        <td colspan="1" rowspan="1" width="20%">Referencia</td>
        <td colspan="1" rowspan="1" width="80%">
          <a shape="rect" href="https://Tools.ietf.org/html/rfc7234 ">https://Tools.ietf.org/html/rfc7234 </a>
          <br clear="none"/>
          <a shape="rect" href="https://tools.ietf.org/html/rfc7231 ">https://tools.ietf.org/html/rfc7231 </a>
          <br clear="none"/>
          <a shape="rect" href="http://www.w3.org/Protocols/rfc2616/rfc2616-sec13.html (sustituido por rfc7234)">http://www.w3.org/Protocols/rfc2616/rfc2616-sec13.html (sustituido por rfc7234)</a>
        </td>
      </tr>
      <tr>
        <td colspan="1" rowspan="1" width="20%">CWE Id</td>
        <td colspan="1" rowspan="1" width="80%"/>
      </tr>
      <tr>
        <td colspan="1" rowspan="1" width="20%">WASC Id</td>
        <td colspan="1" rowspan="1" width="80%"/>
      </tr>
      <tr>
        <td colspan="1" rowspan="1" width="20%">Plugin Id</td>
        <td colspan="1" rowspan="1" width="80%">
          <a shape="rect" href="https://www.zaproxy.org/docs/alerts/10050/">10050</a>
        </td>
      </tr>
    </table>
    <div class="spacer"/>
    <table class="results">
      <tr height="24">
        <th colspan="1" rowspan="1" class="risk-0" width="20%">
          <a shape="rect" id="10104"/>
          <div>Informativo</div>
        </th>
        <th colspan="1" rowspan="1" class="risk-0">User Agent Fuzzer</th>
      </tr>
      <tr>
        <td colspan="1" rowspan="1" width="20%">Descripción</td>
        <td colspan="1" rowspan="1" width="80%">
          <div>Compare las diferencias en la respuesta según el fuzzeo de User Agent (por ejemplo, sitios móviles, acceso como un motor de búsqueda). Compara el código de estado de la respuesta y el hash del cuerpo de la respuesta con la respuesta original.</div>
        </td>
      </tr>
      <tr valign="top">
        <td colspan="2" rowspan="1"/>
      </tr>
      <tr>
        <td colspan="1" rowspan="1" class="indent1" width="20%">URL</td>
        <td colspan="1" rowspan="1" width="80%">
          <a shape="rect" href="https://juice-shop.herokuapp.com/api/Challenges/?name=Score%20Board">https://juice-shop.herokuapp.com/api/Challenges/?name=Score%20Board</a>
        </td>
      </tr>
      <tr>
        <td colspan="1" rowspan="1" class="indent2" width="20%">Método</td>
        <td colspan="1" rowspan="1" width="80%">GET</td>
      </tr>
      <tr>
        <td colspan="1" rowspan="1" class="indent2" width="20%">Parámetros</td>
        <td colspan="1" rowspan="1" width="80%">Header User-Agent</td>
      </tr>
      <tr>
        <td colspan="1" rowspan="1" class="indent2" width="20%">Ataque</td>
        <td colspan="1" rowspan="1" width="80%">Mozilla/4.0 (compatible; MSIE 6.0; Windows NT 5.1)</td>
      </tr>
      <tr>
        <td colspan="1" rowspan="1" class="indent2" width="20%">Evidencia</td>
        <td colspan="1" rowspan="1" width="80%"/>
      </tr>
      <tr>
        <td colspan="1" rowspan="1" class="indent2" width="20%">Other Info</td>
        <td colspan="1" rowspan="1" width="80%"/>
      </tr>
      <tr>
        <td colspan="1" rowspan="1" class="indent1" width="20%">URL</td>
        <td colspan="1" rowspan="1" width="80%">
          <a shape="rect" href="https://juice-shop.herokuapp.com/api/Challenges/?name=Score%20Board">https://juice-shop.herokuapp.com/api/Challenges/?name=Score%20Board</a>
        </td>
      </tr>
      <tr>
        <td colspan="1" rowspan="1" class="indent2" width="20%">Método</td>
        <td colspan="1" rowspan="1" width="80%">GET</td>
      </tr>
      <tr>
        <td colspan="1" rowspan="1" class="indent2" width="20%">Parámetros</td>
        <td colspan="1" rowspan="1" width="80%">Header User-Agent</td>
      </tr>
      <tr>
        <td colspan="1" rowspan="1" class="indent2" width="20%">Ataque</td>
        <td colspan="1" rowspan="1" width="80%">Mozilla/4.0 (compatible; MSIE 7.0; Windows NT 6.0)</td>
      </tr>
      <tr>
        <td colspan="1" rowspan="1" class="indent2" width="20%">Evidencia</td>
        <td colspan="1" rowspan="1" width="80%"/>
      </tr>
      <tr>
        <td colspan="1" rowspan="1" class="indent2" width="20%">Other Info</td>
        <td colspan="1" rowspan="1" width="80%"/>
      </tr>
      <tr>
        <td colspan="1" rowspan="1" class="indent1" width="20%">URL</td>
        <td colspan="1" rowspan="1" width="80%">
          <a shape="rect" href="https://juice-shop.herokuapp.com/api/Challenges/?name=Score%20Board">https://juice-shop.herokuapp.com/api/Challenges/?name=Score%20Board</a>
        </td>
      </tr>
      <tr>
        <td colspan="1" rowspan="1" class="indent2" width="20%">Método</td>
        <td colspan="1" rowspan="1" width="80%">GET</td>
      </tr>
      <tr>
        <td colspan="1" rowspan="1" class="indent2" width="20%">Parámetros</td>
        <td colspan="1" rowspan="1" width="80%">Header User-Agent</td>
      </tr>
      <tr>
        <td colspan="1" rowspan="1" class="indent2" width="20%">Ataque</td>
        <td colspan="1" rowspan="1" width="80%">Mozilla/4.0 (compatible; MSIE 8.0; Windows NT 6.1)</td>
      </tr>
      <tr>
        <td colspan="1" rowspan="1" class="indent2" width="20%">Evidencia</td>
        <td colspan="1" rowspan="1" width="80%"/>
      </tr>
      <tr>
        <td colspan="1" rowspan="1" class="indent2" width="20%">Other Info</td>
        <td colspan="1" rowspan="1" width="80%"/>
      </tr>
      <tr>
        <td colspan="1" rowspan="1" class="indent1" width="20%">URL</td>
        <td colspan="1" rowspan="1" width="80%">
          <a shape="rect" href="https://juice-shop.herokuapp.com/api/Challenges/?name=Score%20Board">https://juice-shop.herokuapp.com/api/Challenges/?name=Score%20Board</a>
        </td>
      </tr>
      <tr>
        <td colspan="1" rowspan="1" class="indent2" width="20%">Método</td>
        <td colspan="1" rowspan="1" width="80%">GET</td>
      </tr>
      <tr>
        <td colspan="1" rowspan="1" class="indent2" width="20%">Parámetros</td>
        <td colspan="1" rowspan="1" width="80%">Header User-Agent</td>
      </tr>
      <tr>
        <td colspan="1" rowspan="1" class="indent2" width="20%">Ataque</td>
        <td colspan="1" rowspan="1" width="80%">Mozilla/5.0 (Windows NT 10.0; Trident/7.0; rv:11.0) like Gecko</td>
      </tr>
      <tr>
        <td colspan="1" rowspan="1" class="indent2" width="20%">Evidencia</td>
        <td colspan="1" rowspan="1" width="80%"/>
      </tr>
      <tr>
        <td colspan="1" rowspan="1" class="indent2" width="20%">Other Info</td>
        <td colspan="1" rowspan="1" width="80%"/>
      </tr>
      <tr>
        <td colspan="1" rowspan="1" class="indent1" width="20%">URL</td>
        <td colspan="1" rowspan="1" width="80%">
          <a shape="rect" href="https://juice-shop.herokuapp.com/api/Challenges/?name=Score%20Board">https://juice-shop.herokuapp.com/api/Challenges/?name=Score%20Board</a>
        </td>
      </tr>
      <tr>
        <td colspan="1" rowspan="1" class="indent2" width="20%">Método</td>
        <td colspan="1" rowspan="1" width="80%">GET</td>
      </tr>
      <tr>
        <td colspan="1" rowspan="1" class="indent2" width="20%">Parámetros</td>
        <td colspan="1" rowspan="1" width="80%">Header User-Agent</td>
      </tr>
      <tr>
        <td colspan="1" rowspan="1" class="indent2" width="20%">Ataque</td>
        <td colspan="1" rowspan="1" width="80%">Mozilla/5.0 (Windows NT 10.0; Win64; x64) AppleWebKit/537.36 (KHTML, like Gecko) Chrome/75.0.3739.0 Safari/537.36 Edg/75.0.109.0</td>
      </tr>
      <tr>
        <td colspan="1" rowspan="1" class="indent2" width="20%">Evidencia</td>
        <td colspan="1" rowspan="1" width="80%"/>
      </tr>
      <tr>
        <td colspan="1" rowspan="1" class="indent2" width="20%">Other Info</td>
        <td colspan="1" rowspan="1" width="80%"/>
      </tr>
      <tr>
        <td colspan="1" rowspan="1" class="indent1" width="20%">URL</td>
        <td colspan="1" rowspan="1" width="80%">
          <a shape="rect" href="https://juice-shop.herokuapp.com/api/Challenges/?name=Score%20Board">https://juice-shop.herokuapp.com/api/Challenges/?name=Score%20Board</a>
        </td>
      </tr>
      <tr>
        <td colspan="1" rowspan="1" class="indent2" width="20%">Método</td>
        <td colspan="1" rowspan="1" width="80%">GET</td>
      </tr>
      <tr>
        <td colspan="1" rowspan="1" class="indent2" width="20%">Parámetros</td>
        <td colspan="1" rowspan="1" width="80%">Header User-Agent</td>
      </tr>
      <tr>
        <td colspan="1" rowspan="1" class="indent2" width="20%">Ataque</td>
        <td colspan="1" rowspan="1" width="80%">Mozilla/5.0 (Windows NT 10.0; Win64; x64) AppleWebKit/537.36 (KHTML, like Gecko) Chrome/91.0.4472.124 Safari/537.36</td>
      </tr>
      <tr>
        <td colspan="1" rowspan="1" class="indent2" width="20%">Evidencia</td>
        <td colspan="1" rowspan="1" width="80%"/>
      </tr>
      <tr>
        <td colspan="1" rowspan="1" class="indent2" width="20%">Other Info</td>
        <td colspan="1" rowspan="1" width="80%"/>
      </tr>
      <tr>
        <td colspan="1" rowspan="1" class="indent1" width="20%">URL</td>
        <td colspan="1" rowspan="1" width="80%">
          <a shape="rect" href="https://juice-shop.herokuapp.com/api/Challenges/?name=Score%20Board">https://juice-shop.herokuapp.com/api/Challenges/?name=Score%20Board</a>
        </td>
      </tr>
      <tr>
        <td colspan="1" rowspan="1" class="indent2" width="20%">Método</td>
        <td colspan="1" rowspan="1" width="80%">GET</td>
      </tr>
      <tr>
        <td colspan="1" rowspan="1" class="indent2" width="20%">Parámetros</td>
        <td colspan="1" rowspan="1" width="80%">Header User-Agent</td>
      </tr>
      <tr>
        <td colspan="1" rowspan="1" class="indent2" width="20%">Ataque</td>
        <td colspan="1" rowspan="1" width="80%">Mozilla/5.0 (Windows NT 10.0; Win64; x64; rv:93.0) Gecko/20100101 Firefox/91.0</td>
      </tr>
      <tr>
        <td colspan="1" rowspan="1" class="indent2" width="20%">Evidencia</td>
        <td colspan="1" rowspan="1" width="80%"/>
      </tr>
      <tr>
        <td colspan="1" rowspan="1" class="indent2" width="20%">Other Info</td>
        <td colspan="1" rowspan="1" width="80%"/>
      </tr>
      <tr>
        <td colspan="1" rowspan="1" class="indent1" width="20%">URL</td>
        <td colspan="1" rowspan="1" width="80%">
          <a shape="rect" href="https://juice-shop.herokuapp.com/api/Challenges/?name=Score%20Board">https://juice-shop.herokuapp.com/api/Challenges/?name=Score%20Board</a>
        </td>
      </tr>
      <tr>
        <td colspan="1" rowspan="1" class="indent2" width="20%">Método</td>
        <td colspan="1" rowspan="1" width="80%">GET</td>
      </tr>
      <tr>
        <td colspan="1" rowspan="1" class="indent2" width="20%">Parámetros</td>
        <td colspan="1" rowspan="1" width="80%">Header User-Agent</td>
      </tr>
      <tr>
        <td colspan="1" rowspan="1" class="indent2" width="20%">Ataque</td>
        <td colspan="1" rowspan="1" width="80%">Mozilla/5.0 (compatible; Googlebot/2.1; +http://www.google.com/bot.html)</td>
      </tr>
      <tr>
        <td colspan="1" rowspan="1" class="indent2" width="20%">Evidencia</td>
        <td colspan="1" rowspan="1" width="80%"/>
      </tr>
      <tr>
        <td colspan="1" rowspan="1" class="indent2" width="20%">Other Info</td>
        <td colspan="1" rowspan="1" width="80%"/>
      </tr>
      <tr>
        <td colspan="1" rowspan="1" class="indent1" width="20%">URL</td>
        <td colspan="1" rowspan="1" width="80%">
          <a shape="rect" href="https://juice-shop.herokuapp.com/api/Challenges/?name=Score%20Board">https://juice-shop.herokuapp.com/api/Challenges/?name=Score%20Board</a>
        </td>
      </tr>
      <tr>
        <td colspan="1" rowspan="1" class="indent2" width="20%">Método</td>
        <td colspan="1" rowspan="1" width="80%">GET</td>
      </tr>
      <tr>
        <td colspan="1" rowspan="1" class="indent2" width="20%">Parámetros</td>
        <td colspan="1" rowspan="1" width="80%">Header User-Agent</td>
      </tr>
      <tr>
        <td colspan="1" rowspan="1" class="indent2" width="20%">Ataque</td>
        <td colspan="1" rowspan="1" width="80%">Mozilla/5.0 (compatible; Yahoo! Slurp; http://help.yahoo.com/help/us/ysearch/slurp)</td>
      </tr>
      <tr>
        <td colspan="1" rowspan="1" class="indent2" width="20%">Evidencia</td>
        <td colspan="1" rowspan="1" width="80%"/>
      </tr>
      <tr>
        <td colspan="1" rowspan="1" class="indent2" width="20%">Other Info</td>
        <td colspan="1" rowspan="1" width="80%"/>
      </tr>
      <tr>
        <td colspan="1" rowspan="1" class="indent1" width="20%">URL</td>
        <td colspan="1" rowspan="1" width="80%">
          <a shape="rect" href="https://juice-shop.herokuapp.com/api/Challenges/?name=Score%20Board">https://juice-shop.herokuapp.com/api/Challenges/?name=Score%20Board</a>
        </td>
      </tr>
      <tr>
        <td colspan="1" rowspan="1" class="indent2" width="20%">Método</td>
        <td colspan="1" rowspan="1" width="80%">GET</td>
      </tr>
      <tr>
        <td colspan="1" rowspan="1" class="indent2" width="20%">Parámetros</td>
        <td colspan="1" rowspan="1" width="80%">Header User-Agent</td>
      </tr>
      <tr>
        <td colspan="1" rowspan="1" class="indent2" width="20%">Ataque</td>
        <td colspan="1" rowspan="1" width="80%">Mozilla/5.0 (iPhone; CPU iPhone OS 8_0_2 like Mac OS X) AppleWebKit/600.1.4 (KHTML, like Gecko) Version/8.0 Mobile/12A366 Safari/600.1.4</td>
      </tr>
      <tr>
        <td colspan="1" rowspan="1" class="indent2" width="20%">Evidencia</td>
        <td colspan="1" rowspan="1" width="80%"/>
      </tr>
      <tr>
        <td colspan="1" rowspan="1" class="indent2" width="20%">Other Info</td>
        <td colspan="1" rowspan="1" width="80%"/>
      </tr>
      <tr>
        <td colspan="1" rowspan="1" class="indent1" width="20%">URL</td>
        <td colspan="1" rowspan="1" width="80%">
          <a shape="rect" href="https://juice-shop.herokuapp.com/api/Challenges/?name=Score%20Board">https://juice-shop.herokuapp.com/api/Challenges/?name=Score%20Board</a>
        </td>
      </tr>
      <tr>
        <td colspan="1" rowspan="1" class="indent2" width="20%">Método</td>
        <td colspan="1" rowspan="1" width="80%">GET</td>
      </tr>
      <tr>
        <td colspan="1" rowspan="1" class="indent2" width="20%">Parámetros</td>
        <td colspan="1" rowspan="1" width="80%">Header User-Agent</td>
      </tr>
      <tr>
        <td colspan="1" rowspan="1" class="indent2" width="20%">Ataque</td>
        <td colspan="1" rowspan="1" width="80%">Mozilla/5.0 (iPhone; U; CPU iPhone OS 3_0 like Mac OS X; en-us) AppleWebKit/528.18 (KHTML, like Gecko) Version/4.0 Mobile/7A341 Safari/528.16</td>
      </tr>
      <tr>
        <td colspan="1" rowspan="1" class="indent2" width="20%">Evidencia</td>
        <td colspan="1" rowspan="1" width="80%"/>
      </tr>
      <tr>
        <td colspan="1" rowspan="1" class="indent2" width="20%">Other Info</td>
        <td colspan="1" rowspan="1" width="80%"/>
      </tr>
      <tr>
        <td colspan="1" rowspan="1" class="indent1" width="20%">URL</td>
        <td colspan="1" rowspan="1" width="80%">
          <a shape="rect" href="https://juice-shop.herokuapp.com/api/Challenges/?name=Score%20Board">https://juice-shop.herokuapp.com/api/Challenges/?name=Score%20Board</a>
        </td>
      </tr>
      <tr>
        <td colspan="1" rowspan="1" class="indent2" width="20%">Método</td>
        <td colspan="1" rowspan="1" width="80%">GET</td>
      </tr>
      <tr>
        <td colspan="1" rowspan="1" class="indent2" width="20%">Parámetros</td>
        <td colspan="1" rowspan="1" width="80%">Header User-Agent</td>
      </tr>
      <tr>
        <td colspan="1" rowspan="1" class="indent2" width="20%">Ataque</td>
        <td colspan="1" rowspan="1" width="80%">msnbot/1.1 (+http://search.msn.com/msnbot.htm)</td>
      </tr>
      <tr>
        <td colspan="1" rowspan="1" class="indent2" width="20%">Evidencia</td>
        <td colspan="1" rowspan="1" width="80%"/>
      </tr>
      <tr>
        <td colspan="1" rowspan="1" class="indent2" width="20%">Other Info</td>
        <td colspan="1" rowspan="1" width="80%"/>
      </tr>
      <tr>
        <td colspan="1" rowspan="1" class="indent1" width="20%">URL</td>
        <td colspan="1" rowspan="1" width="80%">
          <a shape="rect" href="https://juice-shop.herokuapp.com/assets">https://juice-shop.herokuapp.com/assets</a>
        </td>
      </tr>
      <tr>
        <td colspan="1" rowspan="1" class="indent2" width="20%">Método</td>
        <td colspan="1" rowspan="1" width="80%">GET</td>
      </tr>
      <tr>
        <td colspan="1" rowspan="1" class="indent2" width="20%">Parámetros</td>
        <td colspan="1" rowspan="1" width="80%">Header User-Agent</td>
      </tr>
      <tr>
        <td colspan="1" rowspan="1" class="indent2" width="20%">Ataque</td>
        <td colspan="1" rowspan="1" width="80%">Mozilla/4.0 (compatible; MSIE 6.0; Windows NT 5.1)</td>
      </tr>
      <tr>
        <td colspan="1" rowspan="1" class="indent2" width="20%">Evidencia</td>
        <td colspan="1" rowspan="1" width="80%"/>
      </tr>
      <tr>
        <td colspan="1" rowspan="1" class="indent2" width="20%">Other Info</td>
        <td colspan="1" rowspan="1" width="80%"/>
      </tr>
      <tr>
        <td colspan="1" rowspan="1" class="indent1" width="20%">URL</td>
        <td colspan="1" rowspan="1" width="80%">
          <a shape="rect" href="https://juice-shop.herokuapp.com/assets">https://juice-shop.herokuapp.com/assets</a>
        </td>
      </tr>
      <tr>
        <td colspan="1" rowspan="1" class="indent2" width="20%">Método</td>
        <td colspan="1" rowspan="1" width="80%">GET</td>
      </tr>
      <tr>
        <td colspan="1" rowspan="1" class="indent2" width="20%">Parámetros</td>
        <td colspan="1" rowspan="1" width="80%">Header User-Agent</td>
      </tr>
      <tr>
        <td colspan="1" rowspan="1" class="indent2" width="20%">Ataque</td>
        <td colspan="1" rowspan="1" width="80%">Mozilla/4.0 (compatible; MSIE 7.0; Windows NT 6.0)</td>
      </tr>
      <tr>
        <td colspan="1" rowspan="1" class="indent2" width="20%">Evidencia</td>
        <td colspan="1" rowspan="1" width="80%"/>
      </tr>
      <tr>
        <td colspan="1" rowspan="1" class="indent2" width="20%">Other Info</td>
        <td colspan="1" rowspan="1" width="80%"/>
      </tr>
      <tr>
        <td colspan="1" rowspan="1" class="indent1" width="20%">URL</td>
        <td colspan="1" rowspan="1" width="80%">
          <a shape="rect" href="https://juice-shop.herokuapp.com/assets">https://juice-shop.herokuapp.com/assets</a>
        </td>
      </tr>
      <tr>
        <td colspan="1" rowspan="1" class="indent2" width="20%">Método</td>
        <td colspan="1" rowspan="1" width="80%">GET</td>
      </tr>
      <tr>
        <td colspan="1" rowspan="1" class="indent2" width="20%">Parámetros</td>
        <td colspan="1" rowspan="1" width="80%">Header User-Agent</td>
      </tr>
      <tr>
        <td colspan="1" rowspan="1" class="indent2" width="20%">Ataque</td>
        <td colspan="1" rowspan="1" width="80%">Mozilla/4.0 (compatible; MSIE 8.0; Windows NT 6.1)</td>
      </tr>
      <tr>
        <td colspan="1" rowspan="1" class="indent2" width="20%">Evidencia</td>
        <td colspan="1" rowspan="1" width="80%"/>
      </tr>
      <tr>
        <td colspan="1" rowspan="1" class="indent2" width="20%">Other Info</td>
        <td colspan="1" rowspan="1" width="80%"/>
      </tr>
      <tr>
        <td colspan="1" rowspan="1" class="indent1" width="20%">URL</td>
        <td colspan="1" rowspan="1" width="80%">
          <a shape="rect" href="https://juice-shop.herokuapp.com/assets">https://juice-shop.herokuapp.com/assets</a>
        </td>
      </tr>
      <tr>
        <td colspan="1" rowspan="1" class="indent2" width="20%">Método</td>
        <td colspan="1" rowspan="1" width="80%">GET</td>
      </tr>
      <tr>
        <td colspan="1" rowspan="1" class="indent2" width="20%">Parámetros</td>
        <td colspan="1" rowspan="1" width="80%">Header User-Agent</td>
      </tr>
      <tr>
        <td colspan="1" rowspan="1" class="indent2" width="20%">Ataque</td>
        <td colspan="1" rowspan="1" width="80%">Mozilla/5.0 (Windows NT 10.0; Trident/7.0; rv:11.0) like Gecko</td>
      </tr>
      <tr>
        <td colspan="1" rowspan="1" class="indent2" width="20%">Evidencia</td>
        <td colspan="1" rowspan="1" width="80%"/>
      </tr>
      <tr>
        <td colspan="1" rowspan="1" class="indent2" width="20%">Other Info</td>
        <td colspan="1" rowspan="1" width="80%"/>
      </tr>
      <tr>
        <td colspan="1" rowspan="1" class="indent1" width="20%">URL</td>
        <td colspan="1" rowspan="1" width="80%">
          <a shape="rect" href="https://juice-shop.herokuapp.com/assets">https://juice-shop.herokuapp.com/assets</a>
        </td>
      </tr>
      <tr>
        <td colspan="1" rowspan="1" class="indent2" width="20%">Método</td>
        <td colspan="1" rowspan="1" width="80%">GET</td>
      </tr>
      <tr>
        <td colspan="1" rowspan="1" class="indent2" width="20%">Parámetros</td>
        <td colspan="1" rowspan="1" width="80%">Header User-Agent</td>
      </tr>
      <tr>
        <td colspan="1" rowspan="1" class="indent2" width="20%">Ataque</td>
        <td colspan="1" rowspan="1" width="80%">Mozilla/5.0 (Windows NT 10.0; Win64; x64) AppleWebKit/537.36 (KHTML, like Gecko) Chrome/75.0.3739.0 Safari/537.36 Edg/75.0.109.0</td>
      </tr>
      <tr>
        <td colspan="1" rowspan="1" class="indent2" width="20%">Evidencia</td>
        <td colspan="1" rowspan="1" width="80%"/>
      </tr>
      <tr>
        <td colspan="1" rowspan="1" class="indent2" width="20%">Other Info</td>
        <td colspan="1" rowspan="1" width="80%"/>
      </tr>
      <tr>
        <td colspan="1" rowspan="1" class="indent1" width="20%">URL</td>
        <td colspan="1" rowspan="1" width="80%">
          <a shape="rect" href="https://juice-shop.herokuapp.com/assets">https://juice-shop.herokuapp.com/assets</a>
        </td>
      </tr>
      <tr>
        <td colspan="1" rowspan="1" class="indent2" width="20%">Método</td>
        <td colspan="1" rowspan="1" width="80%">GET</td>
      </tr>
      <tr>
        <td colspan="1" rowspan="1" class="indent2" width="20%">Parámetros</td>
        <td colspan="1" rowspan="1" width="80%">Header User-Agent</td>
      </tr>
      <tr>
        <td colspan="1" rowspan="1" class="indent2" width="20%">Ataque</td>
        <td colspan="1" rowspan="1" width="80%">Mozilla/5.0 (Windows NT 10.0; Win64; x64) AppleWebKit/537.36 (KHTML, like Gecko) Chrome/91.0.4472.124 Safari/537.36</td>
      </tr>
      <tr>
        <td colspan="1" rowspan="1" class="indent2" width="20%">Evidencia</td>
        <td colspan="1" rowspan="1" width="80%"/>
      </tr>
      <tr>
        <td colspan="1" rowspan="1" class="indent2" width="20%">Other Info</td>
        <td colspan="1" rowspan="1" width="80%"/>
      </tr>
      <tr>
        <td colspan="1" rowspan="1" class="indent1" width="20%">URL</td>
        <td colspan="1" rowspan="1" width="80%">
          <a shape="rect" href="https://juice-shop.herokuapp.com/assets">https://juice-shop.herokuapp.com/assets</a>
        </td>
      </tr>
      <tr>
        <td colspan="1" rowspan="1" class="indent2" width="20%">Método</td>
        <td colspan="1" rowspan="1" width="80%">GET</td>
      </tr>
      <tr>
        <td colspan="1" rowspan="1" class="indent2" width="20%">Parámetros</td>
        <td colspan="1" rowspan="1" width="80%">Header User-Agent</td>
      </tr>
      <tr>
        <td colspan="1" rowspan="1" class="indent2" width="20%">Ataque</td>
        <td colspan="1" rowspan="1" width="80%">Mozilla/5.0 (Windows NT 10.0; Win64; x64; rv:93.0) Gecko/20100101 Firefox/91.0</td>
      </tr>
      <tr>
        <td colspan="1" rowspan="1" class="indent2" width="20%">Evidencia</td>
        <td colspan="1" rowspan="1" width="80%"/>
      </tr>
      <tr>
        <td colspan="1" rowspan="1" class="indent2" width="20%">Other Info</td>
        <td colspan="1" rowspan="1" width="80%"/>
      </tr>
      <tr>
        <td colspan="1" rowspan="1" class="indent1" width="20%">URL</td>
        <td colspan="1" rowspan="1" width="80%">
          <a shape="rect" href="https://juice-shop.herokuapp.com/assets">https://juice-shop.herokuapp.com/assets</a>
        </td>
      </tr>
      <tr>
        <td colspan="1" rowspan="1" class="indent2" width="20%">Método</td>
        <td colspan="1" rowspan="1" width="80%">GET</td>
      </tr>
      <tr>
        <td colspan="1" rowspan="1" class="indent2" width="20%">Parámetros</td>
        <td colspan="1" rowspan="1" width="80%">Header User-Agent</td>
      </tr>
      <tr>
        <td colspan="1" rowspan="1" class="indent2" width="20%">Ataque</td>
        <td colspan="1" rowspan="1" width="80%">Mozilla/5.0 (compatible; Googlebot/2.1; +http://www.google.com/bot.html)</td>
      </tr>
      <tr>
        <td colspan="1" rowspan="1" class="indent2" width="20%">Evidencia</td>
        <td colspan="1" rowspan="1" width="80%"/>
      </tr>
      <tr>
        <td colspan="1" rowspan="1" class="indent2" width="20%">Other Info</td>
        <td colspan="1" rowspan="1" width="80%"/>
      </tr>
      <tr>
        <td colspan="1" rowspan="1" class="indent1" width="20%">URL</td>
        <td colspan="1" rowspan="1" width="80%">
          <a shape="rect" href="https://juice-shop.herokuapp.com/assets">https://juice-shop.herokuapp.com/assets</a>
        </td>
      </tr>
      <tr>
        <td colspan="1" rowspan="1" class="indent2" width="20%">Método</td>
        <td colspan="1" rowspan="1" width="80%">GET</td>
      </tr>
      <tr>
        <td colspan="1" rowspan="1" class="indent2" width="20%">Parámetros</td>
        <td colspan="1" rowspan="1" width="80%">Header User-Agent</td>
      </tr>
      <tr>
        <td colspan="1" rowspan="1" class="indent2" width="20%">Ataque</td>
        <td colspan="1" rowspan="1" width="80%">Mozilla/5.0 (compatible; Yahoo! Slurp; http://help.yahoo.com/help/us/ysearch/slurp)</td>
      </tr>
      <tr>
        <td colspan="1" rowspan="1" class="indent2" width="20%">Evidencia</td>
        <td colspan="1" rowspan="1" width="80%"/>
      </tr>
      <tr>
        <td colspan="1" rowspan="1" class="indent2" width="20%">Other Info</td>
        <td colspan="1" rowspan="1" width="80%"/>
      </tr>
      <tr>
        <td colspan="1" rowspan="1" class="indent1" width="20%">URL</td>
        <td colspan="1" rowspan="1" width="80%">
          <a shape="rect" href="https://juice-shop.herokuapp.com/assets">https://juice-shop.herokuapp.com/assets</a>
        </td>
      </tr>
      <tr>
        <td colspan="1" rowspan="1" class="indent2" width="20%">Método</td>
        <td colspan="1" rowspan="1" width="80%">GET</td>
      </tr>
      <tr>
        <td colspan="1" rowspan="1" class="indent2" width="20%">Parámetros</td>
        <td colspan="1" rowspan="1" width="80%">Header User-Agent</td>
      </tr>
      <tr>
        <td colspan="1" rowspan="1" class="indent2" width="20%">Ataque</td>
        <td colspan="1" rowspan="1" width="80%">Mozilla/5.0 (iPhone; CPU iPhone OS 8_0_2 like Mac OS X) AppleWebKit/600.1.4 (KHTML, like Gecko) Version/8.0 Mobile/12A366 Safari/600.1.4</td>
      </tr>
      <tr>
        <td colspan="1" rowspan="1" class="indent2" width="20%">Evidencia</td>
        <td colspan="1" rowspan="1" width="80%"/>
      </tr>
      <tr>
        <td colspan="1" rowspan="1" class="indent2" width="20%">Other Info</td>
        <td colspan="1" rowspan="1" width="80%"/>
      </tr>
      <tr>
        <td colspan="1" rowspan="1" class="indent1" width="20%">URL</td>
        <td colspan="1" rowspan="1" width="80%">
          <a shape="rect" href="https://juice-shop.herokuapp.com/assets">https://juice-shop.herokuapp.com/assets</a>
        </td>
      </tr>
      <tr>
        <td colspan="1" rowspan="1" class="indent2" width="20%">Método</td>
        <td colspan="1" rowspan="1" width="80%">GET</td>
      </tr>
      <tr>
        <td colspan="1" rowspan="1" class="indent2" width="20%">Parámetros</td>
        <td colspan="1" rowspan="1" width="80%">Header User-Agent</td>
      </tr>
      <tr>
        <td colspan="1" rowspan="1" class="indent2" width="20%">Ataque</td>
        <td colspan="1" rowspan="1" width="80%">Mozilla/5.0 (iPhone; U; CPU iPhone OS 3_0 like Mac OS X; en-us) AppleWebKit/528.18 (KHTML, like Gecko) Version/4.0 Mobile/7A341 Safari/528.16</td>
      </tr>
      <tr>
        <td colspan="1" rowspan="1" class="indent2" width="20%">Evidencia</td>
        <td colspan="1" rowspan="1" width="80%"/>
      </tr>
      <tr>
        <td colspan="1" rowspan="1" class="indent2" width="20%">Other Info</td>
        <td colspan="1" rowspan="1" width="80%"/>
      </tr>
      <tr>
        <td colspan="1" rowspan="1" class="indent1" width="20%">URL</td>
        <td colspan="1" rowspan="1" width="80%">
          <a shape="rect" href="https://juice-shop.herokuapp.com/assets">https://juice-shop.herokuapp.com/assets</a>
        </td>
      </tr>
      <tr>
        <td colspan="1" rowspan="1" class="indent2" width="20%">Método</td>
        <td colspan="1" rowspan="1" width="80%">GET</td>
      </tr>
      <tr>
        <td colspan="1" rowspan="1" class="indent2" width="20%">Parámetros</td>
        <td colspan="1" rowspan="1" width="80%">Header User-Agent</td>
      </tr>
      <tr>
        <td colspan="1" rowspan="1" class="indent2" width="20%">Ataque</td>
        <td colspan="1" rowspan="1" width="80%">msnbot/1.1 (+http://search.msn.com/msnbot.htm)</td>
      </tr>
      <tr>
        <td colspan="1" rowspan="1" class="indent2" width="20%">Evidencia</td>
        <td colspan="1" rowspan="1" width="80%"/>
      </tr>
      <tr>
        <td colspan="1" rowspan="1" class="indent2" width="20%">Other Info</td>
        <td colspan="1" rowspan="1" width="80%"/>
      </tr>
      <tr>
        <td colspan="1" rowspan="1" class="indent1" width="20%">URL</td>
        <td colspan="1" rowspan="1" width="80%">
          <a shape="rect" href="https://juice-shop.herokuapp.com/assets/i18n">https://juice-shop.herokuapp.com/assets/i18n</a>
        </td>
      </tr>
      <tr>
        <td colspan="1" rowspan="1" class="indent2" width="20%">Método</td>
        <td colspan="1" rowspan="1" width="80%">GET</td>
      </tr>
      <tr>
        <td colspan="1" rowspan="1" class="indent2" width="20%">Parámetros</td>
        <td colspan="1" rowspan="1" width="80%">Header User-Agent</td>
      </tr>
      <tr>
        <td colspan="1" rowspan="1" class="indent2" width="20%">Ataque</td>
        <td colspan="1" rowspan="1" width="80%">Mozilla/4.0 (compatible; MSIE 6.0; Windows NT 5.1)</td>
      </tr>
      <tr>
        <td colspan="1" rowspan="1" class="indent2" width="20%">Evidencia</td>
        <td colspan="1" rowspan="1" width="80%"/>
      </tr>
      <tr>
        <td colspan="1" rowspan="1" class="indent2" width="20%">Other Info</td>
        <td colspan="1" rowspan="1" width="80%"/>
      </tr>
      <tr>
        <td colspan="1" rowspan="1" class="indent1" width="20%">URL</td>
        <td colspan="1" rowspan="1" width="80%">
          <a shape="rect" href="https://juice-shop.herokuapp.com/assets/i18n">https://juice-shop.herokuapp.com/assets/i18n</a>
        </td>
      </tr>
      <tr>
        <td colspan="1" rowspan="1" class="indent2" width="20%">Método</td>
        <td colspan="1" rowspan="1" width="80%">GET</td>
      </tr>
      <tr>
        <td colspan="1" rowspan="1" class="indent2" width="20%">Parámetros</td>
        <td colspan="1" rowspan="1" width="80%">Header User-Agent</td>
      </tr>
      <tr>
        <td colspan="1" rowspan="1" class="indent2" width="20%">Ataque</td>
        <td colspan="1" rowspan="1" width="80%">Mozilla/4.0 (compatible; MSIE 7.0; Windows NT 6.0)</td>
      </tr>
      <tr>
        <td colspan="1" rowspan="1" class="indent2" width="20%">Evidencia</td>
        <td colspan="1" rowspan="1" width="80%"/>
      </tr>
      <tr>
        <td colspan="1" rowspan="1" class="indent2" width="20%">Other Info</td>
        <td colspan="1" rowspan="1" width="80%"/>
      </tr>
      <tr>
        <td colspan="1" rowspan="1" class="indent1" width="20%">URL</td>
        <td colspan="1" rowspan="1" width="80%">
          <a shape="rect" href="https://juice-shop.herokuapp.com/assets/i18n">https://juice-shop.herokuapp.com/assets/i18n</a>
        </td>
      </tr>
      <tr>
        <td colspan="1" rowspan="1" class="indent2" width="20%">Método</td>
        <td colspan="1" rowspan="1" width="80%">GET</td>
      </tr>
      <tr>
        <td colspan="1" rowspan="1" class="indent2" width="20%">Parámetros</td>
        <td colspan="1" rowspan="1" width="80%">Header User-Agent</td>
      </tr>
      <tr>
        <td colspan="1" rowspan="1" class="indent2" width="20%">Ataque</td>
        <td colspan="1" rowspan="1" width="80%">Mozilla/4.0 (compatible; MSIE 8.0; Windows NT 6.1)</td>
      </tr>
      <tr>
        <td colspan="1" rowspan="1" class="indent2" width="20%">Evidencia</td>
        <td colspan="1" rowspan="1" width="80%"/>
      </tr>
      <tr>
        <td colspan="1" rowspan="1" class="indent2" width="20%">Other Info</td>
        <td colspan="1" rowspan="1" width="80%"/>
      </tr>
      <tr>
        <td colspan="1" rowspan="1" class="indent1" width="20%">URL</td>
        <td colspan="1" rowspan="1" width="80%">
          <a shape="rect" href="https://juice-shop.herokuapp.com/assets/i18n">https://juice-shop.herokuapp.com/assets/i18n</a>
        </td>
      </tr>
      <tr>
        <td colspan="1" rowspan="1" class="indent2" width="20%">Método</td>
        <td colspan="1" rowspan="1" width="80%">GET</td>
      </tr>
      <tr>
        <td colspan="1" rowspan="1" class="indent2" width="20%">Parámetros</td>
        <td colspan="1" rowspan="1" width="80%">Header User-Agent</td>
      </tr>
      <tr>
        <td colspan="1" rowspan="1" class="indent2" width="20%">Ataque</td>
        <td colspan="1" rowspan="1" width="80%">Mozilla/5.0 (Windows NT 10.0; Trident/7.0; rv:11.0) like Gecko</td>
      </tr>
      <tr>
        <td colspan="1" rowspan="1" class="indent2" width="20%">Evidencia</td>
        <td colspan="1" rowspan="1" width="80%"/>
      </tr>
      <tr>
        <td colspan="1" rowspan="1" class="indent2" width="20%">Other Info</td>
        <td colspan="1" rowspan="1" width="80%"/>
      </tr>
      <tr>
        <td colspan="1" rowspan="1" class="indent1" width="20%">URL</td>
        <td colspan="1" rowspan="1" width="80%">
          <a shape="rect" href="https://juice-shop.herokuapp.com/assets/i18n">https://juice-shop.herokuapp.com/assets/i18n</a>
        </td>
      </tr>
      <tr>
        <td colspan="1" rowspan="1" class="indent2" width="20%">Método</td>
        <td colspan="1" rowspan="1" width="80%">GET</td>
      </tr>
      <tr>
        <td colspan="1" rowspan="1" class="indent2" width="20%">Parámetros</td>
        <td colspan="1" rowspan="1" width="80%">Header User-Agent</td>
      </tr>
      <tr>
        <td colspan="1" rowspan="1" class="indent2" width="20%">Ataque</td>
        <td colspan="1" rowspan="1" width="80%">Mozilla/5.0 (Windows NT 10.0; Win64; x64) AppleWebKit/537.36 (KHTML, like Gecko) Chrome/75.0.3739.0 Safari/537.36 Edg/75.0.109.0</td>
      </tr>
      <tr>
        <td colspan="1" rowspan="1" class="indent2" width="20%">Evidencia</td>
        <td colspan="1" rowspan="1" width="80%"/>
      </tr>
      <tr>
        <td colspan="1" rowspan="1" class="indent2" width="20%">Other Info</td>
        <td colspan="1" rowspan="1" width="80%"/>
      </tr>
      <tr>
        <td colspan="1" rowspan="1" class="indent1" width="20%">URL</td>
        <td colspan="1" rowspan="1" width="80%">
          <a shape="rect" href="https://juice-shop.herokuapp.com/assets/i18n">https://juice-shop.herokuapp.com/assets/i18n</a>
        </td>
      </tr>
      <tr>
        <td colspan="1" rowspan="1" class="indent2" width="20%">Método</td>
        <td colspan="1" rowspan="1" width="80%">GET</td>
      </tr>
      <tr>
        <td colspan="1" rowspan="1" class="indent2" width="20%">Parámetros</td>
        <td colspan="1" rowspan="1" width="80%">Header User-Agent</td>
      </tr>
      <tr>
        <td colspan="1" rowspan="1" class="indent2" width="20%">Ataque</td>
        <td colspan="1" rowspan="1" width="80%">Mozilla/5.0 (Windows NT 10.0; Win64; x64) AppleWebKit/537.36 (KHTML, like Gecko) Chrome/91.0.4472.124 Safari/537.36</td>
      </tr>
      <tr>
        <td colspan="1" rowspan="1" class="indent2" width="20%">Evidencia</td>
        <td colspan="1" rowspan="1" width="80%"/>
      </tr>
      <tr>
        <td colspan="1" rowspan="1" class="indent2" width="20%">Other Info</td>
        <td colspan="1" rowspan="1" width="80%"/>
      </tr>
      <tr>
        <td colspan="1" rowspan="1" class="indent1" width="20%">URL</td>
        <td colspan="1" rowspan="1" width="80%">
          <a shape="rect" href="https://juice-shop.herokuapp.com/assets/i18n">https://juice-shop.herokuapp.com/assets/i18n</a>
        </td>
      </tr>
      <tr>
        <td colspan="1" rowspan="1" class="indent2" width="20%">Método</td>
        <td colspan="1" rowspan="1" width="80%">GET</td>
      </tr>
      <tr>
        <td colspan="1" rowspan="1" class="indent2" width="20%">Parámetros</td>
        <td colspan="1" rowspan="1" width="80%">Header User-Agent</td>
      </tr>
      <tr>
        <td colspan="1" rowspan="1" class="indent2" width="20%">Ataque</td>
        <td colspan="1" rowspan="1" width="80%">Mozilla/5.0 (Windows NT 10.0; Win64; x64; rv:93.0) Gecko/20100101 Firefox/91.0</td>
      </tr>
      <tr>
        <td colspan="1" rowspan="1" class="indent2" width="20%">Evidencia</td>
        <td colspan="1" rowspan="1" width="80%"/>
      </tr>
      <tr>
        <td colspan="1" rowspan="1" class="indent2" width="20%">Other Info</td>
        <td colspan="1" rowspan="1" width="80%"/>
      </tr>
      <tr>
        <td colspan="1" rowspan="1" class="indent1" width="20%">URL</td>
        <td colspan="1" rowspan="1" width="80%">
          <a shape="rect" href="https://juice-shop.herokuapp.com/assets/i18n">https://juice-shop.herokuapp.com/assets/i18n</a>
        </td>
      </tr>
      <tr>
        <td colspan="1" rowspan="1" class="indent2" width="20%">Método</td>
        <td colspan="1" rowspan="1" width="80%">GET</td>
      </tr>
      <tr>
        <td colspan="1" rowspan="1" class="indent2" width="20%">Parámetros</td>
        <td colspan="1" rowspan="1" width="80%">Header User-Agent</td>
      </tr>
      <tr>
        <td colspan="1" rowspan="1" class="indent2" width="20%">Ataque</td>
        <td colspan="1" rowspan="1" width="80%">Mozilla/5.0 (compatible; Googlebot/2.1; +http://www.google.com/bot.html)</td>
      </tr>
      <tr>
        <td colspan="1" rowspan="1" class="indent2" width="20%">Evidencia</td>
        <td colspan="1" rowspan="1" width="80%"/>
      </tr>
      <tr>
        <td colspan="1" rowspan="1" class="indent2" width="20%">Other Info</td>
        <td colspan="1" rowspan="1" width="80%"/>
      </tr>
      <tr>
        <td colspan="1" rowspan="1" class="indent1" width="20%">URL</td>
        <td colspan="1" rowspan="1" width="80%">
          <a shape="rect" href="https://juice-shop.herokuapp.com/assets/i18n">https://juice-shop.herokuapp.com/assets/i18n</a>
        </td>
      </tr>
      <tr>
        <td colspan="1" rowspan="1" class="indent2" width="20%">Método</td>
        <td colspan="1" rowspan="1" width="80%">GET</td>
      </tr>
      <tr>
        <td colspan="1" rowspan="1" class="indent2" width="20%">Parámetros</td>
        <td colspan="1" rowspan="1" width="80%">Header User-Agent</td>
      </tr>
      <tr>
        <td colspan="1" rowspan="1" class="indent2" width="20%">Ataque</td>
        <td colspan="1" rowspan="1" width="80%">Mozilla/5.0 (compatible; Yahoo! Slurp; http://help.yahoo.com/help/us/ysearch/slurp)</td>
      </tr>
      <tr>
        <td colspan="1" rowspan="1" class="indent2" width="20%">Evidencia</td>
        <td colspan="1" rowspan="1" width="80%"/>
      </tr>
      <tr>
        <td colspan="1" rowspan="1" class="indent2" width="20%">Other Info</td>
        <td colspan="1" rowspan="1" width="80%"/>
      </tr>
      <tr>
        <td colspan="1" rowspan="1" class="indent1" width="20%">URL</td>
        <td colspan="1" rowspan="1" width="80%">
          <a shape="rect" href="https://juice-shop.herokuapp.com/assets/i18n">https://juice-shop.herokuapp.com/assets/i18n</a>
        </td>
      </tr>
      <tr>
        <td colspan="1" rowspan="1" class="indent2" width="20%">Método</td>
        <td colspan="1" rowspan="1" width="80%">GET</td>
      </tr>
      <tr>
        <td colspan="1" rowspan="1" class="indent2" width="20%">Parámetros</td>
        <td colspan="1" rowspan="1" width="80%">Header User-Agent</td>
      </tr>
      <tr>
        <td colspan="1" rowspan="1" class="indent2" width="20%">Ataque</td>
        <td colspan="1" rowspan="1" width="80%">Mozilla/5.0 (iPhone; CPU iPhone OS 8_0_2 like Mac OS X) AppleWebKit/600.1.4 (KHTML, like Gecko) Version/8.0 Mobile/12A366 Safari/600.1.4</td>
      </tr>
      <tr>
        <td colspan="1" rowspan="1" class="indent2" width="20%">Evidencia</td>
        <td colspan="1" rowspan="1" width="80%"/>
      </tr>
      <tr>
        <td colspan="1" rowspan="1" class="indent2" width="20%">Other Info</td>
        <td colspan="1" rowspan="1" width="80%"/>
      </tr>
      <tr>
        <td colspan="1" rowspan="1" class="indent1" width="20%">URL</td>
        <td colspan="1" rowspan="1" width="80%">
          <a shape="rect" href="https://juice-shop.herokuapp.com/assets/i18n">https://juice-shop.herokuapp.com/assets/i18n</a>
        </td>
      </tr>
      <tr>
        <td colspan="1" rowspan="1" class="indent2" width="20%">Método</td>
        <td colspan="1" rowspan="1" width="80%">GET</td>
      </tr>
      <tr>
        <td colspan="1" rowspan="1" class="indent2" width="20%">Parámetros</td>
        <td colspan="1" rowspan="1" width="80%">Header User-Agent</td>
      </tr>
      <tr>
        <td colspan="1" rowspan="1" class="indent2" width="20%">Ataque</td>
        <td colspan="1" rowspan="1" width="80%">Mozilla/5.0 (iPhone; U; CPU iPhone OS 3_0 like Mac OS X; en-us) AppleWebKit/528.18 (KHTML, like Gecko) Version/4.0 Mobile/7A341 Safari/528.16</td>
      </tr>
      <tr>
        <td colspan="1" rowspan="1" class="indent2" width="20%">Evidencia</td>
        <td colspan="1" rowspan="1" width="80%"/>
      </tr>
      <tr>
        <td colspan="1" rowspan="1" class="indent2" width="20%">Other Info</td>
        <td colspan="1" rowspan="1" width="80%"/>
      </tr>
      <tr>
        <td colspan="1" rowspan="1" class="indent1" width="20%">URL</td>
        <td colspan="1" rowspan="1" width="80%">
          <a shape="rect" href="https://juice-shop.herokuapp.com/assets/i18n">https://juice-shop.herokuapp.com/assets/i18n</a>
        </td>
      </tr>
      <tr>
        <td colspan="1" rowspan="1" class="indent2" width="20%">Método</td>
        <td colspan="1" rowspan="1" width="80%">GET</td>
      </tr>
      <tr>
        <td colspan="1" rowspan="1" class="indent2" width="20%">Parámetros</td>
        <td colspan="1" rowspan="1" width="80%">Header User-Agent</td>
      </tr>
      <tr>
        <td colspan="1" rowspan="1" class="indent2" width="20%">Ataque</td>
        <td colspan="1" rowspan="1" width="80%">msnbot/1.1 (+http://search.msn.com/msnbot.htm)</td>
      </tr>
      <tr>
        <td colspan="1" rowspan="1" class="indent2" width="20%">Evidencia</td>
        <td colspan="1" rowspan="1" width="80%"/>
      </tr>
      <tr>
        <td colspan="1" rowspan="1" class="indent2" width="20%">Other Info</td>
        <td colspan="1" rowspan="1" width="80%"/>
      </tr>
      <tr>
        <td colspan="1" rowspan="1" class="indent1" width="20%">URL</td>
        <td colspan="1" rowspan="1" width="80%">
          <a shape="rect" href="https://juice-shop.herokuapp.com/assets/public">https://juice-shop.herokuapp.com/assets/public</a>
        </td>
      </tr>
      <tr>
        <td colspan="1" rowspan="1" class="indent2" width="20%">Método</td>
        <td colspan="1" rowspan="1" width="80%">GET</td>
      </tr>
      <tr>
        <td colspan="1" rowspan="1" class="indent2" width="20%">Parámetros</td>
        <td colspan="1" rowspan="1" width="80%">Header User-Agent</td>
      </tr>
      <tr>
        <td colspan="1" rowspan="1" class="indent2" width="20%">Ataque</td>
        <td colspan="1" rowspan="1" width="80%">Mozilla/4.0 (compatible; MSIE 6.0; Windows NT 5.1)</td>
      </tr>
      <tr>
        <td colspan="1" rowspan="1" class="indent2" width="20%">Evidencia</td>
        <td colspan="1" rowspan="1" width="80%"/>
      </tr>
      <tr>
        <td colspan="1" rowspan="1" class="indent2" width="20%">Other Info</td>
        <td colspan="1" rowspan="1" width="80%"/>
      </tr>
      <tr>
        <td colspan="1" rowspan="1" class="indent1" width="20%">URL</td>
        <td colspan="1" rowspan="1" width="80%">
          <a shape="rect" href="https://juice-shop.herokuapp.com/assets/public">https://juice-shop.herokuapp.com/assets/public</a>
        </td>
      </tr>
      <tr>
        <td colspan="1" rowspan="1" class="indent2" width="20%">Método</td>
        <td colspan="1" rowspan="1" width="80%">GET</td>
      </tr>
      <tr>
        <td colspan="1" rowspan="1" class="indent2" width="20%">Parámetros</td>
        <td colspan="1" rowspan="1" width="80%">Header User-Agent</td>
      </tr>
      <tr>
        <td colspan="1" rowspan="1" class="indent2" width="20%">Ataque</td>
        <td colspan="1" rowspan="1" width="80%">Mozilla/4.0 (compatible; MSIE 7.0; Windows NT 6.0)</td>
      </tr>
      <tr>
        <td colspan="1" rowspan="1" class="indent2" width="20%">Evidencia</td>
        <td colspan="1" rowspan="1" width="80%"/>
      </tr>
      <tr>
        <td colspan="1" rowspan="1" class="indent2" width="20%">Other Info</td>
        <td colspan="1" rowspan="1" width="80%"/>
      </tr>
      <tr>
        <td colspan="1" rowspan="1" class="indent1" width="20%">URL</td>
        <td colspan="1" rowspan="1" width="80%">
          <a shape="rect" href="https://juice-shop.herokuapp.com/assets/public">https://juice-shop.herokuapp.com/assets/public</a>
        </td>
      </tr>
      <tr>
        <td colspan="1" rowspan="1" class="indent2" width="20%">Método</td>
        <td colspan="1" rowspan="1" width="80%">GET</td>
      </tr>
      <tr>
        <td colspan="1" rowspan="1" class="indent2" width="20%">Parámetros</td>
        <td colspan="1" rowspan="1" width="80%">Header User-Agent</td>
      </tr>
      <tr>
        <td colspan="1" rowspan="1" class="indent2" width="20%">Ataque</td>
        <td colspan="1" rowspan="1" width="80%">Mozilla/4.0 (compatible; MSIE 8.0; Windows NT 6.1)</td>
      </tr>
      <tr>
        <td colspan="1" rowspan="1" class="indent2" width="20%">Evidencia</td>
        <td colspan="1" rowspan="1" width="80%"/>
      </tr>
      <tr>
        <td colspan="1" rowspan="1" class="indent2" width="20%">Other Info</td>
        <td colspan="1" rowspan="1" width="80%"/>
      </tr>
      <tr>
        <td colspan="1" rowspan="1" class="indent1" width="20%">URL</td>
        <td colspan="1" rowspan="1" width="80%">
          <a shape="rect" href="https://juice-shop.herokuapp.com/assets/public">https://juice-shop.herokuapp.com/assets/public</a>
        </td>
      </tr>
      <tr>
        <td colspan="1" rowspan="1" class="indent2" width="20%">Método</td>
        <td colspan="1" rowspan="1" width="80%">GET</td>
      </tr>
      <tr>
        <td colspan="1" rowspan="1" class="indent2" width="20%">Parámetros</td>
        <td colspan="1" rowspan="1" width="80%">Header User-Agent</td>
      </tr>
      <tr>
        <td colspan="1" rowspan="1" class="indent2" width="20%">Ataque</td>
        <td colspan="1" rowspan="1" width="80%">Mozilla/5.0 (Windows NT 10.0; Trident/7.0; rv:11.0) like Gecko</td>
      </tr>
      <tr>
        <td colspan="1" rowspan="1" class="indent2" width="20%">Evidencia</td>
        <td colspan="1" rowspan="1" width="80%"/>
      </tr>
      <tr>
        <td colspan="1" rowspan="1" class="indent2" width="20%">Other Info</td>
        <td colspan="1" rowspan="1" width="80%"/>
      </tr>
      <tr>
        <td colspan="1" rowspan="1" class="indent1" width="20%">URL</td>
        <td colspan="1" rowspan="1" width="80%">
          <a shape="rect" href="https://juice-shop.herokuapp.com/assets/public">https://juice-shop.herokuapp.com/assets/public</a>
        </td>
      </tr>
      <tr>
        <td colspan="1" rowspan="1" class="indent2" width="20%">Método</td>
        <td colspan="1" rowspan="1" width="80%">GET</td>
      </tr>
      <tr>
        <td colspan="1" rowspan="1" class="indent2" width="20%">Parámetros</td>
        <td colspan="1" rowspan="1" width="80%">Header User-Agent</td>
      </tr>
      <tr>
        <td colspan="1" rowspan="1" class="indent2" width="20%">Ataque</td>
        <td colspan="1" rowspan="1" width="80%">Mozilla/5.0 (Windows NT 10.0; Win64; x64) AppleWebKit/537.36 (KHTML, like Gecko) Chrome/75.0.3739.0 Safari/537.36 Edg/75.0.109.0</td>
      </tr>
      <tr>
        <td colspan="1" rowspan="1" class="indent2" width="20%">Evidencia</td>
        <td colspan="1" rowspan="1" width="80%"/>
      </tr>
      <tr>
        <td colspan="1" rowspan="1" class="indent2" width="20%">Other Info</td>
        <td colspan="1" rowspan="1" width="80%"/>
      </tr>
      <tr>
        <td colspan="1" rowspan="1" class="indent1" width="20%">URL</td>
        <td colspan="1" rowspan="1" width="80%">
          <a shape="rect" href="https://juice-shop.herokuapp.com/assets/public">https://juice-shop.herokuapp.com/assets/public</a>
        </td>
      </tr>
      <tr>
        <td colspan="1" rowspan="1" class="indent2" width="20%">Método</td>
        <td colspan="1" rowspan="1" width="80%">GET</td>
      </tr>
      <tr>
        <td colspan="1" rowspan="1" class="indent2" width="20%">Parámetros</td>
        <td colspan="1" rowspan="1" width="80%">Header User-Agent</td>
      </tr>
      <tr>
        <td colspan="1" rowspan="1" class="indent2" width="20%">Ataque</td>
        <td colspan="1" rowspan="1" width="80%">Mozilla/5.0 (Windows NT 10.0; Win64; x64) AppleWebKit/537.36 (KHTML, like Gecko) Chrome/91.0.4472.124 Safari/537.36</td>
      </tr>
      <tr>
        <td colspan="1" rowspan="1" class="indent2" width="20%">Evidencia</td>
        <td colspan="1" rowspan="1" width="80%"/>
      </tr>
      <tr>
        <td colspan="1" rowspan="1" class="indent2" width="20%">Other Info</td>
        <td colspan="1" rowspan="1" width="80%"/>
      </tr>
      <tr>
        <td colspan="1" rowspan="1" class="indent1" width="20%">URL</td>
        <td colspan="1" rowspan="1" width="80%">
          <a shape="rect" href="https://juice-shop.herokuapp.com/assets/public">https://juice-shop.herokuapp.com/assets/public</a>
        </td>
      </tr>
      <tr>
        <td colspan="1" rowspan="1" class="indent2" width="20%">Método</td>
        <td colspan="1" rowspan="1" width="80%">GET</td>
      </tr>
      <tr>
        <td colspan="1" rowspan="1" class="indent2" width="20%">Parámetros</td>
        <td colspan="1" rowspan="1" width="80%">Header User-Agent</td>
      </tr>
      <tr>
        <td colspan="1" rowspan="1" class="indent2" width="20%">Ataque</td>
        <td colspan="1" rowspan="1" width="80%">Mozilla/5.0 (Windows NT 10.0; Win64; x64; rv:93.0) Gecko/20100101 Firefox/91.0</td>
      </tr>
      <tr>
        <td colspan="1" rowspan="1" class="indent2" width="20%">Evidencia</td>
        <td colspan="1" rowspan="1" width="80%"/>
      </tr>
      <tr>
        <td colspan="1" rowspan="1" class="indent2" width="20%">Other Info</td>
        <td colspan="1" rowspan="1" width="80%"/>
      </tr>
      <tr>
        <td colspan="1" rowspan="1" class="indent1" width="20%">URL</td>
        <td colspan="1" rowspan="1" width="80%">
          <a shape="rect" href="https://juice-shop.herokuapp.com/assets/public">https://juice-shop.herokuapp.com/assets/public</a>
        </td>
      </tr>
      <tr>
        <td colspan="1" rowspan="1" class="indent2" width="20%">Método</td>
        <td colspan="1" rowspan="1" width="80%">GET</td>
      </tr>
      <tr>
        <td colspan="1" rowspan="1" class="indent2" width="20%">Parámetros</td>
        <td colspan="1" rowspan="1" width="80%">Header User-Agent</td>
      </tr>
      <tr>
        <td colspan="1" rowspan="1" class="indent2" width="20%">Ataque</td>
        <td colspan="1" rowspan="1" width="80%">Mozilla/5.0 (compatible; Googlebot/2.1; +http://www.google.com/bot.html)</td>
      </tr>
      <tr>
        <td colspan="1" rowspan="1" class="indent2" width="20%">Evidencia</td>
        <td colspan="1" rowspan="1" width="80%"/>
      </tr>
      <tr>
        <td colspan="1" rowspan="1" class="indent2" width="20%">Other Info</td>
        <td colspan="1" rowspan="1" width="80%"/>
      </tr>
      <tr>
        <td colspan="1" rowspan="1" class="indent1" width="20%">URL</td>
        <td colspan="1" rowspan="1" width="80%">
          <a shape="rect" href="https://juice-shop.herokuapp.com/assets/public">https://juice-shop.herokuapp.com/assets/public</a>
        </td>
      </tr>
      <tr>
        <td colspan="1" rowspan="1" class="indent2" width="20%">Método</td>
        <td colspan="1" rowspan="1" width="80%">GET</td>
      </tr>
      <tr>
        <td colspan="1" rowspan="1" class="indent2" width="20%">Parámetros</td>
        <td colspan="1" rowspan="1" width="80%">Header User-Agent</td>
      </tr>
      <tr>
        <td colspan="1" rowspan="1" class="indent2" width="20%">Ataque</td>
        <td colspan="1" rowspan="1" width="80%">Mozilla/5.0 (compatible; Yahoo! Slurp; http://help.yahoo.com/help/us/ysearch/slurp)</td>
      </tr>
      <tr>
        <td colspan="1" rowspan="1" class="indent2" width="20%">Evidencia</td>
        <td colspan="1" rowspan="1" width="80%"/>
      </tr>
      <tr>
        <td colspan="1" rowspan="1" class="indent2" width="20%">Other Info</td>
        <td colspan="1" rowspan="1" width="80%"/>
      </tr>
      <tr>
        <td colspan="1" rowspan="1" class="indent1" width="20%">URL</td>
        <td colspan="1" rowspan="1" width="80%">
          <a shape="rect" href="https://juice-shop.herokuapp.com/assets/public">https://juice-shop.herokuapp.com/assets/public</a>
        </td>
      </tr>
      <tr>
        <td colspan="1" rowspan="1" class="indent2" width="20%">Método</td>
        <td colspan="1" rowspan="1" width="80%">GET</td>
      </tr>
      <tr>
        <td colspan="1" rowspan="1" class="indent2" width="20%">Parámetros</td>
        <td colspan="1" rowspan="1" width="80%">Header User-Agent</td>
      </tr>
      <tr>
        <td colspan="1" rowspan="1" class="indent2" width="20%">Ataque</td>
        <td colspan="1" rowspan="1" width="80%">Mozilla/5.0 (iPhone; CPU iPhone OS 8_0_2 like Mac OS X) AppleWebKit/600.1.4 (KHTML, like Gecko) Version/8.0 Mobile/12A366 Safari/600.1.4</td>
      </tr>
      <tr>
        <td colspan="1" rowspan="1" class="indent2" width="20%">Evidencia</td>
        <td colspan="1" rowspan="1" width="80%"/>
      </tr>
      <tr>
        <td colspan="1" rowspan="1" class="indent2" width="20%">Other Info</td>
        <td colspan="1" rowspan="1" width="80%"/>
      </tr>
      <tr>
        <td colspan="1" rowspan="1" class="indent1" width="20%">URL</td>
        <td colspan="1" rowspan="1" width="80%">
          <a shape="rect" href="https://juice-shop.herokuapp.com/assets/public">https://juice-shop.herokuapp.com/assets/public</a>
        </td>
      </tr>
      <tr>
        <td colspan="1" rowspan="1" class="indent2" width="20%">Método</td>
        <td colspan="1" rowspan="1" width="80%">GET</td>
      </tr>
      <tr>
        <td colspan="1" rowspan="1" class="indent2" width="20%">Parámetros</td>
        <td colspan="1" rowspan="1" width="80%">Header User-Agent</td>
      </tr>
      <tr>
        <td colspan="1" rowspan="1" class="indent2" width="20%">Ataque</td>
        <td colspan="1" rowspan="1" width="80%">Mozilla/5.0 (iPhone; U; CPU iPhone OS 3_0 like Mac OS X; en-us) AppleWebKit/528.18 (KHTML, like Gecko) Version/4.0 Mobile/7A341 Safari/528.16</td>
      </tr>
      <tr>
        <td colspan="1" rowspan="1" class="indent2" width="20%">Evidencia</td>
        <td colspan="1" rowspan="1" width="80%"/>
      </tr>
      <tr>
        <td colspan="1" rowspan="1" class="indent2" width="20%">Other Info</td>
        <td colspan="1" rowspan="1" width="80%"/>
      </tr>
      <tr>
        <td colspan="1" rowspan="1" class="indent1" width="20%">URL</td>
        <td colspan="1" rowspan="1" width="80%">
          <a shape="rect" href="https://juice-shop.herokuapp.com/assets/public">https://juice-shop.herokuapp.com/assets/public</a>
        </td>
      </tr>
      <tr>
        <td colspan="1" rowspan="1" class="indent2" width="20%">Método</td>
        <td colspan="1" rowspan="1" width="80%">GET</td>
      </tr>
      <tr>
        <td colspan="1" rowspan="1" class="indent2" width="20%">Parámetros</td>
        <td colspan="1" rowspan="1" width="80%">Header User-Agent</td>
      </tr>
      <tr>
        <td colspan="1" rowspan="1" class="indent2" width="20%">Ataque</td>
        <td colspan="1" rowspan="1" width="80%">msnbot/1.1 (+http://search.msn.com/msnbot.htm)</td>
      </tr>
      <tr>
        <td colspan="1" rowspan="1" class="indent2" width="20%">Evidencia</td>
        <td colspan="1" rowspan="1" width="80%"/>
      </tr>
      <tr>
        <td colspan="1" rowspan="1" class="indent2" width="20%">Other Info</td>
        <td colspan="1" rowspan="1" width="80%"/>
      </tr>
      <tr>
        <td colspan="1" rowspan="1" class="indent1" width="20%">URL</td>
        <td colspan="1" rowspan="1" width="80%">
          <a shape="rect" href="https://juice-shop.herokuapp.com/assets/public/images">https://juice-shop.herokuapp.com/assets/public/images</a>
        </td>
      </tr>
      <tr>
        <td colspan="1" rowspan="1" class="indent2" width="20%">Método</td>
        <td colspan="1" rowspan="1" width="80%">GET</td>
      </tr>
      <tr>
        <td colspan="1" rowspan="1" class="indent2" width="20%">Parámetros</td>
        <td colspan="1" rowspan="1" width="80%">Header User-Agent</td>
      </tr>
      <tr>
        <td colspan="1" rowspan="1" class="indent2" width="20%">Ataque</td>
        <td colspan="1" rowspan="1" width="80%">Mozilla/4.0 (compatible; MSIE 6.0; Windows NT 5.1)</td>
      </tr>
      <tr>
        <td colspan="1" rowspan="1" class="indent2" width="20%">Evidencia</td>
        <td colspan="1" rowspan="1" width="80%"/>
      </tr>
      <tr>
        <td colspan="1" rowspan="1" class="indent2" width="20%">Other Info</td>
        <td colspan="1" rowspan="1" width="80%"/>
      </tr>
      <tr>
        <td colspan="1" rowspan="1" class="indent1" width="20%">URL</td>
        <td colspan="1" rowspan="1" width="80%">
          <a shape="rect" href="https://juice-shop.herokuapp.com/assets/public/images">https://juice-shop.herokuapp.com/assets/public/images</a>
        </td>
      </tr>
      <tr>
        <td colspan="1" rowspan="1" class="indent2" width="20%">Método</td>
        <td colspan="1" rowspan="1" width="80%">GET</td>
      </tr>
      <tr>
        <td colspan="1" rowspan="1" class="indent2" width="20%">Parámetros</td>
        <td colspan="1" rowspan="1" width="80%">Header User-Agent</td>
      </tr>
      <tr>
        <td colspan="1" rowspan="1" class="indent2" width="20%">Ataque</td>
        <td colspan="1" rowspan="1" width="80%">Mozilla/4.0 (compatible; MSIE 7.0; Windows NT 6.0)</td>
      </tr>
      <tr>
        <td colspan="1" rowspan="1" class="indent2" width="20%">Evidencia</td>
        <td colspan="1" rowspan="1" width="80%"/>
      </tr>
      <tr>
        <td colspan="1" rowspan="1" class="indent2" width="20%">Other Info</td>
        <td colspan="1" rowspan="1" width="80%"/>
      </tr>
      <tr>
        <td colspan="1" rowspan="1" class="indent1" width="20%">URL</td>
        <td colspan="1" rowspan="1" width="80%">
          <a shape="rect" href="https://juice-shop.herokuapp.com/assets/public/images">https://juice-shop.herokuapp.com/assets/public/images</a>
        </td>
      </tr>
      <tr>
        <td colspan="1" rowspan="1" class="indent2" width="20%">Método</td>
        <td colspan="1" rowspan="1" width="80%">GET</td>
      </tr>
      <tr>
        <td colspan="1" rowspan="1" class="indent2" width="20%">Parámetros</td>
        <td colspan="1" rowspan="1" width="80%">Header User-Agent</td>
      </tr>
      <tr>
        <td colspan="1" rowspan="1" class="indent2" width="20%">Ataque</td>
        <td colspan="1" rowspan="1" width="80%">Mozilla/4.0 (compatible; MSIE 8.0; Windows NT 6.1)</td>
      </tr>
      <tr>
        <td colspan="1" rowspan="1" class="indent2" width="20%">Evidencia</td>
        <td colspan="1" rowspan="1" width="80%"/>
      </tr>
      <tr>
        <td colspan="1" rowspan="1" class="indent2" width="20%">Other Info</td>
        <td colspan="1" rowspan="1" width="80%"/>
      </tr>
      <tr>
        <td colspan="1" rowspan="1" class="indent1" width="20%">URL</td>
        <td colspan="1" rowspan="1" width="80%">
          <a shape="rect" href="https://juice-shop.herokuapp.com/assets/public/images">https://juice-shop.herokuapp.com/assets/public/images</a>
        </td>
      </tr>
      <tr>
        <td colspan="1" rowspan="1" class="indent2" width="20%">Método</td>
        <td colspan="1" rowspan="1" width="80%">GET</td>
      </tr>
      <tr>
        <td colspan="1" rowspan="1" class="indent2" width="20%">Parámetros</td>
        <td colspan="1" rowspan="1" width="80%">Header User-Agent</td>
      </tr>
      <tr>
        <td colspan="1" rowspan="1" class="indent2" width="20%">Ataque</td>
        <td colspan="1" rowspan="1" width="80%">Mozilla/5.0 (Windows NT 10.0; Trident/7.0; rv:11.0) like Gecko</td>
      </tr>
      <tr>
        <td colspan="1" rowspan="1" class="indent2" width="20%">Evidencia</td>
        <td colspan="1" rowspan="1" width="80%"/>
      </tr>
      <tr>
        <td colspan="1" rowspan="1" class="indent2" width="20%">Other Info</td>
        <td colspan="1" rowspan="1" width="80%"/>
      </tr>
      <tr>
        <td colspan="1" rowspan="1" class="indent1" width="20%">URL</td>
        <td colspan="1" rowspan="1" width="80%">
          <a shape="rect" href="https://juice-shop.herokuapp.com/assets/public/images">https://juice-shop.herokuapp.com/assets/public/images</a>
        </td>
      </tr>
      <tr>
        <td colspan="1" rowspan="1" class="indent2" width="20%">Método</td>
        <td colspan="1" rowspan="1" width="80%">GET</td>
      </tr>
      <tr>
        <td colspan="1" rowspan="1" class="indent2" width="20%">Parámetros</td>
        <td colspan="1" rowspan="1" width="80%">Header User-Agent</td>
      </tr>
      <tr>
        <td colspan="1" rowspan="1" class="indent2" width="20%">Ataque</td>
        <td colspan="1" rowspan="1" width="80%">Mozilla/5.0 (Windows NT 10.0; Win64; x64) AppleWebKit/537.36 (KHTML, like Gecko) Chrome/75.0.3739.0 Safari/537.36 Edg/75.0.109.0</td>
      </tr>
      <tr>
        <td colspan="1" rowspan="1" class="indent2" width="20%">Evidencia</td>
        <td colspan="1" rowspan="1" width="80%"/>
      </tr>
      <tr>
        <td colspan="1" rowspan="1" class="indent2" width="20%">Other Info</td>
        <td colspan="1" rowspan="1" width="80%"/>
      </tr>
      <tr>
        <td colspan="1" rowspan="1" class="indent1" width="20%">URL</td>
        <td colspan="1" rowspan="1" width="80%">
          <a shape="rect" href="https://juice-shop.herokuapp.com/assets/public/images">https://juice-shop.herokuapp.com/assets/public/images</a>
        </td>
      </tr>
      <tr>
        <td colspan="1" rowspan="1" class="indent2" width="20%">Método</td>
        <td colspan="1" rowspan="1" width="80%">GET</td>
      </tr>
      <tr>
        <td colspan="1" rowspan="1" class="indent2" width="20%">Parámetros</td>
        <td colspan="1" rowspan="1" width="80%">Header User-Agent</td>
      </tr>
      <tr>
        <td colspan="1" rowspan="1" class="indent2" width="20%">Ataque</td>
        <td colspan="1" rowspan="1" width="80%">Mozilla/5.0 (Windows NT 10.0; Win64; x64) AppleWebKit/537.36 (KHTML, like Gecko) Chrome/91.0.4472.124 Safari/537.36</td>
      </tr>
      <tr>
        <td colspan="1" rowspan="1" class="indent2" width="20%">Evidencia</td>
        <td colspan="1" rowspan="1" width="80%"/>
      </tr>
      <tr>
        <td colspan="1" rowspan="1" class="indent2" width="20%">Other Info</td>
        <td colspan="1" rowspan="1" width="80%"/>
      </tr>
      <tr>
        <td colspan="1" rowspan="1" class="indent1" width="20%">URL</td>
        <td colspan="1" rowspan="1" width="80%">
          <a shape="rect" href="https://juice-shop.herokuapp.com/assets/public/images">https://juice-shop.herokuapp.com/assets/public/images</a>
        </td>
      </tr>
      <tr>
        <td colspan="1" rowspan="1" class="indent2" width="20%">Método</td>
        <td colspan="1" rowspan="1" width="80%">GET</td>
      </tr>
      <tr>
        <td colspan="1" rowspan="1" class="indent2" width="20%">Parámetros</td>
        <td colspan="1" rowspan="1" width="80%">Header User-Agent</td>
      </tr>
      <tr>
        <td colspan="1" rowspan="1" class="indent2" width="20%">Ataque</td>
        <td colspan="1" rowspan="1" width="80%">Mozilla/5.0 (Windows NT 10.0; Win64; x64; rv:93.0) Gecko/20100101 Firefox/91.0</td>
      </tr>
      <tr>
        <td colspan="1" rowspan="1" class="indent2" width="20%">Evidencia</td>
        <td colspan="1" rowspan="1" width="80%"/>
      </tr>
      <tr>
        <td colspan="1" rowspan="1" class="indent2" width="20%">Other Info</td>
        <td colspan="1" rowspan="1" width="80%"/>
      </tr>
      <tr>
        <td colspan="1" rowspan="1" class="indent1" width="20%">URL</td>
        <td colspan="1" rowspan="1" width="80%">
          <a shape="rect" href="https://juice-shop.herokuapp.com/assets/public/images">https://juice-shop.herokuapp.com/assets/public/images</a>
        </td>
      </tr>
      <tr>
        <td colspan="1" rowspan="1" class="indent2" width="20%">Método</td>
        <td colspan="1" rowspan="1" width="80%">GET</td>
      </tr>
      <tr>
        <td colspan="1" rowspan="1" class="indent2" width="20%">Parámetros</td>
        <td colspan="1" rowspan="1" width="80%">Header User-Agent</td>
      </tr>
      <tr>
        <td colspan="1" rowspan="1" class="indent2" width="20%">Ataque</td>
        <td colspan="1" rowspan="1" width="80%">Mozilla/5.0 (compatible; Googlebot/2.1; +http://www.google.com/bot.html)</td>
      </tr>
      <tr>
        <td colspan="1" rowspan="1" class="indent2" width="20%">Evidencia</td>
        <td colspan="1" rowspan="1" width="80%"/>
      </tr>
      <tr>
        <td colspan="1" rowspan="1" class="indent2" width="20%">Other Info</td>
        <td colspan="1" rowspan="1" width="80%"/>
      </tr>
      <tr>
        <td colspan="1" rowspan="1" class="indent1" width="20%">URL</td>
        <td colspan="1" rowspan="1" width="80%">
          <a shape="rect" href="https://juice-shop.herokuapp.com/assets/public/images">https://juice-shop.herokuapp.com/assets/public/images</a>
        </td>
      </tr>
      <tr>
        <td colspan="1" rowspan="1" class="indent2" width="20%">Método</td>
        <td colspan="1" rowspan="1" width="80%">GET</td>
      </tr>
      <tr>
        <td colspan="1" rowspan="1" class="indent2" width="20%">Parámetros</td>
        <td colspan="1" rowspan="1" width="80%">Header User-Agent</td>
      </tr>
      <tr>
        <td colspan="1" rowspan="1" class="indent2" width="20%">Ataque</td>
        <td colspan="1" rowspan="1" width="80%">Mozilla/5.0 (compatible; Yahoo! Slurp; http://help.yahoo.com/help/us/ysearch/slurp)</td>
      </tr>
      <tr>
        <td colspan="1" rowspan="1" class="indent2" width="20%">Evidencia</td>
        <td colspan="1" rowspan="1" width="80%"/>
      </tr>
      <tr>
        <td colspan="1" rowspan="1" class="indent2" width="20%">Other Info</td>
        <td colspan="1" rowspan="1" width="80%"/>
      </tr>
      <tr>
        <td colspan="1" rowspan="1" class="indent1" width="20%">URL</td>
        <td colspan="1" rowspan="1" width="80%">
          <a shape="rect" href="https://juice-shop.herokuapp.com/assets/public/images">https://juice-shop.herokuapp.com/assets/public/images</a>
        </td>
      </tr>
      <tr>
        <td colspan="1" rowspan="1" class="indent2" width="20%">Método</td>
        <td colspan="1" rowspan="1" width="80%">GET</td>
      </tr>
      <tr>
        <td colspan="1" rowspan="1" class="indent2" width="20%">Parámetros</td>
        <td colspan="1" rowspan="1" width="80%">Header User-Agent</td>
      </tr>
      <tr>
        <td colspan="1" rowspan="1" class="indent2" width="20%">Ataque</td>
        <td colspan="1" rowspan="1" width="80%">Mozilla/5.0 (iPhone; CPU iPhone OS 8_0_2 like Mac OS X) AppleWebKit/600.1.4 (KHTML, like Gecko) Version/8.0 Mobile/12A366 Safari/600.1.4</td>
      </tr>
      <tr>
        <td colspan="1" rowspan="1" class="indent2" width="20%">Evidencia</td>
        <td colspan="1" rowspan="1" width="80%"/>
      </tr>
      <tr>
        <td colspan="1" rowspan="1" class="indent2" width="20%">Other Info</td>
        <td colspan="1" rowspan="1" width="80%"/>
      </tr>
      <tr>
        <td colspan="1" rowspan="1" class="indent1" width="20%">URL</td>
        <td colspan="1" rowspan="1" width="80%">
          <a shape="rect" href="https://juice-shop.herokuapp.com/assets/public/images">https://juice-shop.herokuapp.com/assets/public/images</a>
        </td>
      </tr>
      <tr>
        <td colspan="1" rowspan="1" class="indent2" width="20%">Método</td>
        <td colspan="1" rowspan="1" width="80%">GET</td>
      </tr>
      <tr>
        <td colspan="1" rowspan="1" class="indent2" width="20%">Parámetros</td>
        <td colspan="1" rowspan="1" width="80%">Header User-Agent</td>
      </tr>
      <tr>
        <td colspan="1" rowspan="1" class="indent2" width="20%">Ataque</td>
        <td colspan="1" rowspan="1" width="80%">Mozilla/5.0 (iPhone; U; CPU iPhone OS 3_0 like Mac OS X; en-us) AppleWebKit/528.18 (KHTML, like Gecko) Version/4.0 Mobile/7A341 Safari/528.16</td>
      </tr>
      <tr>
        <td colspan="1" rowspan="1" class="indent2" width="20%">Evidencia</td>
        <td colspan="1" rowspan="1" width="80%"/>
      </tr>
      <tr>
        <td colspan="1" rowspan="1" class="indent2" width="20%">Other Info</td>
        <td colspan="1" rowspan="1" width="80%"/>
      </tr>
      <tr>
        <td colspan="1" rowspan="1" class="indent1" width="20%">URL</td>
        <td colspan="1" rowspan="1" width="80%">
          <a shape="rect" href="https://juice-shop.herokuapp.com/assets/public/images">https://juice-shop.herokuapp.com/assets/public/images</a>
        </td>
      </tr>
      <tr>
        <td colspan="1" rowspan="1" class="indent2" width="20%">Método</td>
        <td colspan="1" rowspan="1" width="80%">GET</td>
      </tr>
      <tr>
        <td colspan="1" rowspan="1" class="indent2" width="20%">Parámetros</td>
        <td colspan="1" rowspan="1" width="80%">Header User-Agent</td>
      </tr>
      <tr>
        <td colspan="1" rowspan="1" class="indent2" width="20%">Ataque</td>
        <td colspan="1" rowspan="1" width="80%">msnbot/1.1 (+http://search.msn.com/msnbot.htm)</td>
      </tr>
      <tr>
        <td colspan="1" rowspan="1" class="indent2" width="20%">Evidencia</td>
        <td colspan="1" rowspan="1" width="80%"/>
      </tr>
      <tr>
        <td colspan="1" rowspan="1" class="indent2" width="20%">Other Info</td>
        <td colspan="1" rowspan="1" width="80%"/>
      </tr>
      <tr>
        <td colspan="1" rowspan="1" class="indent1" width="20%">URL</td>
        <td colspan="1" rowspan="1" width="80%">
          <a shape="rect" href="https://juice-shop.herokuapp.com/assets/public/images/products">https://juice-shop.herokuapp.com/assets/public/images/products</a>
        </td>
      </tr>
      <tr>
        <td colspan="1" rowspan="1" class="indent2" width="20%">Método</td>
        <td colspan="1" rowspan="1" width="80%">GET</td>
      </tr>
      <tr>
        <td colspan="1" rowspan="1" class="indent2" width="20%">Parámetros</td>
        <td colspan="1" rowspan="1" width="80%">Header User-Agent</td>
      </tr>
      <tr>
        <td colspan="1" rowspan="1" class="indent2" width="20%">Ataque</td>
        <td colspan="1" rowspan="1" width="80%">Mozilla/4.0 (compatible; MSIE 6.0; Windows NT 5.1)</td>
      </tr>
      <tr>
        <td colspan="1" rowspan="1" class="indent2" width="20%">Evidencia</td>
        <td colspan="1" rowspan="1" width="80%"/>
      </tr>
      <tr>
        <td colspan="1" rowspan="1" class="indent2" width="20%">Other Info</td>
        <td colspan="1" rowspan="1" width="80%"/>
      </tr>
      <tr>
        <td colspan="1" rowspan="1" class="indent1" width="20%">URL</td>
        <td colspan="1" rowspan="1" width="80%">
          <a shape="rect" href="https://juice-shop.herokuapp.com/assets/public/images/products">https://juice-shop.herokuapp.com/assets/public/images/products</a>
        </td>
      </tr>
      <tr>
        <td colspan="1" rowspan="1" class="indent2" width="20%">Método</td>
        <td colspan="1" rowspan="1" width="80%">GET</td>
      </tr>
      <tr>
        <td colspan="1" rowspan="1" class="indent2" width="20%">Parámetros</td>
        <td colspan="1" rowspan="1" width="80%">Header User-Agent</td>
      </tr>
      <tr>
        <td colspan="1" rowspan="1" class="indent2" width="20%">Ataque</td>
        <td colspan="1" rowspan="1" width="80%">Mozilla/4.0 (compatible; MSIE 7.0; Windows NT 6.0)</td>
      </tr>
      <tr>
        <td colspan="1" rowspan="1" class="indent2" width="20%">Evidencia</td>
        <td colspan="1" rowspan="1" width="80%"/>
      </tr>
      <tr>
        <td colspan="1" rowspan="1" class="indent2" width="20%">Other Info</td>
        <td colspan="1" rowspan="1" width="80%"/>
      </tr>
      <tr>
        <td colspan="1" rowspan="1" class="indent1" width="20%">URL</td>
        <td colspan="1" rowspan="1" width="80%">
          <a shape="rect" href="https://juice-shop.herokuapp.com/assets/public/images/products">https://juice-shop.herokuapp.com/assets/public/images/products</a>
        </td>
      </tr>
      <tr>
        <td colspan="1" rowspan="1" class="indent2" width="20%">Método</td>
        <td colspan="1" rowspan="1" width="80%">GET</td>
      </tr>
      <tr>
        <td colspan="1" rowspan="1" class="indent2" width="20%">Parámetros</td>
        <td colspan="1" rowspan="1" width="80%">Header User-Agent</td>
      </tr>
      <tr>
        <td colspan="1" rowspan="1" class="indent2" width="20%">Ataque</td>
        <td colspan="1" rowspan="1" width="80%">Mozilla/4.0 (compatible; MSIE 8.0; Windows NT 6.1)</td>
      </tr>
      <tr>
        <td colspan="1" rowspan="1" class="indent2" width="20%">Evidencia</td>
        <td colspan="1" rowspan="1" width="80%"/>
      </tr>
      <tr>
        <td colspan="1" rowspan="1" class="indent2" width="20%">Other Info</td>
        <td colspan="1" rowspan="1" width="80%"/>
      </tr>
      <tr>
        <td colspan="1" rowspan="1" class="indent1" width="20%">URL</td>
        <td colspan="1" rowspan="1" width="80%">
          <a shape="rect" href="https://juice-shop.herokuapp.com/assets/public/images/products">https://juice-shop.herokuapp.com/assets/public/images/products</a>
        </td>
      </tr>
      <tr>
        <td colspan="1" rowspan="1" class="indent2" width="20%">Método</td>
        <td colspan="1" rowspan="1" width="80%">GET</td>
      </tr>
      <tr>
        <td colspan="1" rowspan="1" class="indent2" width="20%">Parámetros</td>
        <td colspan="1" rowspan="1" width="80%">Header User-Agent</td>
      </tr>
      <tr>
        <td colspan="1" rowspan="1" class="indent2" width="20%">Ataque</td>
        <td colspan="1" rowspan="1" width="80%">Mozilla/5.0 (Windows NT 10.0; Trident/7.0; rv:11.0) like Gecko</td>
      </tr>
      <tr>
        <td colspan="1" rowspan="1" class="indent2" width="20%">Evidencia</td>
        <td colspan="1" rowspan="1" width="80%"/>
      </tr>
      <tr>
        <td colspan="1" rowspan="1" class="indent2" width="20%">Other Info</td>
        <td colspan="1" rowspan="1" width="80%"/>
      </tr>
      <tr>
        <td colspan="1" rowspan="1" class="indent1" width="20%">URL</td>
        <td colspan="1" rowspan="1" width="80%">
          <a shape="rect" href="https://juice-shop.herokuapp.com/assets/public/images/products">https://juice-shop.herokuapp.com/assets/public/images/products</a>
        </td>
      </tr>
      <tr>
        <td colspan="1" rowspan="1" class="indent2" width="20%">Método</td>
        <td colspan="1" rowspan="1" width="80%">GET</td>
      </tr>
      <tr>
        <td colspan="1" rowspan="1" class="indent2" width="20%">Parámetros</td>
        <td colspan="1" rowspan="1" width="80%">Header User-Agent</td>
      </tr>
      <tr>
        <td colspan="1" rowspan="1" class="indent2" width="20%">Ataque</td>
        <td colspan="1" rowspan="1" width="80%">Mozilla/5.0 (Windows NT 10.0; Win64; x64) AppleWebKit/537.36 (KHTML, like Gecko) Chrome/75.0.3739.0 Safari/537.36 Edg/75.0.109.0</td>
      </tr>
      <tr>
        <td colspan="1" rowspan="1" class="indent2" width="20%">Evidencia</td>
        <td colspan="1" rowspan="1" width="80%"/>
      </tr>
      <tr>
        <td colspan="1" rowspan="1" class="indent2" width="20%">Other Info</td>
        <td colspan="1" rowspan="1" width="80%"/>
      </tr>
      <tr>
        <td colspan="1" rowspan="1" class="indent1" width="20%">URL</td>
        <td colspan="1" rowspan="1" width="80%">
          <a shape="rect" href="https://juice-shop.herokuapp.com/assets/public/images/products">https://juice-shop.herokuapp.com/assets/public/images/products</a>
        </td>
      </tr>
      <tr>
        <td colspan="1" rowspan="1" class="indent2" width="20%">Método</td>
        <td colspan="1" rowspan="1" width="80%">GET</td>
      </tr>
      <tr>
        <td colspan="1" rowspan="1" class="indent2" width="20%">Parámetros</td>
        <td colspan="1" rowspan="1" width="80%">Header User-Agent</td>
      </tr>
      <tr>
        <td colspan="1" rowspan="1" class="indent2" width="20%">Ataque</td>
        <td colspan="1" rowspan="1" width="80%">Mozilla/5.0 (Windows NT 10.0; Win64; x64) AppleWebKit/537.36 (KHTML, like Gecko) Chrome/91.0.4472.124 Safari/537.36</td>
      </tr>
      <tr>
        <td colspan="1" rowspan="1" class="indent2" width="20%">Evidencia</td>
        <td colspan="1" rowspan="1" width="80%"/>
      </tr>
      <tr>
        <td colspan="1" rowspan="1" class="indent2" width="20%">Other Info</td>
        <td colspan="1" rowspan="1" width="80%"/>
      </tr>
      <tr>
        <td colspan="1" rowspan="1" class="indent1" width="20%">URL</td>
        <td colspan="1" rowspan="1" width="80%">
          <a shape="rect" href="https://juice-shop.herokuapp.com/assets/public/images/products">https://juice-shop.herokuapp.com/assets/public/images/products</a>
        </td>
      </tr>
      <tr>
        <td colspan="1" rowspan="1" class="indent2" width="20%">Método</td>
        <td colspan="1" rowspan="1" width="80%">GET</td>
      </tr>
      <tr>
        <td colspan="1" rowspan="1" class="indent2" width="20%">Parámetros</td>
        <td colspan="1" rowspan="1" width="80%">Header User-Agent</td>
      </tr>
      <tr>
        <td colspan="1" rowspan="1" class="indent2" width="20%">Ataque</td>
        <td colspan="1" rowspan="1" width="80%">Mozilla/5.0 (Windows NT 10.0; Win64; x64; rv:93.0) Gecko/20100101 Firefox/91.0</td>
      </tr>
      <tr>
        <td colspan="1" rowspan="1" class="indent2" width="20%">Evidencia</td>
        <td colspan="1" rowspan="1" width="80%"/>
      </tr>
      <tr>
        <td colspan="1" rowspan="1" class="indent2" width="20%">Other Info</td>
        <td colspan="1" rowspan="1" width="80%"/>
      </tr>
      <tr>
        <td colspan="1" rowspan="1" class="indent1" width="20%">URL</td>
        <td colspan="1" rowspan="1" width="80%">
          <a shape="rect" href="https://juice-shop.herokuapp.com/assets/public/images/products">https://juice-shop.herokuapp.com/assets/public/images/products</a>
        </td>
      </tr>
      <tr>
        <td colspan="1" rowspan="1" class="indent2" width="20%">Método</td>
        <td colspan="1" rowspan="1" width="80%">GET</td>
      </tr>
      <tr>
        <td colspan="1" rowspan="1" class="indent2" width="20%">Parámetros</td>
        <td colspan="1" rowspan="1" width="80%">Header User-Agent</td>
      </tr>
      <tr>
        <td colspan="1" rowspan="1" class="indent2" width="20%">Ataque</td>
        <td colspan="1" rowspan="1" width="80%">Mozilla/5.0 (compatible; Googlebot/2.1; +http://www.google.com/bot.html)</td>
      </tr>
      <tr>
        <td colspan="1" rowspan="1" class="indent2" width="20%">Evidencia</td>
        <td colspan="1" rowspan="1" width="80%"/>
      </tr>
      <tr>
        <td colspan="1" rowspan="1" class="indent2" width="20%">Other Info</td>
        <td colspan="1" rowspan="1" width="80%"/>
      </tr>
      <tr>
        <td colspan="1" rowspan="1" class="indent1" width="20%">URL</td>
        <td colspan="1" rowspan="1" width="80%">
          <a shape="rect" href="https://juice-shop.herokuapp.com/assets/public/images/products">https://juice-shop.herokuapp.com/assets/public/images/products</a>
        </td>
      </tr>
      <tr>
        <td colspan="1" rowspan="1" class="indent2" width="20%">Método</td>
        <td colspan="1" rowspan="1" width="80%">GET</td>
      </tr>
      <tr>
        <td colspan="1" rowspan="1" class="indent2" width="20%">Parámetros</td>
        <td colspan="1" rowspan="1" width="80%">Header User-Agent</td>
      </tr>
      <tr>
        <td colspan="1" rowspan="1" class="indent2" width="20%">Ataque</td>
        <td colspan="1" rowspan="1" width="80%">Mozilla/5.0 (compatible; Yahoo! Slurp; http://help.yahoo.com/help/us/ysearch/slurp)</td>
      </tr>
      <tr>
        <td colspan="1" rowspan="1" class="indent2" width="20%">Evidencia</td>
        <td colspan="1" rowspan="1" width="80%"/>
      </tr>
      <tr>
        <td colspan="1" rowspan="1" class="indent2" width="20%">Other Info</td>
        <td colspan="1" rowspan="1" width="80%"/>
      </tr>
      <tr>
        <td colspan="1" rowspan="1" class="indent1" width="20%">URL</td>
        <td colspan="1" rowspan="1" width="80%">
          <a shape="rect" href="https://juice-shop.herokuapp.com/assets/public/images/products">https://juice-shop.herokuapp.com/assets/public/images/products</a>
        </td>
      </tr>
      <tr>
        <td colspan="1" rowspan="1" class="indent2" width="20%">Método</td>
        <td colspan="1" rowspan="1" width="80%">GET</td>
      </tr>
      <tr>
        <td colspan="1" rowspan="1" class="indent2" width="20%">Parámetros</td>
        <td colspan="1" rowspan="1" width="80%">Header User-Agent</td>
      </tr>
      <tr>
        <td colspan="1" rowspan="1" class="indent2" width="20%">Ataque</td>
        <td colspan="1" rowspan="1" width="80%">Mozilla/5.0 (iPhone; CPU iPhone OS 8_0_2 like Mac OS X) AppleWebKit/600.1.4 (KHTML, like Gecko) Version/8.0 Mobile/12A366 Safari/600.1.4</td>
      </tr>
      <tr>
        <td colspan="1" rowspan="1" class="indent2" width="20%">Evidencia</td>
        <td colspan="1" rowspan="1" width="80%"/>
      </tr>
      <tr>
        <td colspan="1" rowspan="1" class="indent2" width="20%">Other Info</td>
        <td colspan="1" rowspan="1" width="80%"/>
      </tr>
      <tr>
        <td colspan="1" rowspan="1" class="indent1" width="20%">URL</td>
        <td colspan="1" rowspan="1" width="80%">
          <a shape="rect" href="https://juice-shop.herokuapp.com/assets/public/images/products">https://juice-shop.herokuapp.com/assets/public/images/products</a>
        </td>
      </tr>
      <tr>
        <td colspan="1" rowspan="1" class="indent2" width="20%">Método</td>
        <td colspan="1" rowspan="1" width="80%">GET</td>
      </tr>
      <tr>
        <td colspan="1" rowspan="1" class="indent2" width="20%">Parámetros</td>
        <td colspan="1" rowspan="1" width="80%">Header User-Agent</td>
      </tr>
      <tr>
        <td colspan="1" rowspan="1" class="indent2" width="20%">Ataque</td>
        <td colspan="1" rowspan="1" width="80%">Mozilla/5.0 (iPhone; U; CPU iPhone OS 3_0 like Mac OS X; en-us) AppleWebKit/528.18 (KHTML, like Gecko) Version/4.0 Mobile/7A341 Safari/528.16</td>
      </tr>
      <tr>
        <td colspan="1" rowspan="1" class="indent2" width="20%">Evidencia</td>
        <td colspan="1" rowspan="1" width="80%"/>
      </tr>
      <tr>
        <td colspan="1" rowspan="1" class="indent2" width="20%">Other Info</td>
        <td colspan="1" rowspan="1" width="80%"/>
      </tr>
      <tr>
        <td colspan="1" rowspan="1" class="indent1" width="20%">URL</td>
        <td colspan="1" rowspan="1" width="80%">
          <a shape="rect" href="https://juice-shop.herokuapp.com/assets/public/images/products">https://juice-shop.herokuapp.com/assets/public/images/products</a>
        </td>
      </tr>
      <tr>
        <td colspan="1" rowspan="1" class="indent2" width="20%">Método</td>
        <td colspan="1" rowspan="1" width="80%">GET</td>
      </tr>
      <tr>
        <td colspan="1" rowspan="1" class="indent2" width="20%">Parámetros</td>
        <td colspan="1" rowspan="1" width="80%">Header User-Agent</td>
      </tr>
      <tr>
        <td colspan="1" rowspan="1" class="indent2" width="20%">Ataque</td>
        <td colspan="1" rowspan="1" width="80%">msnbot/1.1 (+http://search.msn.com/msnbot.htm)</td>
      </tr>
      <tr>
        <td colspan="1" rowspan="1" class="indent2" width="20%">Evidencia</td>
        <td colspan="1" rowspan="1" width="80%"/>
      </tr>
      <tr>
        <td colspan="1" rowspan="1" class="indent2" width="20%">Other Info</td>
        <td colspan="1" rowspan="1" width="80%"/>
      </tr>
      <tr>
        <td colspan="1" rowspan="1" class="indent1" width="20%">URL</td>
        <td colspan="1" rowspan="1" width="80%">
          <a shape="rect" href="https://juice-shop.herokuapp.com/socket.io/?EIO=4&amp;transport=polling&amp;t=OlGny9N">https://juice-shop.herokuapp.com/socket.io/?EIO=4&amp;transport=polling&amp;t=OlGny9N</a>
        </td>
      </tr>
      <tr>
        <td colspan="1" rowspan="1" class="indent2" width="20%">Método</td>
        <td colspan="1" rowspan="1" width="80%">GET</td>
      </tr>
      <tr>
        <td colspan="1" rowspan="1" class="indent2" width="20%">Parámetros</td>
        <td colspan="1" rowspan="1" width="80%">Header User-Agent</td>
      </tr>
      <tr>
        <td colspan="1" rowspan="1" class="indent2" width="20%">Ataque</td>
        <td colspan="1" rowspan="1" width="80%">Mozilla/4.0 (compatible; MSIE 6.0; Windows NT 5.1)</td>
      </tr>
      <tr>
        <td colspan="1" rowspan="1" class="indent2" width="20%">Evidencia</td>
        <td colspan="1" rowspan="1" width="80%"/>
      </tr>
      <tr>
        <td colspan="1" rowspan="1" class="indent2" width="20%">Other Info</td>
        <td colspan="1" rowspan="1" width="80%"/>
      </tr>
      <tr>
        <td colspan="1" rowspan="1" class="indent1" width="20%">URL</td>
        <td colspan="1" rowspan="1" width="80%">
          <a shape="rect" href="https://juice-shop.herokuapp.com/socket.io/?EIO=4&amp;transport=polling&amp;t=OlGny9N">https://juice-shop.herokuapp.com/socket.io/?EIO=4&amp;transport=polling&amp;t=OlGny9N</a>
        </td>
      </tr>
      <tr>
        <td colspan="1" rowspan="1" class="indent2" width="20%">Método</td>
        <td colspan="1" rowspan="1" width="80%">GET</td>
      </tr>
      <tr>
        <td colspan="1" rowspan="1" class="indent2" width="20%">Parámetros</td>
        <td colspan="1" rowspan="1" width="80%">Header User-Agent</td>
      </tr>
      <tr>
        <td colspan="1" rowspan="1" class="indent2" width="20%">Ataque</td>
        <td colspan="1" rowspan="1" width="80%">Mozilla/4.0 (compatible; MSIE 7.0; Windows NT 6.0)</td>
      </tr>
      <tr>
        <td colspan="1" rowspan="1" class="indent2" width="20%">Evidencia</td>
        <td colspan="1" rowspan="1" width="80%"/>
      </tr>
      <tr>
        <td colspan="1" rowspan="1" class="indent2" width="20%">Other Info</td>
        <td colspan="1" rowspan="1" width="80%"/>
      </tr>
      <tr>
        <td colspan="1" rowspan="1" class="indent1" width="20%">URL</td>
        <td colspan="1" rowspan="1" width="80%">
          <a shape="rect" href="https://juice-shop.herokuapp.com/socket.io/?EIO=4&amp;transport=polling&amp;t=OlGny9N">https://juice-shop.herokuapp.com/socket.io/?EIO=4&amp;transport=polling&amp;t=OlGny9N</a>
        </td>
      </tr>
      <tr>
        <td colspan="1" rowspan="1" class="indent2" width="20%">Método</td>
        <td colspan="1" rowspan="1" width="80%">GET</td>
      </tr>
      <tr>
        <td colspan="1" rowspan="1" class="indent2" width="20%">Parámetros</td>
        <td colspan="1" rowspan="1" width="80%">Header User-Agent</td>
      </tr>
      <tr>
        <td colspan="1" rowspan="1" class="indent2" width="20%">Ataque</td>
        <td colspan="1" rowspan="1" width="80%">Mozilla/4.0 (compatible; MSIE 8.0; Windows NT 6.1)</td>
      </tr>
      <tr>
        <td colspan="1" rowspan="1" class="indent2" width="20%">Evidencia</td>
        <td colspan="1" rowspan="1" width="80%"/>
      </tr>
      <tr>
        <td colspan="1" rowspan="1" class="indent2" width="20%">Other Info</td>
        <td colspan="1" rowspan="1" width="80%"/>
      </tr>
      <tr>
        <td colspan="1" rowspan="1" class="indent1" width="20%">URL</td>
        <td colspan="1" rowspan="1" width="80%">
          <a shape="rect" href="https://juice-shop.herokuapp.com/socket.io/?EIO=4&amp;transport=polling&amp;t=OlGny9N">https://juice-shop.herokuapp.com/socket.io/?EIO=4&amp;transport=polling&amp;t=OlGny9N</a>
        </td>
      </tr>
      <tr>
        <td colspan="1" rowspan="1" class="indent2" width="20%">Método</td>
        <td colspan="1" rowspan="1" width="80%">GET</td>
      </tr>
      <tr>
        <td colspan="1" rowspan="1" class="indent2" width="20%">Parámetros</td>
        <td colspan="1" rowspan="1" width="80%">Header User-Agent</td>
      </tr>
      <tr>
        <td colspan="1" rowspan="1" class="indent2" width="20%">Ataque</td>
        <td colspan="1" rowspan="1" width="80%">Mozilla/5.0 (Windows NT 10.0; Trident/7.0; rv:11.0) like Gecko</td>
      </tr>
      <tr>
        <td colspan="1" rowspan="1" class="indent2" width="20%">Evidencia</td>
        <td colspan="1" rowspan="1" width="80%"/>
      </tr>
      <tr>
        <td colspan="1" rowspan="1" class="indent2" width="20%">Other Info</td>
        <td colspan="1" rowspan="1" width="80%"/>
      </tr>
      <tr>
        <td colspan="1" rowspan="1" class="indent1" width="20%">URL</td>
        <td colspan="1" rowspan="1" width="80%">
          <a shape="rect" href="https://juice-shop.herokuapp.com/socket.io/?EIO=4&amp;transport=polling&amp;t=OlGny9N">https://juice-shop.herokuapp.com/socket.io/?EIO=4&amp;transport=polling&amp;t=OlGny9N</a>
        </td>
      </tr>
      <tr>
        <td colspan="1" rowspan="1" class="indent2" width="20%">Método</td>
        <td colspan="1" rowspan="1" width="80%">GET</td>
      </tr>
      <tr>
        <td colspan="1" rowspan="1" class="indent2" width="20%">Parámetros</td>
        <td colspan="1" rowspan="1" width="80%">Header User-Agent</td>
      </tr>
      <tr>
        <td colspan="1" rowspan="1" class="indent2" width="20%">Ataque</td>
        <td colspan="1" rowspan="1" width="80%">Mozilla/5.0 (Windows NT 10.0; Win64; x64) AppleWebKit/537.36 (KHTML, like Gecko) Chrome/75.0.3739.0 Safari/537.36 Edg/75.0.109.0</td>
      </tr>
      <tr>
        <td colspan="1" rowspan="1" class="indent2" width="20%">Evidencia</td>
        <td colspan="1" rowspan="1" width="80%"/>
      </tr>
      <tr>
        <td colspan="1" rowspan="1" class="indent2" width="20%">Other Info</td>
        <td colspan="1" rowspan="1" width="80%"/>
      </tr>
      <tr>
        <td colspan="1" rowspan="1" class="indent1" width="20%">URL</td>
        <td colspan="1" rowspan="1" width="80%">
          <a shape="rect" href="https://juice-shop.herokuapp.com/socket.io/?EIO=4&amp;transport=polling&amp;t=OlGny9N">https://juice-shop.herokuapp.com/socket.io/?EIO=4&amp;transport=polling&amp;t=OlGny9N</a>
        </td>
      </tr>
      <tr>
        <td colspan="1" rowspan="1" class="indent2" width="20%">Método</td>
        <td colspan="1" rowspan="1" width="80%">GET</td>
      </tr>
      <tr>
        <td colspan="1" rowspan="1" class="indent2" width="20%">Parámetros</td>
        <td colspan="1" rowspan="1" width="80%">Header User-Agent</td>
      </tr>
      <tr>
        <td colspan="1" rowspan="1" class="indent2" width="20%">Ataque</td>
        <td colspan="1" rowspan="1" width="80%">Mozilla/5.0 (Windows NT 10.0; Win64; x64) AppleWebKit/537.36 (KHTML, like Gecko) Chrome/91.0.4472.124 Safari/537.36</td>
      </tr>
      <tr>
        <td colspan="1" rowspan="1" class="indent2" width="20%">Evidencia</td>
        <td colspan="1" rowspan="1" width="80%"/>
      </tr>
      <tr>
        <td colspan="1" rowspan="1" class="indent2" width="20%">Other Info</td>
        <td colspan="1" rowspan="1" width="80%"/>
      </tr>
      <tr>
        <td colspan="1" rowspan="1" class="indent1" width="20%">URL</td>
        <td colspan="1" rowspan="1" width="80%">
          <a shape="rect" href="https://juice-shop.herokuapp.com/socket.io/?EIO=4&amp;transport=polling&amp;t=OlGny9N">https://juice-shop.herokuapp.com/socket.io/?EIO=4&amp;transport=polling&amp;t=OlGny9N</a>
        </td>
      </tr>
      <tr>
        <td colspan="1" rowspan="1" class="indent2" width="20%">Método</td>
        <td colspan="1" rowspan="1" width="80%">GET</td>
      </tr>
      <tr>
        <td colspan="1" rowspan="1" class="indent2" width="20%">Parámetros</td>
        <td colspan="1" rowspan="1" width="80%">Header User-Agent</td>
      </tr>
      <tr>
        <td colspan="1" rowspan="1" class="indent2" width="20%">Ataque</td>
        <td colspan="1" rowspan="1" width="80%">Mozilla/5.0 (Windows NT 10.0; Win64; x64; rv:93.0) Gecko/20100101 Firefox/91.0</td>
      </tr>
      <tr>
        <td colspan="1" rowspan="1" class="indent2" width="20%">Evidencia</td>
        <td colspan="1" rowspan="1" width="80%"/>
      </tr>
      <tr>
        <td colspan="1" rowspan="1" class="indent2" width="20%">Other Info</td>
        <td colspan="1" rowspan="1" width="80%"/>
      </tr>
      <tr>
        <td colspan="1" rowspan="1" class="indent1" width="20%">URL</td>
        <td colspan="1" rowspan="1" width="80%">
          <a shape="rect" href="https://juice-shop.herokuapp.com/socket.io/?EIO=4&amp;transport=polling&amp;t=OlGny9N">https://juice-shop.herokuapp.com/socket.io/?EIO=4&amp;transport=polling&amp;t=OlGny9N</a>
        </td>
      </tr>
      <tr>
        <td colspan="1" rowspan="1" class="indent2" width="20%">Método</td>
        <td colspan="1" rowspan="1" width="80%">GET</td>
      </tr>
      <tr>
        <td colspan="1" rowspan="1" class="indent2" width="20%">Parámetros</td>
        <td colspan="1" rowspan="1" width="80%">Header User-Agent</td>
      </tr>
      <tr>
        <td colspan="1" rowspan="1" class="indent2" width="20%">Ataque</td>
        <td colspan="1" rowspan="1" width="80%">Mozilla/5.0 (compatible; Googlebot/2.1; +http://www.google.com/bot.html)</td>
      </tr>
      <tr>
        <td colspan="1" rowspan="1" class="indent2" width="20%">Evidencia</td>
        <td colspan="1" rowspan="1" width="80%"/>
      </tr>
      <tr>
        <td colspan="1" rowspan="1" class="indent2" width="20%">Other Info</td>
        <td colspan="1" rowspan="1" width="80%"/>
      </tr>
      <tr>
        <td colspan="1" rowspan="1" class="indent1" width="20%">URL</td>
        <td colspan="1" rowspan="1" width="80%">
          <a shape="rect" href="https://juice-shop.herokuapp.com/socket.io/?EIO=4&amp;transport=polling&amp;t=OlGny9N">https://juice-shop.herokuapp.com/socket.io/?EIO=4&amp;transport=polling&amp;t=OlGny9N</a>
        </td>
      </tr>
      <tr>
        <td colspan="1" rowspan="1" class="indent2" width="20%">Método</td>
        <td colspan="1" rowspan="1" width="80%">GET</td>
      </tr>
      <tr>
        <td colspan="1" rowspan="1" class="indent2" width="20%">Parámetros</td>
        <td colspan="1" rowspan="1" width="80%">Header User-Agent</td>
      </tr>
      <tr>
        <td colspan="1" rowspan="1" class="indent2" width="20%">Ataque</td>
        <td colspan="1" rowspan="1" width="80%">Mozilla/5.0 (compatible; Yahoo! Slurp; http://help.yahoo.com/help/us/ysearch/slurp)</td>
      </tr>
      <tr>
        <td colspan="1" rowspan="1" class="indent2" width="20%">Evidencia</td>
        <td colspan="1" rowspan="1" width="80%"/>
      </tr>
      <tr>
        <td colspan="1" rowspan="1" class="indent2" width="20%">Other Info</td>
        <td colspan="1" rowspan="1" width="80%"/>
      </tr>
      <tr>
        <td colspan="1" rowspan="1" class="indent1" width="20%">URL</td>
        <td colspan="1" rowspan="1" width="80%">
          <a shape="rect" href="https://juice-shop.herokuapp.com/socket.io/?EIO=4&amp;transport=polling&amp;t=OlGny9N">https://juice-shop.herokuapp.com/socket.io/?EIO=4&amp;transport=polling&amp;t=OlGny9N</a>
        </td>
      </tr>
      <tr>
        <td colspan="1" rowspan="1" class="indent2" width="20%">Método</td>
        <td colspan="1" rowspan="1" width="80%">GET</td>
      </tr>
      <tr>
        <td colspan="1" rowspan="1" class="indent2" width="20%">Parámetros</td>
        <td colspan="1" rowspan="1" width="80%">Header User-Agent</td>
      </tr>
      <tr>
        <td colspan="1" rowspan="1" class="indent2" width="20%">Ataque</td>
        <td colspan="1" rowspan="1" width="80%">Mozilla/5.0 (iPhone; CPU iPhone OS 8_0_2 like Mac OS X) AppleWebKit/600.1.4 (KHTML, like Gecko) Version/8.0 Mobile/12A366 Safari/600.1.4</td>
      </tr>
      <tr>
        <td colspan="1" rowspan="1" class="indent2" width="20%">Evidencia</td>
        <td colspan="1" rowspan="1" width="80%"/>
      </tr>
      <tr>
        <td colspan="1" rowspan="1" class="indent2" width="20%">Other Info</td>
        <td colspan="1" rowspan="1" width="80%"/>
      </tr>
      <tr>
        <td colspan="1" rowspan="1" class="indent1" width="20%">URL</td>
        <td colspan="1" rowspan="1" width="80%">
          <a shape="rect" href="https://juice-shop.herokuapp.com/socket.io/?EIO=4&amp;transport=polling&amp;t=OlGny9N">https://juice-shop.herokuapp.com/socket.io/?EIO=4&amp;transport=polling&amp;t=OlGny9N</a>
        </td>
      </tr>
      <tr>
        <td colspan="1" rowspan="1" class="indent2" width="20%">Método</td>
        <td colspan="1" rowspan="1" width="80%">GET</td>
      </tr>
      <tr>
        <td colspan="1" rowspan="1" class="indent2" width="20%">Parámetros</td>
        <td colspan="1" rowspan="1" width="80%">Header User-Agent</td>
      </tr>
      <tr>
        <td colspan="1" rowspan="1" class="indent2" width="20%">Ataque</td>
        <td colspan="1" rowspan="1" width="80%">Mozilla/5.0 (iPhone; U; CPU iPhone OS 3_0 like Mac OS X; en-us) AppleWebKit/528.18 (KHTML, like Gecko) Version/4.0 Mobile/7A341 Safari/528.16</td>
      </tr>
      <tr>
        <td colspan="1" rowspan="1" class="indent2" width="20%">Evidencia</td>
        <td colspan="1" rowspan="1" width="80%"/>
      </tr>
      <tr>
        <td colspan="1" rowspan="1" class="indent2" width="20%">Other Info</td>
        <td colspan="1" rowspan="1" width="80%"/>
      </tr>
      <tr>
        <td colspan="1" rowspan="1" class="indent1" width="20%">URL</td>
        <td colspan="1" rowspan="1" width="80%">
          <a shape="rect" href="https://juice-shop.herokuapp.com/socket.io/?EIO=4&amp;transport=polling&amp;t=OlGny9N">https://juice-shop.herokuapp.com/socket.io/?EIO=4&amp;transport=polling&amp;t=OlGny9N</a>
        </td>
      </tr>
      <tr>
        <td colspan="1" rowspan="1" class="indent2" width="20%">Método</td>
        <td colspan="1" rowspan="1" width="80%">GET</td>
      </tr>
      <tr>
        <td colspan="1" rowspan="1" class="indent2" width="20%">Parámetros</td>
        <td colspan="1" rowspan="1" width="80%">Header User-Agent</td>
      </tr>
      <tr>
        <td colspan="1" rowspan="1" class="indent2" width="20%">Ataque</td>
        <td colspan="1" rowspan="1" width="80%">msnbot/1.1 (+http://search.msn.com/msnbot.htm)</td>
      </tr>
      <tr>
        <td colspan="1" rowspan="1" class="indent2" width="20%">Evidencia</td>
        <td colspan="1" rowspan="1" width="80%"/>
      </tr>
      <tr>
        <td colspan="1" rowspan="1" class="indent2" width="20%">Other Info</td>
        <td colspan="1" rowspan="1" width="80%"/>
      </tr>
      <tr>
        <td colspan="1" rowspan="1" class="indent1" width="20%">URL</td>
        <td colspan="1" rowspan="1" width="80%">
          <a shape="rect" href="https://juice-shop.herokuapp.com/socket.io/?EIO=4&amp;transport=polling&amp;t=OlGnyM1&amp;sid=oXBzVbO52_EmBjGYAAOz">https://juice-shop.herokuapp.com/socket.io/?EIO=4&amp;transport=polling&amp;t=OlGnyM1&amp;sid=oXBzVbO52_EmBjGYAAOz</a>
        </td>
      </tr>
      <tr>
        <td colspan="1" rowspan="1" class="indent2" width="20%">Método</td>
        <td colspan="1" rowspan="1" width="80%">GET</td>
      </tr>
      <tr>
        <td colspan="1" rowspan="1" class="indent2" width="20%">Parámetros</td>
        <td colspan="1" rowspan="1" width="80%">Header User-Agent</td>
      </tr>
      <tr>
        <td colspan="1" rowspan="1" class="indent2" width="20%">Ataque</td>
        <td colspan="1" rowspan="1" width="80%">Mozilla/4.0 (compatible; MSIE 6.0; Windows NT 5.1)</td>
      </tr>
      <tr>
        <td colspan="1" rowspan="1" class="indent2" width="20%">Evidencia</td>
        <td colspan="1" rowspan="1" width="80%"/>
      </tr>
      <tr>
        <td colspan="1" rowspan="1" class="indent2" width="20%">Other Info</td>
        <td colspan="1" rowspan="1" width="80%"/>
      </tr>
      <tr>
        <td colspan="1" rowspan="1" class="indent1" width="20%">URL</td>
        <td colspan="1" rowspan="1" width="80%">
          <a shape="rect" href="https://juice-shop.herokuapp.com/socket.io/?EIO=4&amp;transport=polling&amp;t=OlGnyM1&amp;sid=oXBzVbO52_EmBjGYAAOz">https://juice-shop.herokuapp.com/socket.io/?EIO=4&amp;transport=polling&amp;t=OlGnyM1&amp;sid=oXBzVbO52_EmBjGYAAOz</a>
        </td>
      </tr>
      <tr>
        <td colspan="1" rowspan="1" class="indent2" width="20%">Método</td>
        <td colspan="1" rowspan="1" width="80%">GET</td>
      </tr>
      <tr>
        <td colspan="1" rowspan="1" class="indent2" width="20%">Parámetros</td>
        <td colspan="1" rowspan="1" width="80%">Header User-Agent</td>
      </tr>
      <tr>
        <td colspan="1" rowspan="1" class="indent2" width="20%">Ataque</td>
        <td colspan="1" rowspan="1" width="80%">Mozilla/4.0 (compatible; MSIE 7.0; Windows NT 6.0)</td>
      </tr>
      <tr>
        <td colspan="1" rowspan="1" class="indent2" width="20%">Evidencia</td>
        <td colspan="1" rowspan="1" width="80%"/>
      </tr>
      <tr>
        <td colspan="1" rowspan="1" class="indent2" width="20%">Other Info</td>
        <td colspan="1" rowspan="1" width="80%"/>
      </tr>
      <tr>
        <td colspan="1" rowspan="1" class="indent1" width="20%">URL</td>
        <td colspan="1" rowspan="1" width="80%">
          <a shape="rect" href="https://juice-shop.herokuapp.com/socket.io/?EIO=4&amp;transport=polling&amp;t=OlGnyM1&amp;sid=oXBzVbO52_EmBjGYAAOz">https://juice-shop.herokuapp.com/socket.io/?EIO=4&amp;transport=polling&amp;t=OlGnyM1&amp;sid=oXBzVbO52_EmBjGYAAOz</a>
        </td>
      </tr>
      <tr>
        <td colspan="1" rowspan="1" class="indent2" width="20%">Método</td>
        <td colspan="1" rowspan="1" width="80%">GET</td>
      </tr>
      <tr>
        <td colspan="1" rowspan="1" class="indent2" width="20%">Parámetros</td>
        <td colspan="1" rowspan="1" width="80%">Header User-Agent</td>
      </tr>
      <tr>
        <td colspan="1" rowspan="1" class="indent2" width="20%">Ataque</td>
        <td colspan="1" rowspan="1" width="80%">Mozilla/4.0 (compatible; MSIE 8.0; Windows NT 6.1)</td>
      </tr>
      <tr>
        <td colspan="1" rowspan="1" class="indent2" width="20%">Evidencia</td>
        <td colspan="1" rowspan="1" width="80%"/>
      </tr>
      <tr>
        <td colspan="1" rowspan="1" class="indent2" width="20%">Other Info</td>
        <td colspan="1" rowspan="1" width="80%"/>
      </tr>
      <tr>
        <td colspan="1" rowspan="1" class="indent1" width="20%">URL</td>
        <td colspan="1" rowspan="1" width="80%">
          <a shape="rect" href="https://juice-shop.herokuapp.com/socket.io/?EIO=4&amp;transport=polling&amp;t=OlGnyM1&amp;sid=oXBzVbO52_EmBjGYAAOz">https://juice-shop.herokuapp.com/socket.io/?EIO=4&amp;transport=polling&amp;t=OlGnyM1&amp;sid=oXBzVbO52_EmBjGYAAOz</a>
        </td>
      </tr>
      <tr>
        <td colspan="1" rowspan="1" class="indent2" width="20%">Método</td>
        <td colspan="1" rowspan="1" width="80%">GET</td>
      </tr>
      <tr>
        <td colspan="1" rowspan="1" class="indent2" width="20%">Parámetros</td>
        <td colspan="1" rowspan="1" width="80%">Header User-Agent</td>
      </tr>
      <tr>
        <td colspan="1" rowspan="1" class="indent2" width="20%">Ataque</td>
        <td colspan="1" rowspan="1" width="80%">Mozilla/5.0 (Windows NT 10.0; Trident/7.0; rv:11.0) like Gecko</td>
      </tr>
      <tr>
        <td colspan="1" rowspan="1" class="indent2" width="20%">Evidencia</td>
        <td colspan="1" rowspan="1" width="80%"/>
      </tr>
      <tr>
        <td colspan="1" rowspan="1" class="indent2" width="20%">Other Info</td>
        <td colspan="1" rowspan="1" width="80%"/>
      </tr>
      <tr>
        <td colspan="1" rowspan="1" class="indent1" width="20%">URL</td>
        <td colspan="1" rowspan="1" width="80%">
          <a shape="rect" href="https://juice-shop.herokuapp.com/socket.io/?EIO=4&amp;transport=polling&amp;t=OlGnyM1&amp;sid=oXBzVbO52_EmBjGYAAOz">https://juice-shop.herokuapp.com/socket.io/?EIO=4&amp;transport=polling&amp;t=OlGnyM1&amp;sid=oXBzVbO52_EmBjGYAAOz</a>
        </td>
      </tr>
      <tr>
        <td colspan="1" rowspan="1" class="indent2" width="20%">Método</td>
        <td colspan="1" rowspan="1" width="80%">GET</td>
      </tr>
      <tr>
        <td colspan="1" rowspan="1" class="indent2" width="20%">Parámetros</td>
        <td colspan="1" rowspan="1" width="80%">Header User-Agent</td>
      </tr>
      <tr>
        <td colspan="1" rowspan="1" class="indent2" width="20%">Ataque</td>
        <td colspan="1" rowspan="1" width="80%">Mozilla/5.0 (Windows NT 10.0; Win64; x64) AppleWebKit/537.36 (KHTML, like Gecko) Chrome/75.0.3739.0 Safari/537.36 Edg/75.0.109.0</td>
      </tr>
      <tr>
        <td colspan="1" rowspan="1" class="indent2" width="20%">Evidencia</td>
        <td colspan="1" rowspan="1" width="80%"/>
      </tr>
      <tr>
        <td colspan="1" rowspan="1" class="indent2" width="20%">Other Info</td>
        <td colspan="1" rowspan="1" width="80%"/>
      </tr>
      <tr>
        <td colspan="1" rowspan="1" class="indent1" width="20%">URL</td>
        <td colspan="1" rowspan="1" width="80%">
          <a shape="rect" href="https://juice-shop.herokuapp.com/socket.io/?EIO=4&amp;transport=polling&amp;t=OlGnyM1&amp;sid=oXBzVbO52_EmBjGYAAOz">https://juice-shop.herokuapp.com/socket.io/?EIO=4&amp;transport=polling&amp;t=OlGnyM1&amp;sid=oXBzVbO52_EmBjGYAAOz</a>
        </td>
      </tr>
      <tr>
        <td colspan="1" rowspan="1" class="indent2" width="20%">Método</td>
        <td colspan="1" rowspan="1" width="80%">GET</td>
      </tr>
      <tr>
        <td colspan="1" rowspan="1" class="indent2" width="20%">Parámetros</td>
        <td colspan="1" rowspan="1" width="80%">Header User-Agent</td>
      </tr>
      <tr>
        <td colspan="1" rowspan="1" class="indent2" width="20%">Ataque</td>
        <td colspan="1" rowspan="1" width="80%">Mozilla/5.0 (Windows NT 10.0; Win64; x64) AppleWebKit/537.36 (KHTML, like Gecko) Chrome/91.0.4472.124 Safari/537.36</td>
      </tr>
      <tr>
        <td colspan="1" rowspan="1" class="indent2" width="20%">Evidencia</td>
        <td colspan="1" rowspan="1" width="80%"/>
      </tr>
      <tr>
        <td colspan="1" rowspan="1" class="indent2" width="20%">Other Info</td>
        <td colspan="1" rowspan="1" width="80%"/>
      </tr>
      <tr>
        <td colspan="1" rowspan="1" class="indent1" width="20%">URL</td>
        <td colspan="1" rowspan="1" width="80%">
          <a shape="rect" href="https://juice-shop.herokuapp.com/socket.io/?EIO=4&amp;transport=polling&amp;t=OlGnyM1&amp;sid=oXBzVbO52_EmBjGYAAOz">https://juice-shop.herokuapp.com/socket.io/?EIO=4&amp;transport=polling&amp;t=OlGnyM1&amp;sid=oXBzVbO52_EmBjGYAAOz</a>
        </td>
      </tr>
      <tr>
        <td colspan="1" rowspan="1" class="indent2" width="20%">Método</td>
        <td colspan="1" rowspan="1" width="80%">GET</td>
      </tr>
      <tr>
        <td colspan="1" rowspan="1" class="indent2" width="20%">Parámetros</td>
        <td colspan="1" rowspan="1" width="80%">Header User-Agent</td>
      </tr>
      <tr>
        <td colspan="1" rowspan="1" class="indent2" width="20%">Ataque</td>
        <td colspan="1" rowspan="1" width="80%">Mozilla/5.0 (Windows NT 10.0; Win64; x64; rv:93.0) Gecko/20100101 Firefox/91.0</td>
      </tr>
      <tr>
        <td colspan="1" rowspan="1" class="indent2" width="20%">Evidencia</td>
        <td colspan="1" rowspan="1" width="80%"/>
      </tr>
      <tr>
        <td colspan="1" rowspan="1" class="indent2" width="20%">Other Info</td>
        <td colspan="1" rowspan="1" width="80%"/>
      </tr>
      <tr>
        <td colspan="1" rowspan="1" class="indent1" width="20%">URL</td>
        <td colspan="1" rowspan="1" width="80%">
          <a shape="rect" href="https://juice-shop.herokuapp.com/socket.io/?EIO=4&amp;transport=polling&amp;t=OlGnyM1&amp;sid=oXBzVbO52_EmBjGYAAOz">https://juice-shop.herokuapp.com/socket.io/?EIO=4&amp;transport=polling&amp;t=OlGnyM1&amp;sid=oXBzVbO52_EmBjGYAAOz</a>
        </td>
      </tr>
      <tr>
        <td colspan="1" rowspan="1" class="indent2" width="20%">Método</td>
        <td colspan="1" rowspan="1" width="80%">GET</td>
      </tr>
      <tr>
        <td colspan="1" rowspan="1" class="indent2" width="20%">Parámetros</td>
        <td colspan="1" rowspan="1" width="80%">Header User-Agent</td>
      </tr>
      <tr>
        <td colspan="1" rowspan="1" class="indent2" width="20%">Ataque</td>
        <td colspan="1" rowspan="1" width="80%">Mozilla/5.0 (compatible; Googlebot/2.1; +http://www.google.com/bot.html)</td>
      </tr>
      <tr>
        <td colspan="1" rowspan="1" class="indent2" width="20%">Evidencia</td>
        <td colspan="1" rowspan="1" width="80%"/>
      </tr>
      <tr>
        <td colspan="1" rowspan="1" class="indent2" width="20%">Other Info</td>
        <td colspan="1" rowspan="1" width="80%"/>
      </tr>
      <tr>
        <td colspan="1" rowspan="1" class="indent1" width="20%">URL</td>
        <td colspan="1" rowspan="1" width="80%">
          <a shape="rect" href="https://juice-shop.herokuapp.com/socket.io/?EIO=4&amp;transport=polling&amp;t=OlGnyM1&amp;sid=oXBzVbO52_EmBjGYAAOz">https://juice-shop.herokuapp.com/socket.io/?EIO=4&amp;transport=polling&amp;t=OlGnyM1&amp;sid=oXBzVbO52_EmBjGYAAOz</a>
        </td>
      </tr>
      <tr>
        <td colspan="1" rowspan="1" class="indent2" width="20%">Método</td>
        <td colspan="1" rowspan="1" width="80%">GET</td>
      </tr>
      <tr>
        <td colspan="1" rowspan="1" class="indent2" width="20%">Parámetros</td>
        <td colspan="1" rowspan="1" width="80%">Header User-Agent</td>
      </tr>
      <tr>
        <td colspan="1" rowspan="1" class="indent2" width="20%">Ataque</td>
        <td colspan="1" rowspan="1" width="80%">Mozilla/5.0 (compatible; Yahoo! Slurp; http://help.yahoo.com/help/us/ysearch/slurp)</td>
      </tr>
      <tr>
        <td colspan="1" rowspan="1" class="indent2" width="20%">Evidencia</td>
        <td colspan="1" rowspan="1" width="80%"/>
      </tr>
      <tr>
        <td colspan="1" rowspan="1" class="indent2" width="20%">Other Info</td>
        <td colspan="1" rowspan="1" width="80%"/>
      </tr>
      <tr>
        <td colspan="1" rowspan="1" class="indent1" width="20%">URL</td>
        <td colspan="1" rowspan="1" width="80%">
          <a shape="rect" href="https://juice-shop.herokuapp.com/socket.io/?EIO=4&amp;transport=polling&amp;t=OlGnyM1&amp;sid=oXBzVbO52_EmBjGYAAOz">https://juice-shop.herokuapp.com/socket.io/?EIO=4&amp;transport=polling&amp;t=OlGnyM1&amp;sid=oXBzVbO52_EmBjGYAAOz</a>
        </td>
      </tr>
      <tr>
        <td colspan="1" rowspan="1" class="indent2" width="20%">Método</td>
        <td colspan="1" rowspan="1" width="80%">GET</td>
      </tr>
      <tr>
        <td colspan="1" rowspan="1" class="indent2" width="20%">Parámetros</td>
        <td colspan="1" rowspan="1" width="80%">Header User-Agent</td>
      </tr>
      <tr>
        <td colspan="1" rowspan="1" class="indent2" width="20%">Ataque</td>
        <td colspan="1" rowspan="1" width="80%">Mozilla/5.0 (iPhone; CPU iPhone OS 8_0_2 like Mac OS X) AppleWebKit/600.1.4 (KHTML, like Gecko) Version/8.0 Mobile/12A366 Safari/600.1.4</td>
      </tr>
      <tr>
        <td colspan="1" rowspan="1" class="indent2" width="20%">Evidencia</td>
        <td colspan="1" rowspan="1" width="80%"/>
      </tr>
      <tr>
        <td colspan="1" rowspan="1" class="indent2" width="20%">Other Info</td>
        <td colspan="1" rowspan="1" width="80%"/>
      </tr>
      <tr>
        <td colspan="1" rowspan="1" class="indent1" width="20%">URL</td>
        <td colspan="1" rowspan="1" width="80%">
          <a shape="rect" href="https://juice-shop.herokuapp.com/socket.io/?EIO=4&amp;transport=polling&amp;t=OlGnyM1&amp;sid=oXBzVbO52_EmBjGYAAOz">https://juice-shop.herokuapp.com/socket.io/?EIO=4&amp;transport=polling&amp;t=OlGnyM1&amp;sid=oXBzVbO52_EmBjGYAAOz</a>
        </td>
      </tr>
      <tr>
        <td colspan="1" rowspan="1" class="indent2" width="20%">Método</td>
        <td colspan="1" rowspan="1" width="80%">GET</td>
      </tr>
      <tr>
        <td colspan="1" rowspan="1" class="indent2" width="20%">Parámetros</td>
        <td colspan="1" rowspan="1" width="80%">Header User-Agent</td>
      </tr>
      <tr>
        <td colspan="1" rowspan="1" class="indent2" width="20%">Ataque</td>
        <td colspan="1" rowspan="1" width="80%">Mozilla/5.0 (iPhone; U; CPU iPhone OS 3_0 like Mac OS X; en-us) AppleWebKit/528.18 (KHTML, like Gecko) Version/4.0 Mobile/7A341 Safari/528.16</td>
      </tr>
      <tr>
        <td colspan="1" rowspan="1" class="indent2" width="20%">Evidencia</td>
        <td colspan="1" rowspan="1" width="80%"/>
      </tr>
      <tr>
        <td colspan="1" rowspan="1" class="indent2" width="20%">Other Info</td>
        <td colspan="1" rowspan="1" width="80%"/>
      </tr>
      <tr>
        <td colspan="1" rowspan="1" class="indent1" width="20%">URL</td>
        <td colspan="1" rowspan="1" width="80%">
          <a shape="rect" href="https://juice-shop.herokuapp.com/socket.io/?EIO=4&amp;transport=polling&amp;t=OlGnyM1&amp;sid=oXBzVbO52_EmBjGYAAOz">https://juice-shop.herokuapp.com/socket.io/?EIO=4&amp;transport=polling&amp;t=OlGnyM1&amp;sid=oXBzVbO52_EmBjGYAAOz</a>
        </td>
      </tr>
      <tr>
        <td colspan="1" rowspan="1" class="indent2" width="20%">Método</td>
        <td colspan="1" rowspan="1" width="80%">GET</td>
      </tr>
      <tr>
        <td colspan="1" rowspan="1" class="indent2" width="20%">Parámetros</td>
        <td colspan="1" rowspan="1" width="80%">Header User-Agent</td>
      </tr>
      <tr>
        <td colspan="1" rowspan="1" class="indent2" width="20%">Ataque</td>
        <td colspan="1" rowspan="1" width="80%">msnbot/1.1 (+http://search.msn.com/msnbot.htm)</td>
      </tr>
      <tr>
        <td colspan="1" rowspan="1" class="indent2" width="20%">Evidencia</td>
        <td colspan="1" rowspan="1" width="80%"/>
      </tr>
      <tr>
        <td colspan="1" rowspan="1" class="indent2" width="20%">Other Info</td>
        <td colspan="1" rowspan="1" width="80%"/>
      </tr>
      <tr>
        <td colspan="1" rowspan="1" class="indent1" width="20%">URL</td>
        <td colspan="1" rowspan="1" width="80%">
          <a shape="rect" href="https://juice-shop.herokuapp.com/socket.io/?EIO=4&amp;transport=websocket&amp;sid=oXBzVbO52_EmBjGYAAOz">https://juice-shop.herokuapp.com/socket.io/?EIO=4&amp;transport=websocket&amp;sid=oXBzVbO52_EmBjGYAAOz</a>
        </td>
      </tr>
      <tr>
        <td colspan="1" rowspan="1" class="indent2" width="20%">Método</td>
        <td colspan="1" rowspan="1" width="80%">GET</td>
      </tr>
      <tr>
        <td colspan="1" rowspan="1" class="indent2" width="20%">Parámetros</td>
        <td colspan="1" rowspan="1" width="80%">Header User-Agent</td>
      </tr>
      <tr>
        <td colspan="1" rowspan="1" class="indent2" width="20%">Ataque</td>
        <td colspan="1" rowspan="1" width="80%">Mozilla/4.0 (compatible; MSIE 6.0; Windows NT 5.1)</td>
      </tr>
      <tr>
        <td colspan="1" rowspan="1" class="indent2" width="20%">Evidencia</td>
        <td colspan="1" rowspan="1" width="80%"/>
      </tr>
      <tr>
        <td colspan="1" rowspan="1" class="indent2" width="20%">Other Info</td>
        <td colspan="1" rowspan="1" width="80%"/>
      </tr>
      <tr>
        <td colspan="1" rowspan="1" class="indent1" width="20%">URL</td>
        <td colspan="1" rowspan="1" width="80%">
          <a shape="rect" href="https://juice-shop.herokuapp.com/socket.io/?EIO=4&amp;transport=websocket&amp;sid=oXBzVbO52_EmBjGYAAOz">https://juice-shop.herokuapp.com/socket.io/?EIO=4&amp;transport=websocket&amp;sid=oXBzVbO52_EmBjGYAAOz</a>
        </td>
      </tr>
      <tr>
        <td colspan="1" rowspan="1" class="indent2" width="20%">Método</td>
        <td colspan="1" rowspan="1" width="80%">GET</td>
      </tr>
      <tr>
        <td colspan="1" rowspan="1" class="indent2" width="20%">Parámetros</td>
        <td colspan="1" rowspan="1" width="80%">Header User-Agent</td>
      </tr>
      <tr>
        <td colspan="1" rowspan="1" class="indent2" width="20%">Ataque</td>
        <td colspan="1" rowspan="1" width="80%">Mozilla/4.0 (compatible; MSIE 7.0; Windows NT 6.0)</td>
      </tr>
      <tr>
        <td colspan="1" rowspan="1" class="indent2" width="20%">Evidencia</td>
        <td colspan="1" rowspan="1" width="80%"/>
      </tr>
      <tr>
        <td colspan="1" rowspan="1" class="indent2" width="20%">Other Info</td>
        <td colspan="1" rowspan="1" width="80%"/>
      </tr>
      <tr>
        <td colspan="1" rowspan="1" class="indent1" width="20%">URL</td>
        <td colspan="1" rowspan="1" width="80%">
          <a shape="rect" href="https://juice-shop.herokuapp.com/socket.io/?EIO=4&amp;transport=websocket&amp;sid=oXBzVbO52_EmBjGYAAOz">https://juice-shop.herokuapp.com/socket.io/?EIO=4&amp;transport=websocket&amp;sid=oXBzVbO52_EmBjGYAAOz</a>
        </td>
      </tr>
      <tr>
        <td colspan="1" rowspan="1" class="indent2" width="20%">Método</td>
        <td colspan="1" rowspan="1" width="80%">GET</td>
      </tr>
      <tr>
        <td colspan="1" rowspan="1" class="indent2" width="20%">Parámetros</td>
        <td colspan="1" rowspan="1" width="80%">Header User-Agent</td>
      </tr>
      <tr>
        <td colspan="1" rowspan="1" class="indent2" width="20%">Ataque</td>
        <td colspan="1" rowspan="1" width="80%">Mozilla/4.0 (compatible; MSIE 8.0; Windows NT 6.1)</td>
      </tr>
      <tr>
        <td colspan="1" rowspan="1" class="indent2" width="20%">Evidencia</td>
        <td colspan="1" rowspan="1" width="80%"/>
      </tr>
      <tr>
        <td colspan="1" rowspan="1" class="indent2" width="20%">Other Info</td>
        <td colspan="1" rowspan="1" width="80%"/>
      </tr>
      <tr>
        <td colspan="1" rowspan="1" class="indent1" width="20%">URL</td>
        <td colspan="1" rowspan="1" width="80%">
          <a shape="rect" href="https://juice-shop.herokuapp.com/socket.io/?EIO=4&amp;transport=websocket&amp;sid=oXBzVbO52_EmBjGYAAOz">https://juice-shop.herokuapp.com/socket.io/?EIO=4&amp;transport=websocket&amp;sid=oXBzVbO52_EmBjGYAAOz</a>
        </td>
      </tr>
      <tr>
        <td colspan="1" rowspan="1" class="indent2" width="20%">Método</td>
        <td colspan="1" rowspan="1" width="80%">GET</td>
      </tr>
      <tr>
        <td colspan="1" rowspan="1" class="indent2" width="20%">Parámetros</td>
        <td colspan="1" rowspan="1" width="80%">Header User-Agent</td>
      </tr>
      <tr>
        <td colspan="1" rowspan="1" class="indent2" width="20%">Ataque</td>
        <td colspan="1" rowspan="1" width="80%">Mozilla/5.0 (Windows NT 10.0; Trident/7.0; rv:11.0) like Gecko</td>
      </tr>
      <tr>
        <td colspan="1" rowspan="1" class="indent2" width="20%">Evidencia</td>
        <td colspan="1" rowspan="1" width="80%"/>
      </tr>
      <tr>
        <td colspan="1" rowspan="1" class="indent2" width="20%">Other Info</td>
        <td colspan="1" rowspan="1" width="80%"/>
      </tr>
      <tr>
        <td colspan="1" rowspan="1" class="indent1" width="20%">URL</td>
        <td colspan="1" rowspan="1" width="80%">
          <a shape="rect" href="https://juice-shop.herokuapp.com/socket.io/?EIO=4&amp;transport=websocket&amp;sid=oXBzVbO52_EmBjGYAAOz">https://juice-shop.herokuapp.com/socket.io/?EIO=4&amp;transport=websocket&amp;sid=oXBzVbO52_EmBjGYAAOz</a>
        </td>
      </tr>
      <tr>
        <td colspan="1" rowspan="1" class="indent2" width="20%">Método</td>
        <td colspan="1" rowspan="1" width="80%">GET</td>
      </tr>
      <tr>
        <td colspan="1" rowspan="1" class="indent2" width="20%">Parámetros</td>
        <td colspan="1" rowspan="1" width="80%">Header User-Agent</td>
      </tr>
      <tr>
        <td colspan="1" rowspan="1" class="indent2" width="20%">Ataque</td>
        <td colspan="1" rowspan="1" width="80%">Mozilla/5.0 (Windows NT 10.0; Win64; x64) AppleWebKit/537.36 (KHTML, like Gecko) Chrome/75.0.3739.0 Safari/537.36 Edg/75.0.109.0</td>
      </tr>
      <tr>
        <td colspan="1" rowspan="1" class="indent2" width="20%">Evidencia</td>
        <td colspan="1" rowspan="1" width="80%"/>
      </tr>
      <tr>
        <td colspan="1" rowspan="1" class="indent2" width="20%">Other Info</td>
        <td colspan="1" rowspan="1" width="80%"/>
      </tr>
      <tr>
        <td colspan="1" rowspan="1" class="indent1" width="20%">URL</td>
        <td colspan="1" rowspan="1" width="80%">
          <a shape="rect" href="https://juice-shop.herokuapp.com/socket.io/?EIO=4&amp;transport=websocket&amp;sid=oXBzVbO52_EmBjGYAAOz">https://juice-shop.herokuapp.com/socket.io/?EIO=4&amp;transport=websocket&amp;sid=oXBzVbO52_EmBjGYAAOz</a>
        </td>
      </tr>
      <tr>
        <td colspan="1" rowspan="1" class="indent2" width="20%">Método</td>
        <td colspan="1" rowspan="1" width="80%">GET</td>
      </tr>
      <tr>
        <td colspan="1" rowspan="1" class="indent2" width="20%">Parámetros</td>
        <td colspan="1" rowspan="1" width="80%">Header User-Agent</td>
      </tr>
      <tr>
        <td colspan="1" rowspan="1" class="indent2" width="20%">Ataque</td>
        <td colspan="1" rowspan="1" width="80%">Mozilla/5.0 (Windows NT 10.0; Win64; x64) AppleWebKit/537.36 (KHTML, like Gecko) Chrome/91.0.4472.124 Safari/537.36</td>
      </tr>
      <tr>
        <td colspan="1" rowspan="1" class="indent2" width="20%">Evidencia</td>
        <td colspan="1" rowspan="1" width="80%"/>
      </tr>
      <tr>
        <td colspan="1" rowspan="1" class="indent2" width="20%">Other Info</td>
        <td colspan="1" rowspan="1" width="80%"/>
      </tr>
      <tr>
        <td colspan="1" rowspan="1" class="indent1" width="20%">URL</td>
        <td colspan="1" rowspan="1" width="80%">
          <a shape="rect" href="https://juice-shop.herokuapp.com/socket.io/?EIO=4&amp;transport=websocket&amp;sid=oXBzVbO52_EmBjGYAAOz">https://juice-shop.herokuapp.com/socket.io/?EIO=4&amp;transport=websocket&amp;sid=oXBzVbO52_EmBjGYAAOz</a>
        </td>
      </tr>
      <tr>
        <td colspan="1" rowspan="1" class="indent2" width="20%">Método</td>
        <td colspan="1" rowspan="1" width="80%">GET</td>
      </tr>
      <tr>
        <td colspan="1" rowspan="1" class="indent2" width="20%">Parámetros</td>
        <td colspan="1" rowspan="1" width="80%">Header User-Agent</td>
      </tr>
      <tr>
        <td colspan="1" rowspan="1" class="indent2" width="20%">Ataque</td>
        <td colspan="1" rowspan="1" width="80%">Mozilla/5.0 (Windows NT 10.0; Win64; x64; rv:93.0) Gecko/20100101 Firefox/91.0</td>
      </tr>
      <tr>
        <td colspan="1" rowspan="1" class="indent2" width="20%">Evidencia</td>
        <td colspan="1" rowspan="1" width="80%"/>
      </tr>
      <tr>
        <td colspan="1" rowspan="1" class="indent2" width="20%">Other Info</td>
        <td colspan="1" rowspan="1" width="80%"/>
      </tr>
      <tr>
        <td colspan="1" rowspan="1" class="indent1" width="20%">URL</td>
        <td colspan="1" rowspan="1" width="80%">
          <a shape="rect" href="https://juice-shop.herokuapp.com/socket.io/?EIO=4&amp;transport=websocket&amp;sid=oXBzVbO52_EmBjGYAAOz">https://juice-shop.herokuapp.com/socket.io/?EIO=4&amp;transport=websocket&amp;sid=oXBzVbO52_EmBjGYAAOz</a>
        </td>
      </tr>
      <tr>
        <td colspan="1" rowspan="1" class="indent2" width="20%">Método</td>
        <td colspan="1" rowspan="1" width="80%">GET</td>
      </tr>
      <tr>
        <td colspan="1" rowspan="1" class="indent2" width="20%">Parámetros</td>
        <td colspan="1" rowspan="1" width="80%">Header User-Agent</td>
      </tr>
      <tr>
        <td colspan="1" rowspan="1" class="indent2" width="20%">Ataque</td>
        <td colspan="1" rowspan="1" width="80%">Mozilla/5.0 (compatible; Googlebot/2.1; +http://www.google.com/bot.html)</td>
      </tr>
      <tr>
        <td colspan="1" rowspan="1" class="indent2" width="20%">Evidencia</td>
        <td colspan="1" rowspan="1" width="80%"/>
      </tr>
      <tr>
        <td colspan="1" rowspan="1" class="indent2" width="20%">Other Info</td>
        <td colspan="1" rowspan="1" width="80%"/>
      </tr>
      <tr>
        <td colspan="1" rowspan="1" class="indent1" width="20%">URL</td>
        <td colspan="1" rowspan="1" width="80%">
          <a shape="rect" href="https://juice-shop.herokuapp.com/socket.io/?EIO=4&amp;transport=websocket&amp;sid=oXBzVbO52_EmBjGYAAOz">https://juice-shop.herokuapp.com/socket.io/?EIO=4&amp;transport=websocket&amp;sid=oXBzVbO52_EmBjGYAAOz</a>
        </td>
      </tr>
      <tr>
        <td colspan="1" rowspan="1" class="indent2" width="20%">Método</td>
        <td colspan="1" rowspan="1" width="80%">GET</td>
      </tr>
      <tr>
        <td colspan="1" rowspan="1" class="indent2" width="20%">Parámetros</td>
        <td colspan="1" rowspan="1" width="80%">Header User-Agent</td>
      </tr>
      <tr>
        <td colspan="1" rowspan="1" class="indent2" width="20%">Ataque</td>
        <td colspan="1" rowspan="1" width="80%">Mozilla/5.0 (compatible; Yahoo! Slurp; http://help.yahoo.com/help/us/ysearch/slurp)</td>
      </tr>
      <tr>
        <td colspan="1" rowspan="1" class="indent2" width="20%">Evidencia</td>
        <td colspan="1" rowspan="1" width="80%"/>
      </tr>
      <tr>
        <td colspan="1" rowspan="1" class="indent2" width="20%">Other Info</td>
        <td colspan="1" rowspan="1" width="80%"/>
      </tr>
      <tr>
        <td colspan="1" rowspan="1" class="indent1" width="20%">URL</td>
        <td colspan="1" rowspan="1" width="80%">
          <a shape="rect" href="https://juice-shop.herokuapp.com/socket.io/?EIO=4&amp;transport=websocket&amp;sid=oXBzVbO52_EmBjGYAAOz">https://juice-shop.herokuapp.com/socket.io/?EIO=4&amp;transport=websocket&amp;sid=oXBzVbO52_EmBjGYAAOz</a>
        </td>
      </tr>
      <tr>
        <td colspan="1" rowspan="1" class="indent2" width="20%">Método</td>
        <td colspan="1" rowspan="1" width="80%">GET</td>
      </tr>
      <tr>
        <td colspan="1" rowspan="1" class="indent2" width="20%">Parámetros</td>
        <td colspan="1" rowspan="1" width="80%">Header User-Agent</td>
      </tr>
      <tr>
        <td colspan="1" rowspan="1" class="indent2" width="20%">Ataque</td>
        <td colspan="1" rowspan="1" width="80%">Mozilla/5.0 (iPhone; CPU iPhone OS 8_0_2 like Mac OS X) AppleWebKit/600.1.4 (KHTML, like Gecko) Version/8.0 Mobile/12A366 Safari/600.1.4</td>
      </tr>
      <tr>
        <td colspan="1" rowspan="1" class="indent2" width="20%">Evidencia</td>
        <td colspan="1" rowspan="1" width="80%"/>
      </tr>
      <tr>
        <td colspan="1" rowspan="1" class="indent2" width="20%">Other Info</td>
        <td colspan="1" rowspan="1" width="80%"/>
      </tr>
      <tr>
        <td colspan="1" rowspan="1" class="indent1" width="20%">URL</td>
        <td colspan="1" rowspan="1" width="80%">
          <a shape="rect" href="https://juice-shop.herokuapp.com/socket.io/?EIO=4&amp;transport=websocket&amp;sid=oXBzVbO52_EmBjGYAAOz">https://juice-shop.herokuapp.com/socket.io/?EIO=4&amp;transport=websocket&amp;sid=oXBzVbO52_EmBjGYAAOz</a>
        </td>
      </tr>
      <tr>
        <td colspan="1" rowspan="1" class="indent2" width="20%">Método</td>
        <td colspan="1" rowspan="1" width="80%">GET</td>
      </tr>
      <tr>
        <td colspan="1" rowspan="1" class="indent2" width="20%">Parámetros</td>
        <td colspan="1" rowspan="1" width="80%">Header User-Agent</td>
      </tr>
      <tr>
        <td colspan="1" rowspan="1" class="indent2" width="20%">Ataque</td>
        <td colspan="1" rowspan="1" width="80%">Mozilla/5.0 (iPhone; U; CPU iPhone OS 3_0 like Mac OS X; en-us) AppleWebKit/528.18 (KHTML, like Gecko) Version/4.0 Mobile/7A341 Safari/528.16</td>
      </tr>
      <tr>
        <td colspan="1" rowspan="1" class="indent2" width="20%">Evidencia</td>
        <td colspan="1" rowspan="1" width="80%"/>
      </tr>
      <tr>
        <td colspan="1" rowspan="1" class="indent2" width="20%">Other Info</td>
        <td colspan="1" rowspan="1" width="80%"/>
      </tr>
      <tr>
        <td colspan="1" rowspan="1" class="indent1" width="20%">URL</td>
        <td colspan="1" rowspan="1" width="80%">
          <a shape="rect" href="https://juice-shop.herokuapp.com/socket.io/?EIO=4&amp;transport=websocket&amp;sid=oXBzVbO52_EmBjGYAAOz">https://juice-shop.herokuapp.com/socket.io/?EIO=4&amp;transport=websocket&amp;sid=oXBzVbO52_EmBjGYAAOz</a>
        </td>
      </tr>
      <tr>
        <td colspan="1" rowspan="1" class="indent2" width="20%">Método</td>
        <td colspan="1" rowspan="1" width="80%">GET</td>
      </tr>
      <tr>
        <td colspan="1" rowspan="1" class="indent2" width="20%">Parámetros</td>
        <td colspan="1" rowspan="1" width="80%">Header User-Agent</td>
      </tr>
      <tr>
        <td colspan="1" rowspan="1" class="indent2" width="20%">Ataque</td>
        <td colspan="1" rowspan="1" width="80%">msnbot/1.1 (+http://search.msn.com/msnbot.htm)</td>
      </tr>
      <tr>
        <td colspan="1" rowspan="1" class="indent2" width="20%">Evidencia</td>
        <td colspan="1" rowspan="1" width="80%"/>
      </tr>
      <tr>
        <td colspan="1" rowspan="1" class="indent2" width="20%">Other Info</td>
        <td colspan="1" rowspan="1" width="80%"/>
      </tr>
      <tr>
        <td colspan="1" rowspan="1" class="indent1" width="20%">URL</td>
        <td colspan="1" rowspan="1" width="80%">
          <a shape="rect" href="https://juice-shop.herokuapp.com/api/Users/">https://juice-shop.herokuapp.com/api/Users/</a>
        </td>
      </tr>
      <tr>
        <td colspan="1" rowspan="1" class="indent2" width="20%">Método</td>
        <td colspan="1" rowspan="1" width="80%">POST</td>
      </tr>
      <tr>
        <td colspan="1" rowspan="1" class="indent2" width="20%">Parámetros</td>
        <td colspan="1" rowspan="1" width="80%">Header User-Agent</td>
      </tr>
      <tr>
        <td colspan="1" rowspan="1" class="indent2" width="20%">Ataque</td>
        <td colspan="1" rowspan="1" width="80%">Mozilla/4.0 (compatible; MSIE 6.0; Windows NT 5.1)</td>
      </tr>
      <tr>
        <td colspan="1" rowspan="1" class="indent2" width="20%">Evidencia</td>
        <td colspan="1" rowspan="1" width="80%"/>
      </tr>
      <tr>
        <td colspan="1" rowspan="1" class="indent2" width="20%">Other Info</td>
        <td colspan="1" rowspan="1" width="80%"/>
      </tr>
      <tr>
        <td colspan="1" rowspan="1" class="indent1" width="20%">URL</td>
        <td colspan="1" rowspan="1" width="80%">
          <a shape="rect" href="https://juice-shop.herokuapp.com/api/Users/">https://juice-shop.herokuapp.com/api/Users/</a>
        </td>
      </tr>
      <tr>
        <td colspan="1" rowspan="1" class="indent2" width="20%">Método</td>
        <td colspan="1" rowspan="1" width="80%">POST</td>
      </tr>
      <tr>
        <td colspan="1" rowspan="1" class="indent2" width="20%">Parámetros</td>
        <td colspan="1" rowspan="1" width="80%">Header User-Agent</td>
      </tr>
      <tr>
        <td colspan="1" rowspan="1" class="indent2" width="20%">Ataque</td>
        <td colspan="1" rowspan="1" width="80%">Mozilla/4.0 (compatible; MSIE 7.0; Windows NT 6.0)</td>
      </tr>
      <tr>
        <td colspan="1" rowspan="1" class="indent2" width="20%">Evidencia</td>
        <td colspan="1" rowspan="1" width="80%"/>
      </tr>
      <tr>
        <td colspan="1" rowspan="1" class="indent2" width="20%">Other Info</td>
        <td colspan="1" rowspan="1" width="80%"/>
      </tr>
      <tr>
        <td colspan="1" rowspan="1" class="indent1" width="20%">URL</td>
        <td colspan="1" rowspan="1" width="80%">
          <a shape="rect" href="https://juice-shop.herokuapp.com/api/Users/">https://juice-shop.herokuapp.com/api/Users/</a>
        </td>
      </tr>
      <tr>
        <td colspan="1" rowspan="1" class="indent2" width="20%">Método</td>
        <td colspan="1" rowspan="1" width="80%">POST</td>
      </tr>
      <tr>
        <td colspan="1" rowspan="1" class="indent2" width="20%">Parámetros</td>
        <td colspan="1" rowspan="1" width="80%">Header User-Agent</td>
      </tr>
      <tr>
        <td colspan="1" rowspan="1" class="indent2" width="20%">Ataque</td>
        <td colspan="1" rowspan="1" width="80%">Mozilla/4.0 (compatible; MSIE 8.0; Windows NT 6.1)</td>
      </tr>
      <tr>
        <td colspan="1" rowspan="1" class="indent2" width="20%">Evidencia</td>
        <td colspan="1" rowspan="1" width="80%"/>
      </tr>
      <tr>
        <td colspan="1" rowspan="1" class="indent2" width="20%">Other Info</td>
        <td colspan="1" rowspan="1" width="80%"/>
      </tr>
      <tr>
        <td colspan="1" rowspan="1" class="indent1" width="20%">URL</td>
        <td colspan="1" rowspan="1" width="80%">
          <a shape="rect" href="https://juice-shop.herokuapp.com/api/Users/">https://juice-shop.herokuapp.com/api/Users/</a>
        </td>
      </tr>
      <tr>
        <td colspan="1" rowspan="1" class="indent2" width="20%">Método</td>
        <td colspan="1" rowspan="1" width="80%">POST</td>
      </tr>
      <tr>
        <td colspan="1" rowspan="1" class="indent2" width="20%">Parámetros</td>
        <td colspan="1" rowspan="1" width="80%">Header User-Agent</td>
      </tr>
      <tr>
        <td colspan="1" rowspan="1" class="indent2" width="20%">Ataque</td>
        <td colspan="1" rowspan="1" width="80%">Mozilla/5.0 (Windows NT 10.0; Trident/7.0; rv:11.0) like Gecko</td>
      </tr>
      <tr>
        <td colspan="1" rowspan="1" class="indent2" width="20%">Evidencia</td>
        <td colspan="1" rowspan="1" width="80%"/>
      </tr>
      <tr>
        <td colspan="1" rowspan="1" class="indent2" width="20%">Other Info</td>
        <td colspan="1" rowspan="1" width="80%"/>
      </tr>
      <tr>
        <td colspan="1" rowspan="1" class="indent1" width="20%">URL</td>
        <td colspan="1" rowspan="1" width="80%">
          <a shape="rect" href="https://juice-shop.herokuapp.com/api/Users/">https://juice-shop.herokuapp.com/api/Users/</a>
        </td>
      </tr>
      <tr>
        <td colspan="1" rowspan="1" class="indent2" width="20%">Método</td>
        <td colspan="1" rowspan="1" width="80%">POST</td>
      </tr>
      <tr>
        <td colspan="1" rowspan="1" class="indent2" width="20%">Parámetros</td>
        <td colspan="1" rowspan="1" width="80%">Header User-Agent</td>
      </tr>
      <tr>
        <td colspan="1" rowspan="1" class="indent2" width="20%">Ataque</td>
        <td colspan="1" rowspan="1" width="80%">Mozilla/5.0 (Windows NT 10.0; Win64; x64) AppleWebKit/537.36 (KHTML, like Gecko) Chrome/75.0.3739.0 Safari/537.36 Edg/75.0.109.0</td>
      </tr>
      <tr>
        <td colspan="1" rowspan="1" class="indent2" width="20%">Evidencia</td>
        <td colspan="1" rowspan="1" width="80%"/>
      </tr>
      <tr>
        <td colspan="1" rowspan="1" class="indent2" width="20%">Other Info</td>
        <td colspan="1" rowspan="1" width="80%"/>
      </tr>
      <tr>
        <td colspan="1" rowspan="1" class="indent1" width="20%">URL</td>
        <td colspan="1" rowspan="1" width="80%">
          <a shape="rect" href="https://juice-shop.herokuapp.com/api/Users/">https://juice-shop.herokuapp.com/api/Users/</a>
        </td>
      </tr>
      <tr>
        <td colspan="1" rowspan="1" class="indent2" width="20%">Método</td>
        <td colspan="1" rowspan="1" width="80%">POST</td>
      </tr>
      <tr>
        <td colspan="1" rowspan="1" class="indent2" width="20%">Parámetros</td>
        <td colspan="1" rowspan="1" width="80%">Header User-Agent</td>
      </tr>
      <tr>
        <td colspan="1" rowspan="1" class="indent2" width="20%">Ataque</td>
        <td colspan="1" rowspan="1" width="80%">Mozilla/5.0 (Windows NT 10.0; Win64; x64) AppleWebKit/537.36 (KHTML, like Gecko) Chrome/91.0.4472.124 Safari/537.36</td>
      </tr>
      <tr>
        <td colspan="1" rowspan="1" class="indent2" width="20%">Evidencia</td>
        <td colspan="1" rowspan="1" width="80%"/>
      </tr>
      <tr>
        <td colspan="1" rowspan="1" class="indent2" width="20%">Other Info</td>
        <td colspan="1" rowspan="1" width="80%"/>
      </tr>
      <tr>
        <td colspan="1" rowspan="1" class="indent1" width="20%">URL</td>
        <td colspan="1" rowspan="1" width="80%">
          <a shape="rect" href="https://juice-shop.herokuapp.com/api/Users/">https://juice-shop.herokuapp.com/api/Users/</a>
        </td>
      </tr>
      <tr>
        <td colspan="1" rowspan="1" class="indent2" width="20%">Método</td>
        <td colspan="1" rowspan="1" width="80%">POST</td>
      </tr>
      <tr>
        <td colspan="1" rowspan="1" class="indent2" width="20%">Parámetros</td>
        <td colspan="1" rowspan="1" width="80%">Header User-Agent</td>
      </tr>
      <tr>
        <td colspan="1" rowspan="1" class="indent2" width="20%">Ataque</td>
        <td colspan="1" rowspan="1" width="80%">Mozilla/5.0 (Windows NT 10.0; Win64; x64; rv:93.0) Gecko/20100101 Firefox/91.0</td>
      </tr>
      <tr>
        <td colspan="1" rowspan="1" class="indent2" width="20%">Evidencia</td>
        <td colspan="1" rowspan="1" width="80%"/>
      </tr>
      <tr>
        <td colspan="1" rowspan="1" class="indent2" width="20%">Other Info</td>
        <td colspan="1" rowspan="1" width="80%"/>
      </tr>
      <tr>
        <td colspan="1" rowspan="1" class="indent1" width="20%">URL</td>
        <td colspan="1" rowspan="1" width="80%">
          <a shape="rect" href="https://juice-shop.herokuapp.com/api/Users/">https://juice-shop.herokuapp.com/api/Users/</a>
        </td>
      </tr>
      <tr>
        <td colspan="1" rowspan="1" class="indent2" width="20%">Método</td>
        <td colspan="1" rowspan="1" width="80%">POST</td>
      </tr>
      <tr>
        <td colspan="1" rowspan="1" class="indent2" width="20%">Parámetros</td>
        <td colspan="1" rowspan="1" width="80%">Header User-Agent</td>
      </tr>
      <tr>
        <td colspan="1" rowspan="1" class="indent2" width="20%">Ataque</td>
        <td colspan="1" rowspan="1" width="80%">Mozilla/5.0 (compatible; Googlebot/2.1; +http://www.google.com/bot.html)</td>
      </tr>
      <tr>
        <td colspan="1" rowspan="1" class="indent2" width="20%">Evidencia</td>
        <td colspan="1" rowspan="1" width="80%"/>
      </tr>
      <tr>
        <td colspan="1" rowspan="1" class="indent2" width="20%">Other Info</td>
        <td colspan="1" rowspan="1" width="80%"/>
      </tr>
      <tr>
        <td colspan="1" rowspan="1" class="indent1" width="20%">URL</td>
        <td colspan="1" rowspan="1" width="80%">
          <a shape="rect" href="https://juice-shop.herokuapp.com/api/Users/">https://juice-shop.herokuapp.com/api/Users/</a>
        </td>
      </tr>
      <tr>
        <td colspan="1" rowspan="1" class="indent2" width="20%">Método</td>
        <td colspan="1" rowspan="1" width="80%">POST</td>
      </tr>
      <tr>
        <td colspan="1" rowspan="1" class="indent2" width="20%">Parámetros</td>
        <td colspan="1" rowspan="1" width="80%">Header User-Agent</td>
      </tr>
      <tr>
        <td colspan="1" rowspan="1" class="indent2" width="20%">Ataque</td>
        <td colspan="1" rowspan="1" width="80%">Mozilla/5.0 (compatible; Yahoo! Slurp; http://help.yahoo.com/help/us/ysearch/slurp)</td>
      </tr>
      <tr>
        <td colspan="1" rowspan="1" class="indent2" width="20%">Evidencia</td>
        <td colspan="1" rowspan="1" width="80%"/>
      </tr>
      <tr>
        <td colspan="1" rowspan="1" class="indent2" width="20%">Other Info</td>
        <td colspan="1" rowspan="1" width="80%"/>
      </tr>
      <tr>
        <td colspan="1" rowspan="1" class="indent1" width="20%">URL</td>
        <td colspan="1" rowspan="1" width="80%">
          <a shape="rect" href="https://juice-shop.herokuapp.com/api/Users/">https://juice-shop.herokuapp.com/api/Users/</a>
        </td>
      </tr>
      <tr>
        <td colspan="1" rowspan="1" class="indent2" width="20%">Método</td>
        <td colspan="1" rowspan="1" width="80%">POST</td>
      </tr>
      <tr>
        <td colspan="1" rowspan="1" class="indent2" width="20%">Parámetros</td>
        <td colspan="1" rowspan="1" width="80%">Header User-Agent</td>
      </tr>
      <tr>
        <td colspan="1" rowspan="1" class="indent2" width="20%">Ataque</td>
        <td colspan="1" rowspan="1" width="80%">Mozilla/5.0 (iPhone; CPU iPhone OS 8_0_2 like Mac OS X) AppleWebKit/600.1.4 (KHTML, like Gecko) Version/8.0 Mobile/12A366 Safari/600.1.4</td>
      </tr>
      <tr>
        <td colspan="1" rowspan="1" class="indent2" width="20%">Evidencia</td>
        <td colspan="1" rowspan="1" width="80%"/>
      </tr>
      <tr>
        <td colspan="1" rowspan="1" class="indent2" width="20%">Other Info</td>
        <td colspan="1" rowspan="1" width="80%"/>
      </tr>
      <tr>
        <td colspan="1" rowspan="1" class="indent1" width="20%">URL</td>
        <td colspan="1" rowspan="1" width="80%">
          <a shape="rect" href="https://juice-shop.herokuapp.com/api/Users/">https://juice-shop.herokuapp.com/api/Users/</a>
        </td>
      </tr>
      <tr>
        <td colspan="1" rowspan="1" class="indent2" width="20%">Método</td>
        <td colspan="1" rowspan="1" width="80%">POST</td>
      </tr>
      <tr>
        <td colspan="1" rowspan="1" class="indent2" width="20%">Parámetros</td>
        <td colspan="1" rowspan="1" width="80%">Header User-Agent</td>
      </tr>
      <tr>
        <td colspan="1" rowspan="1" class="indent2" width="20%">Ataque</td>
        <td colspan="1" rowspan="1" width="80%">Mozilla/5.0 (iPhone; U; CPU iPhone OS 3_0 like Mac OS X; en-us) AppleWebKit/528.18 (KHTML, like Gecko) Version/4.0 Mobile/7A341 Safari/528.16</td>
      </tr>
      <tr>
        <td colspan="1" rowspan="1" class="indent2" width="20%">Evidencia</td>
        <td colspan="1" rowspan="1" width="80%"/>
      </tr>
      <tr>
        <td colspan="1" rowspan="1" class="indent2" width="20%">Other Info</td>
        <td colspan="1" rowspan="1" width="80%"/>
      </tr>
      <tr>
        <td colspan="1" rowspan="1" class="indent1" width="20%">URL</td>
        <td colspan="1" rowspan="1" width="80%">
          <a shape="rect" href="https://juice-shop.herokuapp.com/api/Users/">https://juice-shop.herokuapp.com/api/Users/</a>
        </td>
      </tr>
      <tr>
        <td colspan="1" rowspan="1" class="indent2" width="20%">Método</td>
        <td colspan="1" rowspan="1" width="80%">POST</td>
      </tr>
      <tr>
        <td colspan="1" rowspan="1" class="indent2" width="20%">Parámetros</td>
        <td colspan="1" rowspan="1" width="80%">Header User-Agent</td>
      </tr>
      <tr>
        <td colspan="1" rowspan="1" class="indent2" width="20%">Ataque</td>
        <td colspan="1" rowspan="1" width="80%">msnbot/1.1 (+http://search.msn.com/msnbot.htm)</td>
      </tr>
      <tr>
        <td colspan="1" rowspan="1" class="indent2" width="20%">Evidencia</td>
        <td colspan="1" rowspan="1" width="80%"/>
      </tr>
      <tr>
        <td colspan="1" rowspan="1" class="indent2" width="20%">Other Info</td>
        <td colspan="1" rowspan="1" width="80%"/>
      </tr>
      <tr>
        <td colspan="1" rowspan="1" class="indent1" width="20%">URL</td>
        <td colspan="1" rowspan="1" width="80%">
          <a shape="rect" href="https://juice-shop.herokuapp.com/socket.io/?EIO=4&amp;transport=polling&amp;t=OlGnyCj&amp;sid=oXBzVbO52_EmBjGYAAOz">https://juice-shop.herokuapp.com/socket.io/?EIO=4&amp;transport=polling&amp;t=OlGnyCj&amp;sid=oXBzVbO52_EmBjGYAAOz</a>
        </td>
      </tr>
      <tr>
        <td colspan="1" rowspan="1" class="indent2" width="20%">Método</td>
        <td colspan="1" rowspan="1" width="80%">POST</td>
      </tr>
      <tr>
        <td colspan="1" rowspan="1" class="indent2" width="20%">Parámetros</td>
        <td colspan="1" rowspan="1" width="80%">Header User-Agent</td>
      </tr>
      <tr>
        <td colspan="1" rowspan="1" class="indent2" width="20%">Ataque</td>
        <td colspan="1" rowspan="1" width="80%">Mozilla/4.0 (compatible; MSIE 6.0; Windows NT 5.1)</td>
      </tr>
      <tr>
        <td colspan="1" rowspan="1" class="indent2" width="20%">Evidencia</td>
        <td colspan="1" rowspan="1" width="80%"/>
      </tr>
      <tr>
        <td colspan="1" rowspan="1" class="indent2" width="20%">Other Info</td>
        <td colspan="1" rowspan="1" width="80%"/>
      </tr>
      <tr>
        <td colspan="1" rowspan="1" class="indent1" width="20%">URL</td>
        <td colspan="1" rowspan="1" width="80%">
          <a shape="rect" href="https://juice-shop.herokuapp.com/socket.io/?EIO=4&amp;transport=polling&amp;t=OlGnyCj&amp;sid=oXBzVbO52_EmBjGYAAOz">https://juice-shop.herokuapp.com/socket.io/?EIO=4&amp;transport=polling&amp;t=OlGnyCj&amp;sid=oXBzVbO52_EmBjGYAAOz</a>
        </td>
      </tr>
      <tr>
        <td colspan="1" rowspan="1" class="indent2" width="20%">Método</td>
        <td colspan="1" rowspan="1" width="80%">POST</td>
      </tr>
      <tr>
        <td colspan="1" rowspan="1" class="indent2" width="20%">Parámetros</td>
        <td colspan="1" rowspan="1" width="80%">Header User-Agent</td>
      </tr>
      <tr>
        <td colspan="1" rowspan="1" class="indent2" width="20%">Ataque</td>
        <td colspan="1" rowspan="1" width="80%">Mozilla/4.0 (compatible; MSIE 7.0; Windows NT 6.0)</td>
      </tr>
      <tr>
        <td colspan="1" rowspan="1" class="indent2" width="20%">Evidencia</td>
        <td colspan="1" rowspan="1" width="80%"/>
      </tr>
      <tr>
        <td colspan="1" rowspan="1" class="indent2" width="20%">Other Info</td>
        <td colspan="1" rowspan="1" width="80%"/>
      </tr>
      <tr>
        <td colspan="1" rowspan="1" class="indent1" width="20%">URL</td>
        <td colspan="1" rowspan="1" width="80%">
          <a shape="rect" href="https://juice-shop.herokuapp.com/socket.io/?EIO=4&amp;transport=polling&amp;t=OlGnyCj&amp;sid=oXBzVbO52_EmBjGYAAOz">https://juice-shop.herokuapp.com/socket.io/?EIO=4&amp;transport=polling&amp;t=OlGnyCj&amp;sid=oXBzVbO52_EmBjGYAAOz</a>
        </td>
      </tr>
      <tr>
        <td colspan="1" rowspan="1" class="indent2" width="20%">Método</td>
        <td colspan="1" rowspan="1" width="80%">POST</td>
      </tr>
      <tr>
        <td colspan="1" rowspan="1" class="indent2" width="20%">Parámetros</td>
        <td colspan="1" rowspan="1" width="80%">Header User-Agent</td>
      </tr>
      <tr>
        <td colspan="1" rowspan="1" class="indent2" width="20%">Ataque</td>
        <td colspan="1" rowspan="1" width="80%">Mozilla/4.0 (compatible; MSIE 8.0; Windows NT 6.1)</td>
      </tr>
      <tr>
        <td colspan="1" rowspan="1" class="indent2" width="20%">Evidencia</td>
        <td colspan="1" rowspan="1" width="80%"/>
      </tr>
      <tr>
        <td colspan="1" rowspan="1" class="indent2" width="20%">Other Info</td>
        <td colspan="1" rowspan="1" width="80%"/>
      </tr>
      <tr>
        <td colspan="1" rowspan="1" class="indent1" width="20%">URL</td>
        <td colspan="1" rowspan="1" width="80%">
          <a shape="rect" href="https://juice-shop.herokuapp.com/socket.io/?EIO=4&amp;transport=polling&amp;t=OlGnyCj&amp;sid=oXBzVbO52_EmBjGYAAOz">https://juice-shop.herokuapp.com/socket.io/?EIO=4&amp;transport=polling&amp;t=OlGnyCj&amp;sid=oXBzVbO52_EmBjGYAAOz</a>
        </td>
      </tr>
      <tr>
        <td colspan="1" rowspan="1" class="indent2" width="20%">Método</td>
        <td colspan="1" rowspan="1" width="80%">POST</td>
      </tr>
      <tr>
        <td colspan="1" rowspan="1" class="indent2" width="20%">Parámetros</td>
        <td colspan="1" rowspan="1" width="80%">Header User-Agent</td>
      </tr>
      <tr>
        <td colspan="1" rowspan="1" class="indent2" width="20%">Ataque</td>
        <td colspan="1" rowspan="1" width="80%">Mozilla/5.0 (Windows NT 10.0; Trident/7.0; rv:11.0) like Gecko</td>
      </tr>
      <tr>
        <td colspan="1" rowspan="1" class="indent2" width="20%">Evidencia</td>
        <td colspan="1" rowspan="1" width="80%"/>
      </tr>
      <tr>
        <td colspan="1" rowspan="1" class="indent2" width="20%">Other Info</td>
        <td colspan="1" rowspan="1" width="80%"/>
      </tr>
      <tr>
        <td colspan="1" rowspan="1" class="indent1" width="20%">URL</td>
        <td colspan="1" rowspan="1" width="80%">
          <a shape="rect" href="https://juice-shop.herokuapp.com/socket.io/?EIO=4&amp;transport=polling&amp;t=OlGnyCj&amp;sid=oXBzVbO52_EmBjGYAAOz">https://juice-shop.herokuapp.com/socket.io/?EIO=4&amp;transport=polling&amp;t=OlGnyCj&amp;sid=oXBzVbO52_EmBjGYAAOz</a>
        </td>
      </tr>
      <tr>
        <td colspan="1" rowspan="1" class="indent2" width="20%">Método</td>
        <td colspan="1" rowspan="1" width="80%">POST</td>
      </tr>
      <tr>
        <td colspan="1" rowspan="1" class="indent2" width="20%">Parámetros</td>
        <td colspan="1" rowspan="1" width="80%">Header User-Agent</td>
      </tr>
      <tr>
        <td colspan="1" rowspan="1" class="indent2" width="20%">Ataque</td>
        <td colspan="1" rowspan="1" width="80%">Mozilla/5.0 (Windows NT 10.0; Win64; x64) AppleWebKit/537.36 (KHTML, like Gecko) Chrome/75.0.3739.0 Safari/537.36 Edg/75.0.109.0</td>
      </tr>
      <tr>
        <td colspan="1" rowspan="1" class="indent2" width="20%">Evidencia</td>
        <td colspan="1" rowspan="1" width="80%"/>
      </tr>
      <tr>
        <td colspan="1" rowspan="1" class="indent2" width="20%">Other Info</td>
        <td colspan="1" rowspan="1" width="80%"/>
      </tr>
      <tr>
        <td colspan="1" rowspan="1" class="indent1" width="20%">URL</td>
        <td colspan="1" rowspan="1" width="80%">
          <a shape="rect" href="https://juice-shop.herokuapp.com/socket.io/?EIO=4&amp;transport=polling&amp;t=OlGnyCj&amp;sid=oXBzVbO52_EmBjGYAAOz">https://juice-shop.herokuapp.com/socket.io/?EIO=4&amp;transport=polling&amp;t=OlGnyCj&amp;sid=oXBzVbO52_EmBjGYAAOz</a>
        </td>
      </tr>
      <tr>
        <td colspan="1" rowspan="1" class="indent2" width="20%">Método</td>
        <td colspan="1" rowspan="1" width="80%">POST</td>
      </tr>
      <tr>
        <td colspan="1" rowspan="1" class="indent2" width="20%">Parámetros</td>
        <td colspan="1" rowspan="1" width="80%">Header User-Agent</td>
      </tr>
      <tr>
        <td colspan="1" rowspan="1" class="indent2" width="20%">Ataque</td>
        <td colspan="1" rowspan="1" width="80%">Mozilla/5.0 (Windows NT 10.0; Win64; x64) AppleWebKit/537.36 (KHTML, like Gecko) Chrome/91.0.4472.124 Safari/537.36</td>
      </tr>
      <tr>
        <td colspan="1" rowspan="1" class="indent2" width="20%">Evidencia</td>
        <td colspan="1" rowspan="1" width="80%"/>
      </tr>
      <tr>
        <td colspan="1" rowspan="1" class="indent2" width="20%">Other Info</td>
        <td colspan="1" rowspan="1" width="80%"/>
      </tr>
      <tr>
        <td colspan="1" rowspan="1" class="indent1" width="20%">URL</td>
        <td colspan="1" rowspan="1" width="80%">
          <a shape="rect" href="https://juice-shop.herokuapp.com/socket.io/?EIO=4&amp;transport=polling&amp;t=OlGnyCj&amp;sid=oXBzVbO52_EmBjGYAAOz">https://juice-shop.herokuapp.com/socket.io/?EIO=4&amp;transport=polling&amp;t=OlGnyCj&amp;sid=oXBzVbO52_EmBjGYAAOz</a>
        </td>
      </tr>
      <tr>
        <td colspan="1" rowspan="1" class="indent2" width="20%">Método</td>
        <td colspan="1" rowspan="1" width="80%">POST</td>
      </tr>
      <tr>
        <td colspan="1" rowspan="1" class="indent2" width="20%">Parámetros</td>
        <td colspan="1" rowspan="1" width="80%">Header User-Agent</td>
      </tr>
      <tr>
        <td colspan="1" rowspan="1" class="indent2" width="20%">Ataque</td>
        <td colspan="1" rowspan="1" width="80%">Mozilla/5.0 (Windows NT 10.0; Win64; x64; rv:93.0) Gecko/20100101 Firefox/91.0</td>
      </tr>
      <tr>
        <td colspan="1" rowspan="1" class="indent2" width="20%">Evidencia</td>
        <td colspan="1" rowspan="1" width="80%"/>
      </tr>
      <tr>
        <td colspan="1" rowspan="1" class="indent2" width="20%">Other Info</td>
        <td colspan="1" rowspan="1" width="80%"/>
      </tr>
      <tr>
        <td colspan="1" rowspan="1" class="indent1" width="20%">URL</td>
        <td colspan="1" rowspan="1" width="80%">
          <a shape="rect" href="https://juice-shop.herokuapp.com/socket.io/?EIO=4&amp;transport=polling&amp;t=OlGnyCj&amp;sid=oXBzVbO52_EmBjGYAAOz">https://juice-shop.herokuapp.com/socket.io/?EIO=4&amp;transport=polling&amp;t=OlGnyCj&amp;sid=oXBzVbO52_EmBjGYAAOz</a>
        </td>
      </tr>
      <tr>
        <td colspan="1" rowspan="1" class="indent2" width="20%">Método</td>
        <td colspan="1" rowspan="1" width="80%">POST</td>
      </tr>
      <tr>
        <td colspan="1" rowspan="1" class="indent2" width="20%">Parámetros</td>
        <td colspan="1" rowspan="1" width="80%">Header User-Agent</td>
      </tr>
      <tr>
        <td colspan="1" rowspan="1" class="indent2" width="20%">Ataque</td>
        <td colspan="1" rowspan="1" width="80%">Mozilla/5.0 (compatible; Googlebot/2.1; +http://www.google.com/bot.html)</td>
      </tr>
      <tr>
        <td colspan="1" rowspan="1" class="indent2" width="20%">Evidencia</td>
        <td colspan="1" rowspan="1" width="80%"/>
      </tr>
      <tr>
        <td colspan="1" rowspan="1" class="indent2" width="20%">Other Info</td>
        <td colspan="1" rowspan="1" width="80%"/>
      </tr>
      <tr>
        <td colspan="1" rowspan="1" class="indent1" width="20%">URL</td>
        <td colspan="1" rowspan="1" width="80%">
          <a shape="rect" href="https://juice-shop.herokuapp.com/socket.io/?EIO=4&amp;transport=polling&amp;t=OlGnyCj&amp;sid=oXBzVbO52_EmBjGYAAOz">https://juice-shop.herokuapp.com/socket.io/?EIO=4&amp;transport=polling&amp;t=OlGnyCj&amp;sid=oXBzVbO52_EmBjGYAAOz</a>
        </td>
      </tr>
      <tr>
        <td colspan="1" rowspan="1" class="indent2" width="20%">Método</td>
        <td colspan="1" rowspan="1" width="80%">POST</td>
      </tr>
      <tr>
        <td colspan="1" rowspan="1" class="indent2" width="20%">Parámetros</td>
        <td colspan="1" rowspan="1" width="80%">Header User-Agent</td>
      </tr>
      <tr>
        <td colspan="1" rowspan="1" class="indent2" width="20%">Ataque</td>
        <td colspan="1" rowspan="1" width="80%">Mozilla/5.0 (compatible; Yahoo! Slurp; http://help.yahoo.com/help/us/ysearch/slurp)</td>
      </tr>
      <tr>
        <td colspan="1" rowspan="1" class="indent2" width="20%">Evidencia</td>
        <td colspan="1" rowspan="1" width="80%"/>
      </tr>
      <tr>
        <td colspan="1" rowspan="1" class="indent2" width="20%">Other Info</td>
        <td colspan="1" rowspan="1" width="80%"/>
      </tr>
      <tr>
        <td colspan="1" rowspan="1" class="indent1" width="20%">URL</td>
        <td colspan="1" rowspan="1" width="80%">
          <a shape="rect" href="https://juice-shop.herokuapp.com/socket.io/?EIO=4&amp;transport=polling&amp;t=OlGnyCj&amp;sid=oXBzVbO52_EmBjGYAAOz">https://juice-shop.herokuapp.com/socket.io/?EIO=4&amp;transport=polling&amp;t=OlGnyCj&amp;sid=oXBzVbO52_EmBjGYAAOz</a>
        </td>
      </tr>
      <tr>
        <td colspan="1" rowspan="1" class="indent2" width="20%">Método</td>
        <td colspan="1" rowspan="1" width="80%">POST</td>
      </tr>
      <tr>
        <td colspan="1" rowspan="1" class="indent2" width="20%">Parámetros</td>
        <td colspan="1" rowspan="1" width="80%">Header User-Agent</td>
      </tr>
      <tr>
        <td colspan="1" rowspan="1" class="indent2" width="20%">Ataque</td>
        <td colspan="1" rowspan="1" width="80%">Mozilla/5.0 (iPhone; CPU iPhone OS 8_0_2 like Mac OS X) AppleWebKit/600.1.4 (KHTML, like Gecko) Version/8.0 Mobile/12A366 Safari/600.1.4</td>
      </tr>
      <tr>
        <td colspan="1" rowspan="1" class="indent2" width="20%">Evidencia</td>
        <td colspan="1" rowspan="1" width="80%"/>
      </tr>
      <tr>
        <td colspan="1" rowspan="1" class="indent2" width="20%">Other Info</td>
        <td colspan="1" rowspan="1" width="80%"/>
      </tr>
      <tr>
        <td colspan="1" rowspan="1" class="indent1" width="20%">URL</td>
        <td colspan="1" rowspan="1" width="80%">
          <a shape="rect" href="https://juice-shop.herokuapp.com/socket.io/?EIO=4&amp;transport=polling&amp;t=OlGnyCj&amp;sid=oXBzVbO52_EmBjGYAAOz">https://juice-shop.herokuapp.com/socket.io/?EIO=4&amp;transport=polling&amp;t=OlGnyCj&amp;sid=oXBzVbO52_EmBjGYAAOz</a>
        </td>
      </tr>
      <tr>
        <td colspan="1" rowspan="1" class="indent2" width="20%">Método</td>
        <td colspan="1" rowspan="1" width="80%">POST</td>
      </tr>
      <tr>
        <td colspan="1" rowspan="1" class="indent2" width="20%">Parámetros</td>
        <td colspan="1" rowspan="1" width="80%">Header User-Agent</td>
      </tr>
      <tr>
        <td colspan="1" rowspan="1" class="indent2" width="20%">Ataque</td>
        <td colspan="1" rowspan="1" width="80%">Mozilla/5.0 (iPhone; U; CPU iPhone OS 3_0 like Mac OS X; en-us) AppleWebKit/528.18 (KHTML, like Gecko) Version/4.0 Mobile/7A341 Safari/528.16</td>
      </tr>
      <tr>
        <td colspan="1" rowspan="1" class="indent2" width="20%">Evidencia</td>
        <td colspan="1" rowspan="1" width="80%"/>
      </tr>
      <tr>
        <td colspan="1" rowspan="1" class="indent2" width="20%">Other Info</td>
        <td colspan="1" rowspan="1" width="80%"/>
      </tr>
      <tr>
        <td colspan="1" rowspan="1" class="indent1" width="20%">URL</td>
        <td colspan="1" rowspan="1" width="80%">
          <a shape="rect" href="https://juice-shop.herokuapp.com/socket.io/?EIO=4&amp;transport=polling&amp;t=OlGnyCj&amp;sid=oXBzVbO52_EmBjGYAAOz">https://juice-shop.herokuapp.com/socket.io/?EIO=4&amp;transport=polling&amp;t=OlGnyCj&amp;sid=oXBzVbO52_EmBjGYAAOz</a>
        </td>
      </tr>
      <tr>
        <td colspan="1" rowspan="1" class="indent2" width="20%">Método</td>
        <td colspan="1" rowspan="1" width="80%">POST</td>
      </tr>
      <tr>
        <td colspan="1" rowspan="1" class="indent2" width="20%">Parámetros</td>
        <td colspan="1" rowspan="1" width="80%">Header User-Agent</td>
      </tr>
      <tr>
        <td colspan="1" rowspan="1" class="indent2" width="20%">Ataque</td>
        <td colspan="1" rowspan="1" width="80%">msnbot/1.1 (+http://search.msn.com/msnbot.htm)</td>
      </tr>
      <tr>
        <td colspan="1" rowspan="1" class="indent2" width="20%">Evidencia</td>
        <td colspan="1" rowspan="1" width="80%"/>
      </tr>
      <tr>
        <td colspan="1" rowspan="1" class="indent2" width="20%">Other Info</td>
        <td colspan="1" rowspan="1" width="80%"/>
      </tr>
      <tr>
        <td colspan="1" rowspan="1" width="20%">Instancia</td>
        <td colspan="1" rowspan="1" width="80%">132</td>
      </tr>
      <tr>
        <td colspan="1" rowspan="1" width="20%">Solución</td>
        <td colspan="1" rowspan="1" width="80%"/>
      </tr>
      <tr>
        <td colspan="1" rowspan="1" width="20%">Referencia</td>
        <td colspan="1" rowspan="1" width="80%">
          <a shape="rect" href="https://owasp.org/wstg">https://owasp.org/wstg</a>
        </td>
      </tr>
      <tr>
        <td colspan="1" rowspan="1" width="20%">CWE Id</td>
        <td colspan="1" rowspan="1" width="80%"/>
      </tr>
      <tr>
        <td colspan="1" rowspan="1" width="20%">WASC Id</td>
        <td colspan="1" rowspan="1" width="80%"/>
      </tr>
      <tr>
        <td colspan="1" rowspan="1" width="20%">Plugin Id</td>
        <td colspan="1" rowspan="1" width="80%">
          <a shape="rect" href="https://www.zaproxy.org/docs/alerts/10104/">10104</a>
        </td>
      </tr>
    </table>
    <div class="spacer"/>
  </body>
</html>
]]></system-out>
  <system-err><![CDATA[]]></system-err>
</testsuite>
